CRITICAL - 2022-09-22 02:39:05 --> Undefined property: stdClass::$deskripsi
in APPPATH\Views\reseller\berita-detail.php on line 25.
 1 APPPATH\Views\reseller\berita-detail.php(25): CodeIgniter\Debug\Exceptions->errorHandler(2, 'Undefined property: stdClass::$deskripsi', 'APPPATH\\Views\\reseller\\berita-detail.php', 25)
 2 SYSTEMPATH\View\View.php(213): include('APPPATH\\Views\\reseller\\berita-detail.php')
 3 SYSTEMPATH\View\View.php(216): CodeIgniter\View\View->CodeIgniter\View\{closure}()
 4 SYSTEMPATH\Common.php(1135): CodeIgniter\View\View->render('reseller/berita-detail', [], true)
 5 APPPATH\Views\template\adminlte.php(126): view('reseller/berita-detail')
 6 SYSTEMPATH\View\View.php(213): include('APPPATH\\Views\\template\\adminlte.php')
 7 SYSTEMPATH\View\View.php(216): CodeIgniter\View\View->CodeIgniter\View\{closure}()
 8 SYSTEMPATH\Common.php(1135): CodeIgniter\View\View->render('template/adminlte', [], true)
 9 APPPATH\Controllers\Reseller.php(45): view('template/adminlte', [...])
10 SYSTEMPATH\CodeIgniter.php(896): App\Controllers\Reseller->detail_berita('berita-1')
11 SYSTEMPATH\CodeIgniter.php(466): CodeIgniter\CodeIgniter->runController(Object(App\Controllers\Reseller))
12 SYSTEMPATH\CodeIgniter.php(349): CodeIgniter\CodeIgniter->handleRequest(null, Object(Config\Cache), false)
13 FCPATH\index.php(55): CodeIgniter\CodeIgniter->run()
14 SYSTEMPATH\Commands\Server\rewrite.php(43): require_once('FCPATH\\index.php')
CRITICAL - 2022-09-22 03:20:31 --> Undefined property: stdClass::$slug
in APPPATH\Views\frontend\kategori-produk-umkm.php on line 28.
 1 APPPATH\Views\frontend\kategori-produk-umkm.php(28): CodeIgniter\Debug\Exceptions->errorHandler(2, 'Undefined property: stdClass::$slug', 'APPPATH\\Views\\frontend\\kategori-produk-umkm.php', 28)
 2 SYSTEMPATH\View\View.php(213): include('APPPATH\\Views\\frontend\\kategori-produk-umkm.php')
 3 SYSTEMPATH\View\View.php(216): CodeIgniter\View\View->CodeIgniter\View\{closure}()
 4 SYSTEMPATH\Common.php(1135): CodeIgniter\View\View->render('frontend/kategori-produk-umkm', [], true)
 5 APPPATH\Views\template\fruitkha.php(138): view('frontend/kategori-produk-umkm')
 6 SYSTEMPATH\View\View.php(213): include('APPPATH\\Views\\template\\fruitkha.php')
 7 SYSTEMPATH\View\View.php(216): CodeIgniter\View\View->CodeIgniter\View\{closure}()
 8 SYSTEMPATH\Common.php(1135): CodeIgniter\View\View->render('template/fruitkha', [], true)
 9 APPPATH\Controllers\Frontend.php(99): view('template/fruitkha', [...])
10 SYSTEMPATH\CodeIgniter.php(896): App\Controllers\Frontend->kategori('3')
11 SYSTEMPATH\CodeIgniter.php(466): CodeIgniter\CodeIgniter->runController(Object(App\Controllers\Frontend))
12 SYSTEMPATH\CodeIgniter.php(349): CodeIgniter\CodeIgniter->handleRequest(null, Object(Config\Cache), false)
13 FCPATH\index.php(55): CodeIgniter\CodeIgniter->run()
14 SYSTEMPATH\Commands\Server\rewrite.php(43): require_once('FCPATH\\index.php')
CRITICAL - 2022-09-22 03:20:39 --> Undefined property: stdClass::$slug
in APPPATH\Views\frontend\kategori-produk-umkm.php on line 28.
 1 APPPATH\Views\frontend\kategori-produk-umkm.php(28): CodeIgniter\Debug\Exceptions->errorHandler(2, 'Undefined property: stdClass::$slug', 'APPPATH\\Views\\frontend\\kategori-produk-umkm.php', 28)
 2 SYSTEMPATH\View\View.php(213): include('APPPATH\\Views\\frontend\\kategori-produk-umkm.php')
 3 SYSTEMPATH\View\View.php(216): CodeIgniter\View\View->CodeIgniter\View\{closure}()
 4 SYSTEMPATH\Common.php(1135): CodeIgniter\View\View->render('frontend/kategori-produk-umkm', [], true)
 5 APPPATH\Views\template\fruitkha.php(138): view('frontend/kategori-produk-umkm')
 6 SYSTEMPATH\View\View.php(213): include('APPPATH\\Views\\template\\fruitkha.php')
 7 SYSTEMPATH\View\View.php(216): CodeIgniter\View\View->CodeIgniter\View\{closure}()
 8 SYSTEMPATH\Common.php(1135): CodeIgniter\View\View->render('template/fruitkha', [], true)
 9 APPPATH\Controllers\Frontend.php(99): view('template/fruitkha', [...])
10 SYSTEMPATH\CodeIgniter.php(896): App\Controllers\Frontend->kategori('3')
11 SYSTEMPATH\CodeIgniter.php(466): CodeIgniter\CodeIgniter->runController(Object(App\Controllers\Frontend))
12 SYSTEMPATH\CodeIgniter.php(349): CodeIgniter\CodeIgniter->handleRequest(null, Object(Config\Cache), false)
13 FCPATH\index.php(55): CodeIgniter\CodeIgniter->run()
14 SYSTEMPATH\Commands\Server\rewrite.php(43): require_once('FCPATH\\index.php')
