CRITICAL - 2022-10-27 00:51:35 --> Undefined property: stdClass::$kode_transaksi
in APPPATH\Controllers\Admin.php on line 1033.
 1 APPPATH\Controllers\Admin.php(1033): CodeIgniter\Debug\Exceptions->errorHandler(2, 'Undefined property: stdClass::$kode_transaksi', 'APPPATH\\Controllers\\Admin.php', 1033)
 2 SYSTEMPATH\CodeIgniter.php(896): App\Controllers\Admin->transaksi_()
 3 SYSTEMPATH\CodeIgniter.php(466): CodeIgniter\CodeIgniter->runController(Object(App\Controllers\Admin))
 4 SYSTEMPATH\CodeIgniter.php(349): CodeIgniter\CodeIgniter->handleRequest(null, Object(Config\Cache), false)
 5 FCPATH\index.php(55): CodeIgniter\CodeIgniter->run()
 6 SYSTEMPATH\Commands\Server\rewrite.php(43): require_once('FCPATH\\index.php')
ERROR - 2022-10-27 20:18:02 --> Error connecting to the database: No connection could be made because the target machine actively refused it
CRITICAL - 2022-10-27 20:18:02 --> Unable to connect to the database.
Main connection [MySQLi]: No connection could be made because the target machine actively refused it
in SYSTEMPATH\Database\BaseConnection.php on line 416.
 1 SYSTEMPATH\Database\BaseConnection.php(586): CodeIgniter\Database\BaseConnection->initialize()
 2 APPPATH\Models\ServerSideModel.php(221): CodeIgniter\Database\BaseConnection->query('SELECT tbl_kategori_produk.nama as kategori, tbl_produk_umkm.*, tbl_city.city_name, tbl_umkm.nama as nama_toko, tbl_umkm.slug
        FROM tbl_produk_umkm 
        join tbl_kategori_produk on tbl_kategori_produk.id = tbl_produk_umkm.id_kategori 
        join tbl_umkm on tbl_umkm.id = tbl_produk_umkm.id_umkm 
        join tbl_city on tbl_city.city_id = tbl_umkm.city_id
        where tbl_produk_umkm.status = \'ACTIVE\' 
        LIMIT 9')
 3 APPPATH\Controllers\Frontend.php(66): App\Models\ServerSideModel->getProdukRand()
 4 SYSTEMPATH\CodeIgniter.php(896): App\Controllers\Frontend->index()
 5 SYSTEMPATH\CodeIgniter.php(466): CodeIgniter\CodeIgniter->runController(Object(App\Controllers\Frontend))
 6 SYSTEMPATH\CodeIgniter.php(349): CodeIgniter\CodeIgniter->handleRequest(null, Object(Config\Cache), false)
 7 FCPATH\index.php(55): CodeIgniter\CodeIgniter->run()
 8 SYSTEMPATH\Commands\Server\rewrite.php(43): require_once('FCPATH\\index.php')
CRITICAL - 2022-10-27 22:31:00 --> Undefined property: stdClass::$kode_transaksi
in APPPATH\Controllers\Admin.php on line 1087.
 1 APPPATH\Controllers\Admin.php(1087): CodeIgniter\Debug\Exceptions->errorHandler(2, 'Undefined property: stdClass::$kode_transaksi', 'APPPATH\\Controllers\\Admin.php', 1087)
 2 SYSTEMPATH\CodeIgniter.php(896): App\Controllers\Admin->transaksi_()
 3 SYSTEMPATH\CodeIgniter.php(466): CodeIgniter\CodeIgniter->runController(Object(App\Controllers\Admin))
 4 SYSTEMPATH\CodeIgniter.php(349): CodeIgniter\CodeIgniter->handleRequest(null, Object(Config\Cache), false)
 5 FCPATH\index.php(55): CodeIgniter\CodeIgniter->run()
 6 SYSTEMPATH\Commands\Server\rewrite.php(43): require_once('FCPATH\\index.php')
CRITICAL - 2022-10-27 22:32:29 --> Undefined property: stdClass::$kode_transaksi
in APPPATH\Controllers\Admin.php on line 1087.
 1 APPPATH\Controllers\Admin.php(1087): CodeIgniter\Debug\Exceptions->errorHandler(2, 'Undefined property: stdClass::$kode_transaksi', 'APPPATH\\Controllers\\Admin.php', 1087)
 2 SYSTEMPATH\CodeIgniter.php(896): App\Controllers\Admin->transaksi_()
 3 SYSTEMPATH\CodeIgniter.php(466): CodeIgniter\CodeIgniter->runController(Object(App\Controllers\Admin))
 4 SYSTEMPATH\CodeIgniter.php(349): CodeIgniter\CodeIgniter->handleRequest(null, Object(Config\Cache), false)
 5 FCPATH\index.php(55): CodeIgniter\CodeIgniter->run()
 6 SYSTEMPATH\Commands\Server\rewrite.php(43): require_once('FCPATH\\index.php')
CRITICAL - 2022-10-27 22:32:41 --> Undefined property: stdClass::$kode_transaksi
in APPPATH\Controllers\Admin.php on line 1087.
 1 APPPATH\Controllers\Admin.php(1087): CodeIgniter\Debug\Exceptions->errorHandler(2, 'Undefined property: stdClass::$kode_transaksi', 'APPPATH\\Controllers\\Admin.php', 1087)
 2 SYSTEMPATH\CodeIgniter.php(896): App\Controllers\Admin->transaksi_()
 3 SYSTEMPATH\CodeIgniter.php(466): CodeIgniter\CodeIgniter->runController(Object(App\Controllers\Admin))
 4 SYSTEMPATH\CodeIgniter.php(349): CodeIgniter\CodeIgniter->handleRequest(null, Object(Config\Cache), false)
 5 FCPATH\index.php(55): CodeIgniter\CodeIgniter->run()
 6 SYSTEMPATH\Commands\Server\rewrite.php(43): require_once('FCPATH\\index.php')
CRITICAL - 2022-10-27 22:38:09 --> Attempt to read property "kode_transaksi" on null
in APPPATH\Views\admin\transaksi_detail.php on line 13.
 1 APPPATH\Views\admin\transaksi_detail.php(13): CodeIgniter\Debug\Exceptions->errorHandler(2, 'Attempt to read property "kode_transaksi" on null', 'APPPATH\\Views\\admin\\transaksi_detail.php', 13)
 2 SYSTEMPATH\View\View.php(213): include('APPPATH\\Views\\admin\\transaksi_detail.php')
 3 SYSTEMPATH\View\View.php(216): CodeIgniter\View\View->CodeIgniter\View\{closure}()
 4 SYSTEMPATH\Common.php(1135): CodeIgniter\View\View->render('admin/transaksi_detail', [], true)
 5 APPPATH\Views\template\adminlte.php(104): view('admin/transaksi_detail')
 6 SYSTEMPATH\View\View.php(213): include('APPPATH\\Views\\template\\adminlte.php')
 7 SYSTEMPATH\View\View.php(216): CodeIgniter\View\View->CodeIgniter\View\{closure}()
 8 SYSTEMPATH\Common.php(1135): CodeIgniter\View\View->render('template/adminlte', [], true)
 9 APPPATH\Controllers\Admin.php(1042): view('template/adminlte', [...])
10 SYSTEMPATH\CodeIgniter.php(896): App\Controllers\Admin->transaksi_detail('INV221027-JQ7Q05')
11 SYSTEMPATH\CodeIgniter.php(466): CodeIgniter\CodeIgniter->runController(Object(App\Controllers\Admin))
12 SYSTEMPATH\CodeIgniter.php(349): CodeIgniter\CodeIgniter->handleRequest(null, Object(Config\Cache), false)
13 FCPATH\index.php(55): CodeIgniter\CodeIgniter->run()
14 SYSTEMPATH\Commands\Server\rewrite.php(43): require_once('FCPATH\\index.php')
CRITICAL - 2022-10-27 22:39:34 --> Attempt to read property "kode_transaksi" on null
in APPPATH\Views\admin\transaksi_detail.php on line 13.
 1 APPPATH\Views\admin\transaksi_detail.php(13): CodeIgniter\Debug\Exceptions->errorHandler(2, 'Attempt to read property "kode_transaksi" on null', 'APPPATH\\Views\\admin\\transaksi_detail.php', 13)
 2 SYSTEMPATH\View\View.php(213): include('APPPATH\\Views\\admin\\transaksi_detail.php')
 3 SYSTEMPATH\View\View.php(216): CodeIgniter\View\View->CodeIgniter\View\{closure}()
 4 SYSTEMPATH\Common.php(1135): CodeIgniter\View\View->render('admin/transaksi_detail', [], true)
 5 APPPATH\Views\template\adminlte.php(104): view('admin/transaksi_detail')
 6 SYSTEMPATH\View\View.php(213): include('APPPATH\\Views\\template\\adminlte.php')
 7 SYSTEMPATH\View\View.php(216): CodeIgniter\View\View->CodeIgniter\View\{closure}()
 8 SYSTEMPATH\Common.php(1135): CodeIgniter\View\View->render('template/adminlte', [], true)
 9 APPPATH\Controllers\Admin.php(1042): view('template/adminlte', [...])
10 SYSTEMPATH\CodeIgniter.php(896): App\Controllers\Admin->transaksi_detail('INV221027-JQ7Q05')
11 SYSTEMPATH\CodeIgniter.php(466): CodeIgniter\CodeIgniter->runController(Object(App\Controllers\Admin))
12 SYSTEMPATH\CodeIgniter.php(349): CodeIgniter\CodeIgniter->handleRequest(null, Object(Config\Cache), false)
13 FCPATH\index.php(55): CodeIgniter\CodeIgniter->run()
14 SYSTEMPATH\Commands\Server\rewrite.php(43): require_once('FCPATH\\index.php')
CRITICAL - 2022-10-27 22:40:10 --> Undefined variable $pembayaran
in APPPATH\Views\admin\transaksi_detail.php on line 13.
 1 APPPATH\Views\admin\transaksi_detail.php(13): CodeIgniter\Debug\Exceptions->errorHandler(2, 'Undefined variable $pembayaran', 'APPPATH\\Views\\admin\\transaksi_detail.php', 13)
 2 SYSTEMPATH\View\View.php(213): include('APPPATH\\Views\\admin\\transaksi_detail.php')
 3 SYSTEMPATH\View\View.php(216): CodeIgniter\View\View->CodeIgniter\View\{closure}()
 4 SYSTEMPATH\Common.php(1135): CodeIgniter\View\View->render('admin/transaksi_detail', [], true)
 5 APPPATH\Views\template\adminlte.php(104): view('admin/transaksi_detail')
 6 SYSTEMPATH\View\View.php(213): include('APPPATH\\Views\\template\\adminlte.php')
 7 SYSTEMPATH\View\View.php(216): CodeIgniter\View\View->CodeIgniter\View\{closure}()
 8 SYSTEMPATH\Common.php(1135): CodeIgniter\View\View->render('template/adminlte', [], true)
 9 APPPATH\Controllers\Admin.php(1042): view('template/adminlte', [...])
10 SYSTEMPATH\CodeIgniter.php(896): App\Controllers\Admin->transaksi_detail('INV221027-JQ7Q05')
11 SYSTEMPATH\CodeIgniter.php(466): CodeIgniter\CodeIgniter->runController(Object(App\Controllers\Admin))
12 SYSTEMPATH\CodeIgniter.php(349): CodeIgniter\CodeIgniter->handleRequest(null, Object(Config\Cache), false)
13 FCPATH\index.php(55): CodeIgniter\CodeIgniter->run()
14 SYSTEMPATH\Commands\Server\rewrite.php(43): require_once('FCPATH\\index.php')
CRITICAL - 2022-10-27 22:41:09 --> Attempt to read property "kode_bayar" on null
in APPPATH\Views\admin\transaksi_detail.php on line 13.
 1 APPPATH\Views\admin\transaksi_detail.php(13): CodeIgniter\Debug\Exceptions->errorHandler(2, 'Attempt to read property "kode_bayar" on null', 'APPPATH\\Views\\admin\\transaksi_detail.php', 13)
 2 SYSTEMPATH\View\View.php(213): include('APPPATH\\Views\\admin\\transaksi_detail.php')
 3 SYSTEMPATH\View\View.php(216): CodeIgniter\View\View->CodeIgniter\View\{closure}()
 4 SYSTEMPATH\Common.php(1135): CodeIgniter\View\View->render('admin/transaksi_detail', [], true)
 5 APPPATH\Views\template\adminlte.php(104): view('admin/transaksi_detail')
 6 SYSTEMPATH\View\View.php(213): include('APPPATH\\Views\\template\\adminlte.php')
 7 SYSTEMPATH\View\View.php(216): CodeIgniter\View\View->CodeIgniter\View\{closure}()
 8 SYSTEMPATH\Common.php(1135): CodeIgniter\View\View->render('template/adminlte', [], true)
 9 APPPATH\Controllers\Admin.php(1043): view('template/adminlte', [...])
10 SYSTEMPATH\CodeIgniter.php(896): App\Controllers\Admin->transaksi_detail('INV221027-JQ7Q05')
11 SYSTEMPATH\CodeIgniter.php(466): CodeIgniter\CodeIgniter->runController(Object(App\Controllers\Admin))
12 SYSTEMPATH\CodeIgniter.php(349): CodeIgniter\CodeIgniter->handleRequest(null, Object(Config\Cache), false)
13 FCPATH\index.php(55): CodeIgniter\CodeIgniter->run()
14 SYSTEMPATH\Commands\Server\rewrite.php(43): require_once('FCPATH\\index.php')
CRITICAL - 2022-10-27 22:41:53 --> Attempt to read property "kode_bayar" on null
in APPPATH\Views\admin\transaksi_detail.php on line 13.
 1 APPPATH\Views\admin\transaksi_detail.php(13): CodeIgniter\Debug\Exceptions->errorHandler(2, 'Attempt to read property "kode_bayar" on null', 'APPPATH\\Views\\admin\\transaksi_detail.php', 13)
 2 SYSTEMPATH\View\View.php(213): include('APPPATH\\Views\\admin\\transaksi_detail.php')
 3 SYSTEMPATH\View\View.php(216): CodeIgniter\View\View->CodeIgniter\View\{closure}()
 4 SYSTEMPATH\Common.php(1135): CodeIgniter\View\View->render('admin/transaksi_detail', [], true)
 5 APPPATH\Views\template\adminlte.php(104): view('admin/transaksi_detail')
 6 SYSTEMPATH\View\View.php(213): include('APPPATH\\Views\\template\\adminlte.php')
 7 SYSTEMPATH\View\View.php(216): CodeIgniter\View\View->CodeIgniter\View\{closure}()
 8 SYSTEMPATH\Common.php(1135): CodeIgniter\View\View->render('template/adminlte', [], true)
 9 APPPATH\Controllers\Admin.php(1043): view('template/adminlte', [...])
10 SYSTEMPATH\CodeIgniter.php(896): App\Controllers\Admin->transaksi_detail('INV221027-JQ7Q05')
11 SYSTEMPATH\CodeIgniter.php(466): CodeIgniter\CodeIgniter->runController(Object(App\Controllers\Admin))
12 SYSTEMPATH\CodeIgniter.php(349): CodeIgniter\CodeIgniter->handleRequest(null, Object(Config\Cache), false)
13 FCPATH\index.php(55): CodeIgniter\CodeIgniter->run()
14 SYSTEMPATH\Commands\Server\rewrite.php(43): require_once('FCPATH\\index.php')
CRITICAL - 2022-10-27 22:42:34 --> Attempt to read property "kode_bayar" on null
in APPPATH\Views\admin\transaksi_detail.php on line 13.
 1 APPPATH\Views\admin\transaksi_detail.php(13): CodeIgniter\Debug\Exceptions->errorHandler(2, 'Attempt to read property "kode_bayar" on null', 'APPPATH\\Views\\admin\\transaksi_detail.php', 13)
 2 SYSTEMPATH\View\View.php(213): include('APPPATH\\Views\\admin\\transaksi_detail.php')
 3 SYSTEMPATH\View\View.php(216): CodeIgniter\View\View->CodeIgniter\View\{closure}()
 4 SYSTEMPATH\Common.php(1135): CodeIgniter\View\View->render('admin/transaksi_detail', [], true)
 5 APPPATH\Views\template\adminlte.php(104): view('admin/transaksi_detail')
 6 SYSTEMPATH\View\View.php(213): include('APPPATH\\Views\\template\\adminlte.php')
 7 SYSTEMPATH\View\View.php(216): CodeIgniter\View\View->CodeIgniter\View\{closure}()
 8 SYSTEMPATH\Common.php(1135): CodeIgniter\View\View->render('template/adminlte', [], true)
 9 APPPATH\Controllers\Admin.php(1043): view('template/adminlte', [...])
10 SYSTEMPATH\CodeIgniter.php(896): App\Controllers\Admin->transaksi_detail('INV221027-JQ7Q05')
11 SYSTEMPATH\CodeIgniter.php(466): CodeIgniter\CodeIgniter->runController(Object(App\Controllers\Admin))
12 SYSTEMPATH\CodeIgniter.php(349): CodeIgniter\CodeIgniter->handleRequest(null, Object(Config\Cache), false)
13 FCPATH\index.php(55): CodeIgniter\CodeIgniter->run()
14 SYSTEMPATH\Commands\Server\rewrite.php(43): require_once('FCPATH\\index.php')
CRITICAL - 2022-10-27 22:43:35 --> Attempt to read property "kode_bayar" on null
in APPPATH\Views\admin\transaksi_detail.php on line 13.
 1 APPPATH\Views\admin\transaksi_detail.php(13): CodeIgniter\Debug\Exceptions->errorHandler(2, 'Attempt to read property "kode_bayar" on null', 'APPPATH\\Views\\admin\\transaksi_detail.php', 13)
 2 SYSTEMPATH\View\View.php(213): include('APPPATH\\Views\\admin\\transaksi_detail.php')
 3 SYSTEMPATH\View\View.php(216): CodeIgniter\View\View->CodeIgniter\View\{closure}()
 4 SYSTEMPATH\Common.php(1135): CodeIgniter\View\View->render('admin/transaksi_detail', [], true)
 5 APPPATH\Views\template\adminlte.php(104): view('admin/transaksi_detail')
 6 SYSTEMPATH\View\View.php(213): include('APPPATH\\Views\\template\\adminlte.php')
 7 SYSTEMPATH\View\View.php(216): CodeIgniter\View\View->CodeIgniter\View\{closure}()
 8 SYSTEMPATH\Common.php(1135): CodeIgniter\View\View->render('template/adminlte', [], true)
 9 APPPATH\Controllers\Admin.php(1043): view('template/adminlte', [...])
10 SYSTEMPATH\CodeIgniter.php(896): App\Controllers\Admin->transaksi_detail('INV221027-JQ7Q05')
11 SYSTEMPATH\CodeIgniter.php(466): CodeIgniter\CodeIgniter->runController(Object(App\Controllers\Admin))
12 SYSTEMPATH\CodeIgniter.php(349): CodeIgniter\CodeIgniter->handleRequest(null, Object(Config\Cache), false)
13 FCPATH\index.php(55): CodeIgniter\CodeIgniter->run()
14 SYSTEMPATH\Commands\Server\rewrite.php(43): require_once('FCPATH\\index.php')
ERROR - 2022-10-27 22:45:40 --> You have an error in your SQL syntax; check the manual that corresponds to your MariaDB server version for the right syntax to use near '?
        LIMIT 1' at line 7
CRITICAL - 2022-10-27 22:45:40 --> You have an error in your SQL syntax; check the manual that corresponds to your MariaDB server version for the right syntax to use near '?
        LIMIT 1' at line 7
in SYSTEMPATH\Database\MySQLi\Connection.php on line 292.
 1 SYSTEMPATH\Database\MySQLi\Connection.php(292): mysqli->query('SELECT tbl_transaksi.*, tbl_transaksi_pembayaran.status as status_bayar, tbl_transaksi_pembayaran.bukti_url, tbl_transaksi_pembayaran.total_tagihan, tbl_transaksi_pembayaran.batas_bayar, tbl_transaksi_pembayaran.kode_bayar, tbl_umkm.nama as nama_toko, tbl_umkm.city_id as kota_pengirim, tbl_propinsi.province as nama_propinsi, tbl_city.city_name as nama_kota
        FROM tbl_transaksi
        JOIN tbl_transaksi_pembayaran ON tbl_transaksi_pembayaran.id = tbl_transaksi.id_pembayaran
        JOIN tbl_umkm ON tbl_umkm.id = tbl_transaksi.id_umkm
        JOIN tbl_propinsi ON tbl_propinsi.province_id = tbl_transaksi.province_id
        JOIN tbl_city ON tbl_city.city_id = tbl_transaksi.city_id
        WHERE tbl_transaksi_pembayaran.kode_bayar=?
        LIMIT 1', 0)
 2 SYSTEMPATH\Database\BaseConnection.php(695): CodeIgniter\Database\MySQLi\Connection->execute('SELECT tbl_transaksi.*, tbl_transaksi_pembayaran.status as status_bayar, tbl_transaksi_pembayaran.bukti_url, tbl_transaksi_pembayaran.total_tagihan, tbl_transaksi_pembayaran.batas_bayar, tbl_transaksi_pembayaran.kode_bayar, tbl_umkm.nama as nama_toko, tbl_umkm.city_id as kota_pengirim, tbl_propinsi.province as nama_propinsi, tbl_city.city_name as nama_kota
        FROM tbl_transaksi
        JOIN tbl_transaksi_pembayaran ON tbl_transaksi_pembayaran.id = tbl_transaksi.id_pembayaran
        JOIN tbl_umkm ON tbl_umkm.id = tbl_transaksi.id_umkm
        JOIN tbl_propinsi ON tbl_propinsi.province_id = tbl_transaksi.province_id
        JOIN tbl_city ON tbl_city.city_id = tbl_transaksi.city_id
        WHERE tbl_transaksi_pembayaran.kode_bayar=?
        LIMIT 1')
 3 SYSTEMPATH\Database\BaseConnection.php(609): CodeIgniter\Database\BaseConnection->simpleQuery('SELECT tbl_transaksi.*, tbl_transaksi_pembayaran.status as status_bayar, tbl_transaksi_pembayaran.bukti_url, tbl_transaksi_pembayaran.total_tagihan, tbl_transaksi_pembayaran.batas_bayar, tbl_transaksi_pembayaran.kode_bayar, tbl_umkm.nama as nama_toko, tbl_umkm.city_id as kota_pengirim, tbl_propinsi.province as nama_propinsi, tbl_city.city_name as nama_kota
        FROM tbl_transaksi
        JOIN tbl_transaksi_pembayaran ON tbl_transaksi_pembayaran.id = tbl_transaksi.id_pembayaran
        JOIN tbl_umkm ON tbl_umkm.id = tbl_transaksi.id_umkm
        JOIN tbl_propinsi ON tbl_propinsi.province_id = tbl_transaksi.province_id
        JOIN tbl_city ON tbl_city.city_id = tbl_transaksi.city_id
        WHERE tbl_transaksi_pembayaran.kode_bayar=?
        LIMIT 1')
 4 APPPATH\Models\ServerSideModel.php(66): CodeIgniter\Database\BaseConnection->query('SELECT tbl_transaksi.*, tbl_transaksi_pembayaran.status as status_bayar, tbl_transaksi_pembayaran.bukti_url, tbl_transaksi_pembayaran.total_tagihan, tbl_transaksi_pembayaran.batas_bayar, tbl_transaksi_pembayaran.kode_bayar, tbl_umkm.nama as nama_toko, tbl_umkm.city_id as kota_pengirim, tbl_propinsi.province as nama_propinsi, tbl_city.city_name as nama_kota
        FROM tbl_transaksi
        JOIN tbl_transaksi_pembayaran ON tbl_transaksi_pembayaran.id = tbl_transaksi.id_pembayaran
        JOIN tbl_umkm ON tbl_umkm.id = tbl_transaksi.id_umkm
        JOIN tbl_propinsi ON tbl_propinsi.province_id = tbl_transaksi.province_id
        JOIN tbl_city ON tbl_city.city_id = tbl_transaksi.city_id
        WHERE tbl_transaksi_pembayaran.kode_bayar=?
        LIMIT 1', [...])
 5 APPPATH\Controllers\Admin.php(1040): App\Models\ServerSideModel->pembayaran('INV221027-JQ7Q05')
 6 SYSTEMPATH\CodeIgniter.php(896): App\Controllers\Admin->transaksi_detail('INV221027-JQ7Q05')
 7 SYSTEMPATH\CodeIgniter.php(466): CodeIgniter\CodeIgniter->runController(Object(App\Controllers\Admin))
 8 SYSTEMPATH\CodeIgniter.php(349): CodeIgniter\CodeIgniter->handleRequest(null, Object(Config\Cache), false)
 9 FCPATH\index.php(55): CodeIgniter\CodeIgniter->run()
10 SYSTEMPATH\Commands\Server\rewrite.php(43): require_once('FCPATH\\index.php')
ERROR - 2022-10-27 22:45:44 --> You have an error in your SQL syntax; check the manual that corresponds to your MariaDB server version for the right syntax to use near '?
        LIMIT 1' at line 7
CRITICAL - 2022-10-27 22:45:44 --> You have an error in your SQL syntax; check the manual that corresponds to your MariaDB server version for the right syntax to use near '?
        LIMIT 1' at line 7
in SYSTEMPATH\Database\MySQLi\Connection.php on line 292.
 1 SYSTEMPATH\Database\MySQLi\Connection.php(292): mysqli->query('SELECT tbl_transaksi.*, tbl_transaksi_pembayaran.status as status_bayar, tbl_transaksi_pembayaran.bukti_url, tbl_transaksi_pembayaran.total_tagihan, tbl_transaksi_pembayaran.batas_bayar, tbl_transaksi_pembayaran.kode_bayar, tbl_umkm.nama as nama_toko, tbl_umkm.city_id as kota_pengirim, tbl_propinsi.province as nama_propinsi, tbl_city.city_name as nama_kota
        FROM tbl_transaksi
        JOIN tbl_transaksi_pembayaran ON tbl_transaksi_pembayaran.id = tbl_transaksi.id_pembayaran
        JOIN tbl_umkm ON tbl_umkm.id = tbl_transaksi.id_umkm
        JOIN tbl_propinsi ON tbl_propinsi.province_id = tbl_transaksi.province_id
        JOIN tbl_city ON tbl_city.city_id = tbl_transaksi.city_id
        WHERE tbl_transaksi_pembayaran.kode_bayar=?
        LIMIT 1', 0)
 2 SYSTEMPATH\Database\BaseConnection.php(695): CodeIgniter\Database\MySQLi\Connection->execute('SELECT tbl_transaksi.*, tbl_transaksi_pembayaran.status as status_bayar, tbl_transaksi_pembayaran.bukti_url, tbl_transaksi_pembayaran.total_tagihan, tbl_transaksi_pembayaran.batas_bayar, tbl_transaksi_pembayaran.kode_bayar, tbl_umkm.nama as nama_toko, tbl_umkm.city_id as kota_pengirim, tbl_propinsi.province as nama_propinsi, tbl_city.city_name as nama_kota
        FROM tbl_transaksi
        JOIN tbl_transaksi_pembayaran ON tbl_transaksi_pembayaran.id = tbl_transaksi.id_pembayaran
        JOIN tbl_umkm ON tbl_umkm.id = tbl_transaksi.id_umkm
        JOIN tbl_propinsi ON tbl_propinsi.province_id = tbl_transaksi.province_id
        JOIN tbl_city ON tbl_city.city_id = tbl_transaksi.city_id
        WHERE tbl_transaksi_pembayaran.kode_bayar=?
        LIMIT 1')
 3 SYSTEMPATH\Database\BaseConnection.php(609): CodeIgniter\Database\BaseConnection->simpleQuery('SELECT tbl_transaksi.*, tbl_transaksi_pembayaran.status as status_bayar, tbl_transaksi_pembayaran.bukti_url, tbl_transaksi_pembayaran.total_tagihan, tbl_transaksi_pembayaran.batas_bayar, tbl_transaksi_pembayaran.kode_bayar, tbl_umkm.nama as nama_toko, tbl_umkm.city_id as kota_pengirim, tbl_propinsi.province as nama_propinsi, tbl_city.city_name as nama_kota
        FROM tbl_transaksi
        JOIN tbl_transaksi_pembayaran ON tbl_transaksi_pembayaran.id = tbl_transaksi.id_pembayaran
        JOIN tbl_umkm ON tbl_umkm.id = tbl_transaksi.id_umkm
        JOIN tbl_propinsi ON tbl_propinsi.province_id = tbl_transaksi.province_id
        JOIN tbl_city ON tbl_city.city_id = tbl_transaksi.city_id
        WHERE tbl_transaksi_pembayaran.kode_bayar=?
        LIMIT 1')
 4 APPPATH\Models\ServerSideModel.php(66): CodeIgniter\Database\BaseConnection->query('SELECT tbl_transaksi.*, tbl_transaksi_pembayaran.status as status_bayar, tbl_transaksi_pembayaran.bukti_url, tbl_transaksi_pembayaran.total_tagihan, tbl_transaksi_pembayaran.batas_bayar, tbl_transaksi_pembayaran.kode_bayar, tbl_umkm.nama as nama_toko, tbl_umkm.city_id as kota_pengirim, tbl_propinsi.province as nama_propinsi, tbl_city.city_name as nama_kota
        FROM tbl_transaksi
        JOIN tbl_transaksi_pembayaran ON tbl_transaksi_pembayaran.id = tbl_transaksi.id_pembayaran
        JOIN tbl_umkm ON tbl_umkm.id = tbl_transaksi.id_umkm
        JOIN tbl_propinsi ON tbl_propinsi.province_id = tbl_transaksi.province_id
        JOIN tbl_city ON tbl_city.city_id = tbl_transaksi.city_id
        WHERE tbl_transaksi_pembayaran.kode_bayar=?
        LIMIT 1', [...])
 5 APPPATH\Controllers\Admin.php(1040): App\Models\ServerSideModel->pembayaran('INV221027-JQ7Q05')
 6 SYSTEMPATH\CodeIgniter.php(896): App\Controllers\Admin->transaksi_detail('INV221027-JQ7Q05')
 7 SYSTEMPATH\CodeIgniter.php(466): CodeIgniter\CodeIgniter->runController(Object(App\Controllers\Admin))
 8 SYSTEMPATH\CodeIgniter.php(349): CodeIgniter\CodeIgniter->handleRequest(null, Object(Config\Cache), false)
 9 FCPATH\index.php(55): CodeIgniter\CodeIgniter->run()
10 SYSTEMPATH\Commands\Server\rewrite.php(43): require_once('FCPATH\\index.php')
CRITICAL - 2022-10-27 22:46:27 --> syntax error, unexpected token ";", expecting ")"
in APPPATH\Models\ServerSideModel.php on line 76.
 1 SYSTEMPATH\Autoloader\Autoloader.php(261): CodeIgniter\Autoloader\Autoloader->includeFile('APPPATH\\Models\\ServerSideModel.php')
 2 SYSTEMPATH\Autoloader\Autoloader.php(239): CodeIgniter\Autoloader\Autoloader->loadInNamespace('App\\Models\\ServerSideModel')
 3 APPPATH\Controllers\BaseController.php(66): CodeIgniter\Autoloader\Autoloader->loadClass('App\\Models\\ServerSideModel')
 4 SYSTEMPATH\CodeIgniter.php(859): App\Controllers\BaseController->initController(Object(CodeIgniter\HTTP\IncomingRequest), Object(CodeIgniter\HTTP\Response), Object(CodeIgniter\Log\Logger))
 5 SYSTEMPATH\CodeIgniter.php(457): CodeIgniter\CodeIgniter->createController()
 6 SYSTEMPATH\CodeIgniter.php(349): CodeIgniter\CodeIgniter->handleRequest(null, Object(Config\Cache), false)
 7 FCPATH\index.php(55): CodeIgniter\CodeIgniter->run()
 8 SYSTEMPATH\Commands\Server\rewrite.php(43): require_once('FCPATH\\index.php')
