CRITICAL - 2022-11-08 07:59:11 --> Too few arguments to function App\Models\ServerSideModel::getProdukByUMKMfilter(), 2 passed in C:\xampp\htdocs\exportir-web\app\Controllers\Frontend.php on line 151 and at least 3 expected
in APPPATH\Models\ServerSideModel.php on line 303.
 1 APPPATH\Controllers\Frontend.php(151): App\Models\ServerSideModel->getProdukByUMKMfilter('ROOTPATH\\public', 'ROOTPATH\\public')
 2 SYSTEMPATH\CodeIgniter.php(896): App\Controllers\Frontend->list_umkm_()
 3 SYSTEMPATH\CodeIgniter.php(466): CodeIgniter\CodeIgniter->runController(Object(App\Controllers\Frontend))
 4 SYSTEMPATH\CodeIgniter.php(349): CodeIgniter\CodeIgniter->handleRequest(null, Object(Config\Cache), false)
 5 FCPATH\index.php(55): CodeIgniter\CodeIgniter->run()
 6 SYSTEMPATH\Commands\Server\rewrite.php(43): require_once('FCPATH\\index.php')
CRITICAL - 2022-11-08 08:01:01 --> Too few arguments to function App\Models\ServerSideModel::getProdukByUMKMfilter(), 2 passed in C:\xampp\htdocs\exportir-web\app\Controllers\Frontend.php on line 151 and at least 3 expected
in APPPATH\Models\ServerSideModel.php on line 303.
 1 APPPATH\Controllers\Frontend.php(151): App\Models\ServerSideModel->getProdukByUMKMfilter('ROOTPATH\\public', 'ROOTPATH\\public')
 2 SYSTEMPATH\CodeIgniter.php(896): App\Controllers\Frontend->list_umkm_()
 3 SYSTEMPATH\CodeIgniter.php(466): CodeIgniter\CodeIgniter->runController(Object(App\Controllers\Frontend))
 4 SYSTEMPATH\CodeIgniter.php(349): CodeIgniter\CodeIgniter->handleRequest(null, Object(Config\Cache), false)
 5 FCPATH\index.php(55): CodeIgniter\CodeIgniter->run()
 6 SYSTEMPATH\Commands\Server\rewrite.php(43): require_once('FCPATH\\index.php')
CRITICAL - 2022-11-08 08:01:19 --> Too few arguments to function App\Models\ServerSideModel::getProdukByUMKMfilter(), 2 passed in C:\xampp\htdocs\exportir-web\app\Controllers\Frontend.php on line 151 and at least 3 expected
in APPPATH\Models\ServerSideModel.php on line 303.
 1 APPPATH\Controllers\Frontend.php(151): App\Models\ServerSideModel->getProdukByUMKMfilter('ROOTPATH\\public', null)
 2 SYSTEMPATH\CodeIgniter.php(896): App\Controllers\Frontend->list_umkm_()
 3 SYSTEMPATH\CodeIgniter.php(466): CodeIgniter\CodeIgniter->runController(Object(App\Controllers\Frontend))
 4 SYSTEMPATH\CodeIgniter.php(349): CodeIgniter\CodeIgniter->handleRequest(null, Object(Config\Cache), false)
 5 FCPATH\index.php(55): CodeIgniter\CodeIgniter->run()
 6 SYSTEMPATH\Commands\Server\rewrite.php(43): require_once('FCPATH\\index.php')
ERROR - 2022-11-08 08:12:22 --> Unknown column 'tbl_propinsi.nama' in 'field list'
CRITICAL - 2022-11-08 08:12:22 --> Unknown column 'tbl_propinsi.nama' in 'field list'
in SYSTEMPATH\Database\MySQLi\Connection.php on line 292.
 1 SYSTEMPATH\Database\MySQLi\Connection.php(292): mysqli->query('SELECT tbl_umkm.*, tbl_propinsi.nama as propinsi, tbl_city.nama as kota 
                FROM tbl_umkm 
                join tbl_propinsi on tbl_propinsi.province_id = tbl_umkm.province_id 
                join tbl_city on tbl_city.city_id = tbl_umkm.city_id 
                where tbl_umkm.status = \'ACTIVE\' and flag=\'BLOG\' ', 0)
 2 SYSTEMPATH\Database\BaseConnection.php(695): CodeIgniter\Database\MySQLi\Connection->execute('SELECT tbl_umkm.*, tbl_propinsi.nama as propinsi, tbl_city.nama as kota 
                FROM tbl_umkm 
                join tbl_propinsi on tbl_propinsi.province_id = tbl_umkm.province_id 
                join tbl_city on tbl_city.city_id = tbl_umkm.city_id 
                where tbl_umkm.status = \'ACTIVE\' and flag=\'BLOG\' ')
 3 SYSTEMPATH\Database\BaseConnection.php(609): CodeIgniter\Database\BaseConnection->simpleQuery('SELECT tbl_umkm.*, tbl_propinsi.nama as propinsi, tbl_city.nama as kota 
                FROM tbl_umkm 
                join tbl_propinsi on tbl_propinsi.province_id = tbl_umkm.province_id 
                join tbl_city on tbl_city.city_id = tbl_umkm.city_id 
                where tbl_umkm.status = \'ACTIVE\' and flag=\'BLOG\' ')
 4 APPPATH\Models\ServerSideModel.php(488): CodeIgniter\Database\BaseConnection->query('SELECT tbl_umkm.*, tbl_propinsi.nama as propinsi, tbl_city.nama as kota 
                FROM tbl_umkm 
                join tbl_propinsi on tbl_propinsi.province_id = tbl_umkm.province_id 
                join tbl_city on tbl_city.city_id = tbl_umkm.city_id 
                where tbl_umkm.status = \'ACTIVE\' and flag=\'BLOG\' ')
 5 APPPATH\Controllers\Frontend.php(149): App\Models\ServerSideModel->getListUMKM('ROOTPATH\\public')
 6 SYSTEMPATH\CodeIgniter.php(896): App\Controllers\Frontend->list_umkm_()
 7 SYSTEMPATH\CodeIgniter.php(466): CodeIgniter\CodeIgniter->runController(Object(App\Controllers\Frontend))
 8 SYSTEMPATH\CodeIgniter.php(349): CodeIgniter\CodeIgniter->handleRequest(null, Object(Config\Cache), false)
 9 FCPATH\index.php(55): CodeIgniter\CodeIgniter->run()
10 SYSTEMPATH\Commands\Server\rewrite.php(43): require_once('FCPATH\\index.php')
ERROR - 2022-11-08 08:17:14 --> Unknown column 'tbl_propinsi.nama' in 'field list'
CRITICAL - 2022-11-08 08:17:14 --> Unknown column 'tbl_propinsi.nama' in 'field list'
in SYSTEMPATH\Database\MySQLi\Connection.php on line 292.
 1 SYSTEMPATH\Database\MySQLi\Connection.php(292): mysqli->query('SELECT tbl_umkm.*, tbl_propinsi.nama as propinsi, tbl_city.nama as kota 
                FROM tbl_umkm 
                join tbl_propinsi on tbl_propinsi.province_id = tbl_umkm.province_id 
                join tbl_city on tbl_city.city_id = tbl_umkm.city_id 
                where tbl_umkm.status = \'ACTIVE\' and flag=\'BLOG\' ', 0)
 2 SYSTEMPATH\Database\BaseConnection.php(695): CodeIgniter\Database\MySQLi\Connection->execute('SELECT tbl_umkm.*, tbl_propinsi.nama as propinsi, tbl_city.nama as kota 
                FROM tbl_umkm 
                join tbl_propinsi on tbl_propinsi.province_id = tbl_umkm.province_id 
                join tbl_city on tbl_city.city_id = tbl_umkm.city_id 
                where tbl_umkm.status = \'ACTIVE\' and flag=\'BLOG\' ')
 3 SYSTEMPATH\Database\BaseConnection.php(609): CodeIgniter\Database\BaseConnection->simpleQuery('SELECT tbl_umkm.*, tbl_propinsi.nama as propinsi, tbl_city.nama as kota 
                FROM tbl_umkm 
                join tbl_propinsi on tbl_propinsi.province_id = tbl_umkm.province_id 
                join tbl_city on tbl_city.city_id = tbl_umkm.city_id 
                where tbl_umkm.status = \'ACTIVE\' and flag=\'BLOG\' ')
 4 APPPATH\Models\ServerSideModel.php(488): CodeIgniter\Database\BaseConnection->query('SELECT tbl_umkm.*, tbl_propinsi.nama as propinsi, tbl_city.nama as kota 
                FROM tbl_umkm 
                join tbl_propinsi on tbl_propinsi.province_id = tbl_umkm.province_id 
                join tbl_city on tbl_city.city_id = tbl_umkm.city_id 
                where tbl_umkm.status = \'ACTIVE\' and flag=\'BLOG\' ')
 5 APPPATH\Controllers\Frontend.php(149): App\Models\ServerSideModel->getListUMKM('ROOTPATH\\public')
 6 SYSTEMPATH\CodeIgniter.php(896): App\Controllers\Frontend->list_umkm_()
 7 SYSTEMPATH\CodeIgniter.php(466): CodeIgniter\CodeIgniter->runController(Object(App\Controllers\Frontend))
 8 SYSTEMPATH\CodeIgniter.php(349): CodeIgniter\CodeIgniter->handleRequest(null, Object(Config\Cache), false)
 9 FCPATH\index.php(55): CodeIgniter\CodeIgniter->run()
10 SYSTEMPATH\Commands\Server\rewrite.php(43): require_once('FCPATH\\index.php')
ERROR - 2022-11-08 08:17:56 --> Unknown column 'flag' in 'where clause'
CRITICAL - 2022-11-08 08:17:56 --> Unknown column 'flag' in 'where clause'
in SYSTEMPATH\Database\MySQLi\Connection.php on line 292.
 1 SYSTEMPATH\Database\MySQLi\Connection.php(292): mysqli->query('SELECT tbl_umkm.*, tbl_propinsi.province as propinsi, tbl_city.city_name as kota 
                FROM tbl_umkm 
                join tbl_propinsi on tbl_propinsi.province_id = tbl_umkm.province_id 
                join tbl_city on tbl_city.city_id = tbl_umkm.city_id 
                where tbl_umkm.status = \'ACTIVE\' and flag=\'BLOG\' ', 0)
 2 SYSTEMPATH\Database\BaseConnection.php(695): CodeIgniter\Database\MySQLi\Connection->execute('SELECT tbl_umkm.*, tbl_propinsi.province as propinsi, tbl_city.city_name as kota 
                FROM tbl_umkm 
                join tbl_propinsi on tbl_propinsi.province_id = tbl_umkm.province_id 
                join tbl_city on tbl_city.city_id = tbl_umkm.city_id 
                where tbl_umkm.status = \'ACTIVE\' and flag=\'BLOG\' ')
 3 SYSTEMPATH\Database\BaseConnection.php(609): CodeIgniter\Database\BaseConnection->simpleQuery('SELECT tbl_umkm.*, tbl_propinsi.province as propinsi, tbl_city.city_name as kota 
                FROM tbl_umkm 
                join tbl_propinsi on tbl_propinsi.province_id = tbl_umkm.province_id 
                join tbl_city on tbl_city.city_id = tbl_umkm.city_id 
                where tbl_umkm.status = \'ACTIVE\' and flag=\'BLOG\' ')
 4 APPPATH\Models\ServerSideModel.php(488): CodeIgniter\Database\BaseConnection->query('SELECT tbl_umkm.*, tbl_propinsi.province as propinsi, tbl_city.city_name as kota 
                FROM tbl_umkm 
                join tbl_propinsi on tbl_propinsi.province_id = tbl_umkm.province_id 
                join tbl_city on tbl_city.city_id = tbl_umkm.city_id 
                where tbl_umkm.status = \'ACTIVE\' and flag=\'BLOG\' ')
 5 APPPATH\Controllers\Frontend.php(149): App\Models\ServerSideModel->getListUMKM('ROOTPATH\\public')
 6 SYSTEMPATH\CodeIgniter.php(896): App\Controllers\Frontend->list_umkm_()
 7 SYSTEMPATH\CodeIgniter.php(466): CodeIgniter\CodeIgniter->runController(Object(App\Controllers\Frontend))
 8 SYSTEMPATH\CodeIgniter.php(349): CodeIgniter\CodeIgniter->handleRequest(null, Object(Config\Cache), false)
 9 FCPATH\index.php(55): CodeIgniter\CodeIgniter->run()
10 SYSTEMPATH\Commands\Server\rewrite.php(43): require_once('FCPATH\\index.php')
ERROR - 2022-11-08 08:18:00 --> Unknown column 'flag' in 'where clause'
CRITICAL - 2022-11-08 08:18:00 --> Unknown column 'flag' in 'where clause'
in SYSTEMPATH\Database\MySQLi\Connection.php on line 292.
 1 SYSTEMPATH\Database\MySQLi\Connection.php(292): mysqli->query('SELECT tbl_umkm.*, tbl_propinsi.province as propinsi, tbl_city.city_name as kota 
                FROM tbl_umkm 
                join tbl_propinsi on tbl_propinsi.province_id = tbl_umkm.province_id 
                join tbl_city on tbl_city.city_id = tbl_umkm.city_id 
                where tbl_umkm.status = \'ACTIVE\' and flag=\'BLOG\' ', 0)
 2 SYSTEMPATH\Database\BaseConnection.php(695): CodeIgniter\Database\MySQLi\Connection->execute('SELECT tbl_umkm.*, tbl_propinsi.province as propinsi, tbl_city.city_name as kota 
                FROM tbl_umkm 
                join tbl_propinsi on tbl_propinsi.province_id = tbl_umkm.province_id 
                join tbl_city on tbl_city.city_id = tbl_umkm.city_id 
                where tbl_umkm.status = \'ACTIVE\' and flag=\'BLOG\' ')
 3 SYSTEMPATH\Database\BaseConnection.php(609): CodeIgniter\Database\BaseConnection->simpleQuery('SELECT tbl_umkm.*, tbl_propinsi.province as propinsi, tbl_city.city_name as kota 
                FROM tbl_umkm 
                join tbl_propinsi on tbl_propinsi.province_id = tbl_umkm.province_id 
                join tbl_city on tbl_city.city_id = tbl_umkm.city_id 
                where tbl_umkm.status = \'ACTIVE\' and flag=\'BLOG\' ')
 4 APPPATH\Models\ServerSideModel.php(488): CodeIgniter\Database\BaseConnection->query('SELECT tbl_umkm.*, tbl_propinsi.province as propinsi, tbl_city.city_name as kota 
                FROM tbl_umkm 
                join tbl_propinsi on tbl_propinsi.province_id = tbl_umkm.province_id 
                join tbl_city on tbl_city.city_id = tbl_umkm.city_id 
                where tbl_umkm.status = \'ACTIVE\' and flag=\'BLOG\' ')
 5 APPPATH\Controllers\Frontend.php(149): App\Models\ServerSideModel->getListUMKM('ROOTPATH\\public')
 6 SYSTEMPATH\CodeIgniter.php(896): App\Controllers\Frontend->list_umkm_()
 7 SYSTEMPATH\CodeIgniter.php(466): CodeIgniter\CodeIgniter->runController(Object(App\Controllers\Frontend))
 8 SYSTEMPATH\CodeIgniter.php(349): CodeIgniter\CodeIgniter->handleRequest(null, Object(Config\Cache), false)
 9 FCPATH\index.php(55): CodeIgniter\CodeIgniter->run()
10 SYSTEMPATH\Commands\Server\rewrite.php(43): require_once('FCPATH\\index.php')
ERROR - 2022-11-08 08:18:16 --> Unknown column 'flag' in 'where clause'
CRITICAL - 2022-11-08 08:18:16 --> Unknown column 'flag' in 'where clause'
in SYSTEMPATH\Database\MySQLi\Connection.php on line 292.
 1 SYSTEMPATH\Database\MySQLi\Connection.php(292): mysqli->query('SELECT tbl_umkm.*, tbl_propinsi.province as propinsi, tbl_city.city_name as kota 
                FROM tbl_umkm 
                join tbl_propinsi on tbl_propinsi.province_id = tbl_umkm.province_id 
                join tbl_city on tbl_city.city_id = tbl_umkm.city_id 
                where tbl_umkm.status = \'ACTIVE\' and flag=\'BLOG\' ', 0)
 2 SYSTEMPATH\Database\BaseConnection.php(695): CodeIgniter\Database\MySQLi\Connection->execute('SELECT tbl_umkm.*, tbl_propinsi.province as propinsi, tbl_city.city_name as kota 
                FROM tbl_umkm 
                join tbl_propinsi on tbl_propinsi.province_id = tbl_umkm.province_id 
                join tbl_city on tbl_city.city_id = tbl_umkm.city_id 
                where tbl_umkm.status = \'ACTIVE\' and flag=\'BLOG\' ')
 3 SYSTEMPATH\Database\BaseConnection.php(609): CodeIgniter\Database\BaseConnection->simpleQuery('SELECT tbl_umkm.*, tbl_propinsi.province as propinsi, tbl_city.city_name as kota 
                FROM tbl_umkm 
                join tbl_propinsi on tbl_propinsi.province_id = tbl_umkm.province_id 
                join tbl_city on tbl_city.city_id = tbl_umkm.city_id 
                where tbl_umkm.status = \'ACTIVE\' and flag=\'BLOG\' ')
 4 APPPATH\Models\ServerSideModel.php(488): CodeIgniter\Database\BaseConnection->query('SELECT tbl_umkm.*, tbl_propinsi.province as propinsi, tbl_city.city_name as kota 
                FROM tbl_umkm 
                join tbl_propinsi on tbl_propinsi.province_id = tbl_umkm.province_id 
                join tbl_city on tbl_city.city_id = tbl_umkm.city_id 
                where tbl_umkm.status = \'ACTIVE\' and flag=\'BLOG\' ')
 5 APPPATH\Controllers\Frontend.php(149): App\Models\ServerSideModel->getListUMKM('ROOTPATH\\public')
 6 SYSTEMPATH\CodeIgniter.php(896): App\Controllers\Frontend->list_umkm_()
 7 SYSTEMPATH\CodeIgniter.php(466): CodeIgniter\CodeIgniter->runController(Object(App\Controllers\Frontend))
 8 SYSTEMPATH\CodeIgniter.php(349): CodeIgniter\CodeIgniter->handleRequest(null, Object(Config\Cache), false)
 9 FCPATH\index.php(55): CodeIgniter\CodeIgniter->run()
10 SYSTEMPATH\Commands\Server\rewrite.php(43): require_once('FCPATH\\index.php')
ERROR - 2022-11-08 08:27:38 --> Cannot delete or update a parent row: a foreign key constraint fails (`ex-web`.`tbl_umkm`, CONSTRAINT `tbl_umkm_ibfk_1` FOREIGN KEY (`id_pengguna`) REFERENCES `tbl_pengguna` (`id`))
CRITICAL - 2022-11-08 08:27:38 --> Cannot delete or update a parent row: a foreign key constraint fails (`ex-web`.`tbl_umkm`, CONSTRAINT `tbl_umkm_ibfk_1` FOREIGN KEY (`id_pengguna`) REFERENCES `tbl_pengguna` (`id`))
in SYSTEMPATH\Database\MySQLi\Connection.php on line 292.
 1 SYSTEMPATH\Database\MySQLi\Connection.php(292): mysqli->query('DELETE FROM `tbl_pengguna`
WHERE `id` = \'15\'', 0)
 2 SYSTEMPATH\Database\BaseConnection.php(695): CodeIgniter\Database\MySQLi\Connection->execute('DELETE FROM `tbl_pengguna`
WHERE `id` = \'15\'')
 3 SYSTEMPATH\Database\BaseConnection.php(609): CodeIgniter\Database\BaseConnection->simpleQuery('DELETE FROM `tbl_pengguna`
WHERE `id` = \'15\'')
 4 SYSTEMPATH\Database\BaseBuilder.php(2358): CodeIgniter\Database\BaseConnection->query('DELETE FROM `tbl_pengguna`
WHERE `id` = :id:', [...], false)
 5 APPPATH\Models\ServerSideModel.php(760): CodeIgniter\Database\BaseBuilder->delete([...])
 6 APPPATH\Controllers\Admin.php(436): App\Models\ServerSideModel->deleteRows('15', 'tbl_pengguna')
 7 SYSTEMPATH\CodeIgniter.php(896): App\Controllers\Admin->delete_user()
 8 SYSTEMPATH\CodeIgniter.php(466): CodeIgniter\CodeIgniter->runController(Object(App\Controllers\Admin))
 9 SYSTEMPATH\CodeIgniter.php(349): CodeIgniter\CodeIgniter->handleRequest(null, Object(Config\Cache), false)
10 FCPATH\index.php(55): CodeIgniter\CodeIgniter->run()
11 SYSTEMPATH\Commands\Server\rewrite.php(43): require_once('FCPATH\\index.php')
ERROR - 2022-11-08 08:27:50 --> Cannot delete or update a parent row: a foreign key constraint fails (`ex-web`.`tbl_umkm`, CONSTRAINT `tbl_umkm_ibfk_1` FOREIGN KEY (`id_pengguna`) REFERENCES `tbl_pengguna` (`id`))
CRITICAL - 2022-11-08 08:27:50 --> Cannot delete or update a parent row: a foreign key constraint fails (`ex-web`.`tbl_umkm`, CONSTRAINT `tbl_umkm_ibfk_1` FOREIGN KEY (`id_pengguna`) REFERENCES `tbl_pengguna` (`id`))
in SYSTEMPATH\Database\MySQLi\Connection.php on line 292.
 1 SYSTEMPATH\Database\MySQLi\Connection.php(292): mysqli->query('DELETE FROM `tbl_pengguna`
WHERE `id` = \'15\'', 0)
 2 SYSTEMPATH\Database\BaseConnection.php(695): CodeIgniter\Database\MySQLi\Connection->execute('DELETE FROM `tbl_pengguna`
WHERE `id` = \'15\'')
 3 SYSTEMPATH\Database\BaseConnection.php(609): CodeIgniter\Database\BaseConnection->simpleQuery('DELETE FROM `tbl_pengguna`
WHERE `id` = \'15\'')
 4 SYSTEMPATH\Database\BaseBuilder.php(2358): CodeIgniter\Database\BaseConnection->query('DELETE FROM `tbl_pengguna`
WHERE `id` = :id:', [...], false)
 5 APPPATH\Models\ServerSideModel.php(760): CodeIgniter\Database\BaseBuilder->delete([...])
 6 APPPATH\Controllers\Admin.php(436): App\Models\ServerSideModel->deleteRows('15', 'tbl_pengguna')
 7 SYSTEMPATH\CodeIgniter.php(896): App\Controllers\Admin->delete_user()
 8 SYSTEMPATH\CodeIgniter.php(466): CodeIgniter\CodeIgniter->runController(Object(App\Controllers\Admin))
 9 SYSTEMPATH\CodeIgniter.php(349): CodeIgniter\CodeIgniter->handleRequest(null, Object(Config\Cache), false)
10 FCPATH\index.php(55): CodeIgniter\CodeIgniter->run()
11 SYSTEMPATH\Commands\Server\rewrite.php(43): require_once('FCPATH\\index.php')
ERROR - 2022-11-08 08:48:22 --> Unknown column 'tbl_pengguna' in 'where clause'
CRITICAL - 2022-11-08 08:48:22 --> Unknown column 'tbl_pengguna' in 'where clause'
in SYSTEMPATH\Database\MySQLi\Connection.php on line 292.
 1 SYSTEMPATH\Database\MySQLi\Connection.php(292): mysqli->query('SELECT *
FROM `tbl_pengguna`
WHERE `tbl_pengguna` != \'DELETED\'
ORDER BY `role` DESC
 LIMIT 30', 0)
 2 SYSTEMPATH\Database\BaseConnection.php(695): CodeIgniter\Database\MySQLi\Connection->execute('SELECT *
FROM `tbl_pengguna`
WHERE `tbl_pengguna` != \'DELETED\'
ORDER BY `role` DESC
 LIMIT 30')
 3 SYSTEMPATH\Database\BaseConnection.php(609): CodeIgniter\Database\BaseConnection->simpleQuery('SELECT *
FROM `tbl_pengguna`
WHERE `tbl_pengguna` != \'DELETED\'
ORDER BY `role` DESC
 LIMIT 30')
 4 SYSTEMPATH\Database\BaseBuilder.php(1585): CodeIgniter\Database\BaseConnection->query('SELECT *
FROM `tbl_pengguna`
WHERE `tbl_pengguna` != :tbl_pengguna:
ORDER BY `role` DESC
 LIMIT 30', [...], false)
 5 APPPATH\Models\ServerSideModel.php(791): CodeIgniter\Database\BaseBuilder->get()
 6 APPPATH\Controllers\Admin.php(506): App\Models\ServerSideModel->limitRows('tbl_pengguna', '*', [...], [...], [...], [...], null)
 7 SYSTEMPATH\CodeIgniter.php(896): App\Controllers\Admin->user_()
 8 SYSTEMPATH\CodeIgniter.php(466): CodeIgniter\CodeIgniter->runController(Object(App\Controllers\Admin))
 9 SYSTEMPATH\CodeIgniter.php(349): CodeIgniter\CodeIgniter->handleRequest(null, Object(Config\Cache), false)
10 FCPATH\index.php(55): CodeIgniter\CodeIgniter->run()
11 SYSTEMPATH\Commands\Server\rewrite.php(43): require_once('FCPATH\\index.php')
ERROR - 2022-11-08 08:48:38 --> Unknown column 'tbl_pengguna' in 'where clause'
CRITICAL - 2022-11-08 08:48:38 --> Unknown column 'tbl_pengguna' in 'where clause'
in SYSTEMPATH\Database\MySQLi\Connection.php on line 292.
 1 SYSTEMPATH\Database\MySQLi\Connection.php(292): mysqli->query('SELECT *
FROM `tbl_pengguna`
WHERE `tbl_pengguna` != \'DELETED\'
ORDER BY `role` DESC
 LIMIT 30', 0)
 2 SYSTEMPATH\Database\BaseConnection.php(695): CodeIgniter\Database\MySQLi\Connection->execute('SELECT *
FROM `tbl_pengguna`
WHERE `tbl_pengguna` != \'DELETED\'
ORDER BY `role` DESC
 LIMIT 30')
 3 SYSTEMPATH\Database\BaseConnection.php(609): CodeIgniter\Database\BaseConnection->simpleQuery('SELECT *
FROM `tbl_pengguna`
WHERE `tbl_pengguna` != \'DELETED\'
ORDER BY `role` DESC
 LIMIT 30')
 4 SYSTEMPATH\Database\BaseBuilder.php(1585): CodeIgniter\Database\BaseConnection->query('SELECT *
FROM `tbl_pengguna`
WHERE `tbl_pengguna` != :tbl_pengguna:
ORDER BY `role` DESC
 LIMIT 30', [...], false)
 5 APPPATH\Models\ServerSideModel.php(791): CodeIgniter\Database\BaseBuilder->get()
 6 APPPATH\Controllers\Admin.php(506): App\Models\ServerSideModel->limitRows('tbl_pengguna', '*', [...], [...], [...], [...], null)
 7 SYSTEMPATH\CodeIgniter.php(896): App\Controllers\Admin->user_()
 8 SYSTEMPATH\CodeIgniter.php(466): CodeIgniter\CodeIgniter->runController(Object(App\Controllers\Admin))
 9 SYSTEMPATH\CodeIgniter.php(349): CodeIgniter\CodeIgniter->handleRequest(null, Object(Config\Cache), false)
10 FCPATH\index.php(55): CodeIgniter\CodeIgniter->run()
11 SYSTEMPATH\Commands\Server\rewrite.php(43): require_once('FCPATH\\index.php')
CRITICAL - 2022-11-08 08:58:16 --> Undefined variable $kategori
in APPPATH\Views\admin\data\produk.php on line 76.
 1 APPPATH\Views\admin\data\produk.php(76): CodeIgniter\Debug\Exceptions->errorHandler(2, 'Undefined variable $kategori', 'APPPATH\\Views\\admin\\data\\produk.php', 76)
 2 SYSTEMPATH\View\View.php(213): include('APPPATH\\Views\\admin\\data\\produk.php')
 3 SYSTEMPATH\View\View.php(216): CodeIgniter\View\View->CodeIgniter\View\{closure}()
 4 SYSTEMPATH\Common.php(1135): CodeIgniter\View\View->render('admin/data/produk', [], true)
 5 APPPATH\Views\template\adminlte.php(117): view('admin/data/produk')
 6 SYSTEMPATH\View\View.php(213): include('APPPATH\\Views\\template\\adminlte.php')
 7 SYSTEMPATH\View\View.php(216): CodeIgniter\View\View->CodeIgniter\View\{closure}()
 8 SYSTEMPATH\Common.php(1135): CodeIgniter\View\View->render('template/adminlte', [], true)
 9 APPPATH\Controllers\Admin.php(267): view('template/adminlte', [...])
10 SYSTEMPATH\CodeIgniter.php(896): App\Controllers\Admin->produk()
11 SYSTEMPATH\CodeIgniter.php(466): CodeIgniter\CodeIgniter->runController(Object(App\Controllers\Admin))
12 SYSTEMPATH\CodeIgniter.php(349): CodeIgniter\CodeIgniter->handleRequest(null, Object(Config\Cache), false)
13 FCPATH\index.php(55): CodeIgniter\CodeIgniter->run()
14 SYSTEMPATH\Commands\Server\rewrite.php(43): require_once('FCPATH\\index.php')
CRITICAL - 2022-11-08 08:59:10 --> Undefined variable $kategori
in APPPATH\Views\admin\data\produk.php on line 76.
 1 APPPATH\Views\admin\data\produk.php(76): CodeIgniter\Debug\Exceptions->errorHandler(2, 'Undefined variable $kategori', 'APPPATH\\Views\\admin\\data\\produk.php', 76)
 2 SYSTEMPATH\View\View.php(213): include('APPPATH\\Views\\admin\\data\\produk.php')
 3 SYSTEMPATH\View\View.php(216): CodeIgniter\View\View->CodeIgniter\View\{closure}()
 4 SYSTEMPATH\Common.php(1135): CodeIgniter\View\View->render('admin/data/produk', [], true)
 5 APPPATH\Views\template\adminlte.php(117): view('admin/data/produk')
 6 SYSTEMPATH\View\View.php(213): include('APPPATH\\Views\\template\\adminlte.php')
 7 SYSTEMPATH\View\View.php(216): CodeIgniter\View\View->CodeIgniter\View\{closure}()
 8 SYSTEMPATH\Common.php(1135): CodeIgniter\View\View->render('template/adminlte', [], true)
 9 APPPATH\Controllers\Admin.php(267): view('template/adminlte', [...])
10 SYSTEMPATH\CodeIgniter.php(896): App\Controllers\Admin->produk()
11 SYSTEMPATH\CodeIgniter.php(466): CodeIgniter\CodeIgniter->runController(Object(App\Controllers\Admin))
12 SYSTEMPATH\CodeIgniter.php(349): CodeIgniter\CodeIgniter->handleRequest(null, Object(Config\Cache), false)
13 FCPATH\index.php(55): CodeIgniter\CodeIgniter->run()
14 SYSTEMPATH\Commands\Server\rewrite.php(43): require_once('FCPATH\\index.php')
ERROR - 2022-11-08 09:01:41 --> You have an error in your SQL syntax; check the manual that corresponds to your MariaDB server version for the right syntax to use near '' at line 1
CRITICAL - 2022-11-08 09:01:41 --> You have an error in your SQL syntax; check the manual that corresponds to your MariaDB server version for the right syntax to use near '' at line 1
in SYSTEMPATH\Database\MySQLi\Connection.php on line 292.
 1 SYSTEMPATH\Database\MySQLi\Connection.php(292): mysqli->query('SELECT * FROM tbl_kategori_produk where id_umkm = ', 0)
 2 SYSTEMPATH\Database\BaseConnection.php(695): CodeIgniter\Database\MySQLi\Connection->execute('SELECT * FROM tbl_kategori_produk where id_umkm = ')
 3 SYSTEMPATH\Database\BaseConnection.php(609): CodeIgniter\Database\BaseConnection->simpleQuery('SELECT * FROM tbl_kategori_produk where id_umkm = ')
 4 APPPATH\Models\ServerSideModel.php(531): CodeIgniter\Database\BaseConnection->query('SELECT * FROM tbl_kategori_produk where id_umkm = ')
 5 APPPATH\Controllers\Admin.php(266): App\Models\ServerSideModel->getKategoriProdukById(null)
 6 SYSTEMPATH\CodeIgniter.php(896): App\Controllers\Admin->produk()
 7 SYSTEMPATH\CodeIgniter.php(466): CodeIgniter\CodeIgniter->runController(Object(App\Controllers\Admin))
 8 SYSTEMPATH\CodeIgniter.php(349): CodeIgniter\CodeIgniter->handleRequest(null, Object(Config\Cache), false)
 9 FCPATH\index.php(55): CodeIgniter\CodeIgniter->run()
10 SYSTEMPATH\Commands\Server\rewrite.php(43): require_once('FCPATH\\index.php')
ERROR - 2022-11-08 09:02:14 --> You have an error in your SQL syntax; check the manual that corresponds to your MariaDB server version for the right syntax to use near '' at line 1
CRITICAL - 2022-11-08 09:02:14 --> You have an error in your SQL syntax; check the manual that corresponds to your MariaDB server version for the right syntax to use near '' at line 1
in SYSTEMPATH\Database\MySQLi\Connection.php on line 292.
 1 SYSTEMPATH\Database\MySQLi\Connection.php(292): mysqli->query('SELECT * FROM tbl_kategori_produk where id_umkm = ', 0)
 2 SYSTEMPATH\Database\BaseConnection.php(695): CodeIgniter\Database\MySQLi\Connection->execute('SELECT * FROM tbl_kategori_produk where id_umkm = ')
 3 SYSTEMPATH\Database\BaseConnection.php(609): CodeIgniter\Database\BaseConnection->simpleQuery('SELECT * FROM tbl_kategori_produk where id_umkm = ')
 4 APPPATH\Models\ServerSideModel.php(531): CodeIgniter\Database\BaseConnection->query('SELECT * FROM tbl_kategori_produk where id_umkm = ')
 5 APPPATH\Controllers\Admin.php(266): App\Models\ServerSideModel->getKategoriProdukById(null)
 6 SYSTEMPATH\CodeIgniter.php(896): App\Controllers\Admin->produk()
 7 SYSTEMPATH\CodeIgniter.php(466): CodeIgniter\CodeIgniter->runController(Object(App\Controllers\Admin))
 8 SYSTEMPATH\CodeIgniter.php(349): CodeIgniter\CodeIgniter->handleRequest(null, Object(Config\Cache), false)
 9 FCPATH\index.php(55): CodeIgniter\CodeIgniter->run()
10 SYSTEMPATH\Commands\Server\rewrite.php(43): require_once('FCPATH\\index.php')
CRITICAL - 2022-11-08 09:03:37 --> Undefined variable $kategori
in APPPATH\Views\admin\data\produk.php on line 76.
 1 APPPATH\Views\admin\data\produk.php(76): CodeIgniter\Debug\Exceptions->errorHandler(2, 'Undefined variable $kategori', 'APPPATH\\Views\\admin\\data\\produk.php', 76)
 2 SYSTEMPATH\View\View.php(213): include('APPPATH\\Views\\admin\\data\\produk.php')
 3 SYSTEMPATH\View\View.php(216): CodeIgniter\View\View->CodeIgniter\View\{closure}()
 4 SYSTEMPATH\Common.php(1135): CodeIgniter\View\View->render('admin/data/produk', [], true)
 5 APPPATH\Views\template\adminlte.php(117): view('admin/data/produk')
 6 SYSTEMPATH\View\View.php(213): include('APPPATH\\Views\\template\\adminlte.php')
 7 SYSTEMPATH\View\View.php(216): CodeIgniter\View\View->CodeIgniter\View\{closure}()
 8 SYSTEMPATH\Common.php(1135): CodeIgniter\View\View->render('template/adminlte', [], true)
 9 APPPATH\Controllers\Admin.php(269): view('template/adminlte', [...])
10 SYSTEMPATH\CodeIgniter.php(896): App\Controllers\Admin->produk()
11 SYSTEMPATH\CodeIgniter.php(466): CodeIgniter\CodeIgniter->runController(Object(App\Controllers\Admin))
12 SYSTEMPATH\CodeIgniter.php(349): CodeIgniter\CodeIgniter->handleRequest(null, Object(Config\Cache), false)
13 FCPATH\index.php(55): CodeIgniter\CodeIgniter->run()
14 SYSTEMPATH\Commands\Server\rewrite.php(43): require_once('FCPATH\\index.php')
