CRITICAL - 2022-10-22 01:37:09 --> You must set the database table to be used with your query.
in SYSTEMPATH\Database\BaseConnection.php on line 874.
 1 SYSTEMPATH\Model.php(586): CodeIgniter\Database\BaseConnection->table(null)
 2 SYSTEMPATH\Model.php(763): CodeIgniter\Model->builder()
 3 APPPATH\Views\reseller\kerjasama_detail.php(113): CodeIgniter\Model->__call('transaksi_by_kerjasama', [...])
 4 SYSTEMPATH\View\View.php(213): include('APPPATH\\Views\\reseller\\kerjasama_detail.php')
 5 SYSTEMPATH\View\View.php(216): CodeIgniter\View\View->CodeIgniter\View\{closure}()
 6 SYSTEMPATH\Common.php(1135): CodeIgniter\View\View->render('reseller/kerjasama_detail', [], true)
 7 APPPATH\Views\template\adminlte.php(109): view('reseller/kerjasama_detail')
 8 SYSTEMPATH\View\View.php(213): include('APPPATH\\Views\\template\\adminlte.php')
 9 SYSTEMPATH\View\View.php(216): CodeIgniter\View\View->CodeIgniter\View\{closure}()
10 SYSTEMPATH\Common.php(1135): CodeIgniter\View\View->render('template/adminlte', [], true)
11 APPPATH\Controllers\Reseller.php(57): view('template/adminlte', [...])
12 SYSTEMPATH\CodeIgniter.php(896): App\Controllers\Reseller->kerjasama_detail('KJS221021-19GH5VAE')
13 SYSTEMPATH\CodeIgniter.php(466): CodeIgniter\CodeIgniter->runController(Object(App\Controllers\Reseller))
14 SYSTEMPATH\CodeIgniter.php(349): CodeIgniter\CodeIgniter->handleRequest(null, Object(Config\Cache), false)
15 FCPATH\index.php(55): CodeIgniter\CodeIgniter->run()
16 SYSTEMPATH\Commands\Server\rewrite.php(43): require_once('FCPATH\\index.php')
CRITICAL - 2022-10-22 01:44:33 --> Undefined property: stdClass::$catatan_pesanan
in APPPATH\Views\reseller\kerjasama_detail.php on line 114.
 1 APPPATH\Views\reseller\kerjasama_detail.php(114): CodeIgniter\Debug\Exceptions->errorHandler(2, 'Undefined property: stdClass::$catatan_pesanan', 'APPPATH\\Views\\reseller\\kerjasama_detail.php', 114)
 2 SYSTEMPATH\View\View.php(213): include('APPPATH\\Views\\reseller\\kerjasama_detail.php')
 3 SYSTEMPATH\View\View.php(216): CodeIgniter\View\View->CodeIgniter\View\{closure}()
 4 SYSTEMPATH\Common.php(1135): CodeIgniter\View\View->render('reseller/kerjasama_detail', [], true)
 5 APPPATH\Views\template\adminlte.php(109): view('reseller/kerjasama_detail')
 6 SYSTEMPATH\View\View.php(213): include('APPPATH\\Views\\template\\adminlte.php')
 7 SYSTEMPATH\View\View.php(216): CodeIgniter\View\View->CodeIgniter\View\{closure}()
 8 SYSTEMPATH\Common.php(1135): CodeIgniter\View\View->render('template/adminlte', [], true)
 9 APPPATH\Controllers\Reseller.php(57): view('template/adminlte', [...])
10 SYSTEMPATH\CodeIgniter.php(896): App\Controllers\Reseller->kerjasama_detail('KJS221021-19GH5VAE')
11 SYSTEMPATH\CodeIgniter.php(466): CodeIgniter\CodeIgniter->runController(Object(App\Controllers\Reseller))
12 SYSTEMPATH\CodeIgniter.php(349): CodeIgniter\CodeIgniter->handleRequest(null, Object(Config\Cache), false)
13 FCPATH\index.php(55): CodeIgniter\CodeIgniter->run()
14 SYSTEMPATH\Commands\Server\rewrite.php(43): require_once('FCPATH\\index.php')
CRITICAL - 2022-10-22 01:56:42 --> Undefined property: stdClass::$catatan_pesanan
in APPPATH\Views\reseller\kerjasama_detail.php on line 114.
 1 APPPATH\Views\reseller\kerjasama_detail.php(114): CodeIgniter\Debug\Exceptions->errorHandler(2, 'Undefined property: stdClass::$catatan_pesanan', 'APPPATH\\Views\\reseller\\kerjasama_detail.php', 114)
 2 SYSTEMPATH\View\View.php(213): include('APPPATH\\Views\\reseller\\kerjasama_detail.php')
 3 SYSTEMPATH\View\View.php(216): CodeIgniter\View\View->CodeIgniter\View\{closure}()
 4 SYSTEMPATH\Common.php(1135): CodeIgniter\View\View->render('reseller/kerjasama_detail', [], true)
 5 APPPATH\Views\template\adminlte.php(109): view('reseller/kerjasama_detail')
 6 SYSTEMPATH\View\View.php(213): include('APPPATH\\Views\\template\\adminlte.php')
 7 SYSTEMPATH\View\View.php(216): CodeIgniter\View\View->CodeIgniter\View\{closure}()
 8 SYSTEMPATH\Common.php(1135): CodeIgniter\View\View->render('template/adminlte', [], true)
 9 APPPATH\Controllers\Reseller.php(57): view('template/adminlte', [...])
10 SYSTEMPATH\CodeIgniter.php(896): App\Controllers\Reseller->kerjasama_detail('KJS221021-19GH5VAE')
11 SYSTEMPATH\CodeIgniter.php(466): CodeIgniter\CodeIgniter->runController(Object(App\Controllers\Reseller))
12 SYSTEMPATH\CodeIgniter.php(349): CodeIgniter\CodeIgniter->handleRequest(null, Object(Config\Cache), false)
13 FCPATH\index.php(55): CodeIgniter\CodeIgniter->run()
14 SYSTEMPATH\Commands\Server\rewrite.php(43): require_once('FCPATH\\index.php')
CRITICAL - 2022-10-22 02:35:34 --> Undefined property: stdClass::$batas_bayar
in APPPATH\Views\reseller\kerjasama_detail.php on line 126.
 1 APPPATH\Views\reseller\kerjasama_detail.php(126): CodeIgniter\Debug\Exceptions->errorHandler(2, 'Undefined property: stdClass::$batas_bayar', 'APPPATH\\Views\\reseller\\kerjasama_detail.php', 126)
 2 SYSTEMPATH\View\View.php(213): include('APPPATH\\Views\\reseller\\kerjasama_detail.php')
 3 SYSTEMPATH\View\View.php(216): CodeIgniter\View\View->CodeIgniter\View\{closure}()
 4 SYSTEMPATH\Common.php(1135): CodeIgniter\View\View->render('reseller/kerjasama_detail', [], true)
 5 APPPATH\Views\template\adminlte.php(109): view('reseller/kerjasama_detail')
 6 SYSTEMPATH\View\View.php(213): include('APPPATH\\Views\\template\\adminlte.php')
 7 SYSTEMPATH\View\View.php(216): CodeIgniter\View\View->CodeIgniter\View\{closure}()
 8 SYSTEMPATH\Common.php(1135): CodeIgniter\View\View->render('template/adminlte', [], true)
 9 APPPATH\Controllers\Reseller.php(57): view('template/adminlte', [...])
10 SYSTEMPATH\CodeIgniter.php(896): App\Controllers\Reseller->kerjasama_detail('KJS221021-19GH5VAE')
11 SYSTEMPATH\CodeIgniter.php(466): CodeIgniter\CodeIgniter->runController(Object(App\Controllers\Reseller))
12 SYSTEMPATH\CodeIgniter.php(349): CodeIgniter\CodeIgniter->handleRequest(null, Object(Config\Cache), false)
13 FCPATH\index.php(55): CodeIgniter\CodeIgniter->run()
14 SYSTEMPATH\Commands\Server\rewrite.php(43): require_once('FCPATH\\index.php')
