ERROR - 2022-09-13 01:39:20 --> Cannot delete or update a parent row: a foreign key constraint fails (`ex-web`.`tbl_umkm`, CONSTRAINT `tbl_umkm_ibfk_1` FOREIGN KEY (`id_pengguna`) REFERENCES `tbl_pengguna` (`id`))
CRITICAL - 2022-09-13 01:39:20 --> Cannot delete or update a parent row: a foreign key constraint fails (`ex-web`.`tbl_umkm`, CONSTRAINT `tbl_umkm_ibfk_1` FOREIGN KEY (`id_pengguna`) REFERENCES `tbl_pengguna` (`id`))
in SYSTEMPATH\Database\MySQLi\Connection.php on line 292.
 1 SYSTEMPATH\Database\MySQLi\Connection.php(292): mysqli->query('DELETE FROM `tbl_pengguna`
WHERE `id` = \'10\'', 0)
 2 SYSTEMPATH\Database\BaseConnection.php(695): CodeIgniter\Database\MySQLi\Connection->execute('DELETE FROM `tbl_pengguna`
WHERE `id` = \'10\'')
 3 SYSTEMPATH\Database\BaseConnection.php(609): CodeIgniter\Database\BaseConnection->simpleQuery('DELETE FROM `tbl_pengguna`
WHERE `id` = \'10\'')
 4 SYSTEMPATH\Database\BaseBuilder.php(2358): CodeIgniter\Database\BaseConnection->query('DELETE FROM `tbl_pengguna`
WHERE `id` = :id:', [...], false)
 5 APPPATH\Models\ServerSideModel.php(267): CodeIgniter\Database\BaseBuilder->delete([...])
 6 APPPATH\Controllers\Admin.php(393): App\Models\ServerSideModel->deleteRows('10', 'tbl_pengguna')
 7 SYSTEMPATH\CodeIgniter.php(896): App\Controllers\Admin->delete_user()
 8 SYSTEMPATH\CodeIgniter.php(466): CodeIgniter\CodeIgniter->runController(Object(App\Controllers\Admin))
 9 SYSTEMPATH\CodeIgniter.php(349): CodeIgniter\CodeIgniter->handleRequest(null, Object(Config\Cache), false)
10 FCPATH\index.php(55): CodeIgniter\CodeIgniter->run()
11 SYSTEMPATH\Commands\Server\rewrite.php(43): require_once('FCPATH\\index.php')
ERROR - 2022-09-13 01:39:39 --> Cannot delete or update a parent row: a foreign key constraint fails (`ex-web`.`tbl_umkm`, CONSTRAINT `tbl_umkm_ibfk_1` FOREIGN KEY (`id_pengguna`) REFERENCES `tbl_pengguna` (`id`))
CRITICAL - 2022-09-13 01:39:39 --> Cannot delete or update a parent row: a foreign key constraint fails (`ex-web`.`tbl_umkm`, CONSTRAINT `tbl_umkm_ibfk_1` FOREIGN KEY (`id_pengguna`) REFERENCES `tbl_pengguna` (`id`))
in SYSTEMPATH\Database\MySQLi\Connection.php on line 292.
 1 SYSTEMPATH\Database\MySQLi\Connection.php(292): mysqli->query('DELETE FROM `tbl_pengguna`
WHERE `id` = \'10\'', 0)
 2 SYSTEMPATH\Database\BaseConnection.php(695): CodeIgniter\Database\MySQLi\Connection->execute('DELETE FROM `tbl_pengguna`
WHERE `id` = \'10\'')
 3 SYSTEMPATH\Database\BaseConnection.php(609): CodeIgniter\Database\BaseConnection->simpleQuery('DELETE FROM `tbl_pengguna`
WHERE `id` = \'10\'')
 4 SYSTEMPATH\Database\BaseBuilder.php(2358): CodeIgniter\Database\BaseConnection->query('DELETE FROM `tbl_pengguna`
WHERE `id` = :id:', [...], false)
 5 APPPATH\Models\ServerSideModel.php(267): CodeIgniter\Database\BaseBuilder->delete([...])
 6 APPPATH\Controllers\Admin.php(393): App\Models\ServerSideModel->deleteRows('10', 'tbl_pengguna')
 7 SYSTEMPATH\CodeIgniter.php(896): App\Controllers\Admin->delete_user()
 8 SYSTEMPATH\CodeIgniter.php(466): CodeIgniter\CodeIgniter->runController(Object(App\Controllers\Admin))
 9 SYSTEMPATH\CodeIgniter.php(349): CodeIgniter\CodeIgniter->handleRequest(null, Object(Config\Cache), false)
10 FCPATH\index.php(55): CodeIgniter\CodeIgniter->run()
11 SYSTEMPATH\Commands\Server\rewrite.php(43): require_once('FCPATH\\index.php')
ERROR - 2022-09-13 01:41:25 --> The cart array must contain a product ID, quantity, price, and name.
ERROR - 2022-09-13 01:41:28 --> The cart array must contain a product ID, quantity, price, and name.
ERROR - 2022-09-13 01:41:31 --> The cart array must contain a product ID, quantity, price, and name.
ERROR - 2022-09-13 01:42:16 --> The cart array must contain a product ID, quantity, price, and name.
CRITICAL - 2022-09-13 01:48:41 --> Undefined array key ""
in APPPATH\Controllers\Frontend.php on line 292.
 1 APPPATH\Controllers\Frontend.php(292): CodeIgniter\Debug\Exceptions->errorHandler(2, 'Undefined array key ""', 'APPPATH\\Controllers\\Frontend.php', 292)
 2 SYSTEMPATH\CodeIgniter.php(896): App\Controllers\Frontend->checkout()
 3 SYSTEMPATH\CodeIgniter.php(466): CodeIgniter\CodeIgniter->runController(Object(App\Controllers\Frontend))
 4 SYSTEMPATH\CodeIgniter.php(349): CodeIgniter\CodeIgniter->handleRequest(null, Object(Config\Cache), false)
 5 FCPATH\index.php(55): CodeIgniter\CodeIgniter->run()
 6 SYSTEMPATH\Commands\Server\rewrite.php(43): require_once('FCPATH\\index.php')
ERROR - 2022-09-13 02:18:15 --> The cart array must contain a product ID, quantity, price, and name.
ERROR - 2022-09-13 03:38:32 --> You have an error in your SQL syntax; check the manual that corresponds to your MariaDB server version for the right syntax to use near '='jeletot-kabeh'' at line 1
CRITICAL - 2022-09-13 03:38:32 --> You have an error in your SQL syntax; check the manual that corresponds to your MariaDB server version for the right syntax to use near '='jeletot-kabeh'' at line 1
in SYSTEMPATH\Database\MySQLi\Connection.php on line 292.
 1 SYSTEMPATH\Database\MySQLi\Connection.php(292): mysqli->query('select * from tbl_umkm where=\'jeletot-kabeh\'', 0)
 2 SYSTEMPATH\Database\BaseConnection.php(695): CodeIgniter\Database\MySQLi\Connection->execute('select * from tbl_umkm where=\'jeletot-kabeh\'')
 3 SYSTEMPATH\Database\BaseConnection.php(609): CodeIgniter\Database\BaseConnection->simpleQuery('select * from tbl_umkm where=\'jeletot-kabeh\'')
 4 APPPATH\Models\ServerSideModel.php(122): CodeIgniter\Database\BaseConnection->query('select * from tbl_umkm where=?', [...])
 5 APPPATH\Controllers\Frontend.php(146): App\Models\ServerSideModel->getUMKMbySlug('jeletot-kabeh')
 6 SYSTEMPATH\CodeIgniter.php(896): App\Controllers\Frontend->umkm('jeletot-kabeh')
 7 SYSTEMPATH\CodeIgniter.php(466): CodeIgniter\CodeIgniter->runController(Object(App\Controllers\Frontend))
 8 SYSTEMPATH\CodeIgniter.php(349): CodeIgniter\CodeIgniter->handleRequest(null, Object(Config\Cache), false)
 9 FCPATH\index.php(55): CodeIgniter\CodeIgniter->run()
10 SYSTEMPATH\Commands\Server\rewrite.php(43): require_once('FCPATH\\index.php')
CRITICAL - 2022-09-13 03:47:33 --> Attempt to read property "id" on string
in APPPATH\Views\frontend\umkm.php on line 77.
 1 APPPATH\Views\frontend\umkm.php(77): CodeIgniter\Debug\Exceptions->errorHandler(2, 'Attempt to read property "id" on string', 'APPPATH\\Views\\frontend\\umkm.php', 77)
 2 SYSTEMPATH\View\View.php(213): include('APPPATH\\Views\\frontend\\umkm.php')
 3 SYSTEMPATH\View\View.php(216): CodeIgniter\View\View->CodeIgniter\View\{closure}()
 4 SYSTEMPATH\Common.php(1135): CodeIgniter\View\View->render('frontend/umkm', [], true)
 5 APPPATH\Views\template\fruitkha.php(125): view('frontend/umkm')
 6 SYSTEMPATH\View\View.php(213): include('APPPATH\\Views\\template\\fruitkha.php')
 7 SYSTEMPATH\View\View.php(216): CodeIgniter\View\View->CodeIgniter\View\{closure}()
 8 SYSTEMPATH\Common.php(1135): CodeIgniter\View\View->render('template/fruitkha', [], true)
 9 APPPATH\Controllers\Frontend.php(151): view('template/fruitkha', [...])
10 SYSTEMPATH\CodeIgniter.php(896): App\Controllers\Frontend->umkm('jeletot-kabeh')
11 SYSTEMPATH\CodeIgniter.php(466): CodeIgniter\CodeIgniter->runController(Object(App\Controllers\Frontend))
12 SYSTEMPATH\CodeIgniter.php(349): CodeIgniter\CodeIgniter->handleRequest(null, Object(Config\Cache), false)
13 FCPATH\index.php(55): CodeIgniter\CodeIgniter->run()
14 SYSTEMPATH\Commands\Server\rewrite.php(43): require_once('FCPATH\\index.php')
CRITICAL - 2022-09-13 03:47:49 --> Attempt to read property "id" on string
in APPPATH\Views\frontend\umkm.php on line 77.
 1 APPPATH\Views\frontend\umkm.php(77): CodeIgniter\Debug\Exceptions->errorHandler(2, 'Attempt to read property "id" on string', 'APPPATH\\Views\\frontend\\umkm.php', 77)
 2 SYSTEMPATH\View\View.php(213): include('APPPATH\\Views\\frontend\\umkm.php')
 3 SYSTEMPATH\View\View.php(216): CodeIgniter\View\View->CodeIgniter\View\{closure}()
 4 SYSTEMPATH\Common.php(1135): CodeIgniter\View\View->render('frontend/umkm', [], true)
 5 APPPATH\Views\template\fruitkha.php(125): view('frontend/umkm')
 6 SYSTEMPATH\View\View.php(213): include('APPPATH\\Views\\template\\fruitkha.php')
 7 SYSTEMPATH\View\View.php(216): CodeIgniter\View\View->CodeIgniter\View\{closure}()
 8 SYSTEMPATH\Common.php(1135): CodeIgniter\View\View->render('template/fruitkha', [], true)
 9 APPPATH\Controllers\Frontend.php(151): view('template/fruitkha', [...])
10 SYSTEMPATH\CodeIgniter.php(896): App\Controllers\Frontend->umkm('jeletot-kabeh')
11 SYSTEMPATH\CodeIgniter.php(466): CodeIgniter\CodeIgniter->runController(Object(App\Controllers\Frontend))
12 SYSTEMPATH\CodeIgniter.php(349): CodeIgniter\CodeIgniter->handleRequest(null, Object(Config\Cache), false)
13 FCPATH\index.php(55): CodeIgniter\CodeIgniter->run()
14 SYSTEMPATH\Commands\Server\rewrite.php(43): require_once('FCPATH\\index.php')
CRITICAL - 2022-09-13 03:47:59 --> Attempt to read property "id" on string
in APPPATH\Views\frontend\umkm.php on line 77.
 1 APPPATH\Views\frontend\umkm.php(77): CodeIgniter\Debug\Exceptions->errorHandler(2, 'Attempt to read property "id" on string', 'APPPATH\\Views\\frontend\\umkm.php', 77)
 2 SYSTEMPATH\View\View.php(213): include('APPPATH\\Views\\frontend\\umkm.php')
 3 SYSTEMPATH\View\View.php(216): CodeIgniter\View\View->CodeIgniter\View\{closure}()
 4 SYSTEMPATH\Common.php(1135): CodeIgniter\View\View->render('frontend/umkm', [], true)
 5 APPPATH\Views\template\fruitkha.php(125): view('frontend/umkm')
 6 SYSTEMPATH\View\View.php(213): include('APPPATH\\Views\\template\\fruitkha.php')
 7 SYSTEMPATH\View\View.php(216): CodeIgniter\View\View->CodeIgniter\View\{closure}()
 8 SYSTEMPATH\Common.php(1135): CodeIgniter\View\View->render('template/fruitkha', [], true)
 9 APPPATH\Controllers\Frontend.php(151): view('template/fruitkha', [...])
10 SYSTEMPATH\CodeIgniter.php(896): App\Controllers\Frontend->umkm('jeletot-kabeh')
11 SYSTEMPATH\CodeIgniter.php(466): CodeIgniter\CodeIgniter->runController(Object(App\Controllers\Frontend))
12 SYSTEMPATH\CodeIgniter.php(349): CodeIgniter\CodeIgniter->handleRequest(null, Object(Config\Cache), false)
13 FCPATH\index.php(55): CodeIgniter\CodeIgniter->run()
14 SYSTEMPATH\Commands\Server\rewrite.php(43): require_once('FCPATH\\index.php')
CRITICAL - 2022-09-13 03:49:03 --> Attempt to read property "id" on string
in APPPATH\Views\frontend\umkm.php on line 77.
 1 APPPATH\Views\frontend\umkm.php(77): CodeIgniter\Debug\Exceptions->errorHandler(2, 'Attempt to read property "id" on string', 'APPPATH\\Views\\frontend\\umkm.php', 77)
 2 SYSTEMPATH\View\View.php(213): include('APPPATH\\Views\\frontend\\umkm.php')
 3 SYSTEMPATH\View\View.php(216): CodeIgniter\View\View->CodeIgniter\View\{closure}()
 4 SYSTEMPATH\Common.php(1135): CodeIgniter\View\View->render('frontend/umkm', [], true)
 5 APPPATH\Views\template\fruitkha.php(125): view('frontend/umkm')
 6 SYSTEMPATH\View\View.php(213): include('APPPATH\\Views\\template\\fruitkha.php')
 7 SYSTEMPATH\View\View.php(216): CodeIgniter\View\View->CodeIgniter\View\{closure}()
 8 SYSTEMPATH\Common.php(1135): CodeIgniter\View\View->render('template/fruitkha', [], true)
 9 APPPATH\Controllers\Frontend.php(151): view('template/fruitkha', [...])
10 SYSTEMPATH\CodeIgniter.php(896): App\Controllers\Frontend->umkm('jeletot-kabeh')
11 SYSTEMPATH\CodeIgniter.php(466): CodeIgniter\CodeIgniter->runController(Object(App\Controllers\Frontend))
12 SYSTEMPATH\CodeIgniter.php(349): CodeIgniter\CodeIgniter->handleRequest(null, Object(Config\Cache), false)
13 FCPATH\index.php(55): CodeIgniter\CodeIgniter->run()
14 SYSTEMPATH\Commands\Server\rewrite.php(43): require_once('FCPATH\\index.php')
CRITICAL - 2022-09-13 03:53:16 --> Attempt to read property "id" on string
in APPPATH\Views\frontend\umkm.php on line 77.
 1 APPPATH\Views\frontend\umkm.php(77): CodeIgniter\Debug\Exceptions->errorHandler(2, 'Attempt to read property "id" on string', 'APPPATH\\Views\\frontend\\umkm.php', 77)
 2 SYSTEMPATH\View\View.php(213): include('APPPATH\\Views\\frontend\\umkm.php')
 3 SYSTEMPATH\View\View.php(216): CodeIgniter\View\View->CodeIgniter\View\{closure}()
 4 SYSTEMPATH\Common.php(1135): CodeIgniter\View\View->render('frontend/umkm', [], true)
 5 APPPATH\Views\template\fruitkha.php(125): view('frontend/umkm')
 6 SYSTEMPATH\View\View.php(213): include('APPPATH\\Views\\template\\fruitkha.php')
 7 SYSTEMPATH\View\View.php(216): CodeIgniter\View\View->CodeIgniter\View\{closure}()
 8 SYSTEMPATH\Common.php(1135): CodeIgniter\View\View->render('template/fruitkha', [], true)
 9 APPPATH\Controllers\Frontend.php(151): view('template/fruitkha', [...])
10 SYSTEMPATH\CodeIgniter.php(896): App\Controllers\Frontend->umkm('jeletot-kabeh')
11 SYSTEMPATH\CodeIgniter.php(466): CodeIgniter\CodeIgniter->runController(Object(App\Controllers\Frontend))
12 SYSTEMPATH\CodeIgniter.php(349): CodeIgniter\CodeIgniter->handleRequest(null, Object(Config\Cache), false)
13 FCPATH\index.php(55): CodeIgniter\CodeIgniter->run()
14 SYSTEMPATH\Commands\Server\rewrite.php(43): require_once('FCPATH\\index.php')
CRITICAL - 2022-09-13 03:53:54 --> Undefined property: stdClass::$nama
in APPPATH\Views\frontend\umkm.php on line 77.
 1 APPPATH\Views\frontend\umkm.php(77): CodeIgniter\Debug\Exceptions->errorHandler(2, 'Undefined property: stdClass::$nama', 'APPPATH\\Views\\frontend\\umkm.php', 77)
 2 SYSTEMPATH\View\View.php(213): include('APPPATH\\Views\\frontend\\umkm.php')
 3 SYSTEMPATH\View\View.php(216): CodeIgniter\View\View->CodeIgniter\View\{closure}()
 4 SYSTEMPATH\Common.php(1135): CodeIgniter\View\View->render('frontend/umkm', [], true)
 5 APPPATH\Views\template\fruitkha.php(125): view('frontend/umkm')
 6 SYSTEMPATH\View\View.php(213): include('APPPATH\\Views\\template\\fruitkha.php')
 7 SYSTEMPATH\View\View.php(216): CodeIgniter\View\View->CodeIgniter\View\{closure}()
 8 SYSTEMPATH\Common.php(1135): CodeIgniter\View\View->render('template/fruitkha', [], true)
 9 APPPATH\Controllers\Frontend.php(151): view('template/fruitkha', [...])
10 SYSTEMPATH\CodeIgniter.php(896): App\Controllers\Frontend->umkm('jeletot-kabeh')
11 SYSTEMPATH\CodeIgniter.php(466): CodeIgniter\CodeIgniter->runController(Object(App\Controllers\Frontend))
12 SYSTEMPATH\CodeIgniter.php(349): CodeIgniter\CodeIgniter->handleRequest(null, Object(Config\Cache), false)
13 FCPATH\index.php(55): CodeIgniter\CodeIgniter->run()
14 SYSTEMPATH\Commands\Server\rewrite.php(43): require_once('FCPATH\\index.php')
CRITICAL - 2022-09-13 03:53:59 --> Undefined property: stdClass::$nama
in APPPATH\Views\frontend\umkm.php on line 77.
 1 APPPATH\Views\frontend\umkm.php(77): CodeIgniter\Debug\Exceptions->errorHandler(2, 'Undefined property: stdClass::$nama', 'APPPATH\\Views\\frontend\\umkm.php', 77)
 2 SYSTEMPATH\View\View.php(213): include('APPPATH\\Views\\frontend\\umkm.php')
 3 SYSTEMPATH\View\View.php(216): CodeIgniter\View\View->CodeIgniter\View\{closure}()
 4 SYSTEMPATH\Common.php(1135): CodeIgniter\View\View->render('frontend/umkm', [], true)
 5 APPPATH\Views\template\fruitkha.php(125): view('frontend/umkm')
 6 SYSTEMPATH\View\View.php(213): include('APPPATH\\Views\\template\\fruitkha.php')
 7 SYSTEMPATH\View\View.php(216): CodeIgniter\View\View->CodeIgniter\View\{closure}()
 8 SYSTEMPATH\Common.php(1135): CodeIgniter\View\View->render('template/fruitkha', [], true)
 9 APPPATH\Controllers\Frontend.php(151): view('template/fruitkha', [...])
10 SYSTEMPATH\CodeIgniter.php(896): App\Controllers\Frontend->umkm('jeletot-kabeh')
11 SYSTEMPATH\CodeIgniter.php(466): CodeIgniter\CodeIgniter->runController(Object(App\Controllers\Frontend))
12 SYSTEMPATH\CodeIgniter.php(349): CodeIgniter\CodeIgniter->handleRequest(null, Object(Config\Cache), false)
13 FCPATH\index.php(55): CodeIgniter\CodeIgniter->run()
14 SYSTEMPATH\Commands\Server\rewrite.php(43): require_once('FCPATH\\index.php')
CRITICAL - 2022-09-13 03:54:12 --> Undefined property: stdClass::$nama
in APPPATH\Views\frontend\umkm.php on line 77.
 1 APPPATH\Views\frontend\umkm.php(77): CodeIgniter\Debug\Exceptions->errorHandler(2, 'Undefined property: stdClass::$nama', 'APPPATH\\Views\\frontend\\umkm.php', 77)
 2 SYSTEMPATH\View\View.php(213): include('APPPATH\\Views\\frontend\\umkm.php')
 3 SYSTEMPATH\View\View.php(216): CodeIgniter\View\View->CodeIgniter\View\{closure}()
 4 SYSTEMPATH\Common.php(1135): CodeIgniter\View\View->render('frontend/umkm', [], true)
 5 APPPATH\Views\template\fruitkha.php(125): view('frontend/umkm')
 6 SYSTEMPATH\View\View.php(213): include('APPPATH\\Views\\template\\fruitkha.php')
 7 SYSTEMPATH\View\View.php(216): CodeIgniter\View\View->CodeIgniter\View\{closure}()
 8 SYSTEMPATH\Common.php(1135): CodeIgniter\View\View->render('template/fruitkha', [], true)
 9 APPPATH\Controllers\Frontend.php(151): view('template/fruitkha', [...])
10 SYSTEMPATH\CodeIgniter.php(896): App\Controllers\Frontend->umkm('jeletot-kabeh')
11 SYSTEMPATH\CodeIgniter.php(466): CodeIgniter\CodeIgniter->runController(Object(App\Controllers\Frontend))
12 SYSTEMPATH\CodeIgniter.php(349): CodeIgniter\CodeIgniter->handleRequest(null, Object(Config\Cache), false)
13 FCPATH\index.php(55): CodeIgniter\CodeIgniter->run()
14 SYSTEMPATH\Commands\Server\rewrite.php(43): require_once('FCPATH\\index.php')
