ERROR - 2022-07-23 20:49:44 --> Unknown column 'tbl_produk_umkm.id_kategori' in 'on clause'
CRITICAL - 2022-07-23 20:49:44 --> Unknown column 'tbl_produk_umkm.id_kategori' in 'on clause'
in SYSTEMPATH\Database\MySQLi\Connection.php on line 292.
 1 SYSTEMPATH\Database\MySQLi\Connection.php(292): mysqli->query('SELECT `tbl_produk_umkm`.*, `tbl_umkm`.`nama` as `nama_umkm`, `tbl_kategori_produk`.`nama` as `nama_kategori`
FROM `tbl_produk_umkm`
LEFT JOIN `tbl_umkm` ON `tbl_umkm`.`id` = `tbl_produk_umkm`.`id_umkm`
LEFT JOIN `tbl_kategori_produk` ON `tbl_kategori_produk`.`id` = `tbl_produk_umkm`.`id_kategori`
ORDER BY `tbl_produk_umkm`.`id` DESC
 LIMIT 30', 0)
 2 SYSTEMPATH\Database\BaseConnection.php(695): CodeIgniter\Database\MySQLi\Connection->execute('SELECT `tbl_produk_umkm`.*, `tbl_umkm`.`nama` as `nama_umkm`, `tbl_kategori_produk`.`nama` as `nama_kategori`
FROM `tbl_produk_umkm`
LEFT JOIN `tbl_umkm` ON `tbl_umkm`.`id` = `tbl_produk_umkm`.`id_umkm`
LEFT JOIN `tbl_kategori_produk` ON `tbl_kategori_produk`.`id` = `tbl_produk_umkm`.`id_kategori`
ORDER BY `tbl_produk_umkm`.`id` DESC
 LIMIT 30')
 3 SYSTEMPATH\Database\BaseConnection.php(609): CodeIgniter\Database\BaseConnection->simpleQuery('SELECT `tbl_produk_umkm`.*, `tbl_umkm`.`nama` as `nama_umkm`, `tbl_kategori_produk`.`nama` as `nama_kategori`
FROM `tbl_produk_umkm`
LEFT JOIN `tbl_umkm` ON `tbl_umkm`.`id` = `tbl_produk_umkm`.`id_umkm`
LEFT JOIN `tbl_kategori_produk` ON `tbl_kategori_produk`.`id` = `tbl_produk_umkm`.`id_kategori`
ORDER BY `tbl_produk_umkm`.`id` DESC
 LIMIT 30')
 4 SYSTEMPATH\Database\BaseBuilder.php(1585): CodeIgniter\Database\BaseConnection->query('SELECT `tbl_produk_umkm`.*, `tbl_umkm`.`nama` as `nama_umkm`, `tbl_kategori_produk`.`nama` as `nama_kategori`
FROM `tbl_produk_umkm`
LEFT JOIN `tbl_umkm` ON `tbl_umkm`.`id` = `tbl_produk_umkm`.`id_umkm`
LEFT JOIN `tbl_kategori_produk` ON `tbl_kategori_produk`.`id` = `tbl_produk_umkm`.`id_kategori`
ORDER BY `tbl_produk_umkm`.`id` DESC
 LIMIT 30', [], false)
 5 APPPATH\Models\ServerSideModel.php(205): CodeIgniter\Database\BaseBuilder->get()
 6 APPPATH\Controllers\Admin.php(256): App\Models\ServerSideModel->limitRows('tbl_produk_umkm', 'tbl_produk_umkm.*, tbl_umkm.nama as nama_umkm, tbl_kategori_produk.nama as nama_kategori', [], [...], [...], [...], [...])
 7 SYSTEMPATH\CodeIgniter.php(896): App\Controllers\Admin->produk_()
 8 SYSTEMPATH\CodeIgniter.php(466): CodeIgniter\CodeIgniter->runController(Object(App\Controllers\Admin))
 9 SYSTEMPATH\CodeIgniter.php(349): CodeIgniter\CodeIgniter->handleRequest(null, Object(Config\Cache), false)
10 FCPATH\index.php(55): CodeIgniter\CodeIgniter->run()
11 SYSTEMPATH\Commands\Server\rewrite.php(43): require_once('FCPATH\\index.php')
ERROR - 2022-07-23 20:50:04 --> Unknown column 'tbl_produk_umkm.id_kategori' in 'on clause'
CRITICAL - 2022-07-23 20:50:04 --> Unknown column 'tbl_produk_umkm.id_kategori' in 'on clause'
in SYSTEMPATH\Database\MySQLi\Connection.php on line 292.
 1 SYSTEMPATH\Database\MySQLi\Connection.php(292): mysqli->query('SELECT `tbl_produk_umkm`.*, `tbl_umkm`.`nama` as `nama_umkm`, `tbl_kategori_produk`.`nama` as `nama_kategori`
FROM `tbl_produk_umkm`
LEFT JOIN `tbl_umkm` ON `tbl_umkm`.`id` = `tbl_produk_umkm`.`id_umkm`
LEFT JOIN `tbl_kategori_produk` ON `tbl_kategori_produk`.`id` = `tbl_produk_umkm`.`id_kategori`
ORDER BY `tbl_produk_umkm`.`id` DESC
 LIMIT 30', 0)
 2 SYSTEMPATH\Database\BaseConnection.php(695): CodeIgniter\Database\MySQLi\Connection->execute('SELECT `tbl_produk_umkm`.*, `tbl_umkm`.`nama` as `nama_umkm`, `tbl_kategori_produk`.`nama` as `nama_kategori`
FROM `tbl_produk_umkm`
LEFT JOIN `tbl_umkm` ON `tbl_umkm`.`id` = `tbl_produk_umkm`.`id_umkm`
LEFT JOIN `tbl_kategori_produk` ON `tbl_kategori_produk`.`id` = `tbl_produk_umkm`.`id_kategori`
ORDER BY `tbl_produk_umkm`.`id` DESC
 LIMIT 30')
 3 SYSTEMPATH\Database\BaseConnection.php(609): CodeIgniter\Database\BaseConnection->simpleQuery('SELECT `tbl_produk_umkm`.*, `tbl_umkm`.`nama` as `nama_umkm`, `tbl_kategori_produk`.`nama` as `nama_kategori`
FROM `tbl_produk_umkm`
LEFT JOIN `tbl_umkm` ON `tbl_umkm`.`id` = `tbl_produk_umkm`.`id_umkm`
LEFT JOIN `tbl_kategori_produk` ON `tbl_kategori_produk`.`id` = `tbl_produk_umkm`.`id_kategori`
ORDER BY `tbl_produk_umkm`.`id` DESC
 LIMIT 30')
 4 SYSTEMPATH\Database\BaseBuilder.php(1585): CodeIgniter\Database\BaseConnection->query('SELECT `tbl_produk_umkm`.*, `tbl_umkm`.`nama` as `nama_umkm`, `tbl_kategori_produk`.`nama` as `nama_kategori`
FROM `tbl_produk_umkm`
LEFT JOIN `tbl_umkm` ON `tbl_umkm`.`id` = `tbl_produk_umkm`.`id_umkm`
LEFT JOIN `tbl_kategori_produk` ON `tbl_kategori_produk`.`id` = `tbl_produk_umkm`.`id_kategori`
ORDER BY `tbl_produk_umkm`.`id` DESC
 LIMIT 30', [], false)
 5 APPPATH\Models\ServerSideModel.php(205): CodeIgniter\Database\BaseBuilder->get()
 6 APPPATH\Controllers\Admin.php(256): App\Models\ServerSideModel->limitRows('tbl_produk_umkm', 'tbl_produk_umkm.*, tbl_umkm.nama as nama_umkm, tbl_kategori_produk.nama as nama_kategori', [], [...], [...], [...], [...])
 7 SYSTEMPATH\CodeIgniter.php(896): App\Controllers\Admin->produk_()
 8 SYSTEMPATH\CodeIgniter.php(466): CodeIgniter\CodeIgniter->runController(Object(App\Controllers\Admin))
 9 SYSTEMPATH\CodeIgniter.php(349): CodeIgniter\CodeIgniter->handleRequest(null, Object(Config\Cache), false)
10 FCPATH\index.php(55): CodeIgniter\CodeIgniter->run()
11 SYSTEMPATH\Commands\Server\rewrite.php(43): require_once('FCPATH\\index.php')
CRITICAL - 2022-07-23 20:51:38 --> Undefined property: stdClass::$foto
in APPPATH\Controllers\Admin.php on line 265.
 1 APPPATH\Controllers\Admin.php(265): CodeIgniter\Debug\Exceptions->errorHandler(2, 'Undefined property: stdClass::$foto', 'APPPATH\\Controllers\\Admin.php', 265)
 2 SYSTEMPATH\CodeIgniter.php(896): App\Controllers\Admin->produk_()
 3 SYSTEMPATH\CodeIgniter.php(466): CodeIgniter\CodeIgniter->runController(Object(App\Controllers\Admin))
 4 SYSTEMPATH\CodeIgniter.php(349): CodeIgniter\CodeIgniter->handleRequest(null, Object(Config\Cache), false)
 5 FCPATH\index.php(55): CodeIgniter\CodeIgniter->run()
 6 SYSTEMPATH\Commands\Server\rewrite.php(43): require_once('FCPATH\\index.php')
ERROR - 2022-07-23 20:53:18 --> You have an error in your SQL syntax; check the manual that corresponds to your MariaDB server version for the right syntax to use near '' at line 1
CRITICAL - 2022-07-23 20:53:18 --> You have an error in your SQL syntax; check the manual that corresponds to your MariaDB server version for the right syntax to use near '' at line 1
in SYSTEMPATH\Database\MySQLi\Connection.php on line 292.
 1 SYSTEMPATH\Database\MySQLi\Connection.php(292): mysqli->query('select * from tbl_kategori_produk where id_umkm = ', 0)
 2 SYSTEMPATH\Database\BaseConnection.php(695): CodeIgniter\Database\MySQLi\Connection->execute('select * from tbl_kategori_produk where id_umkm = ')
 3 SYSTEMPATH\Database\BaseConnection.php(609): CodeIgniter\Database\BaseConnection->simpleQuery('select * from tbl_kategori_produk where id_umkm = ')
 4 APPPATH\Models\ServerSideModel.php(24): CodeIgniter\Database\BaseConnection->query('select * from tbl_kategori_produk where id_umkm = ')
 5 APPPATH\Controllers\Umkm.php(120): App\Models\ServerSideModel->getKategoriProduk(null)
 6 SYSTEMPATH\CodeIgniter.php(896): App\Controllers\Umkm->produk()
 7 SYSTEMPATH\CodeIgniter.php(466): CodeIgniter\CodeIgniter->runController(Object(App\Controllers\Umkm))
 8 SYSTEMPATH\CodeIgniter.php(349): CodeIgniter\CodeIgniter->handleRequest(null, Object(Config\Cache), false)
 9 FCPATH\index.php(55): CodeIgniter\CodeIgniter->run()
10 SYSTEMPATH\Commands\Server\rewrite.php(43): require_once('FCPATH\\index.php')
ERROR - 2022-07-23 20:53:36 --> You have an error in your SQL syntax; check the manual that corresponds to your MariaDB server version for the right syntax to use near '' at line 1
CRITICAL - 2022-07-23 20:53:36 --> You have an error in your SQL syntax; check the manual that corresponds to your MariaDB server version for the right syntax to use near '' at line 1
in SYSTEMPATH\Database\MySQLi\Connection.php on line 292.
 1 SYSTEMPATH\Database\MySQLi\Connection.php(292): mysqli->query('select * from tbl_kategori_produk where id_umkm = ', 0)
 2 SYSTEMPATH\Database\BaseConnection.php(695): CodeIgniter\Database\MySQLi\Connection->execute('select * from tbl_kategori_produk where id_umkm = ')
 3 SYSTEMPATH\Database\BaseConnection.php(609): CodeIgniter\Database\BaseConnection->simpleQuery('select * from tbl_kategori_produk where id_umkm = ')
 4 APPPATH\Models\ServerSideModel.php(24): CodeIgniter\Database\BaseConnection->query('select * from tbl_kategori_produk where id_umkm = ')
 5 APPPATH\Controllers\Umkm.php(120): App\Models\ServerSideModel->getKategoriProduk(null)
 6 SYSTEMPATH\CodeIgniter.php(896): App\Controllers\Umkm->produk()
 7 SYSTEMPATH\CodeIgniter.php(466): CodeIgniter\CodeIgniter->runController(Object(App\Controllers\Umkm))
 8 SYSTEMPATH\CodeIgniter.php(349): CodeIgniter\CodeIgniter->handleRequest(null, Object(Config\Cache), false)
 9 FCPATH\index.php(55): CodeIgniter\CodeIgniter->run()
10 SYSTEMPATH\Commands\Server\rewrite.php(43): require_once('FCPATH\\index.php')
ERROR - 2022-07-23 20:54:32 --> You have an error in your SQL syntax; check the manual that corresponds to your MariaDB server version for the right syntax to use near '' at line 1
CRITICAL - 2022-07-23 20:54:32 --> You have an error in your SQL syntax; check the manual that corresponds to your MariaDB server version for the right syntax to use near '' at line 1
in SYSTEMPATH\Database\MySQLi\Connection.php on line 292.
 1 SYSTEMPATH\Database\MySQLi\Connection.php(292): mysqli->query('select * from tbl_kategori_produk where id_umkm = ', 0)
 2 SYSTEMPATH\Database\BaseConnection.php(695): CodeIgniter\Database\MySQLi\Connection->execute('select * from tbl_kategori_produk where id_umkm = ')
 3 SYSTEMPATH\Database\BaseConnection.php(609): CodeIgniter\Database\BaseConnection->simpleQuery('select * from tbl_kategori_produk where id_umkm = ')
 4 APPPATH\Models\ServerSideModel.php(24): CodeIgniter\Database\BaseConnection->query('select * from tbl_kategori_produk where id_umkm = ')
 5 APPPATH\Controllers\Umkm.php(120): App\Models\ServerSideModel->getKategoriProduk(null)
 6 SYSTEMPATH\CodeIgniter.php(896): App\Controllers\Umkm->produk()
 7 SYSTEMPATH\CodeIgniter.php(466): CodeIgniter\CodeIgniter->runController(Object(App\Controllers\Umkm))
 8 SYSTEMPATH\CodeIgniter.php(349): CodeIgniter\CodeIgniter->handleRequest(null, Object(Config\Cache), false)
 9 FCPATH\index.php(55): CodeIgniter\CodeIgniter->run()
10 SYSTEMPATH\Commands\Server\rewrite.php(43): require_once('FCPATH\\index.php')
ERROR - 2022-07-23 20:54:55 --> You have an error in your SQL syntax; check the manual that corresponds to your MariaDB server version for the right syntax to use near '' at line 1
CRITICAL - 2022-07-23 20:54:55 --> You have an error in your SQL syntax; check the manual that corresponds to your MariaDB server version for the right syntax to use near '' at line 1
in SYSTEMPATH\Database\MySQLi\Connection.php on line 292.
 1 SYSTEMPATH\Database\MySQLi\Connection.php(292): mysqli->query('select * from tbl_kategori_produk where id_umkm = ', 0)
 2 SYSTEMPATH\Database\BaseConnection.php(695): CodeIgniter\Database\MySQLi\Connection->execute('select * from tbl_kategori_produk where id_umkm = ')
 3 SYSTEMPATH\Database\BaseConnection.php(609): CodeIgniter\Database\BaseConnection->simpleQuery('select * from tbl_kategori_produk where id_umkm = ')
 4 APPPATH\Models\ServerSideModel.php(24): CodeIgniter\Database\BaseConnection->query('select * from tbl_kategori_produk where id_umkm = ')
 5 APPPATH\Controllers\Umkm.php(120): App\Models\ServerSideModel->getKategoriProduk(null)
 6 SYSTEMPATH\CodeIgniter.php(896): App\Controllers\Umkm->produk()
 7 SYSTEMPATH\CodeIgniter.php(466): CodeIgniter\CodeIgniter->runController(Object(App\Controllers\Umkm))
 8 SYSTEMPATH\CodeIgniter.php(349): CodeIgniter\CodeIgniter->handleRequest(null, Object(Config\Cache), false)
 9 FCPATH\index.php(55): CodeIgniter\CodeIgniter->run()
10 SYSTEMPATH\Commands\Server\rewrite.php(43): require_once('FCPATH\\index.php')
ERROR - 2022-07-23 20:55:40 --> You have an error in your SQL syntax; check the manual that corresponds to your MariaDB server version for the right syntax to use near '' at line 1
CRITICAL - 2022-07-23 20:55:40 --> You have an error in your SQL syntax; check the manual that corresponds to your MariaDB server version for the right syntax to use near '' at line 1
in SYSTEMPATH\Database\MySQLi\Connection.php on line 292.
 1 SYSTEMPATH\Database\MySQLi\Connection.php(292): mysqli->query('select * from tbl_kategori_produk where id_umkm = ', 0)
 2 SYSTEMPATH\Database\BaseConnection.php(695): CodeIgniter\Database\MySQLi\Connection->execute('select * from tbl_kategori_produk where id_umkm = ')
 3 SYSTEMPATH\Database\BaseConnection.php(609): CodeIgniter\Database\BaseConnection->simpleQuery('select * from tbl_kategori_produk where id_umkm = ')
 4 APPPATH\Models\ServerSideModel.php(24): CodeIgniter\Database\BaseConnection->query('select * from tbl_kategori_produk where id_umkm = ')
 5 APPPATH\Controllers\Umkm.php(120): App\Models\ServerSideModel->getKategoriProduk(null)
 6 SYSTEMPATH\CodeIgniter.php(896): App\Controllers\Umkm->produk()
 7 SYSTEMPATH\CodeIgniter.php(466): CodeIgniter\CodeIgniter->runController(Object(App\Controllers\Umkm))
 8 SYSTEMPATH\CodeIgniter.php(349): CodeIgniter\CodeIgniter->handleRequest(null, Object(Config\Cache), false)
 9 FCPATH\index.php(55): CodeIgniter\CodeIgniter->run()
10 SYSTEMPATH\Commands\Server\rewrite.php(43): require_once('FCPATH\\index.php')
ERROR - 2022-07-23 20:58:36 --> You have an error in your SQL syntax; check the manual that corresponds to your MariaDB server version for the right syntax to use near '' at line 1
CRITICAL - 2022-07-23 20:58:36 --> You have an error in your SQL syntax; check the manual that corresponds to your MariaDB server version for the right syntax to use near '' at line 1
in SYSTEMPATH\Database\MySQLi\Connection.php on line 292.
 1 SYSTEMPATH\Database\MySQLi\Connection.php(292): mysqli->query('select * from tbl_kategori_produk where id_umkm = ', 0)
 2 SYSTEMPATH\Database\BaseConnection.php(695): CodeIgniter\Database\MySQLi\Connection->execute('select * from tbl_kategori_produk where id_umkm = ')
 3 SYSTEMPATH\Database\BaseConnection.php(609): CodeIgniter\Database\BaseConnection->simpleQuery('select * from tbl_kategori_produk where id_umkm = ')
 4 APPPATH\Models\ServerSideModel.php(24): CodeIgniter\Database\BaseConnection->query('select * from tbl_kategori_produk where id_umkm = ')
 5 APPPATH\Controllers\Umkm.php(120): App\Models\ServerSideModel->getKategoriProduk(null)
 6 SYSTEMPATH\CodeIgniter.php(896): App\Controllers\Umkm->produk()
 7 SYSTEMPATH\CodeIgniter.php(466): CodeIgniter\CodeIgniter->runController(Object(App\Controllers\Umkm))
 8 SYSTEMPATH\CodeIgniter.php(349): CodeIgniter\CodeIgniter->handleRequest(null, Object(Config\Cache), false)
 9 FCPATH\index.php(55): CodeIgniter\CodeIgniter->run()
10 SYSTEMPATH\Commands\Server\rewrite.php(43): require_once('FCPATH\\index.php')
ERROR - 2022-07-23 21:32:37 --> Unknown column 'flag' in 'field list'
CRITICAL - 2022-07-23 21:32:37 --> Unknown column 'flag' in 'field list'
in SYSTEMPATH\Database\MySQLi\Connection.php on line 292.
 1 SYSTEMPATH\Database\MySQLi\Connection.php(292): mysqli->query('INSERT INTO `tbl_berita` (`id_kategori`, `judul`, `isi`, `slug`, `flag`, `penulis`, `status`, `create_user`, `create_date`, `foto`) VALUES (\'1\', \'Berita 1\', \'&lt;p style=&quot;margin-right: 0px; margin-bottom: 15px; margin-left: 0px; padding: 0px; text-align: justify; color: rgb(0, 0, 0); font-family: &amp;quot;Open Sans&amp;quot;, Arial, sans-serif; font-size: 14px;&quot;&gt;It is a long established fact that a reader will be distracted by the readable content of a page when looking at its layout. The point of using Lorem Ipsum is that it has a more-or-less normal distribution of letters, as opposed to using &#039;Content here, content here&#039;, making it look like readable English. Many desktop publishing packages and web page editors now use Lorem Ipsum as their default model text, and a search for &#039;lorem ipsum&#039; will uncover many web sites still in their infancy. Various versions have evolved over the years, sometimes by accident, sometimes on purpose (injected humour and the like).&lt;/p&gt;&lt;div&gt;&lt;br&gt;&lt;/div&gt;\', \'berita-1\', \'BLOG\', \'Makmudin\', \'ACTIVE\', \'makmudin\', \'2022-07-23 21:32:37\', \'http://localhost:8080/assets/photo-berita/jajakor.png\')', 0)
 2 SYSTEMPATH\Database\BaseConnection.php(695): CodeIgniter\Database\MySQLi\Connection->execute('INSERT INTO `tbl_berita` (`id_kategori`, `judul`, `isi`, `slug`, `flag`, `penulis`, `status`, `create_user`, `create_date`, `foto`) VALUES (\'1\', \'Berita 1\', \'&lt;p style=&quot;margin-right: 0px; margin-bottom: 15px; margin-left: 0px; padding: 0px; text-align: justify; color: rgb(0, 0, 0); font-family: &amp;quot;Open Sans&amp;quot;, Arial, sans-serif; font-size: 14px;&quot;&gt;It is a long established fact that a reader will be distracted by the readable content of a page when looking at its layout. The point of using Lorem Ipsum is that it has a more-or-less normal distribution of letters, as opposed to using &#039;Content here, content here&#039;, making it look like readable English. Many desktop publishing packages and web page editors now use Lorem Ipsum as their default model text, and a search for &#039;lorem ipsum&#039; will uncover many web sites still in their infancy. Various versions have evolved over the years, sometimes by accident, sometimes on purpose (injected humour and the like).&lt;/p&gt;&lt;div&gt;&lt;br&gt;&lt;/div&gt;\', \'berita-1\', \'BLOG\', \'Makmudin\', \'ACTIVE\', \'makmudin\', \'2022-07-23 21:32:37\', \'http://localhost:8080/assets/photo-berita/jajakor.png\')')
 3 SYSTEMPATH\Database\BaseConnection.php(609): CodeIgniter\Database\BaseConnection->simpleQuery('INSERT INTO `tbl_berita` (`id_kategori`, `judul`, `isi`, `slug`, `flag`, `penulis`, `status`, `create_user`, `create_date`, `foto`) VALUES (\'1\', \'Berita 1\', \'&lt;p style=&quot;margin-right: 0px; margin-bottom: 15px; margin-left: 0px; padding: 0px; text-align: justify; color: rgb(0, 0, 0); font-family: &amp;quot;Open Sans&amp;quot;, Arial, sans-serif; font-size: 14px;&quot;&gt;It is a long established fact that a reader will be distracted by the readable content of a page when looking at its layout. The point of using Lorem Ipsum is that it has a more-or-less normal distribution of letters, as opposed to using &#039;Content here, content here&#039;, making it look like readable English. Many desktop publishing packages and web page editors now use Lorem Ipsum as their default model text, and a search for &#039;lorem ipsum&#039; will uncover many web sites still in their infancy. Various versions have evolved over the years, sometimes by accident, sometimes on purpose (injected humour and the like).&lt;/p&gt;&lt;div&gt;&lt;br&gt;&lt;/div&gt;\', \'berita-1\', \'BLOG\', \'Makmudin\', \'ACTIVE\', \'makmudin\', \'2022-07-23 21:32:37\', \'http://localhost:8080/assets/photo-berita/jajakor.png\')')
 4 SYSTEMPATH\Database\BaseBuilder.php(1904): CodeIgniter\Database\BaseConnection->query('INSERT INTO `tbl_berita` (`id_kategori`, `judul`, `isi`, `slug`, `flag`, `penulis`, `status`, `create_user`, `create_date`, `foto`) VALUES (:id_kategori:, :judul:, :isi:, :slug:, :flag:, :penulis:, :status:, :create_user:, :create_date:, :foto:)', [...], false)
 5 APPPATH\Models\ServerSideModel.php(136): CodeIgniter\Database\BaseBuilder->insert([...])
 6 APPPATH\Controllers\Admin.php(554): App\Models\ServerSideModel->createRows([...], 'tbl_berita')
 7 SYSTEMPATH\CodeIgniter.php(896): App\Controllers\Admin->create_berita()
 8 SYSTEMPATH\CodeIgniter.php(466): CodeIgniter\CodeIgniter->runController(Object(App\Controllers\Admin))
 9 SYSTEMPATH\CodeIgniter.php(349): CodeIgniter\CodeIgniter->handleRequest(null, Object(Config\Cache), false)
10 FCPATH\index.php(55): CodeIgniter\CodeIgniter->run()
11 SYSTEMPATH\Commands\Server\rewrite.php(43): require_once('FCPATH\\index.php')
ERROR - 2022-07-23 21:32:50 --> Unknown column 'flag' in 'field list'
CRITICAL - 2022-07-23 21:32:50 --> Unknown column 'flag' in 'field list'
in SYSTEMPATH\Database\MySQLi\Connection.php on line 292.
 1 SYSTEMPATH\Database\MySQLi\Connection.php(292): mysqli->query('INSERT INTO `tbl_berita` (`id_kategori`, `judul`, `isi`, `slug`, `flag`, `penulis`, `status`, `create_user`, `create_date`, `foto`) VALUES (\'1\', \'Berita 1\', \'&lt;p style=&quot;margin-right: 0px; margin-bottom: 15px; margin-left: 0px; padding: 0px; text-align: justify; color: rgb(0, 0, 0); font-family: &amp;quot;Open Sans&amp;quot;, Arial, sans-serif; font-size: 14px;&quot;&gt;It is a long established fact that a reader will be distracted by the readable content of a page when looking at its layout. The point of using Lorem Ipsum is that it has a more-or-less normal distribution of letters, as opposed to using &#039;Content here, content here&#039;, making it look like readable English. Many desktop publishing packages and web page editors now use Lorem Ipsum as their default model text, and a search for &#039;lorem ipsum&#039; will uncover many web sites still in their infancy. Various versions have evolved over the years, sometimes by accident, sometimes on purpose (injected humour and the like).&lt;/p&gt;&lt;div&gt;&lt;br&gt;&lt;/div&gt;\', \'berita-1\', \'BLOG\', \'Makmudin\', \'ACTIVE\', \'makmudin\', \'2022-07-23 21:32:50\', \'http://localhost:8080/assets/photo-berita/jajakor_1.png\')', 0)
 2 SYSTEMPATH\Database\BaseConnection.php(695): CodeIgniter\Database\MySQLi\Connection->execute('INSERT INTO `tbl_berita` (`id_kategori`, `judul`, `isi`, `slug`, `flag`, `penulis`, `status`, `create_user`, `create_date`, `foto`) VALUES (\'1\', \'Berita 1\', \'&lt;p style=&quot;margin-right: 0px; margin-bottom: 15px; margin-left: 0px; padding: 0px; text-align: justify; color: rgb(0, 0, 0); font-family: &amp;quot;Open Sans&amp;quot;, Arial, sans-serif; font-size: 14px;&quot;&gt;It is a long established fact that a reader will be distracted by the readable content of a page when looking at its layout. The point of using Lorem Ipsum is that it has a more-or-less normal distribution of letters, as opposed to using &#039;Content here, content here&#039;, making it look like readable English. Many desktop publishing packages and web page editors now use Lorem Ipsum as their default model text, and a search for &#039;lorem ipsum&#039; will uncover many web sites still in their infancy. Various versions have evolved over the years, sometimes by accident, sometimes on purpose (injected humour and the like).&lt;/p&gt;&lt;div&gt;&lt;br&gt;&lt;/div&gt;\', \'berita-1\', \'BLOG\', \'Makmudin\', \'ACTIVE\', \'makmudin\', \'2022-07-23 21:32:50\', \'http://localhost:8080/assets/photo-berita/jajakor_1.png\')')
 3 SYSTEMPATH\Database\BaseConnection.php(609): CodeIgniter\Database\BaseConnection->simpleQuery('INSERT INTO `tbl_berita` (`id_kategori`, `judul`, `isi`, `slug`, `flag`, `penulis`, `status`, `create_user`, `create_date`, `foto`) VALUES (\'1\', \'Berita 1\', \'&lt;p style=&quot;margin-right: 0px; margin-bottom: 15px; margin-left: 0px; padding: 0px; text-align: justify; color: rgb(0, 0, 0); font-family: &amp;quot;Open Sans&amp;quot;, Arial, sans-serif; font-size: 14px;&quot;&gt;It is a long established fact that a reader will be distracted by the readable content of a page when looking at its layout. The point of using Lorem Ipsum is that it has a more-or-less normal distribution of letters, as opposed to using &#039;Content here, content here&#039;, making it look like readable English. Many desktop publishing packages and web page editors now use Lorem Ipsum as their default model text, and a search for &#039;lorem ipsum&#039; will uncover many web sites still in their infancy. Various versions have evolved over the years, sometimes by accident, sometimes on purpose (injected humour and the like).&lt;/p&gt;&lt;div&gt;&lt;br&gt;&lt;/div&gt;\', \'berita-1\', \'BLOG\', \'Makmudin\', \'ACTIVE\', \'makmudin\', \'2022-07-23 21:32:50\', \'http://localhost:8080/assets/photo-berita/jajakor_1.png\')')
 4 SYSTEMPATH\Database\BaseBuilder.php(1904): CodeIgniter\Database\BaseConnection->query('INSERT INTO `tbl_berita` (`id_kategori`, `judul`, `isi`, `slug`, `flag`, `penulis`, `status`, `create_user`, `create_date`, `foto`) VALUES (:id_kategori:, :judul:, :isi:, :slug:, :flag:, :penulis:, :status:, :create_user:, :create_date:, :foto:)', [...], false)
 5 APPPATH\Models\ServerSideModel.php(136): CodeIgniter\Database\BaseBuilder->insert([...])
 6 APPPATH\Controllers\Admin.php(554): App\Models\ServerSideModel->createRows([...], 'tbl_berita')
 7 SYSTEMPATH\CodeIgniter.php(896): App\Controllers\Admin->create_berita()
 8 SYSTEMPATH\CodeIgniter.php(466): CodeIgniter\CodeIgniter->runController(Object(App\Controllers\Admin))
 9 SYSTEMPATH\CodeIgniter.php(349): CodeIgniter\CodeIgniter->handleRequest(null, Object(Config\Cache), false)
10 FCPATH\index.php(55): CodeIgniter\CodeIgniter->run()
11 SYSTEMPATH\Commands\Server\rewrite.php(43): require_once('FCPATH\\index.php')
ERROR - 2022-07-23 21:45:30 --> Unknown column 'status' in 'field list'
CRITICAL - 2022-07-23 21:45:30 --> Unknown column 'status' in 'field list'
in SYSTEMPATH\Database\MySQLi\Connection.php on line 292.
 1 SYSTEMPATH\Database\MySQLi\Connection.php(292): mysqli->query('INSERT INTO `tbl_produk_umkm` (`id_umkm`, `id_kategori`, `nama`, `deskripsi`, `qty`, `qty_min`, `satuan`, `status`) VALUES (\'1\', \'3\', \'Seblak Frozen Seafood\', \'&lt;span style=&quot;font-weight: 700;&quot;&gt;tesetest&lt;/span&gt;\', \'57\', \'10\', \'Pcs\', \'ACTIVE\')', 0)
 2 SYSTEMPATH\Database\BaseConnection.php(695): CodeIgniter\Database\MySQLi\Connection->execute('INSERT INTO `tbl_produk_umkm` (`id_umkm`, `id_kategori`, `nama`, `deskripsi`, `qty`, `qty_min`, `satuan`, `status`) VALUES (\'1\', \'3\', \'Seblak Frozen Seafood\', \'&lt;span style=&quot;font-weight: 700;&quot;&gt;tesetest&lt;/span&gt;\', \'57\', \'10\', \'Pcs\', \'ACTIVE\')')
 3 SYSTEMPATH\Database\BaseConnection.php(609): CodeIgniter\Database\BaseConnection->simpleQuery('INSERT INTO `tbl_produk_umkm` (`id_umkm`, `id_kategori`, `nama`, `deskripsi`, `qty`, `qty_min`, `satuan`, `status`) VALUES (\'1\', \'3\', \'Seblak Frozen Seafood\', \'&lt;span style=&quot;font-weight: 700;&quot;&gt;tesetest&lt;/span&gt;\', \'57\', \'10\', \'Pcs\', \'ACTIVE\')')
 4 SYSTEMPATH\Database\BaseBuilder.php(1904): CodeIgniter\Database\BaseConnection->query('INSERT INTO `tbl_produk_umkm` (`id_umkm`, `id_kategori`, `nama`, `deskripsi`, `qty`, `qty_min`, `satuan`, `status`) VALUES (:id_umkm:, :id_kategori:, :nama:, :deskripsi:, :qty:, :qty_min:, :satuan:, :status:)', [...], false)
 5 APPPATH\Models\ServerSideModel.php(136): CodeIgniter\Database\BaseBuilder->insert([...])
 6 APPPATH\Controllers\Umkm.php(209): App\Models\ServerSideModel->createRows([...], 'tbl_produk_umkm')
 7 SYSTEMPATH\CodeIgniter.php(896): App\Controllers\Umkm->create_produk()
 8 SYSTEMPATH\CodeIgniter.php(466): CodeIgniter\CodeIgniter->runController(Object(App\Controllers\Umkm))
 9 SYSTEMPATH\CodeIgniter.php(349): CodeIgniter\CodeIgniter->handleRequest(null, Object(Config\Cache), false)
10 FCPATH\index.php(55): CodeIgniter\CodeIgniter->run()
11 SYSTEMPATH\Commands\Server\rewrite.php(43): require_once('FCPATH\\index.php')
ERROR - 2022-07-23 21:45:43 --> Unknown column 'status' in 'field list'
CRITICAL - 2022-07-23 21:45:43 --> Unknown column 'status' in 'field list'
in SYSTEMPATH\Database\MySQLi\Connection.php on line 292.
 1 SYSTEMPATH\Database\MySQLi\Connection.php(292): mysqli->query('INSERT INTO `tbl_produk_umkm` (`id_umkm`, `id_kategori`, `nama`, `deskripsi`, `qty`, `qty_min`, `satuan`, `status`) VALUES (\'1\', \'3\', \'Seblak Frozen Seafood\', \'&lt;span style=&quot;font-weight: 700;&quot;&gt;tesetest&lt;/span&gt;\', \'57\', \'10\', \'Pcs\', \'ACTIVE\')', 0)
 2 SYSTEMPATH\Database\BaseConnection.php(695): CodeIgniter\Database\MySQLi\Connection->execute('INSERT INTO `tbl_produk_umkm` (`id_umkm`, `id_kategori`, `nama`, `deskripsi`, `qty`, `qty_min`, `satuan`, `status`) VALUES (\'1\', \'3\', \'Seblak Frozen Seafood\', \'&lt;span style=&quot;font-weight: 700;&quot;&gt;tesetest&lt;/span&gt;\', \'57\', \'10\', \'Pcs\', \'ACTIVE\')')
 3 SYSTEMPATH\Database\BaseConnection.php(609): CodeIgniter\Database\BaseConnection->simpleQuery('INSERT INTO `tbl_produk_umkm` (`id_umkm`, `id_kategori`, `nama`, `deskripsi`, `qty`, `qty_min`, `satuan`, `status`) VALUES (\'1\', \'3\', \'Seblak Frozen Seafood\', \'&lt;span style=&quot;font-weight: 700;&quot;&gt;tesetest&lt;/span&gt;\', \'57\', \'10\', \'Pcs\', \'ACTIVE\')')
 4 SYSTEMPATH\Database\BaseBuilder.php(1904): CodeIgniter\Database\BaseConnection->query('INSERT INTO `tbl_produk_umkm` (`id_umkm`, `id_kategori`, `nama`, `deskripsi`, `qty`, `qty_min`, `satuan`, `status`) VALUES (:id_umkm:, :id_kategori:, :nama:, :deskripsi:, :qty:, :qty_min:, :satuan:, :status:)', [...], false)
 5 APPPATH\Models\ServerSideModel.php(136): CodeIgniter\Database\BaseBuilder->insert([...])
 6 APPPATH\Controllers\Umkm.php(209): App\Models\ServerSideModel->createRows([...], 'tbl_produk_umkm')
 7 SYSTEMPATH\CodeIgniter.php(896): App\Controllers\Umkm->create_produk()
 8 SYSTEMPATH\CodeIgniter.php(466): CodeIgniter\CodeIgniter->runController(Object(App\Controllers\Umkm))
 9 SYSTEMPATH\CodeIgniter.php(349): CodeIgniter\CodeIgniter->handleRequest(null, Object(Config\Cache), false)
10 FCPATH\index.php(55): CodeIgniter\CodeIgniter->run()
11 SYSTEMPATH\Commands\Server\rewrite.php(43): require_once('FCPATH\\index.php')
ERROR - 2022-07-23 21:57:09 --> Column 'status' in where clause is ambiguous
CRITICAL - 2022-07-23 21:57:09 --> Column 'status' in where clause is ambiguous
in SYSTEMPATH\Database\MySQLi\Connection.php on line 292.
 1 SYSTEMPATH\Database\MySQLi\Connection.php(292): mysqli->query('select tbl_kategori_produk.nama as kategori, tbl_produk_umkm.* from tbl_produk_umkm join tbl_kategori_produk on tbl_kategori_produk.id = tbl_produk_umkm.id_kategori where status = \'ACTIVE\' LIMIT 9', 0)
 2 SYSTEMPATH\Database\BaseConnection.php(695): CodeIgniter\Database\MySQLi\Connection->execute('select tbl_kategori_produk.nama as kategori, tbl_produk_umkm.* from tbl_produk_umkm join tbl_kategori_produk on tbl_kategori_produk.id = tbl_produk_umkm.id_kategori where status = \'ACTIVE\' LIMIT 9')
 3 SYSTEMPATH\Database\BaseConnection.php(609): CodeIgniter\Database\BaseConnection->simpleQuery('select tbl_kategori_produk.nama as kategori, tbl_produk_umkm.* from tbl_produk_umkm join tbl_kategori_produk on tbl_kategori_produk.id = tbl_produk_umkm.id_kategori where status = \'ACTIVE\' LIMIT 9')
 4 APPPATH\Models\ServerSideModel.php(24): CodeIgniter\Database\BaseConnection->query('select tbl_kategori_produk.nama as kategori, tbl_produk_umkm.* from tbl_produk_umkm join tbl_kategori_produk on tbl_kategori_produk.id = tbl_produk_umkm.id_kategori where status = \'ACTIVE\' LIMIT 9')
 5 APPPATH\Views\frontend\home.php(82): App\Models\ServerSideModel->getProdukRand()
 6 SYSTEMPATH\View\View.php(213): include('APPPATH\\Views\\frontend\\home.php')
 7 SYSTEMPATH\View\View.php(216): CodeIgniter\View\View->CodeIgniter\View\{closure}()
 8 SYSTEMPATH\Common.php(1135): CodeIgniter\View\View->render('frontend/home', [], true)
 9 APPPATH\Views\template\fruitkha.php(115): view('frontend/home')
10 SYSTEMPATH\View\View.php(213): include('APPPATH\\Views\\template\\fruitkha.php')
11 SYSTEMPATH\View\View.php(216): CodeIgniter\View\View->CodeIgniter\View\{closure}()
12 SYSTEMPATH\Common.php(1135): CodeIgniter\View\View->render('template/fruitkha', [], true)
13 APPPATH\Controllers\Frontend.php(13): view('template/fruitkha', [...])
14 SYSTEMPATH\CodeIgniter.php(896): App\Controllers\Frontend->index()
15 SYSTEMPATH\CodeIgniter.php(466): CodeIgniter\CodeIgniter->runController(Object(App\Controllers\Frontend))
16 SYSTEMPATH\CodeIgniter.php(349): CodeIgniter\CodeIgniter->handleRequest(null, Object(Config\Cache), false)
17 FCPATH\index.php(55): CodeIgniter\CodeIgniter->run()
18 SYSTEMPATH\Commands\Server\rewrite.php(43): require_once('FCPATH\\index.php')
ERROR - 2022-07-23 21:58:58 --> Column 'status' in where clause is ambiguous
CRITICAL - 2022-07-23 21:58:58 --> Column 'status' in where clause is ambiguous
in SYSTEMPATH\Database\MySQLi\Connection.php on line 292.
 1 SYSTEMPATH\Database\MySQLi\Connection.php(292): mysqli->query('select tbl_kategori_produk.nama as kategori, tbl_produk_umkm.* from tbl_produk_umkm join tbl_kategori_produk on tbl_kategori_produk.id = tbl_produk_umkm.id_kategori where status = \'ACTIVE\' LIMIT 9', 0)
 2 SYSTEMPATH\Database\BaseConnection.php(695): CodeIgniter\Database\MySQLi\Connection->execute('select tbl_kategori_produk.nama as kategori, tbl_produk_umkm.* from tbl_produk_umkm join tbl_kategori_produk on tbl_kategori_produk.id = tbl_produk_umkm.id_kategori where status = \'ACTIVE\' LIMIT 9')
 3 SYSTEMPATH\Database\BaseConnection.php(609): CodeIgniter\Database\BaseConnection->simpleQuery('select tbl_kategori_produk.nama as kategori, tbl_produk_umkm.* from tbl_produk_umkm join tbl_kategori_produk on tbl_kategori_produk.id = tbl_produk_umkm.id_kategori where status = \'ACTIVE\' LIMIT 9')
 4 APPPATH\Models\ServerSideModel.php(24): CodeIgniter\Database\BaseConnection->query('select tbl_kategori_produk.nama as kategori, tbl_produk_umkm.* from tbl_produk_umkm join tbl_kategori_produk on tbl_kategori_produk.id = tbl_produk_umkm.id_kategori where status = \'ACTIVE\' LIMIT 9')
 5 APPPATH\Controllers\Frontend.php(13): App\Models\ServerSideModel->getProdukRand()
 6 SYSTEMPATH\CodeIgniter.php(896): App\Controllers\Frontend->index()
 7 SYSTEMPATH\CodeIgniter.php(466): CodeIgniter\CodeIgniter->runController(Object(App\Controllers\Frontend))
 8 SYSTEMPATH\CodeIgniter.php(349): CodeIgniter\CodeIgniter->handleRequest(null, Object(Config\Cache), false)
 9 FCPATH\index.php(55): CodeIgniter\CodeIgniter->run()
10 SYSTEMPATH\Commands\Server\rewrite.php(43): require_once('FCPATH\\index.php')
ERROR - 2022-07-23 22:08:27 --> Unknown column 'tbl_kategori_umkm.nama' in 'field list'
CRITICAL - 2022-07-23 22:08:27 --> Unknown column 'tbl_kategori_umkm.nama' in 'field list'
in SYSTEMPATH\Database\MySQLi\Connection.php on line 292.
 1 SYSTEMPATH\Database\MySQLi\Connection.php(292): mysqli->query('select tbl_kategori_umkm.nama as kategori, tbl_produk_umkm.* from tbl_produk_umkm join tbl_kategori_produk on tbl_kategori_produk.id = tbl_produk_umkm.id_kategori where tbl_produk_umkm.status = \'ACTIVE\' LIMIT 9', 0)
 2 SYSTEMPATH\Database\BaseConnection.php(695): CodeIgniter\Database\MySQLi\Connection->execute('select tbl_kategori_umkm.nama as kategori, tbl_produk_umkm.* from tbl_produk_umkm join tbl_kategori_produk on tbl_kategori_produk.id = tbl_produk_umkm.id_kategori where tbl_produk_umkm.status = \'ACTIVE\' LIMIT 9')
 3 SYSTEMPATH\Database\BaseConnection.php(609): CodeIgniter\Database\BaseConnection->simpleQuery('select tbl_kategori_umkm.nama as kategori, tbl_produk_umkm.* from tbl_produk_umkm join tbl_kategori_produk on tbl_kategori_produk.id = tbl_produk_umkm.id_kategori where tbl_produk_umkm.status = \'ACTIVE\' LIMIT 9')
 4 APPPATH\Models\ServerSideModel.php(24): CodeIgniter\Database\BaseConnection->query('select tbl_kategori_umkm.nama as kategori, tbl_produk_umkm.* from tbl_produk_umkm join tbl_kategori_produk on tbl_kategori_produk.id = tbl_produk_umkm.id_kategori where tbl_produk_umkm.status = \'ACTIVE\' LIMIT 9')
 5 APPPATH\Controllers\Frontend.php(13): App\Models\ServerSideModel->getProdukRand()
 6 SYSTEMPATH\CodeIgniter.php(896): App\Controllers\Frontend->index()
 7 SYSTEMPATH\CodeIgniter.php(466): CodeIgniter\CodeIgniter->runController(Object(App\Controllers\Frontend))
 8 SYSTEMPATH\CodeIgniter.php(349): CodeIgniter\CodeIgniter->handleRequest(null, Object(Config\Cache), false)
 9 FCPATH\index.php(55): CodeIgniter\CodeIgniter->run()
10 SYSTEMPATH\Commands\Server\rewrite.php(43): require_once('FCPATH\\index.php')
ERROR - 2022-07-23 22:09:17 --> Unknown column 'tbl_kategori_umkm.nama' in 'field list'
CRITICAL - 2022-07-23 22:09:17 --> Unknown column 'tbl_kategori_umkm.nama' in 'field list'
in SYSTEMPATH\Database\MySQLi\Connection.php on line 292.
 1 SYSTEMPATH\Database\MySQLi\Connection.php(292): mysqli->query('select tbl_kategori_umkm.nama as kategori, tbl_produk_umkm.* from tbl_produk_umkm join tbl_kategori_produk on tbl_kategori_produk.id = tbl_produk_umkm.id_kategori where tbl_produk_umkm.status = \'ACTIVE\' LIMIT 9', 0)
 2 SYSTEMPATH\Database\BaseConnection.php(695): CodeIgniter\Database\MySQLi\Connection->execute('select tbl_kategori_umkm.nama as kategori, tbl_produk_umkm.* from tbl_produk_umkm join tbl_kategori_produk on tbl_kategori_produk.id = tbl_produk_umkm.id_kategori where tbl_produk_umkm.status = \'ACTIVE\' LIMIT 9')
 3 SYSTEMPATH\Database\BaseConnection.php(609): CodeIgniter\Database\BaseConnection->simpleQuery('select tbl_kategori_umkm.nama as kategori, tbl_produk_umkm.* from tbl_produk_umkm join tbl_kategori_produk on tbl_kategori_produk.id = tbl_produk_umkm.id_kategori where tbl_produk_umkm.status = \'ACTIVE\' LIMIT 9')
 4 APPPATH\Models\ServerSideModel.php(24): CodeIgniter\Database\BaseConnection->query('select tbl_kategori_umkm.nama as kategori, tbl_produk_umkm.* from tbl_produk_umkm join tbl_kategori_produk on tbl_kategori_produk.id = tbl_produk_umkm.id_kategori where tbl_produk_umkm.status = \'ACTIVE\' LIMIT 9')
 5 APPPATH\Controllers\Frontend.php(13): App\Models\ServerSideModel->getProdukRand()
 6 SYSTEMPATH\CodeIgniter.php(896): App\Controllers\Frontend->index()
 7 SYSTEMPATH\CodeIgniter.php(466): CodeIgniter\CodeIgniter->runController(Object(App\Controllers\Frontend))
 8 SYSTEMPATH\CodeIgniter.php(349): CodeIgniter\CodeIgniter->handleRequest(null, Object(Config\Cache), false)
 9 FCPATH\index.php(55): CodeIgniter\CodeIgniter->run()
10 SYSTEMPATH\Commands\Server\rewrite.php(43): require_once('FCPATH\\index.php')
ERROR - 2022-07-23 22:10:09 --> Unknown column 'tbl_kategori_umkm.nama' in 'field list'
CRITICAL - 2022-07-23 22:10:09 --> Unknown column 'tbl_kategori_umkm.nama' in 'field list'
in SYSTEMPATH\Database\MySQLi\Connection.php on line 292.
 1 SYSTEMPATH\Database\MySQLi\Connection.php(292): mysqli->query('select tbl_kategori_umkm.nama as kategori, tbl_produk_umkm.* from tbl_produk_umkm join tbl_kategori_produk on tbl_kategori_produk.id = tbl_produk_umkm.id_kategori where tbl_produk_umkm.status = \'ACTIVE\' LIMIT 9', 0)
 2 SYSTEMPATH\Database\BaseConnection.php(695): CodeIgniter\Database\MySQLi\Connection->execute('select tbl_kategori_umkm.nama as kategori, tbl_produk_umkm.* from tbl_produk_umkm join tbl_kategori_produk on tbl_kategori_produk.id = tbl_produk_umkm.id_kategori where tbl_produk_umkm.status = \'ACTIVE\' LIMIT 9')
 3 SYSTEMPATH\Database\BaseConnection.php(609): CodeIgniter\Database\BaseConnection->simpleQuery('select tbl_kategori_umkm.nama as kategori, tbl_produk_umkm.* from tbl_produk_umkm join tbl_kategori_produk on tbl_kategori_produk.id = tbl_produk_umkm.id_kategori where tbl_produk_umkm.status = \'ACTIVE\' LIMIT 9')
 4 APPPATH\Models\ServerSideModel.php(24): CodeIgniter\Database\BaseConnection->query('select tbl_kategori_umkm.nama as kategori, tbl_produk_umkm.* from tbl_produk_umkm join tbl_kategori_produk on tbl_kategori_produk.id = tbl_produk_umkm.id_kategori where tbl_produk_umkm.status = \'ACTIVE\' LIMIT 9')
 5 APPPATH\Controllers\Frontend.php(13): App\Models\ServerSideModel->getProdukRand()
 6 SYSTEMPATH\CodeIgniter.php(896): App\Controllers\Frontend->index()
 7 SYSTEMPATH\CodeIgniter.php(466): CodeIgniter\CodeIgniter->runController(Object(App\Controllers\Frontend))
 8 SYSTEMPATH\CodeIgniter.php(349): CodeIgniter\CodeIgniter->handleRequest(null, Object(Config\Cache), false)
 9 FCPATH\index.php(55): CodeIgniter\CodeIgniter->run()
10 SYSTEMPATH\Commands\Server\rewrite.php(43): require_once('FCPATH\\index.php')
CRITICAL - 2022-07-23 22:10:34 --> Undefined property: stdClass::$id
in APPPATH\Views\template\fruitkha.php on line 68.
 1 APPPATH\Views\template\fruitkha.php(68): CodeIgniter\Debug\Exceptions->errorHandler(2, 'Undefined property: stdClass::$id', 'APPPATH\\Views\\template\\fruitkha.php', 68)
 2 SYSTEMPATH\View\View.php(213): include('APPPATH\\Views\\template\\fruitkha.php')
 3 SYSTEMPATH\View\View.php(216): CodeIgniter\View\View->CodeIgniter\View\{closure}()
 4 SYSTEMPATH\Common.php(1135): CodeIgniter\View\View->render('template/fruitkha', [], true)
 5 APPPATH\Controllers\Frontend.php(15): view('template/fruitkha', [...])
 6 SYSTEMPATH\CodeIgniter.php(896): App\Controllers\Frontend->index()
 7 SYSTEMPATH\CodeIgniter.php(466): CodeIgniter\CodeIgniter->runController(Object(App\Controllers\Frontend))
 8 SYSTEMPATH\CodeIgniter.php(349): CodeIgniter\CodeIgniter->handleRequest(null, Object(Config\Cache), false)
 9 FCPATH\index.php(55): CodeIgniter\CodeIgniter->run()
10 SYSTEMPATH\Commands\Server\rewrite.php(43): require_once('FCPATH\\index.php')
CRITICAL - 2022-07-23 22:11:14 --> Undefined variable $kategori
in APPPATH\Views\template\fruitkha.php on line 67.
 1 APPPATH\Views\template\fruitkha.php(67): CodeIgniter\Debug\Exceptions->errorHandler(2, 'Undefined variable $kategori', 'APPPATH\\Views\\template\\fruitkha.php', 67)
 2 SYSTEMPATH\View\View.php(213): include('APPPATH\\Views\\template\\fruitkha.php')
 3 SYSTEMPATH\View\View.php(216): CodeIgniter\View\View->CodeIgniter\View\{closure}()
 4 SYSTEMPATH\Common.php(1135): CodeIgniter\View\View->render('template/fruitkha', [], true)
 5 APPPATH\Controllers\Frontend.php(37): view('template/fruitkha', [...])
 6 SYSTEMPATH\CodeIgniter.php(896): App\Controllers\Frontend->berita()
 7 SYSTEMPATH\CodeIgniter.php(466): CodeIgniter\CodeIgniter->runController(Object(App\Controllers\Frontend))
 8 SYSTEMPATH\CodeIgniter.php(349): CodeIgniter\CodeIgniter->handleRequest(null, Object(Config\Cache), false)
 9 FCPATH\index.php(55): CodeIgniter\CodeIgniter->run()
10 SYSTEMPATH\Commands\Server\rewrite.php(43): require_once('FCPATH\\index.php')
ERROR - 2022-07-23 22:17:44 --> Table 'ex-web.tbl_kategori_berita' doesn't exist
CRITICAL - 2022-07-23 22:17:44 --> Table 'ex-web.tbl_kategori_berita' doesn't exist
in SYSTEMPATH\Database\MySQLi\Connection.php on line 292.
 1 SYSTEMPATH\Database\MySQLi\Connection.php(292): mysqli->query('select tbl_kategori_berita.nama as kategori, tbl_berita.* from tbl_berita join tbl_kategori_berita on tbl_berita.id_kategori = tbl_kategori_berita.id where tbl_berita.status = \'ACTIVE\' and flag=\'BLOG\'', 0)
 2 SYSTEMPATH\Database\BaseConnection.php(695): CodeIgniter\Database\MySQLi\Connection->execute('select tbl_kategori_berita.nama as kategori, tbl_berita.* from tbl_berita join tbl_kategori_berita on tbl_berita.id_kategori = tbl_kategori_berita.id where tbl_berita.status = \'ACTIVE\' and flag=\'BLOG\'')
 3 SYSTEMPATH\Database\BaseConnection.php(609): CodeIgniter\Database\BaseConnection->simpleQuery('select tbl_kategori_berita.nama as kategori, tbl_berita.* from tbl_berita join tbl_kategori_berita on tbl_berita.id_kategori = tbl_kategori_berita.id where tbl_berita.status = \'ACTIVE\' and flag=\'BLOG\'')
 4 APPPATH\Models\ServerSideModel.php(34): CodeIgniter\Database\BaseConnection->query('select tbl_kategori_berita.nama as kategori, tbl_berita.* from tbl_berita join tbl_kategori_berita on tbl_berita.id_kategori = tbl_kategori_berita.id where tbl_berita.status = \'ACTIVE\' and flag=\'BLOG\'')
 5 APPPATH\Controllers\Frontend.php(36): App\Models\ServerSideModel->getBerita()
 6 SYSTEMPATH\CodeIgniter.php(896): App\Controllers\Frontend->berita()
 7 SYSTEMPATH\CodeIgniter.php(466): CodeIgniter\CodeIgniter->runController(Object(App\Controllers\Frontend))
 8 SYSTEMPATH\CodeIgniter.php(349): CodeIgniter\CodeIgniter->handleRequest(null, Object(Config\Cache), false)
 9 FCPATH\index.php(55): CodeIgniter\CodeIgniter->run()
10 SYSTEMPATH\Commands\Server\rewrite.php(43): require_once('FCPATH\\index.php')
CRITICAL - 2022-07-23 22:23:56 --> Undefined variable $kategori
in APPPATH\Views\template\fruitkha.php on line 67.
 1 APPPATH\Views\template\fruitkha.php(67): CodeIgniter\Debug\Exceptions->errorHandler(2, 'Undefined variable $kategori', 'APPPATH\\Views\\template\\fruitkha.php', 67)
 2 SYSTEMPATH\View\View.php(213): include('APPPATH\\Views\\template\\fruitkha.php')
 3 SYSTEMPATH\View\View.php(216): CodeIgniter\View\View->CodeIgniter\View\{closure}()
 4 SYSTEMPATH\Common.php(1135): CodeIgniter\View\View->render('template/fruitkha', [], true)
 5 APPPATH\Controllers\Frontend.php(47): view('template/fruitkha', [...])
 6 SYSTEMPATH\CodeIgniter.php(896): App\Controllers\Frontend->tentang()
 7 SYSTEMPATH\CodeIgniter.php(466): CodeIgniter\CodeIgniter->runController(Object(App\Controllers\Frontend))
 8 SYSTEMPATH\CodeIgniter.php(349): CodeIgniter\CodeIgniter->handleRequest(null, Object(Config\Cache), false)
 9 FCPATH\index.php(55): CodeIgniter\CodeIgniter->run()
10 SYSTEMPATH\Commands\Server\rewrite.php(43): require_once('FCPATH\\index.php')
