CRITICAL - 2022-08-22 13:11:37 --> Undefined array key "name"
in APPPATH\Views\frontend\checkout.php on line 108.
 1 APPPATH\Views\frontend\checkout.php(108): CodeIgniter\Debug\Exceptions->errorHandler(2, 'Undefined array key "name"', 'APPPATH\\Views\\frontend\\checkout.php', 108)
 2 SYSTEMPATH\View\View.php(213): include('APPPATH\\Views\\frontend\\checkout.php')
 3 SYSTEMPATH\View\View.php(216): CodeIgniter\View\View->CodeIgniter\View\{closure}()
 4 SYSTEMPATH\Common.php(1135): CodeIgniter\View\View->render('frontend/checkout', [], true)
 5 APPPATH\Views\template\fruitkha.php(125): view('frontend/checkout')
 6 SYSTEMPATH\View\View.php(213): include('APPPATH\\Views\\template\\fruitkha.php')
 7 SYSTEMPATH\View\View.php(216): CodeIgniter\View\View->CodeIgniter\View\{closure}()
 8 SYSTEMPATH\Common.php(1135): CodeIgniter\View\View->render('template/fruitkha', [], true)
 9 APPPATH\Controllers\Frontend.php(253): view('template/fruitkha', [...])
10 SYSTEMPATH\CodeIgniter.php(896): App\Controllers\Frontend->checkout()
11 SYSTEMPATH\CodeIgniter.php(466): CodeIgniter\CodeIgniter->runController(Object(App\Controllers\Frontend))
12 SYSTEMPATH\CodeIgniter.php(349): CodeIgniter\CodeIgniter->handleRequest(null, Object(Config\Cache), false)
13 FCPATH\index.php(55): CodeIgniter\CodeIgniter->run()
14 SYSTEMPATH\Commands\Server\rewrite.php(43): require_once('FCPATH\\index.php')
CRITICAL - 2022-08-22 13:11:42 --> Undefined array key "name"
in APPPATH\Views\frontend\checkout.php on line 108.
 1 APPPATH\Views\frontend\checkout.php(108): CodeIgniter\Debug\Exceptions->errorHandler(2, 'Undefined array key "name"', 'APPPATH\\Views\\frontend\\checkout.php', 108)
 2 SYSTEMPATH\View\View.php(213): include('APPPATH\\Views\\frontend\\checkout.php')
 3 SYSTEMPATH\View\View.php(216): CodeIgniter\View\View->CodeIgniter\View\{closure}()
 4 SYSTEMPATH\Common.php(1135): CodeIgniter\View\View->render('frontend/checkout', [], true)
 5 APPPATH\Views\template\fruitkha.php(125): view('frontend/checkout')
 6 SYSTEMPATH\View\View.php(213): include('APPPATH\\Views\\template\\fruitkha.php')
 7 SYSTEMPATH\View\View.php(216): CodeIgniter\View\View->CodeIgniter\View\{closure}()
 8 SYSTEMPATH\Common.php(1135): CodeIgniter\View\View->render('template/fruitkha', [], true)
 9 APPPATH\Controllers\Frontend.php(253): view('template/fruitkha', [...])
10 SYSTEMPATH\CodeIgniter.php(896): App\Controllers\Frontend->checkout()
11 SYSTEMPATH\CodeIgniter.php(466): CodeIgniter\CodeIgniter->runController(Object(App\Controllers\Frontend))
12 SYSTEMPATH\CodeIgniter.php(349): CodeIgniter\CodeIgniter->handleRequest(null, Object(Config\Cache), false)
13 FCPATH\index.php(55): CodeIgniter\CodeIgniter->run()
14 SYSTEMPATH\Commands\Server\rewrite.php(43): require_once('FCPATH\\index.php')
CRITICAL - 2022-08-22 13:28:34 --> Cannot access offset of type string on string
in APPPATH\Controllers\Frontend.php on line 251.
 1 SYSTEMPATH\CodeIgniter.php(896): App\Controllers\Frontend->checkout()
 2 SYSTEMPATH\CodeIgniter.php(466): CodeIgniter\CodeIgniter->runController(Object(App\Controllers\Frontend))
 3 SYSTEMPATH\CodeIgniter.php(349): CodeIgniter\CodeIgniter->handleRequest(null, Object(Config\Cache), false)
 4 FCPATH\index.php(55): CodeIgniter\CodeIgniter->run()
 5 SYSTEMPATH\Commands\Server\rewrite.php(43): require_once('FCPATH\\index.php')
CRITICAL - 2022-08-22 13:28:52 --> Cannot access offset of type string on string
in APPPATH\Controllers\Frontend.php on line 251.
 1 SYSTEMPATH\CodeIgniter.php(896): App\Controllers\Frontend->checkout()
 2 SYSTEMPATH\CodeIgniter.php(466): CodeIgniter\CodeIgniter->runController(Object(App\Controllers\Frontend))
 3 SYSTEMPATH\CodeIgniter.php(349): CodeIgniter\CodeIgniter->handleRequest(null, Object(Config\Cache), false)
 4 FCPATH\index.php(55): CodeIgniter\CodeIgniter->run()
 5 SYSTEMPATH\Commands\Server\rewrite.php(43): require_once('FCPATH\\index.php')
CRITICAL - 2022-08-22 13:30:43 --> foreach() argument must be of type array|object, string given
in APPPATH\Views\frontend\checkout.php on line 73.
 1 APPPATH\Views\frontend\checkout.php(73): CodeIgniter\Debug\Exceptions->errorHandler(2, 'foreach() argument must be of type array|object, string given', 'APPPATH\\Views\\frontend\\checkout.php', 73)
 2 SYSTEMPATH\View\View.php(213): include('APPPATH\\Views\\frontend\\checkout.php')
 3 SYSTEMPATH\View\View.php(216): CodeIgniter\View\View->CodeIgniter\View\{closure}()
 4 SYSTEMPATH\Common.php(1135): CodeIgniter\View\View->render('frontend/checkout', [], true)
 5 APPPATH\Views\template\fruitkha.php(125): view('frontend/checkout')
 6 SYSTEMPATH\View\View.php(213): include('APPPATH\\Views\\template\\fruitkha.php')
 7 SYSTEMPATH\View\View.php(216): CodeIgniter\View\View->CodeIgniter\View\{closure}()
 8 SYSTEMPATH\Common.php(1135): CodeIgniter\View\View->render('template/fruitkha', [], true)
 9 APPPATH\Controllers\Frontend.php(254): view('template/fruitkha', [...])
10 SYSTEMPATH\CodeIgniter.php(896): App\Controllers\Frontend->checkout()
11 SYSTEMPATH\CodeIgniter.php(466): CodeIgniter\CodeIgniter->runController(Object(App\Controllers\Frontend))
12 SYSTEMPATH\CodeIgniter.php(349): CodeIgniter\CodeIgniter->handleRequest(null, Object(Config\Cache), false)
13 FCPATH\index.php(55): CodeIgniter\CodeIgniter->run()
14 SYSTEMPATH\Commands\Server\rewrite.php(43): require_once('FCPATH\\index.php')
CRITICAL - 2022-08-22 13:30:48 --> foreach() argument must be of type array|object, string given
in APPPATH\Views\frontend\checkout.php on line 73.
 1 APPPATH\Views\frontend\checkout.php(73): CodeIgniter\Debug\Exceptions->errorHandler(2, 'foreach() argument must be of type array|object, string given', 'APPPATH\\Views\\frontend\\checkout.php', 73)
 2 SYSTEMPATH\View\View.php(213): include('APPPATH\\Views\\frontend\\checkout.php')
 3 SYSTEMPATH\View\View.php(216): CodeIgniter\View\View->CodeIgniter\View\{closure}()
 4 SYSTEMPATH\Common.php(1135): CodeIgniter\View\View->render('frontend/checkout', [], true)
 5 APPPATH\Views\template\fruitkha.php(125): view('frontend/checkout')
 6 SYSTEMPATH\View\View.php(213): include('APPPATH\\Views\\template\\fruitkha.php')
 7 SYSTEMPATH\View\View.php(216): CodeIgniter\View\View->CodeIgniter\View\{closure}()
 8 SYSTEMPATH\Common.php(1135): CodeIgniter\View\View->render('template/fruitkha', [], true)
 9 APPPATH\Controllers\Frontend.php(254): view('template/fruitkha', [...])
10 SYSTEMPATH\CodeIgniter.php(896): App\Controllers\Frontend->checkout()
11 SYSTEMPATH\CodeIgniter.php(466): CodeIgniter\CodeIgniter->runController(Object(App\Controllers\Frontend))
12 SYSTEMPATH\CodeIgniter.php(349): CodeIgniter\CodeIgniter->handleRequest(null, Object(Config\Cache), false)
13 FCPATH\index.php(55): CodeIgniter\CodeIgniter->run()
14 SYSTEMPATH\Commands\Server\rewrite.php(43): require_once('FCPATH\\index.php')
CRITICAL - 2022-08-22 13:31:12 --> Cannot access offset of type string on string
in APPPATH\Views\frontend\checkout.php on line 73.
 1 SYSTEMPATH\View\View.php(213): include()
 2 SYSTEMPATH\View\View.php(216): CodeIgniter\View\View->CodeIgniter\View\{closure}()
 3 SYSTEMPATH\Common.php(1135): CodeIgniter\View\View->render('frontend/checkout', [], true)
 4 APPPATH\Views\template\fruitkha.php(125): view('frontend/checkout')
 5 SYSTEMPATH\View\View.php(213): include('APPPATH\\Views\\template\\fruitkha.php')
 6 SYSTEMPATH\View\View.php(216): CodeIgniter\View\View->CodeIgniter\View\{closure}()
 7 SYSTEMPATH\Common.php(1135): CodeIgniter\View\View->render('template/fruitkha', [], true)
 8 APPPATH\Controllers\Frontend.php(254): view('template/fruitkha', [...])
 9 SYSTEMPATH\CodeIgniter.php(896): App\Controllers\Frontend->checkout()
10 SYSTEMPATH\CodeIgniter.php(466): CodeIgniter\CodeIgniter->runController(Object(App\Controllers\Frontend))
11 SYSTEMPATH\CodeIgniter.php(349): CodeIgniter\CodeIgniter->handleRequest(null, Object(Config\Cache), false)
12 FCPATH\index.php(55): CodeIgniter\CodeIgniter->run()
13 SYSTEMPATH\Commands\Server\rewrite.php(43): require_once('FCPATH\\index.php')
CRITICAL - 2022-08-22 13:31:18 --> Cannot access offset of type string on string
in APPPATH\Views\frontend\checkout.php on line 73.
 1 SYSTEMPATH\View\View.php(213): include()
 2 SYSTEMPATH\View\View.php(216): CodeIgniter\View\View->CodeIgniter\View\{closure}()
 3 SYSTEMPATH\Common.php(1135): CodeIgniter\View\View->render('frontend/checkout', [], true)
 4 APPPATH\Views\template\fruitkha.php(125): view('frontend/checkout')
 5 SYSTEMPATH\View\View.php(213): include('APPPATH\\Views\\template\\fruitkha.php')
 6 SYSTEMPATH\View\View.php(216): CodeIgniter\View\View->CodeIgniter\View\{closure}()
 7 SYSTEMPATH\Common.php(1135): CodeIgniter\View\View->render('template/fruitkha', [], true)
 8 APPPATH\Controllers\Frontend.php(254): view('template/fruitkha', [...])
 9 SYSTEMPATH\CodeIgniter.php(896): App\Controllers\Frontend->checkout()
10 SYSTEMPATH\CodeIgniter.php(466): CodeIgniter\CodeIgniter->runController(Object(App\Controllers\Frontend))
11 SYSTEMPATH\CodeIgniter.php(349): CodeIgniter\CodeIgniter->handleRequest(null, Object(Config\Cache), false)
12 FCPATH\index.php(55): CodeIgniter\CodeIgniter->run()
13 SYSTEMPATH\Commands\Server\rewrite.php(43): require_once('FCPATH\\index.php')
CRITICAL - 2022-08-22 13:31:44 --> Attempt to read property "result" on string
in APPPATH\Views\frontend\checkout.php on line 73.
 1 APPPATH\Views\frontend\checkout.php(73): CodeIgniter\Debug\Exceptions->errorHandler(2, 'Attempt to read property "result" on string', 'APPPATH\\Views\\frontend\\checkout.php', 73)
 2 SYSTEMPATH\View\View.php(213): include('APPPATH\\Views\\frontend\\checkout.php')
 3 SYSTEMPATH\View\View.php(216): CodeIgniter\View\View->CodeIgniter\View\{closure}()
 4 SYSTEMPATH\Common.php(1135): CodeIgniter\View\View->render('frontend/checkout', [], true)
 5 APPPATH\Views\template\fruitkha.php(125): view('frontend/checkout')
 6 SYSTEMPATH\View\View.php(213): include('APPPATH\\Views\\template\\fruitkha.php')
 7 SYSTEMPATH\View\View.php(216): CodeIgniter\View\View->CodeIgniter\View\{closure}()
 8 SYSTEMPATH\Common.php(1135): CodeIgniter\View\View->render('template/fruitkha', [], true)
 9 APPPATH\Controllers\Frontend.php(254): view('template/fruitkha', [...])
10 SYSTEMPATH\CodeIgniter.php(896): App\Controllers\Frontend->checkout()
11 SYSTEMPATH\CodeIgniter.php(466): CodeIgniter\CodeIgniter->runController(Object(App\Controllers\Frontend))
12 SYSTEMPATH\CodeIgniter.php(349): CodeIgniter\CodeIgniter->handleRequest(null, Object(Config\Cache), false)
13 FCPATH\index.php(55): CodeIgniter\CodeIgniter->run()
14 SYSTEMPATH\Commands\Server\rewrite.php(43): require_once('FCPATH\\index.php')
CRITICAL - 2022-08-22 13:33:34 --> Cannot access offset of type string on string
in APPPATH\Views\frontend\checkout.php on line 71.
 1 SYSTEMPATH\View\View.php(213): include()
 2 SYSTEMPATH\View\View.php(216): CodeIgniter\View\View->CodeIgniter\View\{closure}()
 3 SYSTEMPATH\Common.php(1135): CodeIgniter\View\View->render('frontend/checkout', [], true)
 4 APPPATH\Views\template\fruitkha.php(125): view('frontend/checkout')
 5 SYSTEMPATH\View\View.php(213): include('APPPATH\\Views\\template\\fruitkha.php')
 6 SYSTEMPATH\View\View.php(216): CodeIgniter\View\View->CodeIgniter\View\{closure}()
 7 SYSTEMPATH\Common.php(1135): CodeIgniter\View\View->render('template/fruitkha', [], true)
 8 APPPATH\Controllers\Frontend.php(254): view('template/fruitkha', [...])
 9 SYSTEMPATH\CodeIgniter.php(896): App\Controllers\Frontend->checkout()
10 SYSTEMPATH\CodeIgniter.php(466): CodeIgniter\CodeIgniter->runController(Object(App\Controllers\Frontend))
11 SYSTEMPATH\CodeIgniter.php(349): CodeIgniter\CodeIgniter->handleRequest(null, Object(Config\Cache), false)
12 FCPATH\index.php(55): CodeIgniter\CodeIgniter->run()
13 SYSTEMPATH\Commands\Server\rewrite.php(43): require_once('FCPATH\\index.php')
CRITICAL - 2022-08-22 13:33:50 --> Cannot access offset of type string on string
in APPPATH\Views\frontend\checkout.php on line 71.
 1 SYSTEMPATH\View\View.php(213): include()
 2 SYSTEMPATH\View\View.php(216): CodeIgniter\View\View->CodeIgniter\View\{closure}()
 3 SYSTEMPATH\Common.php(1135): CodeIgniter\View\View->render('frontend/checkout', [], true)
 4 APPPATH\Views\template\fruitkha.php(125): view('frontend/checkout')
 5 SYSTEMPATH\View\View.php(213): include('APPPATH\\Views\\template\\fruitkha.php')
 6 SYSTEMPATH\View\View.php(216): CodeIgniter\View\View->CodeIgniter\View\{closure}()
 7 SYSTEMPATH\Common.php(1135): CodeIgniter\View\View->render('template/fruitkha', [], true)
 8 APPPATH\Controllers\Frontend.php(254): view('template/fruitkha', [...])
 9 SYSTEMPATH\CodeIgniter.php(896): App\Controllers\Frontend->checkout()
10 SYSTEMPATH\CodeIgniter.php(466): CodeIgniter\CodeIgniter->runController(Object(App\Controllers\Frontend))
11 SYSTEMPATH\CodeIgniter.php(349): CodeIgniter\CodeIgniter->handleRequest(null, Object(Config\Cache), false)
12 FCPATH\index.php(55): CodeIgniter\CodeIgniter->run()
13 SYSTEMPATH\Commands\Server\rewrite.php(43): require_once('FCPATH\\index.php')
CRITICAL - 2022-08-22 13:34:02 --> Cannot access offset of type string on string
in APPPATH\Views\frontend\checkout.php on line 71.
 1 SYSTEMPATH\View\View.php(213): include()
 2 SYSTEMPATH\View\View.php(216): CodeIgniter\View\View->CodeIgniter\View\{closure}()
 3 SYSTEMPATH\Common.php(1135): CodeIgniter\View\View->render('frontend/checkout', [], true)
 4 APPPATH\Views\template\fruitkha.php(125): view('frontend/checkout')
 5 SYSTEMPATH\View\View.php(213): include('APPPATH\\Views\\template\\fruitkha.php')
 6 SYSTEMPATH\View\View.php(216): CodeIgniter\View\View->CodeIgniter\View\{closure}()
 7 SYSTEMPATH\Common.php(1135): CodeIgniter\View\View->render('template/fruitkha', [], true)
 8 APPPATH\Controllers\Frontend.php(254): view('template/fruitkha', [...])
 9 SYSTEMPATH\CodeIgniter.php(896): App\Controllers\Frontend->checkout()
10 SYSTEMPATH\CodeIgniter.php(466): CodeIgniter\CodeIgniter->runController(Object(App\Controllers\Frontend))
11 SYSTEMPATH\CodeIgniter.php(349): CodeIgniter\CodeIgniter->handleRequest(null, Object(Config\Cache), false)
12 FCPATH\index.php(55): CodeIgniter\CodeIgniter->run()
13 SYSTEMPATH\Commands\Server\rewrite.php(43): require_once('FCPATH\\index.php')
CRITICAL - 2022-08-22 13:34:41 --> Attempt to read property "rajaongkir" on string
in APPPATH\Views\frontend\checkout.php on line 71.
 1 APPPATH\Views\frontend\checkout.php(71): CodeIgniter\Debug\Exceptions->errorHandler(2, 'Attempt to read property "rajaongkir" on string', 'APPPATH\\Views\\frontend\\checkout.php', 71)
 2 SYSTEMPATH\View\View.php(213): include('APPPATH\\Views\\frontend\\checkout.php')
 3 SYSTEMPATH\View\View.php(216): CodeIgniter\View\View->CodeIgniter\View\{closure}()
 4 SYSTEMPATH\Common.php(1135): CodeIgniter\View\View->render('frontend/checkout', [], true)
 5 APPPATH\Views\template\fruitkha.php(125): view('frontend/checkout')
 6 SYSTEMPATH\View\View.php(213): include('APPPATH\\Views\\template\\fruitkha.php')
 7 SYSTEMPATH\View\View.php(216): CodeIgniter\View\View->CodeIgniter\View\{closure}()
 8 SYSTEMPATH\Common.php(1135): CodeIgniter\View\View->render('template/fruitkha', [], true)
 9 APPPATH\Controllers\Frontend.php(254): view('template/fruitkha', [...])
10 SYSTEMPATH\CodeIgniter.php(896): App\Controllers\Frontend->checkout()
11 SYSTEMPATH\CodeIgniter.php(466): CodeIgniter\CodeIgniter->runController(Object(App\Controllers\Frontend))
12 SYSTEMPATH\CodeIgniter.php(349): CodeIgniter\CodeIgniter->handleRequest(null, Object(Config\Cache), false)
13 FCPATH\index.php(55): CodeIgniter\CodeIgniter->run()
14 SYSTEMPATH\Commands\Server\rewrite.php(43): require_once('FCPATH\\index.php')
CRITICAL - 2022-08-22 13:34:56 --> Cannot access offset of type string on string
in APPPATH\Views\frontend\checkout.php on line 71.
 1 SYSTEMPATH\View\View.php(213): include()
 2 SYSTEMPATH\View\View.php(216): CodeIgniter\View\View->CodeIgniter\View\{closure}()
 3 SYSTEMPATH\Common.php(1135): CodeIgniter\View\View->render('frontend/checkout', [], true)
 4 APPPATH\Views\template\fruitkha.php(125): view('frontend/checkout')
 5 SYSTEMPATH\View\View.php(213): include('APPPATH\\Views\\template\\fruitkha.php')
 6 SYSTEMPATH\View\View.php(216): CodeIgniter\View\View->CodeIgniter\View\{closure}()
 7 SYSTEMPATH\Common.php(1135): CodeIgniter\View\View->render('template/fruitkha', [], true)
 8 APPPATH\Controllers\Frontend.php(254): view('template/fruitkha', [...])
 9 SYSTEMPATH\CodeIgniter.php(896): App\Controllers\Frontend->checkout()
10 SYSTEMPATH\CodeIgniter.php(466): CodeIgniter\CodeIgniter->runController(Object(App\Controllers\Frontend))
11 SYSTEMPATH\CodeIgniter.php(349): CodeIgniter\CodeIgniter->handleRequest(null, Object(Config\Cache), false)
12 FCPATH\index.php(55): CodeIgniter\CodeIgniter->run()
13 SYSTEMPATH\Commands\Server\rewrite.php(43): require_once('FCPATH\\index.php')
CRITICAL - 2022-08-22 13:35:12 --> Cannot access offset of type string on string
in APPPATH\Views\frontend\checkout.php on line 71.
 1 SYSTEMPATH\View\View.php(213): include()
 2 SYSTEMPATH\View\View.php(216): CodeIgniter\View\View->CodeIgniter\View\{closure}()
 3 SYSTEMPATH\Common.php(1135): CodeIgniter\View\View->render('frontend/checkout', [], true)
 4 APPPATH\Views\template\fruitkha.php(125): view('frontend/checkout')
 5 SYSTEMPATH\View\View.php(213): include('APPPATH\\Views\\template\\fruitkha.php')
 6 SYSTEMPATH\View\View.php(216): CodeIgniter\View\View->CodeIgniter\View\{closure}()
 7 SYSTEMPATH\Common.php(1135): CodeIgniter\View\View->render('template/fruitkha', [], true)
 8 APPPATH\Controllers\Frontend.php(254): view('template/fruitkha', [...])
 9 SYSTEMPATH\CodeIgniter.php(896): App\Controllers\Frontend->checkout()
10 SYSTEMPATH\CodeIgniter.php(466): CodeIgniter\CodeIgniter->runController(Object(App\Controllers\Frontend))
11 SYSTEMPATH\CodeIgniter.php(349): CodeIgniter\CodeIgniter->handleRequest(null, Object(Config\Cache), false)
12 FCPATH\index.php(55): CodeIgniter\CodeIgniter->run()
13 SYSTEMPATH\Commands\Server\rewrite.php(43): require_once('FCPATH\\index.php')
CRITICAL - 2022-08-22 13:37:26 --> Cannot access offset of type string on string
in APPPATH\Controllers\Frontend.php on line 252.
 1 SYSTEMPATH\CodeIgniter.php(896): App\Controllers\Frontend->checkout()
 2 SYSTEMPATH\CodeIgniter.php(466): CodeIgniter\CodeIgniter->runController(Object(App\Controllers\Frontend))
 3 SYSTEMPATH\CodeIgniter.php(349): CodeIgniter\CodeIgniter->handleRequest(null, Object(Config\Cache), false)
 4 FCPATH\index.php(55): CodeIgniter\CodeIgniter->run()
 5 SYSTEMPATH\Commands\Server\rewrite.php(43): require_once('FCPATH\\index.php')
CRITICAL - 2022-08-22 13:37:38 --> Attempt to read property "results" on string
in APPPATH\Controllers\Frontend.php on line 252.
 1 APPPATH\Controllers\Frontend.php(252): CodeIgniter\Debug\Exceptions->errorHandler(2, 'Attempt to read property "results" on string', 'APPPATH\\Controllers\\Frontend.php', 252)
 2 SYSTEMPATH\CodeIgniter.php(896): App\Controllers\Frontend->checkout()
 3 SYSTEMPATH\CodeIgniter.php(466): CodeIgniter\CodeIgniter->runController(Object(App\Controllers\Frontend))
 4 SYSTEMPATH\CodeIgniter.php(349): CodeIgniter\CodeIgniter->handleRequest(null, Object(Config\Cache), false)
 5 FCPATH\index.php(55): CodeIgniter\CodeIgniter->run()
 6 SYSTEMPATH\Commands\Server\rewrite.php(43): require_once('FCPATH\\index.php')
CRITICAL - 2022-08-22 13:38:20 --> Attempt to read property "rajaongkir" on string
in APPPATH\Controllers\Frontend.php on line 252.
 1 APPPATH\Controllers\Frontend.php(252): CodeIgniter\Debug\Exceptions->errorHandler(2, 'Attempt to read property "rajaongkir" on string', 'APPPATH\\Controllers\\Frontend.php', 252)
 2 SYSTEMPATH\CodeIgniter.php(896): App\Controllers\Frontend->checkout()
 3 SYSTEMPATH\CodeIgniter.php(466): CodeIgniter\CodeIgniter->runController(Object(App\Controllers\Frontend))
 4 SYSTEMPATH\CodeIgniter.php(349): CodeIgniter\CodeIgniter->handleRequest(null, Object(Config\Cache), false)
 5 FCPATH\index.php(55): CodeIgniter\CodeIgniter->run()
 6 SYSTEMPATH\Commands\Server\rewrite.php(43): require_once('FCPATH\\index.php')
CRITICAL - 2022-08-22 13:39:12 --> Attempt to read property "rajaongkir" on string
in APPPATH\Controllers\Frontend.php on line 252.
 1 APPPATH\Controllers\Frontend.php(252): CodeIgniter\Debug\Exceptions->errorHandler(2, 'Attempt to read property "rajaongkir" on string', 'APPPATH\\Controllers\\Frontend.php', 252)
 2 SYSTEMPATH\CodeIgniter.php(896): App\Controllers\Frontend->checkout()
 3 SYSTEMPATH\CodeIgniter.php(466): CodeIgniter\CodeIgniter->runController(Object(App\Controllers\Frontend))
 4 SYSTEMPATH\CodeIgniter.php(349): CodeIgniter\CodeIgniter->handleRequest(null, Object(Config\Cache), false)
 5 FCPATH\index.php(55): CodeIgniter\CodeIgniter->run()
 6 SYSTEMPATH\Commands\Server\rewrite.php(43): require_once('FCPATH\\index.php')
CRITICAL - 2022-08-22 13:40:01 --> Cannot use object of type stdClass as array
in APPPATH\Controllers\Frontend.php on line 252.
 1 SYSTEMPATH\CodeIgniter.php(896): App\Controllers\Frontend->checkout()
 2 SYSTEMPATH\CodeIgniter.php(466): CodeIgniter\CodeIgniter->runController(Object(App\Controllers\Frontend))
 3 SYSTEMPATH\CodeIgniter.php(349): CodeIgniter\CodeIgniter->handleRequest(null, Object(Config\Cache), false)
 4 FCPATH\index.php(55): CodeIgniter\CodeIgniter->run()
 5 SYSTEMPATH\Commands\Server\rewrite.php(43): require_once('FCPATH\\index.php')
CRITICAL - 2022-08-22 13:41:23 --> Attempt to read property "result" on array
in APPPATH\Views\frontend\checkout.php on line 73.
 1 APPPATH\Views\frontend\checkout.php(73): CodeIgniter\Debug\Exceptions->errorHandler(2, 'Attempt to read property "result" on array', 'APPPATH\\Views\\frontend\\checkout.php', 73)
 2 SYSTEMPATH\View\View.php(213): include('APPPATH\\Views\\frontend\\checkout.php')
 3 SYSTEMPATH\View\View.php(216): CodeIgniter\View\View->CodeIgniter\View\{closure}()
 4 SYSTEMPATH\Common.php(1135): CodeIgniter\View\View->render('frontend/checkout', [], true)
 5 APPPATH\Views\template\fruitkha.php(125): view('frontend/checkout')
 6 SYSTEMPATH\View\View.php(213): include('APPPATH\\Views\\template\\fruitkha.php')
 7 SYSTEMPATH\View\View.php(216): CodeIgniter\View\View->CodeIgniter\View\{closure}()
 8 SYSTEMPATH\Common.php(1135): CodeIgniter\View\View->render('template/fruitkha', [], true)
 9 APPPATH\Controllers\Frontend.php(255): view('template/fruitkha', [...])
10 SYSTEMPATH\CodeIgniter.php(896): App\Controllers\Frontend->checkout()
11 SYSTEMPATH\CodeIgniter.php(466): CodeIgniter\CodeIgniter->runController(Object(App\Controllers\Frontend))
12 SYSTEMPATH\CodeIgniter.php(349): CodeIgniter\CodeIgniter->handleRequest(null, Object(Config\Cache), false)
13 FCPATH\index.php(55): CodeIgniter\CodeIgniter->run()
14 SYSTEMPATH\Commands\Server\rewrite.php(43): require_once('FCPATH\\index.php')
CRITICAL - 2022-08-22 13:41:53 --> Undefined property: stdClass::$id_province
in APPPATH\Views\frontend\checkout.php on line 74.
 1 APPPATH\Views\frontend\checkout.php(74): CodeIgniter\Debug\Exceptions->errorHandler(2, 'Undefined property: stdClass::$id_province', 'APPPATH\\Views\\frontend\\checkout.php', 74)
 2 SYSTEMPATH\View\View.php(213): include('APPPATH\\Views\\frontend\\checkout.php')
 3 SYSTEMPATH\View\View.php(216): CodeIgniter\View\View->CodeIgniter\View\{closure}()
 4 SYSTEMPATH\Common.php(1135): CodeIgniter\View\View->render('frontend/checkout', [], true)
 5 APPPATH\Views\template\fruitkha.php(125): view('frontend/checkout')
 6 SYSTEMPATH\View\View.php(213): include('APPPATH\\Views\\template\\fruitkha.php')
 7 SYSTEMPATH\View\View.php(216): CodeIgniter\View\View->CodeIgniter\View\{closure}()
 8 SYSTEMPATH\Common.php(1135): CodeIgniter\View\View->render('template/fruitkha', [], true)
 9 APPPATH\Controllers\Frontend.php(255): view('template/fruitkha', [...])
10 SYSTEMPATH\CodeIgniter.php(896): App\Controllers\Frontend->checkout()
11 SYSTEMPATH\CodeIgniter.php(466): CodeIgniter\CodeIgniter->runController(Object(App\Controllers\Frontend))
12 SYSTEMPATH\CodeIgniter.php(349): CodeIgniter\CodeIgniter->handleRequest(null, Object(Config\Cache), false)
13 FCPATH\index.php(55): CodeIgniter\CodeIgniter->run()
14 SYSTEMPATH\Commands\Server\rewrite.php(43): require_once('FCPATH\\index.php')
CRITICAL - 2022-08-22 13:42:23 --> Cannot use object of type stdClass as array
in APPPATH\Views\frontend\checkout.php on line 74.
 1 SYSTEMPATH\View\View.php(213): include()
 2 SYSTEMPATH\View\View.php(216): CodeIgniter\View\View->CodeIgniter\View\{closure}()
 3 SYSTEMPATH\Common.php(1135): CodeIgniter\View\View->render('frontend/checkout', [], true)
 4 APPPATH\Views\template\fruitkha.php(125): view('frontend/checkout')
 5 SYSTEMPATH\View\View.php(213): include('APPPATH\\Views\\template\\fruitkha.php')
 6 SYSTEMPATH\View\View.php(216): CodeIgniter\View\View->CodeIgniter\View\{closure}()
 7 SYSTEMPATH\Common.php(1135): CodeIgniter\View\View->render('template/fruitkha', [], true)
 8 APPPATH\Controllers\Frontend.php(255): view('template/fruitkha', [...])
 9 SYSTEMPATH\CodeIgniter.php(896): App\Controllers\Frontend->checkout()
10 SYSTEMPATH\CodeIgniter.php(466): CodeIgniter\CodeIgniter->runController(Object(App\Controllers\Frontend))
11 SYSTEMPATH\CodeIgniter.php(349): CodeIgniter\CodeIgniter->handleRequest(null, Object(Config\Cache), false)
12 FCPATH\index.php(55): CodeIgniter\CodeIgniter->run()
13 SYSTEMPATH\Commands\Server\rewrite.php(43): require_once('FCPATH\\index.php')
CRITICAL - 2022-08-22 13:42:34 --> Cannot use object of type stdClass as array
in APPPATH\Views\frontend\checkout.php on line 74.
 1 SYSTEMPATH\View\View.php(213): include()
 2 SYSTEMPATH\View\View.php(216): CodeIgniter\View\View->CodeIgniter\View\{closure}()
 3 SYSTEMPATH\Common.php(1135): CodeIgniter\View\View->render('frontend/checkout', [], true)
 4 APPPATH\Views\template\fruitkha.php(125): view('frontend/checkout')
 5 SYSTEMPATH\View\View.php(213): include('APPPATH\\Views\\template\\fruitkha.php')
 6 SYSTEMPATH\View\View.php(216): CodeIgniter\View\View->CodeIgniter\View\{closure}()
 7 SYSTEMPATH\Common.php(1135): CodeIgniter\View\View->render('template/fruitkha', [], true)
 8 APPPATH\Controllers\Frontend.php(255): view('template/fruitkha', [...])
 9 SYSTEMPATH\CodeIgniter.php(896): App\Controllers\Frontend->checkout()
10 SYSTEMPATH\CodeIgniter.php(466): CodeIgniter\CodeIgniter->runController(Object(App\Controllers\Frontend))
11 SYSTEMPATH\CodeIgniter.php(349): CodeIgniter\CodeIgniter->handleRequest(null, Object(Config\Cache), false)
12 FCPATH\index.php(55): CodeIgniter\CodeIgniter->run()
13 SYSTEMPATH\Commands\Server\rewrite.php(43): require_once('FCPATH\\index.php')
CRITICAL - 2022-08-22 13:47:07 --> Undefined property: stdClass::$id_province
in APPPATH\Views\frontend\checkout.php on line 74.
 1 APPPATH\Views\frontend\checkout.php(74): CodeIgniter\Debug\Exceptions->errorHandler(2, 'Undefined property: stdClass::$id_province', 'APPPATH\\Views\\frontend\\checkout.php', 74)
 2 SYSTEMPATH\View\View.php(213): include('APPPATH\\Views\\frontend\\checkout.php')
 3 SYSTEMPATH\View\View.php(216): CodeIgniter\View\View->CodeIgniter\View\{closure}()
 4 SYSTEMPATH\Common.php(1135): CodeIgniter\View\View->render('frontend/checkout', [], true)
 5 APPPATH\Views\template\fruitkha.php(125): view('frontend/checkout')
 6 SYSTEMPATH\View\View.php(213): include('APPPATH\\Views\\template\\fruitkha.php')
 7 SYSTEMPATH\View\View.php(216): CodeIgniter\View\View->CodeIgniter\View\{closure}()
 8 SYSTEMPATH\Common.php(1135): CodeIgniter\View\View->render('template/fruitkha', [], true)
 9 APPPATH\Controllers\Frontend.php(255): view('template/fruitkha', [...])
10 SYSTEMPATH\CodeIgniter.php(896): App\Controllers\Frontend->checkout()
11 SYSTEMPATH\CodeIgniter.php(466): CodeIgniter\CodeIgniter->runController(Object(App\Controllers\Frontend))
12 SYSTEMPATH\CodeIgniter.php(349): CodeIgniter\CodeIgniter->handleRequest(null, Object(Config\Cache), false)
13 FCPATH\index.php(55): CodeIgniter\CodeIgniter->run()
14 SYSTEMPATH\Commands\Server\rewrite.php(43): require_once('FCPATH\\index.php')
CRITICAL - 2022-08-22 14:37:37 --> Array to string conversion
in SYSTEMPATH\Database\Query.php on line 329.
 1 [internal function]: CodeIgniter\Debug\Exceptions->errorHandler(2, 'Array to string conversion', 'SYSTEMPATH\\Database\\Query.php', 329)
 2 SYSTEMPATH\Database\Query.php(329): implode(',', [...])
 3 SYSTEMPATH\Database\Query.php(310): CodeIgniter\Database\Query->matchNamedBinds('INSERT INTO `tbl_city` (`cart`) VALUES (:cart:)', [...])
 4 SYSTEMPATH\Database\Query.php(159): CodeIgniter\Database\Query->compileBinds()
 5 SYSTEMPATH\Debug\Toolbar\Collectors\Database.php(86): CodeIgniter\Database\Query->getQuery()
 6 SYSTEMPATH\Events\Events.php(149): CodeIgniter\Debug\Toolbar\Collectors\Database::collect(Object(CodeIgniter\Database\Query))
 7 SYSTEMPATH\Database\BaseConnection.php(639): CodeIgniter\Events\Events::trigger('DBQuery', Object(CodeIgniter\Database\Query))
 8 SYSTEMPATH\Database\BaseBuilder.php(1904): CodeIgniter\Database\BaseConnection->query('INSERT INTO `tbl_city` (`cart`) VALUES (:cart:)', [...], false)
 9 APPPATH\Models\ServerSideModel.php(229): CodeIgniter\Database\BaseBuilder->insert([...])
10 APPPATH\Controllers\Frontend.php(260): App\Models\ServerSideModel->createRows([...], 'tbl_city')
11 SYSTEMPATH\CodeIgniter.php(896): App\Controllers\Frontend->checkout()
12 SYSTEMPATH\CodeIgniter.php(466): CodeIgniter\CodeIgniter->runController(Object(App\Controllers\Frontend))
13 SYSTEMPATH\CodeIgniter.php(349): CodeIgniter\CodeIgniter->handleRequest(null, Object(Config\Cache), false)
14 FCPATH\index.php(55): CodeIgniter\CodeIgniter->run()
15 SYSTEMPATH\Commands\Server\rewrite.php(43): require_once('FCPATH\\index.php')
CRITICAL - 2022-08-22 14:38:16 --> Array to string conversion
in SYSTEMPATH\Database\Query.php on line 329.
 1 [internal function]: CodeIgniter\Debug\Exceptions->errorHandler(2, 'Array to string conversion', 'SYSTEMPATH\\Database\\Query.php', 329)
 2 SYSTEMPATH\Database\Query.php(329): implode(',', [...])
 3 SYSTEMPATH\Database\Query.php(310): CodeIgniter\Database\Query->matchNamedBinds('INSERT INTO `tbl_city` (`cart`) VALUES (:cart:)', [...])
 4 SYSTEMPATH\Database\Query.php(159): CodeIgniter\Database\Query->compileBinds()
 5 SYSTEMPATH\Debug\Toolbar\Collectors\Database.php(86): CodeIgniter\Database\Query->getQuery()
 6 SYSTEMPATH\Events\Events.php(149): CodeIgniter\Debug\Toolbar\Collectors\Database::collect(Object(CodeIgniter\Database\Query))
 7 SYSTEMPATH\Database\BaseConnection.php(639): CodeIgniter\Events\Events::trigger('DBQuery', Object(CodeIgniter\Database\Query))
 8 SYSTEMPATH\Database\BaseBuilder.php(1904): CodeIgniter\Database\BaseConnection->query('INSERT INTO `tbl_city` (`cart`) VALUES (:cart:)', [...], false)
 9 APPPATH\Models\ServerSideModel.php(229): CodeIgniter\Database\BaseBuilder->insert([...])
10 APPPATH\Controllers\Frontend.php(260): App\Models\ServerSideModel->createRows([...], 'tbl_city')
11 SYSTEMPATH\CodeIgniter.php(896): App\Controllers\Frontend->checkout()
12 SYSTEMPATH\CodeIgniter.php(466): CodeIgniter\CodeIgniter->runController(Object(App\Controllers\Frontend))
13 SYSTEMPATH\CodeIgniter.php(349): CodeIgniter\CodeIgniter->handleRequest(null, Object(Config\Cache), false)
14 FCPATH\index.php(55): CodeIgniter\CodeIgniter->run()
15 SYSTEMPATH\Commands\Server\rewrite.php(43): require_once('FCPATH\\index.php')
CRITICAL - 2022-08-22 14:40:56 --> Array to string conversion
in SYSTEMPATH\Database\Query.php on line 329.
 1 [internal function]: CodeIgniter\Debug\Exceptions->errorHandler(2, 'Array to string conversion', 'SYSTEMPATH\\Database\\Query.php', 329)
 2 SYSTEMPATH\Database\Query.php(329): implode(',', [...])
 3 SYSTEMPATH\Database\Query.php(310): CodeIgniter\Database\Query->matchNamedBinds('INSERT INTO `tbl_city` (`cart`) VALUES (:cart:)', [...])
 4 SYSTEMPATH\Database\Query.php(159): CodeIgniter\Database\Query->compileBinds()
 5 SYSTEMPATH\Debug\Toolbar\Collectors\Database.php(86): CodeIgniter\Database\Query->getQuery()
 6 SYSTEMPATH\Events\Events.php(149): CodeIgniter\Debug\Toolbar\Collectors\Database::collect(Object(CodeIgniter\Database\Query))
 7 SYSTEMPATH\Database\BaseConnection.php(639): CodeIgniter\Events\Events::trigger('DBQuery', Object(CodeIgniter\Database\Query))
 8 SYSTEMPATH\Database\BaseBuilder.php(1904): CodeIgniter\Database\BaseConnection->query('INSERT INTO `tbl_city` (`cart`) VALUES (:cart:)', [...], false)
 9 APPPATH\Models\ServerSideModel.php(229): CodeIgniter\Database\BaseBuilder->insert([...])
10 APPPATH\Controllers\Frontend.php(260): App\Models\ServerSideModel->createRows([...], 'tbl_city')
11 SYSTEMPATH\CodeIgniter.php(896): App\Controllers\Frontend->checkout()
12 SYSTEMPATH\CodeIgniter.php(466): CodeIgniter\CodeIgniter->runController(Object(App\Controllers\Frontend))
13 SYSTEMPATH\CodeIgniter.php(349): CodeIgniter\CodeIgniter->handleRequest(null, Object(Config\Cache), false)
14 FCPATH\index.php(55): CodeIgniter\CodeIgniter->run()
15 SYSTEMPATH\Commands\Server\rewrite.php(43): require_once('FCPATH\\index.php')
CRITICAL - 2022-08-22 15:04:02 --> Undefined array key 0
in APPPATH\Views\frontend\checkout.php on line 71.
 1 APPPATH\Views\frontend\checkout.php(71): CodeIgniter\Debug\Exceptions->errorHandler(2, 'Undefined array key 0', 'APPPATH\\Views\\frontend\\checkout.php', 71)
 2 SYSTEMPATH\View\View.php(213): include('APPPATH\\Views\\frontend\\checkout.php')
 3 SYSTEMPATH\View\View.php(216): CodeIgniter\View\View->CodeIgniter\View\{closure}()
 4 SYSTEMPATH\Common.php(1135): CodeIgniter\View\View->render('frontend/checkout', [], true)
 5 APPPATH\Views\template\fruitkha.php(125): view('frontend/checkout')
 6 SYSTEMPATH\View\View.php(213): include('APPPATH\\Views\\template\\fruitkha.php')
 7 SYSTEMPATH\View\View.php(216): CodeIgniter\View\View->CodeIgniter\View\{closure}()
 8 SYSTEMPATH\Common.php(1135): CodeIgniter\View\View->render('template/fruitkha', [], true)
 9 APPPATH\Controllers\Frontend.php(258): view('template/fruitkha', [...])
10 SYSTEMPATH\CodeIgniter.php(896): App\Controllers\Frontend->checkout()
11 SYSTEMPATH\CodeIgniter.php(466): CodeIgniter\CodeIgniter->runController(Object(App\Controllers\Frontend))
12 SYSTEMPATH\CodeIgniter.php(349): CodeIgniter\CodeIgniter->handleRequest(null, Object(Config\Cache), false)
13 FCPATH\index.php(55): CodeIgniter\CodeIgniter->run()
14 SYSTEMPATH\Commands\Server\rewrite.php(43): require_once('FCPATH\\index.php')
CRITICAL - 2022-08-22 15:04:43 --> Undefined array key 0
in APPPATH\Views\frontend\checkout.php on line 71.
 1 APPPATH\Views\frontend\checkout.php(71): CodeIgniter\Debug\Exceptions->errorHandler(2, 'Undefined array key 0', 'APPPATH\\Views\\frontend\\checkout.php', 71)
 2 SYSTEMPATH\View\View.php(213): include('APPPATH\\Views\\frontend\\checkout.php')
 3 SYSTEMPATH\View\View.php(216): CodeIgniter\View\View->CodeIgniter\View\{closure}()
 4 SYSTEMPATH\Common.php(1135): CodeIgniter\View\View->render('frontend/checkout', [], true)
 5 APPPATH\Views\template\fruitkha.php(125): view('frontend/checkout')
 6 SYSTEMPATH\View\View.php(213): include('APPPATH\\Views\\template\\fruitkha.php')
 7 SYSTEMPATH\View\View.php(216): CodeIgniter\View\View->CodeIgniter\View\{closure}()
 8 SYSTEMPATH\Common.php(1135): CodeIgniter\View\View->render('template/fruitkha', [], true)
 9 APPPATH\Controllers\Frontend.php(258): view('template/fruitkha', [...])
10 SYSTEMPATH\CodeIgniter.php(896): App\Controllers\Frontend->checkout()
11 SYSTEMPATH\CodeIgniter.php(466): CodeIgniter\CodeIgniter->runController(Object(App\Controllers\Frontend))
12 SYSTEMPATH\CodeIgniter.php(349): CodeIgniter\CodeIgniter->handleRequest(null, Object(Config\Cache), false)
13 FCPATH\index.php(55): CodeIgniter\CodeIgniter->run()
14 SYSTEMPATH\Commands\Server\rewrite.php(43): require_once('FCPATH\\index.php')
CRITICAL - 2022-08-22 15:04:49 --> Undefined array key 0
in APPPATH\Views\frontend\checkout.php on line 71.
 1 APPPATH\Views\frontend\checkout.php(71): CodeIgniter\Debug\Exceptions->errorHandler(2, 'Undefined array key 0', 'APPPATH\\Views\\frontend\\checkout.php', 71)
 2 SYSTEMPATH\View\View.php(213): include('APPPATH\\Views\\frontend\\checkout.php')
 3 SYSTEMPATH\View\View.php(216): CodeIgniter\View\View->CodeIgniter\View\{closure}()
 4 SYSTEMPATH\Common.php(1135): CodeIgniter\View\View->render('frontend/checkout', [], true)
 5 APPPATH\Views\template\fruitkha.php(125): view('frontend/checkout')
 6 SYSTEMPATH\View\View.php(213): include('APPPATH\\Views\\template\\fruitkha.php')
 7 SYSTEMPATH\View\View.php(216): CodeIgniter\View\View->CodeIgniter\View\{closure}()
 8 SYSTEMPATH\Common.php(1135): CodeIgniter\View\View->render('template/fruitkha', [], true)
 9 APPPATH\Controllers\Frontend.php(258): view('template/fruitkha', [...])
10 SYSTEMPATH\CodeIgniter.php(896): App\Controllers\Frontend->checkout()
11 SYSTEMPATH\CodeIgniter.php(466): CodeIgniter\CodeIgniter->runController(Object(App\Controllers\Frontend))
12 SYSTEMPATH\CodeIgniter.php(349): CodeIgniter\CodeIgniter->handleRequest(null, Object(Config\Cache), false)
13 FCPATH\index.php(55): CodeIgniter\CodeIgniter->run()
14 SYSTEMPATH\Commands\Server\rewrite.php(43): require_once('FCPATH\\index.php')
CRITICAL - 2022-08-22 15:05:24 --> Undefined array key "id_umkm"
in APPPATH\Views\frontend\checkout.php on line 71.
 1 APPPATH\Views\frontend\checkout.php(71): CodeIgniter\Debug\Exceptions->errorHandler(2, 'Undefined array key "id_umkm"', 'APPPATH\\Views\\frontend\\checkout.php', 71)
 2 SYSTEMPATH\View\View.php(213): include('APPPATH\\Views\\frontend\\checkout.php')
 3 SYSTEMPATH\View\View.php(216): CodeIgniter\View\View->CodeIgniter\View\{closure}()
 4 SYSTEMPATH\Common.php(1135): CodeIgniter\View\View->render('frontend/checkout', [], true)
 5 APPPATH\Views\template\fruitkha.php(125): view('frontend/checkout')
 6 SYSTEMPATH\View\View.php(213): include('APPPATH\\Views\\template\\fruitkha.php')
 7 SYSTEMPATH\View\View.php(216): CodeIgniter\View\View->CodeIgniter\View\{closure}()
 8 SYSTEMPATH\Common.php(1135): CodeIgniter\View\View->render('template/fruitkha', [], true)
 9 APPPATH\Controllers\Frontend.php(258): view('template/fruitkha', [...])
10 SYSTEMPATH\CodeIgniter.php(896): App\Controllers\Frontend->checkout()
11 SYSTEMPATH\CodeIgniter.php(466): CodeIgniter\CodeIgniter->runController(Object(App\Controllers\Frontend))
12 SYSTEMPATH\CodeIgniter.php(349): CodeIgniter\CodeIgniter->handleRequest(null, Object(Config\Cache), false)
13 FCPATH\index.php(55): CodeIgniter\CodeIgniter->run()
14 SYSTEMPATH\Commands\Server\rewrite.php(43): require_once('FCPATH\\index.php')
CRITICAL - 2022-08-22 15:05:31 --> Undefined array key "id_umkm"
in APPPATH\Views\frontend\checkout.php on line 71.
 1 APPPATH\Views\frontend\checkout.php(71): CodeIgniter\Debug\Exceptions->errorHandler(2, 'Undefined array key "id_umkm"', 'APPPATH\\Views\\frontend\\checkout.php', 71)
 2 SYSTEMPATH\View\View.php(213): include('APPPATH\\Views\\frontend\\checkout.php')
 3 SYSTEMPATH\View\View.php(216): CodeIgniter\View\View->CodeIgniter\View\{closure}()
 4 SYSTEMPATH\Common.php(1135): CodeIgniter\View\View->render('frontend/checkout', [], true)
 5 APPPATH\Views\template\fruitkha.php(125): view('frontend/checkout')
 6 SYSTEMPATH\View\View.php(213): include('APPPATH\\Views\\template\\fruitkha.php')
 7 SYSTEMPATH\View\View.php(216): CodeIgniter\View\View->CodeIgniter\View\{closure}()
 8 SYSTEMPATH\Common.php(1135): CodeIgniter\View\View->render('template/fruitkha', [], true)
 9 APPPATH\Controllers\Frontend.php(258): view('template/fruitkha', [...])
10 SYSTEMPATH\CodeIgniter.php(896): App\Controllers\Frontend->checkout()
11 SYSTEMPATH\CodeIgniter.php(466): CodeIgniter\CodeIgniter->runController(Object(App\Controllers\Frontend))
12 SYSTEMPATH\CodeIgniter.php(349): CodeIgniter\CodeIgniter->handleRequest(null, Object(Config\Cache), false)
13 FCPATH\index.php(55): CodeIgniter\CodeIgniter->run()
14 SYSTEMPATH\Commands\Server\rewrite.php(43): require_once('FCPATH\\index.php')
CRITICAL - 2022-08-22 15:08:04 --> Undefined array key 0
in APPPATH\Controllers\Frontend.php on line 255.
 1 APPPATH\Controllers\Frontend.php(255): CodeIgniter\Debug\Exceptions->errorHandler(2, 'Undefined array key 0', 'APPPATH\\Controllers\\Frontend.php', 255)
 2 SYSTEMPATH\CodeIgniter.php(896): App\Controllers\Frontend->checkout()
 3 SYSTEMPATH\CodeIgniter.php(466): CodeIgniter\CodeIgniter->runController(Object(App\Controllers\Frontend))
 4 SYSTEMPATH\CodeIgniter.php(349): CodeIgniter\CodeIgniter->handleRequest(null, Object(Config\Cache), false)
 5 FCPATH\index.php(55): CodeIgniter\CodeIgniter->run()
 6 SYSTEMPATH\Commands\Server\rewrite.php(43): require_once('FCPATH\\index.php')
CRITICAL - 2022-08-22 15:08:16 --> Undefined array key "rowid"
in APPPATH\Controllers\Frontend.php on line 255.
 1 APPPATH\Controllers\Frontend.php(255): CodeIgniter\Debug\Exceptions->errorHandler(2, 'Undefined array key "rowid"', 'APPPATH\\Controllers\\Frontend.php', 255)
 2 SYSTEMPATH\CodeIgniter.php(896): App\Controllers\Frontend->checkout()
 3 SYSTEMPATH\CodeIgniter.php(466): CodeIgniter\CodeIgniter->runController(Object(App\Controllers\Frontend))
 4 SYSTEMPATH\CodeIgniter.php(349): CodeIgniter\CodeIgniter->handleRequest(null, Object(Config\Cache), false)
 5 FCPATH\index.php(55): CodeIgniter\CodeIgniter->run()
 6 SYSTEMPATH\Commands\Server\rewrite.php(43): require_once('FCPATH\\index.php')
CRITICAL - 2022-08-22 15:08:31 --> Undefined array key "id"
in APPPATH\Controllers\Frontend.php on line 255.
 1 APPPATH\Controllers\Frontend.php(255): CodeIgniter\Debug\Exceptions->errorHandler(2, 'Undefined array key "id"', 'APPPATH\\Controllers\\Frontend.php', 255)
 2 SYSTEMPATH\CodeIgniter.php(896): App\Controllers\Frontend->checkout()
 3 SYSTEMPATH\CodeIgniter.php(466): CodeIgniter\CodeIgniter->runController(Object(App\Controllers\Frontend))
 4 SYSTEMPATH\CodeIgniter.php(349): CodeIgniter\CodeIgniter->handleRequest(null, Object(Config\Cache), false)
 5 FCPATH\index.php(55): CodeIgniter\CodeIgniter->run()
 6 SYSTEMPATH\Commands\Server\rewrite.php(43): require_once('FCPATH\\index.php')
CRITICAL - 2022-08-22 15:08:49 --> Undefined array key 0
in APPPATH\Controllers\Frontend.php on line 255.
 1 APPPATH\Controllers\Frontend.php(255): CodeIgniter\Debug\Exceptions->errorHandler(2, 'Undefined array key 0', 'APPPATH\\Controllers\\Frontend.php', 255)
 2 SYSTEMPATH\CodeIgniter.php(896): App\Controllers\Frontend->checkout()
 3 SYSTEMPATH\CodeIgniter.php(466): CodeIgniter\CodeIgniter->runController(Object(App\Controllers\Frontend))
 4 SYSTEMPATH\CodeIgniter.php(349): CodeIgniter\CodeIgniter->handleRequest(null, Object(Config\Cache), false)
 5 FCPATH\index.php(55): CodeIgniter\CodeIgniter->run()
 6 SYSTEMPATH\Commands\Server\rewrite.php(43): require_once('FCPATH\\index.php')
CRITICAL - 2022-08-22 15:08:57 --> Undefined array key 1
in APPPATH\Controllers\Frontend.php on line 255.
 1 APPPATH\Controllers\Frontend.php(255): CodeIgniter\Debug\Exceptions->errorHandler(2, 'Undefined array key 1', 'APPPATH\\Controllers\\Frontend.php', 255)
 2 SYSTEMPATH\CodeIgniter.php(896): App\Controllers\Frontend->checkout()
 3 SYSTEMPATH\CodeIgniter.php(466): CodeIgniter\CodeIgniter->runController(Object(App\Controllers\Frontend))
 4 SYSTEMPATH\CodeIgniter.php(349): CodeIgniter\CodeIgniter->handleRequest(null, Object(Config\Cache), false)
 5 FCPATH\index.php(55): CodeIgniter\CodeIgniter->run()
 6 SYSTEMPATH\Commands\Server\rewrite.php(43): require_once('FCPATH\\index.php')
