CRITICAL - 2022-10-31 10:39:01 --> You must set the database table to be used with your query.
in SYSTEMPATH\Database\BaseConnection.php on line 874.
 1 SYSTEMPATH\Model.php(586): CodeIgniter\Database\BaseConnection->table(null)
 2 SYSTEMPATH\Model.php(763): CodeIgniter\Model->builder()
 3 APPPATH\Controllers\Reseller.php(154): CodeIgniter\Model->__call('limitRowsChatting', [])
 4 SYSTEMPATH\CodeIgniter.php(896): App\Controllers\Reseller->chatting_()
 5 SYSTEMPATH\CodeIgniter.php(466): CodeIgniter\CodeIgniter->runController(Object(App\Controllers\Reseller))
 6 SYSTEMPATH\CodeIgniter.php(349): CodeIgniter\CodeIgniter->handleRequest(null, Object(Config\Cache), false)
 7 FCPATH\index.php(55): CodeIgniter\CodeIgniter->run()
 8 SYSTEMPATH\Commands\Server\rewrite.php(43): require_once('FCPATH\\index.php')
CRITICAL - 2022-10-31 10:46:11 --> You must set the database table to be used with your query.
in SYSTEMPATH\Database\BaseConnection.php on line 874.
 1 SYSTEMPATH\Model.php(586): CodeIgniter\Database\BaseConnection->table(null)
 2 SYSTEMPATH\Model.php(763): CodeIgniter\Model->builder()
 3 APPPATH\Controllers\Reseller.php(154): CodeIgniter\Model->__call('limitRowsChatting', [])
 4 SYSTEMPATH\CodeIgniter.php(896): App\Controllers\Reseller->chatting_()
 5 SYSTEMPATH\CodeIgniter.php(466): CodeIgniter\CodeIgniter->runController(Object(App\Controllers\Reseller))
 6 SYSTEMPATH\CodeIgniter.php(349): CodeIgniter\CodeIgniter->handleRequest(null, Object(Config\Cache), false)
 7 FCPATH\index.php(55): CodeIgniter\CodeIgniter->run()
 8 SYSTEMPATH\Commands\Server\rewrite.php(43): require_once('FCPATH\\index.php')
CRITICAL - 2022-10-31 10:46:20 --> You must set the database table to be used with your query.
in SYSTEMPATH\Database\BaseConnection.php on line 874.
 1 SYSTEMPATH\Model.php(586): CodeIgniter\Database\BaseConnection->table(null)
 2 SYSTEMPATH\Model.php(763): CodeIgniter\Model->builder()
 3 APPPATH\Controllers\Reseller.php(154): CodeIgniter\Model->__call('limitRowsChatting', [])
 4 SYSTEMPATH\CodeIgniter.php(896): App\Controllers\Reseller->chatting_()
 5 SYSTEMPATH\CodeIgniter.php(466): CodeIgniter\CodeIgniter->runController(Object(App\Controllers\Reseller))
 6 SYSTEMPATH\CodeIgniter.php(349): CodeIgniter\CodeIgniter->handleRequest(null, Object(Config\Cache), false)
 7 FCPATH\index.php(55): CodeIgniter\CodeIgniter->run()
 8 SYSTEMPATH\Commands\Server\rewrite.php(43): require_once('FCPATH\\index.php')
CRITICAL - 2022-10-31 10:47:51 --> You must set the database table to be used with your query.
in SYSTEMPATH\Database\BaseConnection.php on line 874.
 1 SYSTEMPATH\Model.php(586): CodeIgniter\Database\BaseConnection->table(null)
 2 SYSTEMPATH\Model.php(763): CodeIgniter\Model->builder()
 3 APPPATH\Controllers\Reseller.php(154): CodeIgniter\Model->__call('limitRowsChatting', [])
 4 SYSTEMPATH\CodeIgniter.php(896): App\Controllers\Reseller->chatting_()
 5 SYSTEMPATH\CodeIgniter.php(466): CodeIgniter\CodeIgniter->runController(Object(App\Controllers\Reseller))
 6 SYSTEMPATH\CodeIgniter.php(349): CodeIgniter\CodeIgniter->handleRequest(null, Object(Config\Cache), false)
 7 FCPATH\index.php(55): CodeIgniter\CodeIgniter->run()
 8 SYSTEMPATH\Commands\Server\rewrite.php(43): require_once('FCPATH\\index.php')
CRITICAL - 2022-10-31 10:47:59 --> You must set the database table to be used with your query.
in SYSTEMPATH\Database\BaseConnection.php on line 874.
 1 SYSTEMPATH\Model.php(586): CodeIgniter\Database\BaseConnection->table(null)
 2 SYSTEMPATH\Model.php(763): CodeIgniter\Model->builder()
 3 APPPATH\Controllers\Reseller.php(154): CodeIgniter\Model->__call('limitRowsChatting', [])
 4 SYSTEMPATH\CodeIgniter.php(896): App\Controllers\Reseller->chatting_()
 5 SYSTEMPATH\CodeIgniter.php(466): CodeIgniter\CodeIgniter->runController(Object(App\Controllers\Reseller))
 6 SYSTEMPATH\CodeIgniter.php(349): CodeIgniter\CodeIgniter->handleRequest(null, Object(Config\Cache), false)
 7 FCPATH\index.php(55): CodeIgniter\CodeIgniter->run()
 8 SYSTEMPATH\Commands\Server\rewrite.php(43): require_once('FCPATH\\index.php')
CRITICAL - 2022-10-31 10:49:05 --> You must set the database table to be used with your query.
in SYSTEMPATH\Database\BaseConnection.php on line 874.
 1 SYSTEMPATH\Model.php(586): CodeIgniter\Database\BaseConnection->table(null)
 2 SYSTEMPATH\Model.php(763): CodeIgniter\Model->builder()
 3 APPPATH\Controllers\Reseller.php(154): CodeIgniter\Model->__call('limitRowsChatting', [])
 4 SYSTEMPATH\CodeIgniter.php(896): App\Controllers\Reseller->chatting_()
 5 SYSTEMPATH\CodeIgniter.php(466): CodeIgniter\CodeIgniter->runController(Object(App\Controllers\Reseller))
 6 SYSTEMPATH\CodeIgniter.php(349): CodeIgniter\CodeIgniter->handleRequest(null, Object(Config\Cache), false)
 7 FCPATH\index.php(55): CodeIgniter\CodeIgniter->run()
 8 SYSTEMPATH\Commands\Server\rewrite.php(43): require_once('FCPATH\\index.php')
CRITICAL - 2022-10-31 10:49:15 --> You must set the database table to be used with your query.
in SYSTEMPATH\Database\BaseConnection.php on line 874.
 1 SYSTEMPATH\Model.php(586): CodeIgniter\Database\BaseConnection->table(null)
 2 SYSTEMPATH\Model.php(763): CodeIgniter\Model->builder()
 3 APPPATH\Controllers\Reseller.php(154): CodeIgniter\Model->__call('limitRowsChatting', [])
 4 SYSTEMPATH\CodeIgniter.php(896): App\Controllers\Reseller->chatting_()
 5 SYSTEMPATH\CodeIgniter.php(466): CodeIgniter\CodeIgniter->runController(Object(App\Controllers\Reseller))
 6 SYSTEMPATH\CodeIgniter.php(349): CodeIgniter\CodeIgniter->handleRequest(null, Object(Config\Cache), false)
 7 FCPATH\index.php(55): CodeIgniter\CodeIgniter->run()
 8 SYSTEMPATH\Commands\Server\rewrite.php(43): require_once('FCPATH\\index.php')
CRITICAL - 2022-10-31 10:51:04 --> You must set the database table to be used with your query.
in SYSTEMPATH\Database\BaseConnection.php on line 874.
 1 SYSTEMPATH\Model.php(586): CodeIgniter\Database\BaseConnection->table(null)
 2 SYSTEMPATH\Model.php(763): CodeIgniter\Model->builder()
 3 APPPATH\Controllers\Reseller.php(154): CodeIgniter\Model->__call('limitRowsChatting', [])
 4 SYSTEMPATH\CodeIgniter.php(896): App\Controllers\Reseller->chatting_()
 5 SYSTEMPATH\CodeIgniter.php(466): CodeIgniter\CodeIgniter->runController(Object(App\Controllers\Reseller))
 6 SYSTEMPATH\CodeIgniter.php(349): CodeIgniter\CodeIgniter->handleRequest(null, Object(Config\Cache), false)
 7 FCPATH\index.php(55): CodeIgniter\CodeIgniter->run()
 8 SYSTEMPATH\Commands\Server\rewrite.php(43): require_once('FCPATH\\index.php')
CRITICAL - 2022-10-31 10:52:33 --> You must set the database table to be used with your query.
in SYSTEMPATH\Database\BaseConnection.php on line 874.
 1 SYSTEMPATH\Model.php(586): CodeIgniter\Database\BaseConnection->table(null)
 2 SYSTEMPATH\Model.php(763): CodeIgniter\Model->builder()
 3 APPPATH\Controllers\Reseller.php(154): CodeIgniter\Model->__call('limitRowsChatting', [])
 4 SYSTEMPATH\CodeIgniter.php(896): App\Controllers\Reseller->chatting_()
 5 SYSTEMPATH\CodeIgniter.php(466): CodeIgniter\CodeIgniter->runController(Object(App\Controllers\Reseller))
 6 SYSTEMPATH\CodeIgniter.php(349): CodeIgniter\CodeIgniter->handleRequest(null, Object(Config\Cache), false)
 7 FCPATH\index.php(55): CodeIgniter\CodeIgniter->run()
 8 SYSTEMPATH\Commands\Server\rewrite.php(43): require_once('FCPATH\\index.php')
CRITICAL - 2022-10-31 10:54:49 --> You must set the database table to be used with your query.
in SYSTEMPATH\Database\BaseConnection.php on line 874.
 1 SYSTEMPATH\Model.php(586): CodeIgniter\Database\BaseConnection->table(null)
 2 SYSTEMPATH\Model.php(763): CodeIgniter\Model->builder()
 3 APPPATH\Controllers\Reseller.php(154): CodeIgniter\Model->__call('limitRowsChatting', [])
 4 SYSTEMPATH\CodeIgniter.php(896): App\Controllers\Reseller->chatting_()
 5 SYSTEMPATH\CodeIgniter.php(466): CodeIgniter\CodeIgniter->runController(Object(App\Controllers\Reseller))
 6 SYSTEMPATH\CodeIgniter.php(349): CodeIgniter\CodeIgniter->handleRequest(null, Object(Config\Cache), false)
 7 FCPATH\index.php(55): CodeIgniter\CodeIgniter->run()
 8 SYSTEMPATH\Commands\Server\rewrite.php(43): require_once('FCPATH\\index.php')
CRITICAL - 2022-10-31 10:55:21 --> You must set the database table to be used with your query.
in SYSTEMPATH\Database\BaseConnection.php on line 874.
 1 SYSTEMPATH\Model.php(586): CodeIgniter\Database\BaseConnection->table(null)
 2 SYSTEMPATH\Model.php(763): CodeIgniter\Model->builder()
 3 APPPATH\Controllers\Reseller.php(154): CodeIgniter\Model->__call('limitRowsChatting', [])
 4 SYSTEMPATH\CodeIgniter.php(896): App\Controllers\Reseller->chatting_()
 5 SYSTEMPATH\CodeIgniter.php(466): CodeIgniter\CodeIgniter->runController(Object(App\Controllers\Reseller))
 6 SYSTEMPATH\CodeIgniter.php(349): CodeIgniter\CodeIgniter->handleRequest(null, Object(Config\Cache), false)
 7 FCPATH\index.php(55): CodeIgniter\CodeIgniter->run()
 8 SYSTEMPATH\Commands\Server\rewrite.php(43): require_once('FCPATH\\index.php')
CRITICAL - 2022-10-31 10:56:14 --> You must set the database table to be used with your query.
in SYSTEMPATH\Database\BaseConnection.php on line 874.
 1 SYSTEMPATH\Model.php(586): CodeIgniter\Database\BaseConnection->table(null)
 2 SYSTEMPATH\Model.php(763): CodeIgniter\Model->builder()
 3 APPPATH\Controllers\Reseller.php(154): CodeIgniter\Model->__call('limitRowsChatting', [])
 4 SYSTEMPATH\CodeIgniter.php(896): App\Controllers\Reseller->chatting_()
 5 SYSTEMPATH\CodeIgniter.php(466): CodeIgniter\CodeIgniter->runController(Object(App\Controllers\Reseller))
 6 SYSTEMPATH\CodeIgniter.php(349): CodeIgniter\CodeIgniter->handleRequest(null, Object(Config\Cache), false)
 7 FCPATH\index.php(55): CodeIgniter\CodeIgniter->run()
 8 SYSTEMPATH\Commands\Server\rewrite.php(43): require_once('FCPATH\\index.php')
CRITICAL - 2022-10-31 10:56:40 --> You must set the database table to be used with your query.
in SYSTEMPATH\Database\BaseConnection.php on line 874.
 1 SYSTEMPATH\Model.php(586): CodeIgniter\Database\BaseConnection->table(null)
 2 SYSTEMPATH\Model.php(763): CodeIgniter\Model->builder()
 3 APPPATH\Controllers\Reseller.php(154): CodeIgniter\Model->__call('limitRowsChatting', [])
 4 SYSTEMPATH\CodeIgniter.php(896): App\Controllers\Reseller->chatting_()
 5 SYSTEMPATH\CodeIgniter.php(466): CodeIgniter\CodeIgniter->runController(Object(App\Controllers\Reseller))
 6 SYSTEMPATH\CodeIgniter.php(349): CodeIgniter\CodeIgniter->handleRequest(null, Object(Config\Cache), false)
 7 FCPATH\index.php(55): CodeIgniter\CodeIgniter->run()
 8 SYSTEMPATH\Commands\Server\rewrite.php(43): require_once('FCPATH\\index.php')
CRITICAL - 2022-10-31 10:57:39 --> You must set the database table to be used with your query.
in SYSTEMPATH\Database\BaseConnection.php on line 874.
 1 SYSTEMPATH\Model.php(586): CodeIgniter\Database\BaseConnection->table(null)
 2 SYSTEMPATH\Model.php(763): CodeIgniter\Model->builder()
 3 APPPATH\Controllers\Reseller.php(154): CodeIgniter\Model->__call('limitRowsChatting', [])
 4 SYSTEMPATH\CodeIgniter.php(896): App\Controllers\Reseller->chatting_()
 5 SYSTEMPATH\CodeIgniter.php(466): CodeIgniter\CodeIgniter->runController(Object(App\Controllers\Reseller))
 6 SYSTEMPATH\CodeIgniter.php(349): CodeIgniter\CodeIgniter->handleRequest(null, Object(Config\Cache), false)
 7 FCPATH\index.php(55): CodeIgniter\CodeIgniter->run()
 8 SYSTEMPATH\Commands\Server\rewrite.php(43): require_once('FCPATH\\index.php')
CRITICAL - 2022-10-31 10:58:01 --> You must set the database table to be used with your query.
in SYSTEMPATH\Database\BaseConnection.php on line 874.
 1 SYSTEMPATH\Model.php(586): CodeIgniter\Database\BaseConnection->table(null)
 2 SYSTEMPATH\Model.php(763): CodeIgniter\Model->builder()
 3 APPPATH\Controllers\Reseller.php(154): CodeIgniter\Model->__call('limitRowsChatting', [])
 4 SYSTEMPATH\CodeIgniter.php(896): App\Controllers\Reseller->chatting_()
 5 SYSTEMPATH\CodeIgniter.php(466): CodeIgniter\CodeIgniter->runController(Object(App\Controllers\Reseller))
 6 SYSTEMPATH\CodeIgniter.php(349): CodeIgniter\CodeIgniter->handleRequest(null, Object(Config\Cache), false)
 7 FCPATH\index.php(55): CodeIgniter\CodeIgniter->run()
 8 SYSTEMPATH\Commands\Server\rewrite.php(43): require_once('FCPATH\\index.php')
CRITICAL - 2022-10-31 10:58:05 --> You must set the database table to be used with your query.
in SYSTEMPATH\Database\BaseConnection.php on line 874.
 1 SYSTEMPATH\Model.php(586): CodeIgniter\Database\BaseConnection->table(null)
 2 SYSTEMPATH\Model.php(763): CodeIgniter\Model->builder()
 3 APPPATH\Controllers\Reseller.php(154): CodeIgniter\Model->__call('limitRowsChatting', [])
 4 SYSTEMPATH\CodeIgniter.php(896): App\Controllers\Reseller->chatting_()
 5 SYSTEMPATH\CodeIgniter.php(466): CodeIgniter\CodeIgniter->runController(Object(App\Controllers\Reseller))
 6 SYSTEMPATH\CodeIgniter.php(349): CodeIgniter\CodeIgniter->handleRequest(null, Object(Config\Cache), false)
 7 FCPATH\index.php(55): CodeIgniter\CodeIgniter->run()
 8 SYSTEMPATH\Commands\Server\rewrite.php(43): require_once('FCPATH\\index.php')
CRITICAL - 2022-10-31 10:58:10 --> You must set the database table to be used with your query.
in SYSTEMPATH\Database\BaseConnection.php on line 874.
 1 SYSTEMPATH\Model.php(586): CodeIgniter\Database\BaseConnection->table(null)
 2 SYSTEMPATH\Model.php(763): CodeIgniter\Model->builder()
 3 APPPATH\Controllers\Reseller.php(154): CodeIgniter\Model->__call('limitRowsChatting', [])
 4 SYSTEMPATH\CodeIgniter.php(896): App\Controllers\Reseller->chatting_()
 5 SYSTEMPATH\CodeIgniter.php(466): CodeIgniter\CodeIgniter->runController(Object(App\Controllers\Reseller))
 6 SYSTEMPATH\CodeIgniter.php(349): CodeIgniter\CodeIgniter->handleRequest(null, Object(Config\Cache), false)
 7 FCPATH\index.php(55): CodeIgniter\CodeIgniter->run()
 8 SYSTEMPATH\Commands\Server\rewrite.php(43): require_once('FCPATH\\index.php')
CRITICAL - 2022-10-31 10:58:24 --> You must set the database table to be used with your query.
in SYSTEMPATH\Database\BaseConnection.php on line 874.
 1 SYSTEMPATH\Model.php(586): CodeIgniter\Database\BaseConnection->table(null)
 2 SYSTEMPATH\Model.php(763): CodeIgniter\Model->builder()
 3 APPPATH\Controllers\Reseller.php(154): CodeIgniter\Model->__call('limitRowsChatting', [])
 4 SYSTEMPATH\CodeIgniter.php(896): App\Controllers\Reseller->chatting_()
 5 SYSTEMPATH\CodeIgniter.php(466): CodeIgniter\CodeIgniter->runController(Object(App\Controllers\Reseller))
 6 SYSTEMPATH\CodeIgniter.php(349): CodeIgniter\CodeIgniter->handleRequest(null, Object(Config\Cache), false)
 7 FCPATH\index.php(55): CodeIgniter\CodeIgniter->run()
 8 SYSTEMPATH\Commands\Server\rewrite.php(43): require_once('FCPATH\\index.php')
CRITICAL - 2022-10-31 10:59:02 --> You must set the database table to be used with your query.
in SYSTEMPATH\Database\BaseConnection.php on line 874.
 1 SYSTEMPATH\Model.php(586): CodeIgniter\Database\BaseConnection->table(null)
 2 SYSTEMPATH\Model.php(763): CodeIgniter\Model->builder()
 3 APPPATH\Controllers\Reseller.php(154): CodeIgniter\Model->__call('limitRowsChatting', [])
 4 SYSTEMPATH\CodeIgniter.php(896): App\Controllers\Reseller->chatting_()
 5 SYSTEMPATH\CodeIgniter.php(466): CodeIgniter\CodeIgniter->runController(Object(App\Controllers\Reseller))
 6 SYSTEMPATH\CodeIgniter.php(349): CodeIgniter\CodeIgniter->handleRequest(null, Object(Config\Cache), false)
 7 FCPATH\index.php(55): CodeIgniter\CodeIgniter->run()
 8 SYSTEMPATH\Commands\Server\rewrite.php(43): require_once('FCPATH\\index.php')
CRITICAL - 2022-10-31 10:59:10 --> You must set the database table to be used with your query.
in SYSTEMPATH\Database\BaseConnection.php on line 874.
 1 SYSTEMPATH\Model.php(586): CodeIgniter\Database\BaseConnection->table(null)
 2 SYSTEMPATH\Model.php(763): CodeIgniter\Model->builder()
 3 APPPATH\Controllers\Reseller.php(154): CodeIgniter\Model->__call('limitRowsChatting', [])
 4 SYSTEMPATH\CodeIgniter.php(896): App\Controllers\Reseller->chatting_()
 5 SYSTEMPATH\CodeIgniter.php(466): CodeIgniter\CodeIgniter->runController(Object(App\Controllers\Reseller))
 6 SYSTEMPATH\CodeIgniter.php(349): CodeIgniter\CodeIgniter->handleRequest(null, Object(Config\Cache), false)
 7 FCPATH\index.php(55): CodeIgniter\CodeIgniter->run()
 8 SYSTEMPATH\Commands\Server\rewrite.php(43): require_once('FCPATH\\index.php')
CRITICAL - 2022-10-31 11:00:56 --> You must set the database table to be used with your query.
in SYSTEMPATH\Database\BaseConnection.php on line 874.
 1 SYSTEMPATH\Model.php(586): CodeIgniter\Database\BaseConnection->table(null)
 2 SYSTEMPATH\Model.php(763): CodeIgniter\Model->builder()
 3 APPPATH\Controllers\Reseller.php(154): CodeIgniter\Model->__call('limitRowsChatting', [])
 4 SYSTEMPATH\CodeIgniter.php(896): App\Controllers\Reseller->chatting_()
 5 SYSTEMPATH\CodeIgniter.php(466): CodeIgniter\CodeIgniter->runController(Object(App\Controllers\Reseller))
 6 SYSTEMPATH\CodeIgniter.php(349): CodeIgniter\CodeIgniter->handleRequest(null, Object(Config\Cache), false)
 7 FCPATH\index.php(55): CodeIgniter\CodeIgniter->run()
 8 SYSTEMPATH\Commands\Server\rewrite.php(43): require_once('FCPATH\\index.php')
CRITICAL - 2022-10-31 17:57:14 --> You must set the database table to be used with your query.
in SYSTEMPATH\Database\BaseConnection.php on line 874.
 1 SYSTEMPATH\Model.php(586): CodeIgniter\Database\BaseConnection->table(null)
 2 SYSTEMPATH\Model.php(763): CodeIgniter\Model->builder()
 3 APPPATH\Controllers\Reseller.php(154): CodeIgniter\Model->__call('limitRowsChatting', [])
 4 SYSTEMPATH\CodeIgniter.php(896): App\Controllers\Reseller->chatting_()
 5 SYSTEMPATH\CodeIgniter.php(466): CodeIgniter\CodeIgniter->runController(Object(App\Controllers\Reseller))
 6 SYSTEMPATH\CodeIgniter.php(349): CodeIgniter\CodeIgniter->handleRequest(null, Object(Config\Cache), false)
 7 FCPATH\index.php(55): CodeIgniter\CodeIgniter->run()
 8 SYSTEMPATH\Commands\Server\rewrite.php(43): require_once('FCPATH\\index.php')
CRITICAL - 2022-10-31 17:58:33 --> You must set the database table to be used with your query.
in SYSTEMPATH\Database\BaseConnection.php on line 874.
 1 SYSTEMPATH\Model.php(586): CodeIgniter\Database\BaseConnection->table(null)
 2 SYSTEMPATH\Model.php(763): CodeIgniter\Model->builder()
 3 APPPATH\Controllers\Reseller.php(154): CodeIgniter\Model->__call('limitRowsChatting', [])
 4 SYSTEMPATH\CodeIgniter.php(896): App\Controllers\Reseller->chatting_()
 5 SYSTEMPATH\CodeIgniter.php(466): CodeIgniter\CodeIgniter->runController(Object(App\Controllers\Reseller))
 6 SYSTEMPATH\CodeIgniter.php(349): CodeIgniter\CodeIgniter->handleRequest(null, Object(Config\Cache), false)
 7 FCPATH\index.php(55): CodeIgniter\CodeIgniter->run()
 8 SYSTEMPATH\Commands\Server\rewrite.php(43): require_once('FCPATH\\index.php')
CRITICAL - 2022-10-31 18:12:37 --> syntax error, unexpected token "}"
in APPPATH\Models\TransaksiModel.php on line 137.
 1 SYSTEMPATH\Autoloader\Autoloader.php(261): CodeIgniter\Autoloader\Autoloader->includeFile('APPPATH\\Models\\TransaksiModel.php')
 2 SYSTEMPATH\Autoloader\Autoloader.php(239): CodeIgniter\Autoloader\Autoloader->loadInNamespace('App\\Models\\TransaksiModel')
 3 APPPATH\Controllers\BaseController.php(67): CodeIgniter\Autoloader\Autoloader->loadClass('App\\Models\\TransaksiModel')
 4 SYSTEMPATH\CodeIgniter.php(859): App\Controllers\BaseController->initController(Object(CodeIgniter\HTTP\IncomingRequest), Object(CodeIgniter\HTTP\Response), Object(CodeIgniter\Log\Logger))
 5 SYSTEMPATH\CodeIgniter.php(457): CodeIgniter\CodeIgniter->createController()
 6 SYSTEMPATH\CodeIgniter.php(349): CodeIgniter\CodeIgniter->handleRequest(null, Object(Config\Cache), false)
 7 FCPATH\index.php(55): CodeIgniter\CodeIgniter->run()
 8 SYSTEMPATH\Commands\Server\rewrite.php(43): require_once('FCPATH\\index.php')
CRITICAL - 2022-10-31 18:14:51 --> foreach() argument must be of type array|object, null given
in APPPATH\Views\reseller\chatting.php on line 70.
 1 APPPATH\Views\reseller\chatting.php(70): CodeIgniter\Debug\Exceptions->errorHandler(2, 'foreach() argument must be of type array|object, null given', 'APPPATH\\Views\\reseller\\chatting.php', 70)
 2 SYSTEMPATH\View\View.php(213): include('APPPATH\\Views\\reseller\\chatting.php')
 3 SYSTEMPATH\View\View.php(216): CodeIgniter\View\View->CodeIgniter\View\{closure}()
 4 SYSTEMPATH\Common.php(1135): CodeIgniter\View\View->render('reseller/chatting', [], true)
 5 APPPATH\Views\template\adminlte.php(108): view('reseller/chatting')
 6 SYSTEMPATH\View\View.php(213): include('APPPATH\\Views\\template\\adminlte.php')
 7 SYSTEMPATH\View\View.php(216): CodeIgniter\View\View->CodeIgniter\View\{closure}()
 8 SYSTEMPATH\Common.php(1135): CodeIgniter\View\View->render('template/adminlte', [], true)
 9 APPPATH\Controllers\Reseller.php(146): view('template/adminlte', [...])
10 SYSTEMPATH\CodeIgniter.php(896): App\Controllers\Reseller->chatting()
11 SYSTEMPATH\CodeIgniter.php(466): CodeIgniter\CodeIgniter->runController(Object(App\Controllers\Reseller))
12 SYSTEMPATH\CodeIgniter.php(349): CodeIgniter\CodeIgniter->handleRequest(null, Object(Config\Cache), false)
13 FCPATH\index.php(55): CodeIgniter\CodeIgniter->run()
14 SYSTEMPATH\Commands\Server\rewrite.php(43): require_once('FCPATH\\index.php')
ERROR - 2022-10-31 18:21:57 --> Unknown column 'tbl_transaksi_pembayaran.kode_bayara' in 'field list'
CRITICAL - 2022-10-31 18:21:57 --> Unknown column 'tbl_transaksi_pembayaran.kode_bayara' in 'field list'
in SYSTEMPATH\Database\MySQLi\Connection.php on line 292.
 1 SYSTEMPATH\Database\MySQLi\Connection.php(292): mysqli->query('SELECT tbl_transaksi.*, tbl_transaksi_pembayaran.kode_bayara, tbl_umkm.nama as nama_umkm FROM tbl_transaksi 
        JOIN tbl_transaksi_pembayaran ON tbl_transaksi_pembayaran.id = tbl_transaksi.id_pembayaran  
        JOIN tbl_umkm ON tbl_umkm.id = tbl_transaksi.id_umkm  
        WHERE status IN (\'BELUM_DIBAYAR\', \'SEDANG_DIPROSES\', \'SUDAH_DIKIRIM\') AND id_pengguna=\'14\'', 0)
 2 SYSTEMPATH\Database\BaseConnection.php(695): CodeIgniter\Database\MySQLi\Connection->execute('SELECT tbl_transaksi.*, tbl_transaksi_pembayaran.kode_bayara, tbl_umkm.nama as nama_umkm FROM tbl_transaksi 
        JOIN tbl_transaksi_pembayaran ON tbl_transaksi_pembayaran.id = tbl_transaksi.id_pembayaran  
        JOIN tbl_umkm ON tbl_umkm.id = tbl_transaksi.id_umkm  
        WHERE status IN (\'BELUM_DIBAYAR\', \'SEDANG_DIPROSES\', \'SUDAH_DIKIRIM\') AND id_pengguna=\'14\'')
 3 SYSTEMPATH\Database\BaseConnection.php(609): CodeIgniter\Database\BaseConnection->simpleQuery('SELECT tbl_transaksi.*, tbl_transaksi_pembayaran.kode_bayara, tbl_umkm.nama as nama_umkm FROM tbl_transaksi 
        JOIN tbl_transaksi_pembayaran ON tbl_transaksi_pembayaran.id = tbl_transaksi.id_pembayaran  
        JOIN tbl_umkm ON tbl_umkm.id = tbl_transaksi.id_umkm  
        WHERE status IN (\'BELUM_DIBAYAR\', \'SEDANG_DIPROSES\', \'SUDAH_DIKIRIM\') AND id_pengguna=\'14\'')
 4 APPPATH\Models\TransaksiModel.php(140): CodeIgniter\Database\BaseConnection->query('SELECT tbl_transaksi.*, tbl_transaksi_pembayaran.kode_bayara, tbl_umkm.nama as nama_umkm FROM tbl_transaksi 
        JOIN tbl_transaksi_pembayaran ON tbl_transaksi_pembayaran.id = tbl_transaksi.id_pembayaran  
        JOIN tbl_umkm ON tbl_umkm.id = tbl_transaksi.id_umkm  
        WHERE status IN (\'BELUM_DIBAYAR\', \'SEDANG_DIPROSES\', \'SUDAH_DIKIRIM\') AND id_pengguna=?', [...])
 5 APPPATH\Controllers\Reseller.php(144): App\Models\TransaksiModel->nomorTransaksi()
 6 SYSTEMPATH\CodeIgniter.php(896): App\Controllers\Reseller->chatting()
 7 SYSTEMPATH\CodeIgniter.php(466): CodeIgniter\CodeIgniter->runController(Object(App\Controllers\Reseller))
 8 SYSTEMPATH\CodeIgniter.php(349): CodeIgniter\CodeIgniter->handleRequest(null, Object(Config\Cache), false)
 9 FCPATH\index.php(55): CodeIgniter\CodeIgniter->run()
10 SYSTEMPATH\Commands\Server\rewrite.php(43): require_once('FCPATH\\index.php')
ERROR - 2022-10-31 18:22:04 --> Column 'status' in where clause is ambiguous
CRITICAL - 2022-10-31 18:22:04 --> Column 'status' in where clause is ambiguous
in SYSTEMPATH\Database\MySQLi\Connection.php on line 292.
 1 SYSTEMPATH\Database\MySQLi\Connection.php(292): mysqli->query('SELECT tbl_transaksi.*, tbl_transaksi_pembayaran.kode_bayar, tbl_umkm.nama as nama_umkm FROM tbl_transaksi 
        JOIN tbl_transaksi_pembayaran ON tbl_transaksi_pembayaran.id = tbl_transaksi.id_pembayaran  
        JOIN tbl_umkm ON tbl_umkm.id = tbl_transaksi.id_umkm  
        WHERE status IN (\'BELUM_DIBAYAR\', \'SEDANG_DIPROSES\', \'SUDAH_DIKIRIM\') AND id_pengguna=\'14\'', 0)
 2 SYSTEMPATH\Database\BaseConnection.php(695): CodeIgniter\Database\MySQLi\Connection->execute('SELECT tbl_transaksi.*, tbl_transaksi_pembayaran.kode_bayar, tbl_umkm.nama as nama_umkm FROM tbl_transaksi 
        JOIN tbl_transaksi_pembayaran ON tbl_transaksi_pembayaran.id = tbl_transaksi.id_pembayaran  
        JOIN tbl_umkm ON tbl_umkm.id = tbl_transaksi.id_umkm  
        WHERE status IN (\'BELUM_DIBAYAR\', \'SEDANG_DIPROSES\', \'SUDAH_DIKIRIM\') AND id_pengguna=\'14\'')
 3 SYSTEMPATH\Database\BaseConnection.php(609): CodeIgniter\Database\BaseConnection->simpleQuery('SELECT tbl_transaksi.*, tbl_transaksi_pembayaran.kode_bayar, tbl_umkm.nama as nama_umkm FROM tbl_transaksi 
        JOIN tbl_transaksi_pembayaran ON tbl_transaksi_pembayaran.id = tbl_transaksi.id_pembayaran  
        JOIN tbl_umkm ON tbl_umkm.id = tbl_transaksi.id_umkm  
        WHERE status IN (\'BELUM_DIBAYAR\', \'SEDANG_DIPROSES\', \'SUDAH_DIKIRIM\') AND id_pengguna=\'14\'')
 4 APPPATH\Models\TransaksiModel.php(140): CodeIgniter\Database\BaseConnection->query('SELECT tbl_transaksi.*, tbl_transaksi_pembayaran.kode_bayar, tbl_umkm.nama as nama_umkm FROM tbl_transaksi 
        JOIN tbl_transaksi_pembayaran ON tbl_transaksi_pembayaran.id = tbl_transaksi.id_pembayaran  
        JOIN tbl_umkm ON tbl_umkm.id = tbl_transaksi.id_umkm  
        WHERE status IN (\'BELUM_DIBAYAR\', \'SEDANG_DIPROSES\', \'SUDAH_DIKIRIM\') AND id_pengguna=?', [...])
 5 APPPATH\Controllers\Reseller.php(144): App\Models\TransaksiModel->nomorTransaksi()
 6 SYSTEMPATH\CodeIgniter.php(896): App\Controllers\Reseller->chatting()
 7 SYSTEMPATH\CodeIgniter.php(466): CodeIgniter\CodeIgniter->runController(Object(App\Controllers\Reseller))
 8 SYSTEMPATH\CodeIgniter.php(349): CodeIgniter\CodeIgniter->handleRequest(null, Object(Config\Cache), false)
 9 FCPATH\index.php(55): CodeIgniter\CodeIgniter->run()
10 SYSTEMPATH\Commands\Server\rewrite.php(43): require_once('FCPATH\\index.php')
ERROR - 2022-10-31 18:22:05 --> Column 'status' in where clause is ambiguous
CRITICAL - 2022-10-31 18:22:05 --> Column 'status' in where clause is ambiguous
in SYSTEMPATH\Database\MySQLi\Connection.php on line 292.
 1 SYSTEMPATH\Database\MySQLi\Connection.php(292): mysqli->query('SELECT tbl_transaksi.*, tbl_transaksi_pembayaran.kode_bayar, tbl_umkm.nama as nama_umkm FROM tbl_transaksi 
        JOIN tbl_transaksi_pembayaran ON tbl_transaksi_pembayaran.id = tbl_transaksi.id_pembayaran  
        JOIN tbl_umkm ON tbl_umkm.id = tbl_transaksi.id_umkm  
        WHERE status IN (\'BELUM_DIBAYAR\', \'SEDANG_DIPROSES\', \'SUDAH_DIKIRIM\') AND id_pengguna=\'14\'', 0)
 2 SYSTEMPATH\Database\BaseConnection.php(695): CodeIgniter\Database\MySQLi\Connection->execute('SELECT tbl_transaksi.*, tbl_transaksi_pembayaran.kode_bayar, tbl_umkm.nama as nama_umkm FROM tbl_transaksi 
        JOIN tbl_transaksi_pembayaran ON tbl_transaksi_pembayaran.id = tbl_transaksi.id_pembayaran  
        JOIN tbl_umkm ON tbl_umkm.id = tbl_transaksi.id_umkm  
        WHERE status IN (\'BELUM_DIBAYAR\', \'SEDANG_DIPROSES\', \'SUDAH_DIKIRIM\') AND id_pengguna=\'14\'')
 3 SYSTEMPATH\Database\BaseConnection.php(609): CodeIgniter\Database\BaseConnection->simpleQuery('SELECT tbl_transaksi.*, tbl_transaksi_pembayaran.kode_bayar, tbl_umkm.nama as nama_umkm FROM tbl_transaksi 
        JOIN tbl_transaksi_pembayaran ON tbl_transaksi_pembayaran.id = tbl_transaksi.id_pembayaran  
        JOIN tbl_umkm ON tbl_umkm.id = tbl_transaksi.id_umkm  
        WHERE status IN (\'BELUM_DIBAYAR\', \'SEDANG_DIPROSES\', \'SUDAH_DIKIRIM\') AND id_pengguna=\'14\'')
 4 APPPATH\Models\TransaksiModel.php(140): CodeIgniter\Database\BaseConnection->query('SELECT tbl_transaksi.*, tbl_transaksi_pembayaran.kode_bayar, tbl_umkm.nama as nama_umkm FROM tbl_transaksi 
        JOIN tbl_transaksi_pembayaran ON tbl_transaksi_pembayaran.id = tbl_transaksi.id_pembayaran  
        JOIN tbl_umkm ON tbl_umkm.id = tbl_transaksi.id_umkm  
        WHERE status IN (\'BELUM_DIBAYAR\', \'SEDANG_DIPROSES\', \'SUDAH_DIKIRIM\') AND id_pengguna=?', [...])
 5 APPPATH\Controllers\Reseller.php(144): App\Models\TransaksiModel->nomorTransaksi()
 6 SYSTEMPATH\CodeIgniter.php(896): App\Controllers\Reseller->chatting()
 7 SYSTEMPATH\CodeIgniter.php(466): CodeIgniter\CodeIgniter->runController(Object(App\Controllers\Reseller))
 8 SYSTEMPATH\CodeIgniter.php(349): CodeIgniter\CodeIgniter->handleRequest(null, Object(Config\Cache), false)
 9 FCPATH\index.php(55): CodeIgniter\CodeIgniter->run()
10 SYSTEMPATH\Commands\Server\rewrite.php(43): require_once('FCPATH\\index.php')
ERROR - 2022-10-31 18:22:06 --> Column 'status' in where clause is ambiguous
CRITICAL - 2022-10-31 18:22:06 --> Column 'status' in where clause is ambiguous
in SYSTEMPATH\Database\MySQLi\Connection.php on line 292.
 1 SYSTEMPATH\Database\MySQLi\Connection.php(292): mysqli->query('SELECT tbl_transaksi.*, tbl_transaksi_pembayaran.kode_bayar, tbl_umkm.nama as nama_umkm FROM tbl_transaksi 
        JOIN tbl_transaksi_pembayaran ON tbl_transaksi_pembayaran.id = tbl_transaksi.id_pembayaran  
        JOIN tbl_umkm ON tbl_umkm.id = tbl_transaksi.id_umkm  
        WHERE status IN (\'BELUM_DIBAYAR\', \'SEDANG_DIPROSES\', \'SUDAH_DIKIRIM\') AND id_pengguna=\'14\'', 0)
 2 SYSTEMPATH\Database\BaseConnection.php(695): CodeIgniter\Database\MySQLi\Connection->execute('SELECT tbl_transaksi.*, tbl_transaksi_pembayaran.kode_bayar, tbl_umkm.nama as nama_umkm FROM tbl_transaksi 
        JOIN tbl_transaksi_pembayaran ON tbl_transaksi_pembayaran.id = tbl_transaksi.id_pembayaran  
        JOIN tbl_umkm ON tbl_umkm.id = tbl_transaksi.id_umkm  
        WHERE status IN (\'BELUM_DIBAYAR\', \'SEDANG_DIPROSES\', \'SUDAH_DIKIRIM\') AND id_pengguna=\'14\'')
 3 SYSTEMPATH\Database\BaseConnection.php(609): CodeIgniter\Database\BaseConnection->simpleQuery('SELECT tbl_transaksi.*, tbl_transaksi_pembayaran.kode_bayar, tbl_umkm.nama as nama_umkm FROM tbl_transaksi 
        JOIN tbl_transaksi_pembayaran ON tbl_transaksi_pembayaran.id = tbl_transaksi.id_pembayaran  
        JOIN tbl_umkm ON tbl_umkm.id = tbl_transaksi.id_umkm  
        WHERE status IN (\'BELUM_DIBAYAR\', \'SEDANG_DIPROSES\', \'SUDAH_DIKIRIM\') AND id_pengguna=\'14\'')
 4 APPPATH\Models\TransaksiModel.php(140): CodeIgniter\Database\BaseConnection->query('SELECT tbl_transaksi.*, tbl_transaksi_pembayaran.kode_bayar, tbl_umkm.nama as nama_umkm FROM tbl_transaksi 
        JOIN tbl_transaksi_pembayaran ON tbl_transaksi_pembayaran.id = tbl_transaksi.id_pembayaran  
        JOIN tbl_umkm ON tbl_umkm.id = tbl_transaksi.id_umkm  
        WHERE status IN (\'BELUM_DIBAYAR\', \'SEDANG_DIPROSES\', \'SUDAH_DIKIRIM\') AND id_pengguna=?', [...])
 5 APPPATH\Controllers\Reseller.php(144): App\Models\TransaksiModel->nomorTransaksi()
 6 SYSTEMPATH\CodeIgniter.php(896): App\Controllers\Reseller->chatting()
 7 SYSTEMPATH\CodeIgniter.php(466): CodeIgniter\CodeIgniter->runController(Object(App\Controllers\Reseller))
 8 SYSTEMPATH\CodeIgniter.php(349): CodeIgniter\CodeIgniter->handleRequest(null, Object(Config\Cache), false)
 9 FCPATH\index.php(55): CodeIgniter\CodeIgniter->run()
10 SYSTEMPATH\Commands\Server\rewrite.php(43): require_once('FCPATH\\index.php')
ERROR - 2022-10-31 18:22:25 --> Column 'id_pengguna' in where clause is ambiguous
CRITICAL - 2022-10-31 18:22:25 --> Column 'id_pengguna' in where clause is ambiguous
in SYSTEMPATH\Database\MySQLi\Connection.php on line 292.
 1 SYSTEMPATH\Database\MySQLi\Connection.php(292): mysqli->query('SELECT tbl_transaksi.*, tbl_transaksi_pembayaran.kode_bayar, tbl_umkm.nama as nama_umkm FROM tbl_transaksi 
        JOIN tbl_transaksi_pembayaran ON tbl_transaksi_pembayaran.id = tbl_transaksi.id_pembayaran  
        JOIN tbl_umkm ON tbl_umkm.id = tbl_transaksi.id_umkm  
        WHERE tbl_transaksi.status IN (\'BELUM_DIBAYAR\', \'SEDANG_DIPROSES\', \'SUDAH_DIKIRIM\') AND id_pengguna=\'14\'', 0)
 2 SYSTEMPATH\Database\BaseConnection.php(695): CodeIgniter\Database\MySQLi\Connection->execute('SELECT tbl_transaksi.*, tbl_transaksi_pembayaran.kode_bayar, tbl_umkm.nama as nama_umkm FROM tbl_transaksi 
        JOIN tbl_transaksi_pembayaran ON tbl_transaksi_pembayaran.id = tbl_transaksi.id_pembayaran  
        JOIN tbl_umkm ON tbl_umkm.id = tbl_transaksi.id_umkm  
        WHERE tbl_transaksi.status IN (\'BELUM_DIBAYAR\', \'SEDANG_DIPROSES\', \'SUDAH_DIKIRIM\') AND id_pengguna=\'14\'')
 3 SYSTEMPATH\Database\BaseConnection.php(609): CodeIgniter\Database\BaseConnection->simpleQuery('SELECT tbl_transaksi.*, tbl_transaksi_pembayaran.kode_bayar, tbl_umkm.nama as nama_umkm FROM tbl_transaksi 
        JOIN tbl_transaksi_pembayaran ON tbl_transaksi_pembayaran.id = tbl_transaksi.id_pembayaran  
        JOIN tbl_umkm ON tbl_umkm.id = tbl_transaksi.id_umkm  
        WHERE tbl_transaksi.status IN (\'BELUM_DIBAYAR\', \'SEDANG_DIPROSES\', \'SUDAH_DIKIRIM\') AND id_pengguna=\'14\'')
 4 APPPATH\Models\TransaksiModel.php(140): CodeIgniter\Database\BaseConnection->query('SELECT tbl_transaksi.*, tbl_transaksi_pembayaran.kode_bayar, tbl_umkm.nama as nama_umkm FROM tbl_transaksi 
        JOIN tbl_transaksi_pembayaran ON tbl_transaksi_pembayaran.id = tbl_transaksi.id_pembayaran  
        JOIN tbl_umkm ON tbl_umkm.id = tbl_transaksi.id_umkm  
        WHERE tbl_transaksi.status IN (\'BELUM_DIBAYAR\', \'SEDANG_DIPROSES\', \'SUDAH_DIKIRIM\') AND id_pengguna=?', [...])
 5 APPPATH\Controllers\Reseller.php(144): App\Models\TransaksiModel->nomorTransaksi()
 6 SYSTEMPATH\CodeIgniter.php(896): App\Controllers\Reseller->chatting()
 7 SYSTEMPATH\CodeIgniter.php(466): CodeIgniter\CodeIgniter->runController(Object(App\Controllers\Reseller))
 8 SYSTEMPATH\CodeIgniter.php(349): CodeIgniter\CodeIgniter->handleRequest(null, Object(Config\Cache), false)
 9 FCPATH\index.php(55): CodeIgniter\CodeIgniter->run()
10 SYSTEMPATH\Commands\Server\rewrite.php(43): require_once('FCPATH\\index.php')
CRITICAL - 2022-10-31 18:57:41 --> Undefined property: stdClass::$foto
in APPPATH\Models\ServerSideModel.php on line 197.
 1 APPPATH\Models\ServerSideModel.php(197): CodeIgniter\Debug\Exceptions->errorHandler(2, 'Undefined property: stdClass::$foto', 'APPPATH\\Models\\ServerSideModel.php', 197)
 2 APPPATH\Controllers\Reseller.php(205): App\Models\ServerSideModel->getNama('14')
 3 SYSTEMPATH\CodeIgniter.php(896): App\Controllers\Reseller->chatting_()
 4 SYSTEMPATH\CodeIgniter.php(466): CodeIgniter\CodeIgniter->runController(Object(App\Controllers\Reseller))
 5 SYSTEMPATH\CodeIgniter.php(349): CodeIgniter\CodeIgniter->handleRequest(null, Object(Config\Cache), false)
 6 FCPATH\index.php(55): CodeIgniter\CodeIgniter->run()
 7 SYSTEMPATH\Commands\Server\rewrite.php(43): require_once('FCPATH\\index.php')
CRITICAL - 2022-10-31 19:12:48 --> Undefined property: stdClass::$foto
in APPPATH\Models\ServerSideModel.php on line 197.
 1 APPPATH\Models\ServerSideModel.php(197): CodeIgniter\Debug\Exceptions->errorHandler(2, 'Undefined property: stdClass::$foto', 'APPPATH\\Models\\ServerSideModel.php', 197)
 2 APPPATH\Controllers\Reseller.php(208): App\Models\ServerSideModel->getNama('14')
 3 SYSTEMPATH\CodeIgniter.php(896): App\Controllers\Reseller->chatting_()
 4 SYSTEMPATH\CodeIgniter.php(466): CodeIgniter\CodeIgniter->runController(Object(App\Controllers\Reseller))
 5 SYSTEMPATH\CodeIgniter.php(349): CodeIgniter\CodeIgniter->handleRequest(null, Object(Config\Cache), false)
 6 FCPATH\index.php(55): CodeIgniter\CodeIgniter->run()
 7 SYSTEMPATH\Commands\Server\rewrite.php(43): require_once('FCPATH\\index.php')
CRITICAL - 2022-10-31 19:12:57 --> Undefined property: stdClass::$foto
in APPPATH\Models\ServerSideModel.php on line 197.
 1 APPPATH\Models\ServerSideModel.php(197): CodeIgniter\Debug\Exceptions->errorHandler(2, 'Undefined property: stdClass::$foto', 'APPPATH\\Models\\ServerSideModel.php', 197)
 2 APPPATH\Controllers\Reseller.php(208): App\Models\ServerSideModel->getNama('14')
 3 SYSTEMPATH\CodeIgniter.php(896): App\Controllers\Reseller->chatting_()
 4 SYSTEMPATH\CodeIgniter.php(466): CodeIgniter\CodeIgniter->runController(Object(App\Controllers\Reseller))
 5 SYSTEMPATH\CodeIgniter.php(349): CodeIgniter\CodeIgniter->handleRequest(null, Object(Config\Cache), false)
 6 FCPATH\index.php(55): CodeIgniter\CodeIgniter->run()
 7 SYSTEMPATH\Commands\Server\rewrite.php(43): require_once('FCPATH\\index.php')
CRITICAL - 2022-10-31 19:13:51 --> Object of class stdClass could not be converted to string
in SYSTEMPATH\Database\Query.php on line 335.
 1 SYSTEMPATH\Database\Query.php(335): strtr('SELECT *
FROM `tbl_chat`
WHERE `id_pengirim` = :id_pengirim:
AND `id_penerima` = :id_penerima:
AND `kode_transaksi` = :kode_transaksi:
AND `topik` = :topik:', [...])
 2 SYSTEMPATH\Database\Query.php(310): CodeIgniter\Database\Query->matchNamedBinds('SELECT *
FROM `tbl_chat`
WHERE `id_pengirim` = :id_pengirim:
AND `id_penerima` = :id_penerima:
AND `kode_transaksi` = :kode_transaksi:
AND `topik` = :topik:', [...])
 3 SYSTEMPATH\Database\Query.php(159): CodeIgniter\Database\Query->compileBinds()
 4 SYSTEMPATH\Database\BaseConnection.php(609): CodeIgniter\Database\Query->getQuery()
 5 SYSTEMPATH\Database\BaseBuilder.php(1718): CodeIgniter\Database\BaseConnection->query('SELECT *
FROM `tbl_chat`
WHERE `id_pengirim` = :id_pengirim:
AND `id_penerima` = :id_penerima:
AND `kode_transaksi` = :kode_transaksi:
AND `topik` = :topik:', [...], false)
 6 APPPATH\Models\ServerSideModel.php(602): CodeIgniter\Database\BaseBuilder->getWhere([...])
 7 APPPATH\Controllers\Reseller.php(176): App\Models\ServerSideModel->createRows([...], 'tbl_chat')
 8 SYSTEMPATH\CodeIgniter.php(896): App\Controllers\Reseller->kirim_chatting('TR221031-N079X5ZJ')
 9 SYSTEMPATH\CodeIgniter.php(466): CodeIgniter\CodeIgniter->runController(Object(App\Controllers\Reseller))
10 SYSTEMPATH\CodeIgniter.php(349): CodeIgniter\CodeIgniter->handleRequest(null, Object(Config\Cache), false)
11 FCPATH\index.php(55): CodeIgniter\CodeIgniter->run()
12 SYSTEMPATH\Commands\Server\rewrite.php(43): require_once('FCPATH\\index.php')
CRITICAL - 2022-10-31 19:15:10 --> Object of class stdClass could not be converted to string
in SYSTEMPATH\Database\Query.php on line 335.
 1 SYSTEMPATH\Database\Query.php(335): strtr('INSERT INTO `tbl_chat` (`id_pengirim`, `id_penerima`, `kode_transaksi`, `topik`) VALUES (:id_pengirim:, :id_penerima:, :kode_transaksi:, :topik:)', [...])
 2 SYSTEMPATH\Database\Query.php(310): CodeIgniter\Database\Query->matchNamedBinds('INSERT INTO `tbl_chat` (`id_pengirim`, `id_penerima`, `kode_transaksi`, `topik`) VALUES (:id_pengirim:, :id_penerima:, :kode_transaksi:, :topik:)', [...])
 3 SYSTEMPATH\Database\Query.php(159): CodeIgniter\Database\Query->compileBinds()
 4 SYSTEMPATH\Database\BaseConnection.php(609): CodeIgniter\Database\Query->getQuery()
 5 SYSTEMPATH\Database\BaseBuilder.php(1904): CodeIgniter\Database\BaseConnection->query('INSERT INTO `tbl_chat` (`id_pengirim`, `id_penerima`, `kode_transaksi`, `topik`) VALUES (:id_pengirim:, :id_penerima:, :kode_transaksi:, :topik:)', [...], false)
 6 APPPATH\Models\ServerSideModel.php(611): CodeIgniter\Database\BaseBuilder->insert([...])
 7 APPPATH\Controllers\Reseller.php(176): App\Models\ServerSideModel->createRows([...], 'tbl_chat')
 8 SYSTEMPATH\CodeIgniter.php(896): App\Controllers\Reseller->kirim_chatting('TR221031-N079X5ZJ')
 9 SYSTEMPATH\CodeIgniter.php(466): CodeIgniter\CodeIgniter->runController(Object(App\Controllers\Reseller))
10 SYSTEMPATH\CodeIgniter.php(349): CodeIgniter\CodeIgniter->handleRequest(null, Object(Config\Cache), false)
11 FCPATH\index.php(55): CodeIgniter\CodeIgniter->run()
12 SYSTEMPATH\Commands\Server\rewrite.php(43): require_once('FCPATH\\index.php')
CRITICAL - 2022-10-31 19:15:19 --> Object of class stdClass could not be converted to string
in SYSTEMPATH\Database\Query.php on line 335.
 1 SYSTEMPATH\Database\Query.php(335): strtr('INSERT INTO `tbl_chat` (`id_pengirim`, `id_penerima`, `kode_transaksi`, `topik`) VALUES (:id_pengirim:, :id_penerima:, :kode_transaksi:, :topik:)', [...])
 2 SYSTEMPATH\Database\Query.php(310): CodeIgniter\Database\Query->matchNamedBinds('INSERT INTO `tbl_chat` (`id_pengirim`, `id_penerima`, `kode_transaksi`, `topik`) VALUES (:id_pengirim:, :id_penerima:, :kode_transaksi:, :topik:)', [...])
 3 SYSTEMPATH\Database\Query.php(159): CodeIgniter\Database\Query->compileBinds()
 4 SYSTEMPATH\Database\BaseConnection.php(609): CodeIgniter\Database\Query->getQuery()
 5 SYSTEMPATH\Database\BaseBuilder.php(1904): CodeIgniter\Database\BaseConnection->query('INSERT INTO `tbl_chat` (`id_pengirim`, `id_penerima`, `kode_transaksi`, `topik`) VALUES (:id_pengirim:, :id_penerima:, :kode_transaksi:, :topik:)', [...], false)
 6 APPPATH\Models\ServerSideModel.php(611): CodeIgniter\Database\BaseBuilder->insert([...])
 7 APPPATH\Controllers\Reseller.php(176): App\Models\ServerSideModel->createRows([...], 'tbl_chat')
 8 SYSTEMPATH\CodeIgniter.php(896): App\Controllers\Reseller->kirim_chatting('TR221031-N079X5ZJ')
 9 SYSTEMPATH\CodeIgniter.php(466): CodeIgniter\CodeIgniter->runController(Object(App\Controllers\Reseller))
10 SYSTEMPATH\CodeIgniter.php(349): CodeIgniter\CodeIgniter->handleRequest(null, Object(Config\Cache), false)
11 FCPATH\index.php(55): CodeIgniter\CodeIgniter->run()
12 SYSTEMPATH\Commands\Server\rewrite.php(43): require_once('FCPATH\\index.php')
CRITICAL - 2022-10-31 19:16:39 --> Object of class stdClass could not be converted to string
in SYSTEMPATH\Database\Query.php on line 335.
 1 SYSTEMPATH\Database\Query.php(335): strtr('INSERT INTO `tbl_chat` (`id_pengirim`, `id_penerima`, `kode_transaksi`, `topik`) VALUES (:id_pengirim:, :id_penerima:, :kode_transaksi:, :topik:)', [...])
 2 SYSTEMPATH\Database\Query.php(310): CodeIgniter\Database\Query->matchNamedBinds('INSERT INTO `tbl_chat` (`id_pengirim`, `id_penerima`, `kode_transaksi`, `topik`) VALUES (:id_pengirim:, :id_penerima:, :kode_transaksi:, :topik:)', [...])
 3 SYSTEMPATH\Database\Query.php(159): CodeIgniter\Database\Query->compileBinds()
 4 SYSTEMPATH\Database\BaseConnection.php(609): CodeIgniter\Database\Query->getQuery()
 5 SYSTEMPATH\Database\BaseBuilder.php(1904): CodeIgniter\Database\BaseConnection->query('INSERT INTO `tbl_chat` (`id_pengirim`, `id_penerima`, `kode_transaksi`, `topik`) VALUES (:id_pengirim:, :id_penerima:, :kode_transaksi:, :topik:)', [...], false)
 6 APPPATH\Models\ServerSideModel.php(611): CodeIgniter\Database\BaseBuilder->insert([...])
 7 APPPATH\Controllers\Reseller.php(176): App\Models\ServerSideModel->createRows([...], 'tbl_chat')
 8 SYSTEMPATH\CodeIgniter.php(896): App\Controllers\Reseller->kirim_chatting('TR221031-N079X5ZJ')
 9 SYSTEMPATH\CodeIgniter.php(466): CodeIgniter\CodeIgniter->runController(Object(App\Controllers\Reseller))
10 SYSTEMPATH\CodeIgniter.php(349): CodeIgniter\CodeIgniter->handleRequest(null, Object(Config\Cache), false)
11 FCPATH\index.php(55): CodeIgniter\CodeIgniter->run()
12 SYSTEMPATH\Commands\Server\rewrite.php(43): require_once('FCPATH\\index.php')
CRITICAL - 2022-10-31 19:18:22 --> Object of class stdClass could not be converted to string
in SYSTEMPATH\Database\Query.php on line 335.
 1 SYSTEMPATH\Database\Query.php(335): strtr('INSERT INTO `tbl_chat` (`id_pengirim`, `id_penerima`, `kode_transaksi`, `topik`) VALUES (:id_pengirim:, :id_penerima:, :kode_transaksi:, :topik:)', [...])
 2 SYSTEMPATH\Database\Query.php(310): CodeIgniter\Database\Query->matchNamedBinds('INSERT INTO `tbl_chat` (`id_pengirim`, `id_penerima`, `kode_transaksi`, `topik`) VALUES (:id_pengirim:, :id_penerima:, :kode_transaksi:, :topik:)', [...])
 3 SYSTEMPATH\Database\Query.php(159): CodeIgniter\Database\Query->compileBinds()
 4 SYSTEMPATH\Database\BaseConnection.php(609): CodeIgniter\Database\Query->getQuery()
 5 SYSTEMPATH\Database\BaseBuilder.php(1904): CodeIgniter\Database\BaseConnection->query('INSERT INTO `tbl_chat` (`id_pengirim`, `id_penerima`, `kode_transaksi`, `topik`) VALUES (:id_pengirim:, :id_penerima:, :kode_transaksi:, :topik:)', [...], false)
 6 APPPATH\Models\ServerSideModel.php(611): CodeIgniter\Database\BaseBuilder->insert([...])
 7 APPPATH\Controllers\Reseller.php(176): App\Models\ServerSideModel->createRows([...], 'tbl_chat')
 8 SYSTEMPATH\CodeIgniter.php(896): App\Controllers\Reseller->kirim_chatting('TR221031-N079X5ZJ')
 9 SYSTEMPATH\CodeIgniter.php(466): CodeIgniter\CodeIgniter->runController(Object(App\Controllers\Reseller))
10 SYSTEMPATH\CodeIgniter.php(349): CodeIgniter\CodeIgniter->handleRequest(null, Object(Config\Cache), false)
11 FCPATH\index.php(55): CodeIgniter\CodeIgniter->run()
12 SYSTEMPATH\Commands\Server\rewrite.php(43): require_once('FCPATH\\index.php')
CRITICAL - 2022-10-31 19:18:26 --> Object of class stdClass could not be converted to string
in SYSTEMPATH\Database\Query.php on line 335.
 1 SYSTEMPATH\Database\Query.php(335): strtr('INSERT INTO `tbl_chat` (`id_pengirim`, `id_penerima`, `kode_transaksi`, `topik`) VALUES (:id_pengirim:, :id_penerima:, :kode_transaksi:, :topik:)', [...])
 2 SYSTEMPATH\Database\Query.php(310): CodeIgniter\Database\Query->matchNamedBinds('INSERT INTO `tbl_chat` (`id_pengirim`, `id_penerima`, `kode_transaksi`, `topik`) VALUES (:id_pengirim:, :id_penerima:, :kode_transaksi:, :topik:)', [...])
 3 SYSTEMPATH\Database\Query.php(159): CodeIgniter\Database\Query->compileBinds()
 4 SYSTEMPATH\Database\BaseConnection.php(609): CodeIgniter\Database\Query->getQuery()
 5 SYSTEMPATH\Database\BaseBuilder.php(1904): CodeIgniter\Database\BaseConnection->query('INSERT INTO `tbl_chat` (`id_pengirim`, `id_penerima`, `kode_transaksi`, `topik`) VALUES (:id_pengirim:, :id_penerima:, :kode_transaksi:, :topik:)', [...], false)
 6 APPPATH\Models\ServerSideModel.php(611): CodeIgniter\Database\BaseBuilder->insert([...])
 7 APPPATH\Controllers\Reseller.php(176): App\Models\ServerSideModel->createRows([...], 'tbl_chat')
 8 SYSTEMPATH\CodeIgniter.php(896): App\Controllers\Reseller->kirim_chatting('TR221031-N079X5ZJ')
 9 SYSTEMPATH\CodeIgniter.php(466): CodeIgniter\CodeIgniter->runController(Object(App\Controllers\Reseller))
10 SYSTEMPATH\CodeIgniter.php(349): CodeIgniter\CodeIgniter->handleRequest(null, Object(Config\Cache), false)
11 FCPATH\index.php(55): CodeIgniter\CodeIgniter->run()
12 SYSTEMPATH\Commands\Server\rewrite.php(43): require_once('FCPATH\\index.php')
CRITICAL - 2022-10-31 19:18:35 --> Object of class stdClass could not be converted to string
in SYSTEMPATH\Database\Query.php on line 335.
 1 SYSTEMPATH\Database\Query.php(335): strtr('INSERT INTO `tbl_chat` (`id_pengirim`, `id_penerima`, `kode_transaksi`, `topik`) VALUES (:id_pengirim:, :id_penerima:, :kode_transaksi:, :topik:)', [...])
 2 SYSTEMPATH\Database\Query.php(310): CodeIgniter\Database\Query->matchNamedBinds('INSERT INTO `tbl_chat` (`id_pengirim`, `id_penerima`, `kode_transaksi`, `topik`) VALUES (:id_pengirim:, :id_penerima:, :kode_transaksi:, :topik:)', [...])
 3 SYSTEMPATH\Database\Query.php(159): CodeIgniter\Database\Query->compileBinds()
 4 SYSTEMPATH\Database\BaseConnection.php(609): CodeIgniter\Database\Query->getQuery()
 5 SYSTEMPATH\Database\BaseBuilder.php(1904): CodeIgniter\Database\BaseConnection->query('INSERT INTO `tbl_chat` (`id_pengirim`, `id_penerima`, `kode_transaksi`, `topik`) VALUES (:id_pengirim:, :id_penerima:, :kode_transaksi:, :topik:)', [...], false)
 6 APPPATH\Models\ServerSideModel.php(611): CodeIgniter\Database\BaseBuilder->insert([...])
 7 APPPATH\Controllers\Reseller.php(176): App\Models\ServerSideModel->createRows([...], 'tbl_chat')
 8 SYSTEMPATH\CodeIgniter.php(896): App\Controllers\Reseller->kirim_chatting('TR221031-N079X5ZJ')
 9 SYSTEMPATH\CodeIgniter.php(466): CodeIgniter\CodeIgniter->runController(Object(App\Controllers\Reseller))
10 SYSTEMPATH\CodeIgniter.php(349): CodeIgniter\CodeIgniter->handleRequest(null, Object(Config\Cache), false)
11 FCPATH\index.php(55): CodeIgniter\CodeIgniter->run()
12 SYSTEMPATH\Commands\Server\rewrite.php(43): require_once('FCPATH\\index.php')
CRITICAL - 2022-10-31 19:19:08 --> Object of class stdClass could not be converted to string
in SYSTEMPATH\Database\Query.php on line 335.
 1 SYSTEMPATH\Database\Query.php(335): strtr('INSERT INTO `tbl_chat` (`id_pengirim`, `id_penerima`, `kode_transaksi`, `topik`) VALUES (:id_pengirim:, :id_penerima:, :kode_transaksi:, :topik:)', [...])
 2 SYSTEMPATH\Database\Query.php(310): CodeIgniter\Database\Query->matchNamedBinds('INSERT INTO `tbl_chat` (`id_pengirim`, `id_penerima`, `kode_transaksi`, `topik`) VALUES (:id_pengirim:, :id_penerima:, :kode_transaksi:, :topik:)', [...])
 3 SYSTEMPATH\Database\Query.php(159): CodeIgniter\Database\Query->compileBinds()
 4 SYSTEMPATH\Database\BaseConnection.php(609): CodeIgniter\Database\Query->getQuery()
 5 SYSTEMPATH\Database\BaseBuilder.php(1904): CodeIgniter\Database\BaseConnection->query('INSERT INTO `tbl_chat` (`id_pengirim`, `id_penerima`, `kode_transaksi`, `topik`) VALUES (:id_pengirim:, :id_penerima:, :kode_transaksi:, :topik:)', [...], false)
 6 APPPATH\Models\ServerSideModel.php(611): CodeIgniter\Database\BaseBuilder->insert([...])
 7 APPPATH\Controllers\Reseller.php(176): App\Models\ServerSideModel->createRows([...], 'tbl_chat')
 8 SYSTEMPATH\CodeIgniter.php(896): App\Controllers\Reseller->kirim_chatting('TR221031-N079X5ZJ')
 9 SYSTEMPATH\CodeIgniter.php(466): CodeIgniter\CodeIgniter->runController(Object(App\Controllers\Reseller))
10 SYSTEMPATH\CodeIgniter.php(349): CodeIgniter\CodeIgniter->handleRequest(null, Object(Config\Cache), false)
11 FCPATH\index.php(55): CodeIgniter\CodeIgniter->run()
12 SYSTEMPATH\Commands\Server\rewrite.php(43): require_once('FCPATH\\index.php')
CRITICAL - 2022-10-31 19:22:05 --> Too few arguments to function App\Controllers\Reseller::kirim_chatting(), 0 passed in C:\xampp\htdocs\exportir-web\system\CodeIgniter.php on line 896 and exactly 1 expected
in APPPATH\Controllers\Reseller.php on line 161.
 1 SYSTEMPATH\CodeIgniter.php(896): App\Controllers\Reseller->kirim_chatting()
 2 SYSTEMPATH\CodeIgniter.php(466): CodeIgniter\CodeIgniter->runController(Object(App\Controllers\Reseller))
 3 SYSTEMPATH\CodeIgniter.php(349): CodeIgniter\CodeIgniter->handleRequest(null, Object(Config\Cache), false)
 4 FCPATH\index.php(55): CodeIgniter\CodeIgniter->run()
 5 SYSTEMPATH\Commands\Server\rewrite.php(43): require_once('FCPATH\\index.php')
CRITICAL - 2022-10-31 19:23:26 --> Object of class stdClass could not be converted to string
in SYSTEMPATH\Database\Query.php on line 335.
 1 SYSTEMPATH\Database\Query.php(335): strtr('INSERT INTO `tbl_chat` (`id_pengirim`, `id_penerima`, `kode_transaksi`, `topik`) VALUES (:id_pengirim:, :id_penerima:, :kode_transaksi:, :topik:)', [...])
 2 SYSTEMPATH\Database\Query.php(310): CodeIgniter\Database\Query->matchNamedBinds('INSERT INTO `tbl_chat` (`id_pengirim`, `id_penerima`, `kode_transaksi`, `topik`) VALUES (:id_pengirim:, :id_penerima:, :kode_transaksi:, :topik:)', [...])
 3 SYSTEMPATH\Database\Query.php(159): CodeIgniter\Database\Query->compileBinds()
 4 SYSTEMPATH\Database\BaseConnection.php(609): CodeIgniter\Database\Query->getQuery()
 5 SYSTEMPATH\Database\BaseBuilder.php(1904): CodeIgniter\Database\BaseConnection->query('INSERT INTO `tbl_chat` (`id_pengirim`, `id_penerima`, `kode_transaksi`, `topik`) VALUES (:id_pengirim:, :id_penerima:, :kode_transaksi:, :topik:)', [...], false)
 6 APPPATH\Models\ServerSideModel.php(611): CodeIgniter\Database\BaseBuilder->insert([...])
 7 APPPATH\Controllers\Reseller.php(177): App\Models\ServerSideModel->createRows([...], 'tbl_chat')
 8 SYSTEMPATH\CodeIgniter.php(896): App\Controllers\Reseller->kirim_chatting()
 9 SYSTEMPATH\CodeIgniter.php(466): CodeIgniter\CodeIgniter->runController(Object(App\Controllers\Reseller))
10 SYSTEMPATH\CodeIgniter.php(349): CodeIgniter\CodeIgniter->handleRequest(null, Object(Config\Cache), false)
11 FCPATH\index.php(55): CodeIgniter\CodeIgniter->run()
12 SYSTEMPATH\Commands\Server\rewrite.php(43): require_once('FCPATH\\index.php')
CRITICAL - 2022-10-31 19:23:33 --> Object of class stdClass could not be converted to string
in SYSTEMPATH\Database\Query.php on line 335.
 1 SYSTEMPATH\Database\Query.php(335): strtr('INSERT INTO `tbl_chat` (`id_pengirim`, `id_penerima`, `kode_transaksi`, `topik`) VALUES (:id_pengirim:, :id_penerima:, :kode_transaksi:, :topik:)', [...])
 2 SYSTEMPATH\Database\Query.php(310): CodeIgniter\Database\Query->matchNamedBinds('INSERT INTO `tbl_chat` (`id_pengirim`, `id_penerima`, `kode_transaksi`, `topik`) VALUES (:id_pengirim:, :id_penerima:, :kode_transaksi:, :topik:)', [...])
 3 SYSTEMPATH\Database\Query.php(159): CodeIgniter\Database\Query->compileBinds()
 4 SYSTEMPATH\Database\BaseConnection.php(609): CodeIgniter\Database\Query->getQuery()
 5 SYSTEMPATH\Database\BaseBuilder.php(1904): CodeIgniter\Database\BaseConnection->query('INSERT INTO `tbl_chat` (`id_pengirim`, `id_penerima`, `kode_transaksi`, `topik`) VALUES (:id_pengirim:, :id_penerima:, :kode_transaksi:, :topik:)', [...], false)
 6 APPPATH\Models\ServerSideModel.php(611): CodeIgniter\Database\BaseBuilder->insert([...])
 7 APPPATH\Controllers\Reseller.php(177): App\Models\ServerSideModel->createRows([...], 'tbl_chat')
 8 SYSTEMPATH\CodeIgniter.php(896): App\Controllers\Reseller->kirim_chatting()
 9 SYSTEMPATH\CodeIgniter.php(466): CodeIgniter\CodeIgniter->runController(Object(App\Controllers\Reseller))
10 SYSTEMPATH\CodeIgniter.php(349): CodeIgniter\CodeIgniter->handleRequest(null, Object(Config\Cache), false)
11 FCPATH\index.php(55): CodeIgniter\CodeIgniter->run()
12 SYSTEMPATH\Commands\Server\rewrite.php(43): require_once('FCPATH\\index.php')
CRITICAL - 2022-10-31 19:25:29 --> Object of class stdClass could not be converted to string
in SYSTEMPATH\Database\Query.php on line 335.
 1 SYSTEMPATH\Database\Query.php(335): strtr('INSERT INTO `tbl_chat` (`id_pengirim`, `id_penerima`, `kode_transaksi`, `topik`) VALUES (:id_pengirim:, :id_penerima:, :kode_transaksi:, :topik:)', [...])
 2 SYSTEMPATH\Database\Query.php(310): CodeIgniter\Database\Query->matchNamedBinds('INSERT INTO `tbl_chat` (`id_pengirim`, `id_penerima`, `kode_transaksi`, `topik`) VALUES (:id_pengirim:, :id_penerima:, :kode_transaksi:, :topik:)', [...])
 3 SYSTEMPATH\Database\Query.php(159): CodeIgniter\Database\Query->compileBinds()
 4 SYSTEMPATH\Database\BaseConnection.php(609): CodeIgniter\Database\Query->getQuery()
 5 SYSTEMPATH\Database\BaseBuilder.php(1904): CodeIgniter\Database\BaseConnection->query('INSERT INTO `tbl_chat` (`id_pengirim`, `id_penerima`, `kode_transaksi`, `topik`) VALUES (:id_pengirim:, :id_penerima:, :kode_transaksi:, :topik:)', [...], false)
 6 APPPATH\Models\ServerSideModel.php(611): CodeIgniter\Database\BaseBuilder->insert([...])
 7 APPPATH\Controllers\Reseller.php(177): App\Models\ServerSideModel->createRows([...], 'tbl_chat')
 8 SYSTEMPATH\CodeIgniter.php(896): App\Controllers\Reseller->kirim_chatting()
 9 SYSTEMPATH\CodeIgniter.php(466): CodeIgniter\CodeIgniter->runController(Object(App\Controllers\Reseller))
10 SYSTEMPATH\CodeIgniter.php(349): CodeIgniter\CodeIgniter->handleRequest(null, Object(Config\Cache), false)
11 FCPATH\index.php(55): CodeIgniter\CodeIgniter->run()
12 SYSTEMPATH\Commands\Server\rewrite.php(43): require_once('FCPATH\\index.php')
CRITICAL - 2022-10-31 19:26:32 --> Object of class stdClass could not be converted to string
in SYSTEMPATH\Database\Query.php on line 335.
 1 SYSTEMPATH\Database\Query.php(335): strtr('INSERT INTO `tbl_chat` (`id_pengirim`, `id_penerima`, `kode_transaksi`, `topik`) VALUES (:id_pengirim:, :id_penerima:, :kode_transaksi:, :topik:)', [...])
 2 SYSTEMPATH\Database\Query.php(310): CodeIgniter\Database\Query->matchNamedBinds('INSERT INTO `tbl_chat` (`id_pengirim`, `id_penerima`, `kode_transaksi`, `topik`) VALUES (:id_pengirim:, :id_penerima:, :kode_transaksi:, :topik:)', [...])
 3 SYSTEMPATH\Database\Query.php(159): CodeIgniter\Database\Query->compileBinds()
 4 SYSTEMPATH\Database\BaseConnection.php(609): CodeIgniter\Database\Query->getQuery()
 5 SYSTEMPATH\Database\BaseBuilder.php(1904): CodeIgniter\Database\BaseConnection->query('INSERT INTO `tbl_chat` (`id_pengirim`, `id_penerima`, `kode_transaksi`, `topik`) VALUES (:id_pengirim:, :id_penerima:, :kode_transaksi:, :topik:)', [...], false)
 6 APPPATH\Models\ServerSideModel.php(611): CodeIgniter\Database\BaseBuilder->insert([...])
 7 APPPATH\Controllers\Reseller.php(177): App\Models\ServerSideModel->createRows([...], 'tbl_chat')
 8 SYSTEMPATH\CodeIgniter.php(896): App\Controllers\Reseller->kirim_chatting()
 9 SYSTEMPATH\CodeIgniter.php(466): CodeIgniter\CodeIgniter->runController(Object(App\Controllers\Reseller))
10 SYSTEMPATH\CodeIgniter.php(349): CodeIgniter\CodeIgniter->handleRequest(null, Object(Config\Cache), false)
11 FCPATH\index.php(55): CodeIgniter\CodeIgniter->run()
12 SYSTEMPATH\Commands\Server\rewrite.php(43): require_once('FCPATH\\index.php')
CRITICAL - 2022-10-31 19:27:20 --> Object of class stdClass could not be converted to string
in SYSTEMPATH\Database\Query.php on line 335.
 1 SYSTEMPATH\Database\Query.php(335): strtr('INSERT INTO `tbl_chat` (`id_pengirim`, `id_penerima`, `kode_transaksi`, `topik`) VALUES (:id_pengirim:, :id_penerima:, :kode_transaksi:, :topik:)', [...])
 2 SYSTEMPATH\Database\Query.php(310): CodeIgniter\Database\Query->matchNamedBinds('INSERT INTO `tbl_chat` (`id_pengirim`, `id_penerima`, `kode_transaksi`, `topik`) VALUES (:id_pengirim:, :id_penerima:, :kode_transaksi:, :topik:)', [...])
 3 SYSTEMPATH\Database\Query.php(159): CodeIgniter\Database\Query->compileBinds()
 4 SYSTEMPATH\Database\BaseConnection.php(609): CodeIgniter\Database\Query->getQuery()
 5 SYSTEMPATH\Database\BaseBuilder.php(1904): CodeIgniter\Database\BaseConnection->query('INSERT INTO `tbl_chat` (`id_pengirim`, `id_penerima`, `kode_transaksi`, `topik`) VALUES (:id_pengirim:, :id_penerima:, :kode_transaksi:, :topik:)', [...], false)
 6 APPPATH\Models\ServerSideModel.php(611): CodeIgniter\Database\BaseBuilder->insert([...])
 7 APPPATH\Controllers\Reseller.php(177): App\Models\ServerSideModel->createRows([...], 'tbl_chat')
 8 SYSTEMPATH\CodeIgniter.php(896): App\Controllers\Reseller->kirim_chatting()
 9 SYSTEMPATH\CodeIgniter.php(466): CodeIgniter\CodeIgniter->runController(Object(App\Controllers\Reseller))
10 SYSTEMPATH\CodeIgniter.php(349): CodeIgniter\CodeIgniter->handleRequest(null, Object(Config\Cache), false)
11 FCPATH\index.php(55): CodeIgniter\CodeIgniter->run()
12 SYSTEMPATH\Commands\Server\rewrite.php(43): require_once('FCPATH\\index.php')
CRITICAL - 2022-10-31 19:28:21 --> Object of class stdClass could not be converted to string
in SYSTEMPATH\Database\Query.php on line 335.
 1 SYSTEMPATH\Database\Query.php(335): strtr('INSERT INTO `tbl_chat` (`id_pengirim`, `id_penerima`, `kode_transaksi`, `topik`) VALUES (:id_pengirim:, :id_penerima:, :kode_transaksi:, :topik:)', [...])
 2 SYSTEMPATH\Database\Query.php(310): CodeIgniter\Database\Query->matchNamedBinds('INSERT INTO `tbl_chat` (`id_pengirim`, `id_penerima`, `kode_transaksi`, `topik`) VALUES (:id_pengirim:, :id_penerima:, :kode_transaksi:, :topik:)', [...])
 3 SYSTEMPATH\Database\Query.php(159): CodeIgniter\Database\Query->compileBinds()
 4 SYSTEMPATH\Database\BaseConnection.php(609): CodeIgniter\Database\Query->getQuery()
 5 SYSTEMPATH\Database\BaseBuilder.php(1904): CodeIgniter\Database\BaseConnection->query('INSERT INTO `tbl_chat` (`id_pengirim`, `id_penerima`, `kode_transaksi`, `topik`) VALUES (:id_pengirim:, :id_penerima:, :kode_transaksi:, :topik:)', [...], false)
 6 APPPATH\Models\ServerSideModel.php(611): CodeIgniter\Database\BaseBuilder->insert([...])
 7 APPPATH\Controllers\Reseller.php(177): App\Models\ServerSideModel->createRows([...], 'tbl_chat')
 8 SYSTEMPATH\CodeIgniter.php(896): App\Controllers\Reseller->kirim_chatting()
 9 SYSTEMPATH\CodeIgniter.php(466): CodeIgniter\CodeIgniter->runController(Object(App\Controllers\Reseller))
10 SYSTEMPATH\CodeIgniter.php(349): CodeIgniter\CodeIgniter->handleRequest(null, Object(Config\Cache), false)
11 FCPATH\index.php(55): CodeIgniter\CodeIgniter->run()
12 SYSTEMPATH\Commands\Server\rewrite.php(43): require_once('FCPATH\\index.php')
CRITICAL - 2022-10-31 19:29:55 --> Attempt to read property "nama" on null
in APPPATH\Models\ServerSideModel.php on line 206.
 1 APPPATH\Models\ServerSideModel.php(206): CodeIgniter\Debug\Exceptions->errorHandler(2, 'Attempt to read property "nama" on null', 'APPPATH\\Models\\ServerSideModel.php', 206)
 2 APPPATH\Controllers\Reseller.php(212): App\Models\ServerSideModel->getNama('1')
 3 SYSTEMPATH\CodeIgniter.php(896): App\Controllers\Reseller->chatting_()
 4 SYSTEMPATH\CodeIgniter.php(466): CodeIgniter\CodeIgniter->runController(Object(App\Controllers\Reseller))
 5 SYSTEMPATH\CodeIgniter.php(349): CodeIgniter\CodeIgniter->handleRequest(null, Object(Config\Cache), false)
 6 FCPATH\index.php(55): CodeIgniter\CodeIgniter->run()
 7 SYSTEMPATH\Commands\Server\rewrite.php(43): require_once('FCPATH\\index.php')
CRITICAL - 2022-10-31 19:30:28 --> Attempt to read property "nama" on null
in APPPATH\Models\ServerSideModel.php on line 206.
 1 APPPATH\Models\ServerSideModel.php(206): CodeIgniter\Debug\Exceptions->errorHandler(2, 'Attempt to read property "nama" on null', 'APPPATH\\Models\\ServerSideModel.php', 206)
 2 APPPATH\Controllers\Reseller.php(212): App\Models\ServerSideModel->getNama('1')
 3 SYSTEMPATH\CodeIgniter.php(896): App\Controllers\Reseller->chatting_()
 4 SYSTEMPATH\CodeIgniter.php(466): CodeIgniter\CodeIgniter->runController(Object(App\Controllers\Reseller))
 5 SYSTEMPATH\CodeIgniter.php(349): CodeIgniter\CodeIgniter->handleRequest(null, Object(Config\Cache), false)
 6 FCPATH\index.php(55): CodeIgniter\CodeIgniter->run()
 7 SYSTEMPATH\Commands\Server\rewrite.php(43): require_once('FCPATH\\index.php')
CRITICAL - 2022-10-31 19:44:58 --> You must set the database table to be used with your query.
in SYSTEMPATH\Database\BaseConnection.php on line 874.
 1 SYSTEMPATH\Model.php(586): CodeIgniter\Database\BaseConnection->table(null)
 2 SYSTEMPATH\Model.php(763): CodeIgniter\Model->builder()
 3 APPPATH\Controllers\Admin.php(1179): CodeIgniter\Model->__call('updateKonfirmasiBayar', [...])
 4 SYSTEMPATH\CodeIgniter.php(896): App\Controllers\Admin->konfirmasi_bayar()
 5 SYSTEMPATH\CodeIgniter.php(466): CodeIgniter\CodeIgniter->runController(Object(App\Controllers\Admin))
 6 SYSTEMPATH\CodeIgniter.php(349): CodeIgniter\CodeIgniter->handleRequest(null, Object(Config\Cache), false)
 7 FCPATH\index.php(55): CodeIgniter\CodeIgniter->run()
 8 SYSTEMPATH\Commands\Server\rewrite.php(43): require_once('FCPATH\\index.php')
CRITICAL - 2022-10-31 19:45:08 --> You must set the database table to be used with your query.
in SYSTEMPATH\Database\BaseConnection.php on line 874.
 1 SYSTEMPATH\Model.php(586): CodeIgniter\Database\BaseConnection->table(null)
 2 SYSTEMPATH\Model.php(763): CodeIgniter\Model->builder()
 3 APPPATH\Controllers\Admin.php(1179): CodeIgniter\Model->__call('updateKonfirmasiBayar', [...])
 4 SYSTEMPATH\CodeIgniter.php(896): App\Controllers\Admin->konfirmasi_bayar()
 5 SYSTEMPATH\CodeIgniter.php(466): CodeIgniter\CodeIgniter->runController(Object(App\Controllers\Admin))
 6 SYSTEMPATH\CodeIgniter.php(349): CodeIgniter\CodeIgniter->handleRequest(null, Object(Config\Cache), false)
 7 FCPATH\index.php(55): CodeIgniter\CodeIgniter->run()
 8 SYSTEMPATH\Commands\Server\rewrite.php(43): require_once('FCPATH\\index.php')
