CRITICAL - 2022-10-25 02:00:49 --> Undefined property: stdClass::$slug
in APPPATH\Views\frontend\produk.php on line 74.
 1 APPPATH\Views\frontend\produk.php(74): CodeIgniter\Debug\Exceptions->errorHandler(2, 'Undefined property: stdClass::$slug', 'APPPATH\\Views\\frontend\\produk.php', 74)
 2 SYSTEMPATH\View\View.php(213): include('APPPATH\\Views\\frontend\\produk.php')
 3 SYSTEMPATH\View\View.php(216): CodeIgniter\View\View->CodeIgniter\View\{closure}()
 4 SYSTEMPATH\Common.php(1135): CodeIgniter\View\View->render('frontend/produk', [], true)
 5 APPPATH\Views\template\fruitkha.php(110): view('frontend/produk')
 6 SYSTEMPATH\View\View.php(213): include('APPPATH\\Views\\template\\fruitkha.php')
 7 SYSTEMPATH\View\View.php(216): CodeIgniter\View\View->CodeIgniter\View\{closure}()
 8 SYSTEMPATH\Common.php(1135): CodeIgniter\View\View->render('template/fruitkha', [], true)
 9 APPPATH\Controllers\Frontend.php(177): view('template/fruitkha', [...])
10 SYSTEMPATH\CodeIgniter.php(896): App\Controllers\Frontend->produk('7')
11 SYSTEMPATH\CodeIgniter.php(466): CodeIgniter\CodeIgniter->runController(Object(App\Controllers\Frontend))
12 SYSTEMPATH\CodeIgniter.php(349): CodeIgniter\CodeIgniter->handleRequest(null, Object(Config\Cache), false)
13 FCPATH\index.php(55): CodeIgniter\CodeIgniter->run()
14 SYSTEMPATH\Commands\Server\rewrite.php(43): require_once('FCPATH\\index.php')
CRITICAL - 2022-10-25 10:49:47 --> Undefined property: App\Controllers\Login::$db
in APPPATH\Controllers\Login.php on line 14.
 1 APPPATH\Controllers\Login.php(14): CodeIgniter\Debug\Exceptions->errorHandler(2, 'Undefined property: App\\Controllers\\Login::$db', 'APPPATH\\Controllers\\Login.php', 14)
 2 SYSTEMPATH\CodeIgniter.php(896): App\Controllers\Login->daftar()
 3 SYSTEMPATH\CodeIgniter.php(466): CodeIgniter\CodeIgniter->runController(Object(App\Controllers\Login))
 4 SYSTEMPATH\CodeIgniter.php(349): CodeIgniter\CodeIgniter->handleRequest(null, Object(Config\Cache), false)
 5 FCPATH\index.php(55): CodeIgniter\CodeIgniter->run()
 6 SYSTEMPATH\Commands\Server\rewrite.php(43): require_once('FCPATH\\index.php')
ERROR - 2022-10-25 11:44:53 --> Table 'ex-web.tbl_pembayaran' doesn't exist
CRITICAL - 2022-10-25 11:44:53 --> Table 'ex-web.tbl_pembayaran' doesn't exist
in SYSTEMPATH\Database\MySQLi\Connection.php on line 292.
 1 SYSTEMPATH\Database\MySQLi\Connection.php(292): mysqli->query(' select
                    tbl_pembayaran.id,
                    tbl_pembayaran.total_tagihan,
                    tbl_pembayaran.create_date,
                    tbl_pembayaran.bukti_url,
                    tbl_pembayaran.status as status_bayar,
                    tbl_transaksi.status,
                    tbl_transaksi.id as id_transaksi,
                    tbl_transaksi.kode_transaksi,
                    tbl_transaksi.jumlah,
                    tbl_transaksi.ongkir,
                    tbl_transaksi.nama as nama_penerima,
                    tbl_transaksi.email as email_penerima,
                    tbl_transaksi.nohp as nohp_penerima,
                    tbl_transaksi.alamat as alamat_penerima,
                    tbl_transaksi.keterangan as ket_penerima,
                    tbl_transaksi.kurir,
                    tbl_transaksi.service,
                    tbl_umkm.nama as umkm,
                    tbl_pengguna.nama
                from tbl_pembayaran
                    left join tbl_transaksi on tbl_transaksi.id_pembayaran = tbl_pembayaran.id
                    left join tbl_pengguna on tbl_pengguna.id = tbl_transaksi.id_pengguna
                    left join tbl_umkm on tbl_umkm.id = tbl_transaksi.id_umkm
            where tbl_transaksi.id_umkm = \'7\'  order by tbl_pembayaran.create_date desc limit 0,30', 0)
 2 SYSTEMPATH\Database\BaseConnection.php(695): CodeIgniter\Database\MySQLi\Connection->execute(' select
                    tbl_pembayaran.id,
                    tbl_pembayaran.total_tagihan,
                    tbl_pembayaran.create_date,
                    tbl_pembayaran.bukti_url,
                    tbl_pembayaran.status as status_bayar,
                    tbl_transaksi.status,
                    tbl_transaksi.id as id_transaksi,
                    tbl_transaksi.kode_transaksi,
                    tbl_transaksi.jumlah,
                    tbl_transaksi.ongkir,
                    tbl_transaksi.nama as nama_penerima,
                    tbl_transaksi.email as email_penerima,
                    tbl_transaksi.nohp as nohp_penerima,
                    tbl_transaksi.alamat as alamat_penerima,
                    tbl_transaksi.keterangan as ket_penerima,
                    tbl_transaksi.kurir,
                    tbl_transaksi.service,
                    tbl_umkm.nama as umkm,
                    tbl_pengguna.nama
                from tbl_pembayaran
                    left join tbl_transaksi on tbl_transaksi.id_pembayaran = tbl_pembayaran.id
                    left join tbl_pengguna on tbl_pengguna.id = tbl_transaksi.id_pengguna
                    left join tbl_umkm on tbl_umkm.id = tbl_transaksi.id_umkm
            where tbl_transaksi.id_umkm = \'7\'  order by tbl_pembayaran.create_date desc limit 0,30')
 3 SYSTEMPATH\Database\BaseConnection.php(609): CodeIgniter\Database\BaseConnection->simpleQuery(' select
                    tbl_pembayaran.id,
                    tbl_pembayaran.total_tagihan,
                    tbl_pembayaran.create_date,
                    tbl_pembayaran.bukti_url,
                    tbl_pembayaran.status as status_bayar,
                    tbl_transaksi.status,
                    tbl_transaksi.id as id_transaksi,
                    tbl_transaksi.kode_transaksi,
                    tbl_transaksi.jumlah,
                    tbl_transaksi.ongkir,
                    tbl_transaksi.nama as nama_penerima,
                    tbl_transaksi.email as email_penerima,
                    tbl_transaksi.nohp as nohp_penerima,
                    tbl_transaksi.alamat as alamat_penerima,
                    tbl_transaksi.keterangan as ket_penerima,
                    tbl_transaksi.kurir,
                    tbl_transaksi.service,
                    tbl_umkm.nama as umkm,
                    tbl_pengguna.nama
                from tbl_pembayaran
                    left join tbl_transaksi on tbl_transaksi.id_pembayaran = tbl_pembayaran.id
                    left join tbl_pengguna on tbl_pengguna.id = tbl_transaksi.id_pengguna
                    left join tbl_umkm on tbl_umkm.id = tbl_transaksi.id_umkm
            where tbl_transaksi.id_umkm = \'7\'  order by tbl_pembayaran.create_date desc limit 0,30')
 4 APPPATH\Models\LaporanModel.php(91): CodeIgniter\Database\BaseConnection->query(' select
                    tbl_pembayaran.id,
                    tbl_pembayaran.total_tagihan,
                    tbl_pembayaran.create_date,
                    tbl_pembayaran.bukti_url,
                    tbl_pembayaran.status as status_bayar,
                    tbl_transaksi.status,
                    tbl_transaksi.id as id_transaksi,
                    tbl_transaksi.kode_transaksi,
                    tbl_transaksi.jumlah,
                    tbl_transaksi.ongkir,
                    tbl_transaksi.nama as nama_penerima,
                    tbl_transaksi.email as email_penerima,
                    tbl_transaksi.nohp as nohp_penerima,
                    tbl_transaksi.alamat as alamat_penerima,
                    tbl_transaksi.keterangan as ket_penerima,
                    tbl_transaksi.kurir,
                    tbl_transaksi.service,
                    tbl_umkm.nama as umkm,
                    tbl_pengguna.nama
                from tbl_pembayaran
                    left join tbl_transaksi on tbl_transaksi.id_pembayaran = tbl_pembayaran.id
                    left join tbl_pengguna on tbl_pengguna.id = tbl_transaksi.id_pengguna
                    left join tbl_umkm on tbl_umkm.id = tbl_transaksi.id_umkm
            where tbl_transaksi.id_umkm = ?  order by tbl_pembayaran.create_date desc limit 0,30', [...])
 5 APPPATH\Controllers\Umkm.php(126): App\Models\LaporanModel->laporan_transaksi()
 6 SYSTEMPATH\CodeIgniter.php(896): App\Controllers\Umkm->transaksi_()
 7 SYSTEMPATH\CodeIgniter.php(466): CodeIgniter\CodeIgniter->runController(Object(App\Controllers\Umkm))
 8 SYSTEMPATH\CodeIgniter.php(349): CodeIgniter\CodeIgniter->handleRequest(null, Object(Config\Cache), false)
 9 FCPATH\index.php(55): CodeIgniter\CodeIgniter->run()
10 SYSTEMPATH\Commands\Server\rewrite.php(43): require_once('FCPATH\\index.php')
ERROR - 2022-10-25 11:45:25 --> Table 'ex-web.tbl_pembayaran' doesn't exist
CRITICAL - 2022-10-25 11:45:25 --> Table 'ex-web.tbl_pembayaran' doesn't exist
in SYSTEMPATH\Database\MySQLi\Connection.php on line 292.
 1 SYSTEMPATH\Database\MySQLi\Connection.php(292): mysqli->query(' select
                    tbl_pembayaran.id,
                    tbl_pembayaran.total_tagihan,
                    tbl_pembayaran.create_date,
                    tbl_pembayaran.bukti_url,
                    tbl_pembayaran.status as status_bayar,
                    tbl_transaksi.status,
                    tbl_transaksi.id as id_transaksi,
                    tbl_transaksi.kode_transaksi,
                    tbl_transaksi.jumlah,
                    tbl_transaksi.ongkir,
                    tbl_transaksi.nama as nama_penerima,
                    tbl_transaksi.email as email_penerima,
                    tbl_transaksi.nohp as nohp_penerima,
                    tbl_transaksi.alamat as alamat_penerima,
                    tbl_transaksi.keterangan as ket_penerima,
                    tbl_transaksi.kurir,
                    tbl_transaksi.service,
                    tbl_umkm.nama as umkm,
                    tbl_pengguna.nama
                from tbl_pembayaran
                    left join tbl_transaksi on tbl_transaksi.id_pembayaran = tbl_pembayaran.id
                    left join tbl_pengguna on tbl_pengguna.id = tbl_transaksi.id_pengguna
                    left join tbl_umkm on tbl_umkm.id = tbl_transaksi.id_umkm
            where tbl_transaksi.id_umkm = \'7\'  order by tbl_pembayaran.create_date desc limit 0,30', 0)
 2 SYSTEMPATH\Database\BaseConnection.php(695): CodeIgniter\Database\MySQLi\Connection->execute(' select
                    tbl_pembayaran.id,
                    tbl_pembayaran.total_tagihan,
                    tbl_pembayaran.create_date,
                    tbl_pembayaran.bukti_url,
                    tbl_pembayaran.status as status_bayar,
                    tbl_transaksi.status,
                    tbl_transaksi.id as id_transaksi,
                    tbl_transaksi.kode_transaksi,
                    tbl_transaksi.jumlah,
                    tbl_transaksi.ongkir,
                    tbl_transaksi.nama as nama_penerima,
                    tbl_transaksi.email as email_penerima,
                    tbl_transaksi.nohp as nohp_penerima,
                    tbl_transaksi.alamat as alamat_penerima,
                    tbl_transaksi.keterangan as ket_penerima,
                    tbl_transaksi.kurir,
                    tbl_transaksi.service,
                    tbl_umkm.nama as umkm,
                    tbl_pengguna.nama
                from tbl_pembayaran
                    left join tbl_transaksi on tbl_transaksi.id_pembayaran = tbl_pembayaran.id
                    left join tbl_pengguna on tbl_pengguna.id = tbl_transaksi.id_pengguna
                    left join tbl_umkm on tbl_umkm.id = tbl_transaksi.id_umkm
            where tbl_transaksi.id_umkm = \'7\'  order by tbl_pembayaran.create_date desc limit 0,30')
 3 SYSTEMPATH\Database\BaseConnection.php(609): CodeIgniter\Database\BaseConnection->simpleQuery(' select
                    tbl_pembayaran.id,
                    tbl_pembayaran.total_tagihan,
                    tbl_pembayaran.create_date,
                    tbl_pembayaran.bukti_url,
                    tbl_pembayaran.status as status_bayar,
                    tbl_transaksi.status,
                    tbl_transaksi.id as id_transaksi,
                    tbl_transaksi.kode_transaksi,
                    tbl_transaksi.jumlah,
                    tbl_transaksi.ongkir,
                    tbl_transaksi.nama as nama_penerima,
                    tbl_transaksi.email as email_penerima,
                    tbl_transaksi.nohp as nohp_penerima,
                    tbl_transaksi.alamat as alamat_penerima,
                    tbl_transaksi.keterangan as ket_penerima,
                    tbl_transaksi.kurir,
                    tbl_transaksi.service,
                    tbl_umkm.nama as umkm,
                    tbl_pengguna.nama
                from tbl_pembayaran
                    left join tbl_transaksi on tbl_transaksi.id_pembayaran = tbl_pembayaran.id
                    left join tbl_pengguna on tbl_pengguna.id = tbl_transaksi.id_pengguna
                    left join tbl_umkm on tbl_umkm.id = tbl_transaksi.id_umkm
            where tbl_transaksi.id_umkm = \'7\'  order by tbl_pembayaran.create_date desc limit 0,30')
 4 APPPATH\Models\LaporanModel.php(91): CodeIgniter\Database\BaseConnection->query(' select
                    tbl_pembayaran.id,
                    tbl_pembayaran.total_tagihan,
                    tbl_pembayaran.create_date,
                    tbl_pembayaran.bukti_url,
                    tbl_pembayaran.status as status_bayar,
                    tbl_transaksi.status,
                    tbl_transaksi.id as id_transaksi,
                    tbl_transaksi.kode_transaksi,
                    tbl_transaksi.jumlah,
                    tbl_transaksi.ongkir,
                    tbl_transaksi.nama as nama_penerima,
                    tbl_transaksi.email as email_penerima,
                    tbl_transaksi.nohp as nohp_penerima,
                    tbl_transaksi.alamat as alamat_penerima,
                    tbl_transaksi.keterangan as ket_penerima,
                    tbl_transaksi.kurir,
                    tbl_transaksi.service,
                    tbl_umkm.nama as umkm,
                    tbl_pengguna.nama
                from tbl_pembayaran
                    left join tbl_transaksi on tbl_transaksi.id_pembayaran = tbl_pembayaran.id
                    left join tbl_pengguna on tbl_pengguna.id = tbl_transaksi.id_pengguna
                    left join tbl_umkm on tbl_umkm.id = tbl_transaksi.id_umkm
            where tbl_transaksi.id_umkm = ?  order by tbl_pembayaran.create_date desc limit 0,30', [...])
 5 APPPATH\Controllers\Umkm.php(126): App\Models\LaporanModel->laporan_transaksi()
 6 SYSTEMPATH\CodeIgniter.php(896): App\Controllers\Umkm->transaksi_()
 7 SYSTEMPATH\CodeIgniter.php(466): CodeIgniter\CodeIgniter->runController(Object(App\Controllers\Umkm))
 8 SYSTEMPATH\CodeIgniter.php(349): CodeIgniter\CodeIgniter->handleRequest(null, Object(Config\Cache), false)
 9 FCPATH\index.php(55): CodeIgniter\CodeIgniter->run()
10 SYSTEMPATH\Commands\Server\rewrite.php(43): require_once('FCPATH\\index.php')
CRITICAL - 2022-10-25 12:27:33 --> CodeIgniter\Database\MySQLi\Connection::_escapeString(): Argument #1 ($str) must be of type string, null given, called in C:\xampp\htdocs\exportir-web\system\Database\BaseConnection.php on line 1260
in SYSTEMPATH\Database\MySQLi\Connection.php on line 329.
 1 SYSTEMPATH\Database\BaseConnection.php(1260): CodeIgniter\Database\MySQLi\Connection->_escapeString(null)
 2 APPPATH\Models\LaporanModel.php(51): CodeIgniter\Database\BaseConnection->escapeString(null)
 3 APPPATH\Models\LaporanModel.php(85): App\Models\LaporanModel->datatables_transaksi()
 4 APPPATH\Controllers\Umkm.php(126): App\Models\LaporanModel->laporan_transaksi()
 5 SYSTEMPATH\CodeIgniter.php(896): App\Controllers\Umkm->transaksi_()
 6 SYSTEMPATH\CodeIgniter.php(466): CodeIgniter\CodeIgniter->runController(Object(App\Controllers\Umkm))
 7 SYSTEMPATH\CodeIgniter.php(349): CodeIgniter\CodeIgniter->handleRequest(null, Object(Config\Cache), false)
 8 FCPATH\index.php(55): CodeIgniter\CodeIgniter->run()
 9 SYSTEMPATH\Commands\Server\rewrite.php(43): require_once('FCPATH\\index.php')
ERROR - 2022-10-25 12:40:54 --> Unknown column 'tbl_transaksi.id_pengguna' in 'where clause'
CRITICAL - 2022-10-25 12:40:54 --> Unknown column 'tbl_transaksi.id_pengguna' in 'where clause'
in SYSTEMPATH\Database\MySQLi\Connection.php on line 292.
 1 SYSTEMPATH\Database\MySQLi\Connection.php(292): mysqli->query('SELECT *
        FROM tbl_transaksi_pembayaran 
        WHERE no_kerjasama IS NULL  AND tbl_transaksi.id_pengguna = 17   AND (tbl_transaksi.create_date BETWEEN \'2022-10-01 00:00:00\' AND \'2022-10-31 23:59:59\')  AND (  kode_bayar like \'%%\'  )  ORDER BY tbl_transaksi.create_date DESC limit 0,30', 0)
 2 SYSTEMPATH\Database\BaseConnection.php(695): CodeIgniter\Database\MySQLi\Connection->execute('SELECT *
        FROM tbl_transaksi_pembayaran 
        WHERE no_kerjasama IS NULL  AND tbl_transaksi.id_pengguna = 17   AND (tbl_transaksi.create_date BETWEEN \'2022-10-01 00:00:00\' AND \'2022-10-31 23:59:59\')  AND (  kode_bayar like \'%%\'  )  ORDER BY tbl_transaksi.create_date DESC limit 0,30')
 3 SYSTEMPATH\Database\BaseConnection.php(609): CodeIgniter\Database\BaseConnection->simpleQuery('SELECT *
        FROM tbl_transaksi_pembayaran 
        WHERE no_kerjasama IS NULL  AND tbl_transaksi.id_pengguna = 17   AND (tbl_transaksi.create_date BETWEEN \'2022-10-01 00:00:00\' AND \'2022-10-31 23:59:59\')  AND (  kode_bayar like \'%%\'  )  ORDER BY tbl_transaksi.create_date DESC limit 0,30')
 4 APPPATH\Models\TransaksiModel.php(133): CodeIgniter\Database\BaseConnection->query('SELECT *
        FROM tbl_transaksi_pembayaran 
        WHERE no_kerjasama IS NULL  AND tbl_transaksi.id_pengguna = 17   AND (tbl_transaksi.create_date BETWEEN \'2022-10-01 00:00:00\' AND \'2022-10-31 23:59:59\')  AND (  kode_bayar like \'%%\'  )  ORDER BY tbl_transaksi.create_date DESC limit 0,30')
 5 APPPATH\Controllers\Reseller.php(71): App\Models\TransaksiModel->limitRowstTransaksi('ROOTPATH\\public', '2022-10-01 00:00:00', '2022-10-31 23:59:59')
 6 SYSTEMPATH\CodeIgniter.php(896): App\Controllers\Reseller->transaksi_()
 7 SYSTEMPATH\CodeIgniter.php(466): CodeIgniter\CodeIgniter->runController(Object(App\Controllers\Reseller))
 8 SYSTEMPATH\CodeIgniter.php(349): CodeIgniter\CodeIgniter->handleRequest(null, Object(Config\Cache), false)
 9 FCPATH\index.php(55): CodeIgniter\CodeIgniter->run()
10 SYSTEMPATH\Commands\Server\rewrite.php(43): require_once('FCPATH\\index.php')
ERROR - 2022-10-25 12:41:15 --> Unknown column 'tbl_transaksi.id_pengguna' in 'where clause'
CRITICAL - 2022-10-25 12:41:15 --> Unknown column 'tbl_transaksi.id_pengguna' in 'where clause'
in SYSTEMPATH\Database\MySQLi\Connection.php on line 292.
 1 SYSTEMPATH\Database\MySQLi\Connection.php(292): mysqli->query('SELECT *
        FROM tbl_transaksi_pembayaran 
        WHERE no_kerjasama IS NULL  AND tbl_transaksi.id_pengguna = 17   AND (tbl_transaksi.create_date BETWEEN \'2022-10-01 00:00:00\' AND \'2022-10-31 23:59:59\')  AND (  kode_bayar like \'%%\'  )  ORDER BY tbl_transaksi.create_date DESC limit 0,30', 0)
 2 SYSTEMPATH\Database\BaseConnection.php(695): CodeIgniter\Database\MySQLi\Connection->execute('SELECT *
        FROM tbl_transaksi_pembayaran 
        WHERE no_kerjasama IS NULL  AND tbl_transaksi.id_pengguna = 17   AND (tbl_transaksi.create_date BETWEEN \'2022-10-01 00:00:00\' AND \'2022-10-31 23:59:59\')  AND (  kode_bayar like \'%%\'  )  ORDER BY tbl_transaksi.create_date DESC limit 0,30')
 3 SYSTEMPATH\Database\BaseConnection.php(609): CodeIgniter\Database\BaseConnection->simpleQuery('SELECT *
        FROM tbl_transaksi_pembayaran 
        WHERE no_kerjasama IS NULL  AND tbl_transaksi.id_pengguna = 17   AND (tbl_transaksi.create_date BETWEEN \'2022-10-01 00:00:00\' AND \'2022-10-31 23:59:59\')  AND (  kode_bayar like \'%%\'  )  ORDER BY tbl_transaksi.create_date DESC limit 0,30')
 4 APPPATH\Models\TransaksiModel.php(133): CodeIgniter\Database\BaseConnection->query('SELECT *
        FROM tbl_transaksi_pembayaran 
        WHERE no_kerjasama IS NULL  AND tbl_transaksi.id_pengguna = 17   AND (tbl_transaksi.create_date BETWEEN \'2022-10-01 00:00:00\' AND \'2022-10-31 23:59:59\')  AND (  kode_bayar like \'%%\'  )  ORDER BY tbl_transaksi.create_date DESC limit 0,30')
 5 APPPATH\Controllers\Reseller.php(71): App\Models\TransaksiModel->limitRowstTransaksi('ROOTPATH\\public', '2022-10-01 00:00:00', '2022-10-31 23:59:59')
 6 SYSTEMPATH\CodeIgniter.php(896): App\Controllers\Reseller->transaksi_()
 7 SYSTEMPATH\CodeIgniter.php(466): CodeIgniter\CodeIgniter->runController(Object(App\Controllers\Reseller))
 8 SYSTEMPATH\CodeIgniter.php(349): CodeIgniter\CodeIgniter->handleRequest(null, Object(Config\Cache), false)
 9 FCPATH\index.php(55): CodeIgniter\CodeIgniter->run()
10 SYSTEMPATH\Commands\Server\rewrite.php(43): require_once('FCPATH\\index.php')
ERROR - 2022-10-25 12:52:58 --> Unknown column 'tbl_transaksi.create_date' in 'order clause'
CRITICAL - 2022-10-25 12:52:58 --> Unknown column 'tbl_transaksi.create_date' in 'order clause'
in SYSTEMPATH\Database\MySQLi\Connection.php on line 292.
 1 SYSTEMPATH\Database\MySQLi\Connection.php(292): mysqli->query('SELECT *
        FROM tbl_transaksi_pembayaran 
        WHERE no_kerjasama IS NULL  AND tbl_transaksi_pembayaran.id_pengguna = 17   AND (tbl_transaksi_pembayaran.create_date BETWEEN \'2022-10-01 00:00:00\' AND \'2022-10-31 23:59:59\')  AND (  kode_bayar like \'%%\'  )  ORDER BY tbl_transaksi.create_date DESC limit 0,30', 0)
 2 SYSTEMPATH\Database\BaseConnection.php(695): CodeIgniter\Database\MySQLi\Connection->execute('SELECT *
        FROM tbl_transaksi_pembayaran 
        WHERE no_kerjasama IS NULL  AND tbl_transaksi_pembayaran.id_pengguna = 17   AND (tbl_transaksi_pembayaran.create_date BETWEEN \'2022-10-01 00:00:00\' AND \'2022-10-31 23:59:59\')  AND (  kode_bayar like \'%%\'  )  ORDER BY tbl_transaksi.create_date DESC limit 0,30')
 3 SYSTEMPATH\Database\BaseConnection.php(609): CodeIgniter\Database\BaseConnection->simpleQuery('SELECT *
        FROM tbl_transaksi_pembayaran 
        WHERE no_kerjasama IS NULL  AND tbl_transaksi_pembayaran.id_pengguna = 17   AND (tbl_transaksi_pembayaran.create_date BETWEEN \'2022-10-01 00:00:00\' AND \'2022-10-31 23:59:59\')  AND (  kode_bayar like \'%%\'  )  ORDER BY tbl_transaksi.create_date DESC limit 0,30')
 4 APPPATH\Models\TransaksiModel.php(133): CodeIgniter\Database\BaseConnection->query('SELECT *
        FROM tbl_transaksi_pembayaran 
        WHERE no_kerjasama IS NULL  AND tbl_transaksi_pembayaran.id_pengguna = 17   AND (tbl_transaksi_pembayaran.create_date BETWEEN \'2022-10-01 00:00:00\' AND \'2022-10-31 23:59:59\')  AND (  kode_bayar like \'%%\'  )  ORDER BY tbl_transaksi.create_date DESC limit 0,30')
 5 APPPATH\Controllers\Reseller.php(71): App\Models\TransaksiModel->limitRowstTransaksi('ROOTPATH\\public', '2022-10-01 00:00:00', '2022-10-31 23:59:59')
 6 SYSTEMPATH\CodeIgniter.php(896): App\Controllers\Reseller->transaksi_()
 7 SYSTEMPATH\CodeIgniter.php(466): CodeIgniter\CodeIgniter->runController(Object(App\Controllers\Reseller))
 8 SYSTEMPATH\CodeIgniter.php(349): CodeIgniter\CodeIgniter->handleRequest(null, Object(Config\Cache), false)
 9 FCPATH\index.php(55): CodeIgniter\CodeIgniter->run()
10 SYSTEMPATH\Commands\Server\rewrite.php(43): require_once('FCPATH\\index.php')
ERROR - 2022-10-25 12:54:21 --> Unknown column 'tbl_transaksi.create_date' in 'order clause'
CRITICAL - 2022-10-25 12:54:21 --> Unknown column 'tbl_transaksi.create_date' in 'order clause'
in SYSTEMPATH\Database\MySQLi\Connection.php on line 292.
 1 SYSTEMPATH\Database\MySQLi\Connection.php(292): mysqli->query('SELECT *
        FROM tbl_transaksi_pembayaran 
        WHERE no_kerjasama IS NULL  AND tbl_transaksi_pembayaran.id_pengguna = 17   AND (tbl_transaksi_pembayaran.create_date BETWEEN \'2022-10-01 00:00:00\' AND \'2022-10-31 23:59:59\')  AND (  kode_bayar like \'%%\'  )  ORDER BY tbl_transaksi.create_date DESC limit 0,30', 0)
 2 SYSTEMPATH\Database\BaseConnection.php(695): CodeIgniter\Database\MySQLi\Connection->execute('SELECT *
        FROM tbl_transaksi_pembayaran 
        WHERE no_kerjasama IS NULL  AND tbl_transaksi_pembayaran.id_pengguna = 17   AND (tbl_transaksi_pembayaran.create_date BETWEEN \'2022-10-01 00:00:00\' AND \'2022-10-31 23:59:59\')  AND (  kode_bayar like \'%%\'  )  ORDER BY tbl_transaksi.create_date DESC limit 0,30')
 3 SYSTEMPATH\Database\BaseConnection.php(609): CodeIgniter\Database\BaseConnection->simpleQuery('SELECT *
        FROM tbl_transaksi_pembayaran 
        WHERE no_kerjasama IS NULL  AND tbl_transaksi_pembayaran.id_pengguna = 17   AND (tbl_transaksi_pembayaran.create_date BETWEEN \'2022-10-01 00:00:00\' AND \'2022-10-31 23:59:59\')  AND (  kode_bayar like \'%%\'  )  ORDER BY tbl_transaksi.create_date DESC limit 0,30')
 4 APPPATH\Models\TransaksiModel.php(133): CodeIgniter\Database\BaseConnection->query('SELECT *
        FROM tbl_transaksi_pembayaran 
        WHERE no_kerjasama IS NULL  AND tbl_transaksi_pembayaran.id_pengguna = 17   AND (tbl_transaksi_pembayaran.create_date BETWEEN \'2022-10-01 00:00:00\' AND \'2022-10-31 23:59:59\')  AND (  kode_bayar like \'%%\'  )  ORDER BY tbl_transaksi.create_date DESC limit 0,30')
 5 APPPATH\Controllers\Reseller.php(71): App\Models\TransaksiModel->limitRowstTransaksi('ROOTPATH\\public', '2022-10-01 00:00:00', '2022-10-31 23:59:59')
 6 SYSTEMPATH\CodeIgniter.php(896): App\Controllers\Reseller->transaksi_()
 7 SYSTEMPATH\CodeIgniter.php(466): CodeIgniter\CodeIgniter->runController(Object(App\Controllers\Reseller))
 8 SYSTEMPATH\CodeIgniter.php(349): CodeIgniter\CodeIgniter->handleRequest(null, Object(Config\Cache), false)
 9 FCPATH\index.php(55): CodeIgniter\CodeIgniter->run()
10 SYSTEMPATH\Commands\Server\rewrite.php(43): require_once('FCPATH\\index.php')
ERROR - 2022-10-25 12:55:00 --> Unknown column 'tbl_transaksi.create_date' in 'order clause'
CRITICAL - 2022-10-25 12:55:00 --> Unknown column 'tbl_transaksi.create_date' in 'order clause'
in SYSTEMPATH\Database\MySQLi\Connection.php on line 292.
 1 SYSTEMPATH\Database\MySQLi\Connection.php(292): mysqli->query('SELECT *
        FROM tbl_transaksi_pembayaran 
        WHERE no_kerjasama IS NULL  AND tbl_transaksi_pembayaran.id_pengguna = 17   AND (tbl_transaksi_pembayaran.create_date BETWEEN \'2022-10-01 00:00:00\' AND \'2022-10-31 23:59:59\')  AND (  kode_bayar like \'%%\'  )  ORDER BY tbl_transaksi.create_date DESC limit 0,30', 0)
 2 SYSTEMPATH\Database\BaseConnection.php(695): CodeIgniter\Database\MySQLi\Connection->execute('SELECT *
        FROM tbl_transaksi_pembayaran 
        WHERE no_kerjasama IS NULL  AND tbl_transaksi_pembayaran.id_pengguna = 17   AND (tbl_transaksi_pembayaran.create_date BETWEEN \'2022-10-01 00:00:00\' AND \'2022-10-31 23:59:59\')  AND (  kode_bayar like \'%%\'  )  ORDER BY tbl_transaksi.create_date DESC limit 0,30')
 3 SYSTEMPATH\Database\BaseConnection.php(609): CodeIgniter\Database\BaseConnection->simpleQuery('SELECT *
        FROM tbl_transaksi_pembayaran 
        WHERE no_kerjasama IS NULL  AND tbl_transaksi_pembayaran.id_pengguna = 17   AND (tbl_transaksi_pembayaran.create_date BETWEEN \'2022-10-01 00:00:00\' AND \'2022-10-31 23:59:59\')  AND (  kode_bayar like \'%%\'  )  ORDER BY tbl_transaksi.create_date DESC limit 0,30')
 4 APPPATH\Models\TransaksiModel.php(133): CodeIgniter\Database\BaseConnection->query('SELECT *
        FROM tbl_transaksi_pembayaran 
        WHERE no_kerjasama IS NULL  AND tbl_transaksi_pembayaran.id_pengguna = 17   AND (tbl_transaksi_pembayaran.create_date BETWEEN \'2022-10-01 00:00:00\' AND \'2022-10-31 23:59:59\')  AND (  kode_bayar like \'%%\'  )  ORDER BY tbl_transaksi.create_date DESC limit 0,30')
 5 APPPATH\Controllers\Reseller.php(71): App\Models\TransaksiModel->limitRowstTransaksi('ROOTPATH\\public', '2022-10-01 00:00:00', '2022-10-31 23:59:59')
 6 SYSTEMPATH\CodeIgniter.php(896): App\Controllers\Reseller->transaksi_()
 7 SYSTEMPATH\CodeIgniter.php(466): CodeIgniter\CodeIgniter->runController(Object(App\Controllers\Reseller))
 8 SYSTEMPATH\CodeIgniter.php(349): CodeIgniter\CodeIgniter->handleRequest(null, Object(Config\Cache), false)
 9 FCPATH\index.php(55): CodeIgniter\CodeIgniter->run()
10 SYSTEMPATH\Commands\Server\rewrite.php(43): require_once('FCPATH\\index.php')
CRITICAL - 2022-10-25 12:58:42 --> Attempt to read property "kode_transaksi" on null
in APPPATH\Views\reseller\transaksi_detail.php on line 13.
 1 APPPATH\Views\reseller\transaksi_detail.php(13): CodeIgniter\Debug\Exceptions->errorHandler(2, 'Attempt to read property "kode_transaksi" on null', 'APPPATH\\Views\\reseller\\transaksi_detail.php', 13)
 2 SYSTEMPATH\View\View.php(213): include('APPPATH\\Views\\reseller\\transaksi_detail.php')
 3 SYSTEMPATH\View\View.php(216): CodeIgniter\View\View->CodeIgniter\View\{closure}()
 4 SYSTEMPATH\Common.php(1135): CodeIgniter\View\View->render('reseller/transaksi_detail', [], true)
 5 APPPATH\Views\template\adminlte.php(104): view('reseller/transaksi_detail')
 6 SYSTEMPATH\View\View.php(213): include('APPPATH\\Views\\template\\adminlte.php')
 7 SYSTEMPATH\View\View.php(216): CodeIgniter\View\View->CodeIgniter\View\{closure}()
 8 SYSTEMPATH\Common.php(1135): CodeIgniter\View\View->render('template/adminlte', [], true)
 9 APPPATH\Controllers\Reseller.php(125): view('template/adminlte', [...])
10 SYSTEMPATH\CodeIgniter.php(896): App\Controllers\Reseller->transaksi_detail('INV221025-93P5XJ')
11 SYSTEMPATH\CodeIgniter.php(466): CodeIgniter\CodeIgniter->runController(Object(App\Controllers\Reseller))
12 SYSTEMPATH\CodeIgniter.php(349): CodeIgniter\CodeIgniter->handleRequest(null, Object(Config\Cache), false)
13 FCPATH\index.php(55): CodeIgniter\CodeIgniter->run()
14 SYSTEMPATH\Commands\Server\rewrite.php(43): require_once('FCPATH\\index.php')
CRITICAL - 2022-10-25 13:01:31 --> Attempt to read property "kode_transaksi" on null
in APPPATH\Views\reseller\transaksi_detail.php on line 13.
 1 APPPATH\Views\reseller\transaksi_detail.php(13): CodeIgniter\Debug\Exceptions->errorHandler(2, 'Attempt to read property "kode_transaksi" on null', 'APPPATH\\Views\\reseller\\transaksi_detail.php', 13)
 2 SYSTEMPATH\View\View.php(213): include('APPPATH\\Views\\reseller\\transaksi_detail.php')
 3 SYSTEMPATH\View\View.php(216): CodeIgniter\View\View->CodeIgniter\View\{closure}()
 4 SYSTEMPATH\Common.php(1135): CodeIgniter\View\View->render('reseller/transaksi_detail', [], true)
 5 APPPATH\Views\template\adminlte.php(104): view('reseller/transaksi_detail')
 6 SYSTEMPATH\View\View.php(213): include('APPPATH\\Views\\template\\adminlte.php')
 7 SYSTEMPATH\View\View.php(216): CodeIgniter\View\View->CodeIgniter\View\{closure}()
 8 SYSTEMPATH\Common.php(1135): CodeIgniter\View\View->render('template/adminlte', [], true)
 9 APPPATH\Controllers\Reseller.php(125): view('template/adminlte', [...])
10 SYSTEMPATH\CodeIgniter.php(896): App\Controllers\Reseller->transaksi_detail('INV221025-93P5XJ')
11 SYSTEMPATH\CodeIgniter.php(466): CodeIgniter\CodeIgniter->runController(Object(App\Controllers\Reseller))
12 SYSTEMPATH\CodeIgniter.php(349): CodeIgniter\CodeIgniter->handleRequest(null, Object(Config\Cache), false)
13 FCPATH\index.php(55): CodeIgniter\CodeIgniter->run()
14 SYSTEMPATH\Commands\Server\rewrite.php(43): require_once('FCPATH\\index.php')
CRITICAL - 2022-10-25 13:02:16 --> Attempt to read property "kode_transaksi" on null
in APPPATH\Views\reseller\transaksi_detail.php on line 13.
 1 APPPATH\Views\reseller\transaksi_detail.php(13): CodeIgniter\Debug\Exceptions->errorHandler(2, 'Attempt to read property "kode_transaksi" on null', 'APPPATH\\Views\\reseller\\transaksi_detail.php', 13)
 2 SYSTEMPATH\View\View.php(213): include('APPPATH\\Views\\reseller\\transaksi_detail.php')
 3 SYSTEMPATH\View\View.php(216): CodeIgniter\View\View->CodeIgniter\View\{closure}()
 4 SYSTEMPATH\Common.php(1135): CodeIgniter\View\View->render('reseller/transaksi_detail', [], true)
 5 APPPATH\Views\template\adminlte.php(104): view('reseller/transaksi_detail')
 6 SYSTEMPATH\View\View.php(213): include('APPPATH\\Views\\template\\adminlte.php')
 7 SYSTEMPATH\View\View.php(216): CodeIgniter\View\View->CodeIgniter\View\{closure}()
 8 SYSTEMPATH\Common.php(1135): CodeIgniter\View\View->render('template/adminlte', [], true)
 9 APPPATH\Controllers\Reseller.php(125): view('template/adminlte', [...])
10 SYSTEMPATH\CodeIgniter.php(896): App\Controllers\Reseller->transaksi_detail('INV221025-93P5XJ')
11 SYSTEMPATH\CodeIgniter.php(466): CodeIgniter\CodeIgniter->runController(Object(App\Controllers\Reseller))
12 SYSTEMPATH\CodeIgniter.php(349): CodeIgniter\CodeIgniter->handleRequest(null, Object(Config\Cache), false)
13 FCPATH\index.php(55): CodeIgniter\CodeIgniter->run()
14 SYSTEMPATH\Commands\Server\rewrite.php(43): require_once('FCPATH\\index.php')
CRITICAL - 2022-10-25 13:08:01 --> Attempt to read property "kode_transaksi" on array
in APPPATH\Views\reseller\transaksi_detail.php on line 13.
 1 APPPATH\Views\reseller\transaksi_detail.php(13): CodeIgniter\Debug\Exceptions->errorHandler(2, 'Attempt to read property "kode_transaksi" on array', 'APPPATH\\Views\\reseller\\transaksi_detail.php', 13)
 2 SYSTEMPATH\View\View.php(213): include('APPPATH\\Views\\reseller\\transaksi_detail.php')
 3 SYSTEMPATH\View\View.php(216): CodeIgniter\View\View->CodeIgniter\View\{closure}()
 4 SYSTEMPATH\Common.php(1135): CodeIgniter\View\View->render('reseller/transaksi_detail', [], true)
 5 APPPATH\Views\template\adminlte.php(104): view('reseller/transaksi_detail')
 6 SYSTEMPATH\View\View.php(213): include('APPPATH\\Views\\template\\adminlte.php')
 7 SYSTEMPATH\View\View.php(216): CodeIgniter\View\View->CodeIgniter\View\{closure}()
 8 SYSTEMPATH\Common.php(1135): CodeIgniter\View\View->render('template/adminlte', [], true)
 9 APPPATH\Controllers\Reseller.php(125): view('template/adminlte', [...])
10 SYSTEMPATH\CodeIgniter.php(896): App\Controllers\Reseller->transaksi_detail('INV221025-93P5XJ')
11 SYSTEMPATH\CodeIgniter.php(466): CodeIgniter\CodeIgniter->runController(Object(App\Controllers\Reseller))
12 SYSTEMPATH\CodeIgniter.php(349): CodeIgniter\CodeIgniter->handleRequest(null, Object(Config\Cache), false)
13 FCPATH\index.php(55): CodeIgniter\CodeIgniter->run()
14 SYSTEMPATH\Commands\Server\rewrite.php(43): require_once('FCPATH\\index.php')
CRITICAL - 2022-10-25 13:08:07 --> Attempt to read property "kode_transaksi" on array
in APPPATH\Views\reseller\transaksi_detail.php on line 13.
 1 APPPATH\Views\reseller\transaksi_detail.php(13): CodeIgniter\Debug\Exceptions->errorHandler(2, 'Attempt to read property "kode_transaksi" on array', 'APPPATH\\Views\\reseller\\transaksi_detail.php', 13)
 2 SYSTEMPATH\View\View.php(213): include('APPPATH\\Views\\reseller\\transaksi_detail.php')
 3 SYSTEMPATH\View\View.php(216): CodeIgniter\View\View->CodeIgniter\View\{closure}()
 4 SYSTEMPATH\Common.php(1135): CodeIgniter\View\View->render('reseller/transaksi_detail', [], true)
 5 APPPATH\Views\template\adminlte.php(104): view('reseller/transaksi_detail')
 6 SYSTEMPATH\View\View.php(213): include('APPPATH\\Views\\template\\adminlte.php')
 7 SYSTEMPATH\View\View.php(216): CodeIgniter\View\View->CodeIgniter\View\{closure}()
 8 SYSTEMPATH\Common.php(1135): CodeIgniter\View\View->render('template/adminlte', [], true)
 9 APPPATH\Controllers\Reseller.php(125): view('template/adminlte', [...])
10 SYSTEMPATH\CodeIgniter.php(896): App\Controllers\Reseller->transaksi_detail('INV221025-93P5XJ')
11 SYSTEMPATH\CodeIgniter.php(466): CodeIgniter\CodeIgniter->runController(Object(App\Controllers\Reseller))
12 SYSTEMPATH\CodeIgniter.php(349): CodeIgniter\CodeIgniter->handleRequest(null, Object(Config\Cache), false)
13 FCPATH\index.php(55): CodeIgniter\CodeIgniter->run()
14 SYSTEMPATH\Commands\Server\rewrite.php(43): require_once('FCPATH\\index.php')
CRITICAL - 2022-10-25 13:08:31 --> Attempt to read property "kode_transaksi" on array
in APPPATH\Views\reseller\transaksi_detail.php on line 13.
 1 APPPATH\Views\reseller\transaksi_detail.php(13): CodeIgniter\Debug\Exceptions->errorHandler(2, 'Attempt to read property "kode_transaksi" on array', 'APPPATH\\Views\\reseller\\transaksi_detail.php', 13)
 2 SYSTEMPATH\View\View.php(213): include('APPPATH\\Views\\reseller\\transaksi_detail.php')
 3 SYSTEMPATH\View\View.php(216): CodeIgniter\View\View->CodeIgniter\View\{closure}()
 4 SYSTEMPATH\Common.php(1135): CodeIgniter\View\View->render('reseller/transaksi_detail', [], true)
 5 APPPATH\Views\template\adminlte.php(104): view('reseller/transaksi_detail')
 6 SYSTEMPATH\View\View.php(213): include('APPPATH\\Views\\template\\adminlte.php')
 7 SYSTEMPATH\View\View.php(216): CodeIgniter\View\View->CodeIgniter\View\{closure}()
 8 SYSTEMPATH\Common.php(1135): CodeIgniter\View\View->render('template/adminlte', [], true)
 9 APPPATH\Controllers\Reseller.php(125): view('template/adminlte', [...])
10 SYSTEMPATH\CodeIgniter.php(896): App\Controllers\Reseller->transaksi_detail('INV221025-93P5XJ')
11 SYSTEMPATH\CodeIgniter.php(466): CodeIgniter\CodeIgniter->runController(Object(App\Controllers\Reseller))
12 SYSTEMPATH\CodeIgniter.php(349): CodeIgniter\CodeIgniter->handleRequest(null, Object(Config\Cache), false)
13 FCPATH\index.php(55): CodeIgniter\CodeIgniter->run()
14 SYSTEMPATH\Commands\Server\rewrite.php(43): require_once('FCPATH\\index.php')
CRITICAL - 2022-10-25 13:08:51 --> Attempt to read property "kode_transaksi" on array
in APPPATH\Views\reseller\transaksi_detail.php on line 13.
 1 APPPATH\Views\reseller\transaksi_detail.php(13): CodeIgniter\Debug\Exceptions->errorHandler(2, 'Attempt to read property "kode_transaksi" on array', 'APPPATH\\Views\\reseller\\transaksi_detail.php', 13)
 2 SYSTEMPATH\View\View.php(213): include('APPPATH\\Views\\reseller\\transaksi_detail.php')
 3 SYSTEMPATH\View\View.php(216): CodeIgniter\View\View->CodeIgniter\View\{closure}()
 4 SYSTEMPATH\Common.php(1135): CodeIgniter\View\View->render('reseller/transaksi_detail', [], true)
 5 APPPATH\Views\template\adminlte.php(104): view('reseller/transaksi_detail')
 6 SYSTEMPATH\View\View.php(213): include('APPPATH\\Views\\template\\adminlte.php')
 7 SYSTEMPATH\View\View.php(216): CodeIgniter\View\View->CodeIgniter\View\{closure}()
 8 SYSTEMPATH\Common.php(1135): CodeIgniter\View\View->render('template/adminlte', [], true)
 9 APPPATH\Controllers\Reseller.php(125): view('template/adminlte', [...])
10 SYSTEMPATH\CodeIgniter.php(896): App\Controllers\Reseller->transaksi_detail('INV221025-93P5XJ')
11 SYSTEMPATH\CodeIgniter.php(466): CodeIgniter\CodeIgniter->runController(Object(App\Controllers\Reseller))
12 SYSTEMPATH\CodeIgniter.php(349): CodeIgniter\CodeIgniter->handleRequest(null, Object(Config\Cache), false)
13 FCPATH\index.php(55): CodeIgniter\CodeIgniter->run()
14 SYSTEMPATH\Commands\Server\rewrite.php(43): require_once('FCPATH\\index.php')
CRITICAL - 2022-10-25 13:20:22 --> You must set the database table to be used with your query.
in SYSTEMPATH\Database\BaseConnection.php on line 874.
 1 SYSTEMPATH\Model.php(586): CodeIgniter\Database\BaseConnection->table(null)
 2 SYSTEMPATH\Model.php(763): CodeIgniter\Model->builder()
 3 APPPATH\Controllers\Reseller.php(123): CodeIgniter\Model->__call('pembayaran', [...])
 4 SYSTEMPATH\CodeIgniter.php(896): App\Controllers\Reseller->transaksi_detail('INV221025-93P5XJ')
 5 SYSTEMPATH\CodeIgniter.php(466): CodeIgniter\CodeIgniter->runController(Object(App\Controllers\Reseller))
 6 SYSTEMPATH\CodeIgniter.php(349): CodeIgniter\CodeIgniter->handleRequest(null, Object(Config\Cache), false)
 7 FCPATH\index.php(55): CodeIgniter\CodeIgniter->run()
 8 SYSTEMPATH\Commands\Server\rewrite.php(43): require_once('FCPATH\\index.php')
CRITICAL - 2022-10-25 13:25:57 --> Attempt to read property "kode_transaksi" on array
in APPPATH\Views\reseller\transaksi_detail.php on line 13.
 1 APPPATH\Views\reseller\transaksi_detail.php(13): CodeIgniter\Debug\Exceptions->errorHandler(2, 'Attempt to read property "kode_transaksi" on array', 'APPPATH\\Views\\reseller\\transaksi_detail.php', 13)
 2 SYSTEMPATH\View\View.php(213): include('APPPATH\\Views\\reseller\\transaksi_detail.php')
 3 SYSTEMPATH\View\View.php(216): CodeIgniter\View\View->CodeIgniter\View\{closure}()
 4 SYSTEMPATH\Common.php(1135): CodeIgniter\View\View->render('reseller/transaksi_detail', [], true)
 5 APPPATH\Views\template\adminlte.php(104): view('reseller/transaksi_detail')
 6 SYSTEMPATH\View\View.php(213): include('APPPATH\\Views\\template\\adminlte.php')
 7 SYSTEMPATH\View\View.php(216): CodeIgniter\View\View->CodeIgniter\View\{closure}()
 8 SYSTEMPATH\Common.php(1135): CodeIgniter\View\View->render('template/adminlte', [], true)
 9 APPPATH\Controllers\Reseller.php(126): view('template/adminlte', [...])
10 SYSTEMPATH\CodeIgniter.php(896): App\Controllers\Reseller->transaksi_detail('INV221025-93P5XJ')
11 SYSTEMPATH\CodeIgniter.php(466): CodeIgniter\CodeIgniter->runController(Object(App\Controllers\Reseller))
12 SYSTEMPATH\CodeIgniter.php(349): CodeIgniter\CodeIgniter->handleRequest(null, Object(Config\Cache), false)
13 FCPATH\index.php(55): CodeIgniter\CodeIgniter->run()
14 SYSTEMPATH\Commands\Server\rewrite.php(43): require_once('FCPATH\\index.php')
CRITICAL - 2022-10-25 13:26:42 --> Attempt to read property "kode_transaksi" on array
in APPPATH\Views\reseller\transaksi_detail.php on line 13.
 1 APPPATH\Views\reseller\transaksi_detail.php(13): CodeIgniter\Debug\Exceptions->errorHandler(2, 'Attempt to read property "kode_transaksi" on array', 'APPPATH\\Views\\reseller\\transaksi_detail.php', 13)
 2 SYSTEMPATH\View\View.php(213): include('APPPATH\\Views\\reseller\\transaksi_detail.php')
 3 SYSTEMPATH\View\View.php(216): CodeIgniter\View\View->CodeIgniter\View\{closure}()
 4 SYSTEMPATH\Common.php(1135): CodeIgniter\View\View->render('reseller/transaksi_detail', [], true)
 5 APPPATH\Views\template\adminlte.php(104): view('reseller/transaksi_detail')
 6 SYSTEMPATH\View\View.php(213): include('APPPATH\\Views\\template\\adminlte.php')
 7 SYSTEMPATH\View\View.php(216): CodeIgniter\View\View->CodeIgniter\View\{closure}()
 8 SYSTEMPATH\Common.php(1135): CodeIgniter\View\View->render('template/adminlte', [], true)
 9 APPPATH\Controllers\Reseller.php(126): view('template/adminlte', [...])
10 SYSTEMPATH\CodeIgniter.php(896): App\Controllers\Reseller->transaksi_detail('INV221025-93P5XJ')
11 SYSTEMPATH\CodeIgniter.php(466): CodeIgniter\CodeIgniter->runController(Object(App\Controllers\Reseller))
12 SYSTEMPATH\CodeIgniter.php(349): CodeIgniter\CodeIgniter->handleRequest(null, Object(Config\Cache), false)
13 FCPATH\index.php(55): CodeIgniter\CodeIgniter->run()
14 SYSTEMPATH\Commands\Server\rewrite.php(43): require_once('FCPATH\\index.php')
CRITICAL - 2022-10-25 13:26:50 --> Attempt to read property "kode_transaksi" on array
in APPPATH\Views\reseller\transaksi_detail.php on line 13.
 1 APPPATH\Views\reseller\transaksi_detail.php(13): CodeIgniter\Debug\Exceptions->errorHandler(2, 'Attempt to read property "kode_transaksi" on array', 'APPPATH\\Views\\reseller\\transaksi_detail.php', 13)
 2 SYSTEMPATH\View\View.php(213): include('APPPATH\\Views\\reseller\\transaksi_detail.php')
 3 SYSTEMPATH\View\View.php(216): CodeIgniter\View\View->CodeIgniter\View\{closure}()
 4 SYSTEMPATH\Common.php(1135): CodeIgniter\View\View->render('reseller/transaksi_detail', [], true)
 5 APPPATH\Views\template\adminlte.php(104): view('reseller/transaksi_detail')
 6 SYSTEMPATH\View\View.php(213): include('APPPATH\\Views\\template\\adminlte.php')
 7 SYSTEMPATH\View\View.php(216): CodeIgniter\View\View->CodeIgniter\View\{closure}()
 8 SYSTEMPATH\Common.php(1135): CodeIgniter\View\View->render('template/adminlte', [], true)
 9 APPPATH\Controllers\Reseller.php(126): view('template/adminlte', [...])
10 SYSTEMPATH\CodeIgniter.php(896): App\Controllers\Reseller->transaksi_detail('INV221025-93P5XJ')
11 SYSTEMPATH\CodeIgniter.php(466): CodeIgniter\CodeIgniter->runController(Object(App\Controllers\Reseller))
12 SYSTEMPATH\CodeIgniter.php(349): CodeIgniter\CodeIgniter->handleRequest(null, Object(Config\Cache), false)
13 FCPATH\index.php(55): CodeIgniter\CodeIgniter->run()
14 SYSTEMPATH\Commands\Server\rewrite.php(43): require_once('FCPATH\\index.php')
CRITICAL - 2022-10-25 13:27:23 --> Attempt to read property "kode_transaksi" on array
in APPPATH\Views\reseller\transaksi_detail.php on line 13.
 1 APPPATH\Views\reseller\transaksi_detail.php(13): CodeIgniter\Debug\Exceptions->errorHandler(2, 'Attempt to read property "kode_transaksi" on array', 'APPPATH\\Views\\reseller\\transaksi_detail.php', 13)
 2 SYSTEMPATH\View\View.php(213): include('APPPATH\\Views\\reseller\\transaksi_detail.php')
 3 SYSTEMPATH\View\View.php(216): CodeIgniter\View\View->CodeIgniter\View\{closure}()
 4 SYSTEMPATH\Common.php(1135): CodeIgniter\View\View->render('reseller/transaksi_detail', [], true)
 5 APPPATH\Views\template\adminlte.php(104): view('reseller/transaksi_detail')
 6 SYSTEMPATH\View\View.php(213): include('APPPATH\\Views\\template\\adminlte.php')
 7 SYSTEMPATH\View\View.php(216): CodeIgniter\View\View->CodeIgniter\View\{closure}()
 8 SYSTEMPATH\Common.php(1135): CodeIgniter\View\View->render('template/adminlte', [], true)
 9 APPPATH\Controllers\Reseller.php(126): view('template/adminlte', [...])
10 SYSTEMPATH\CodeIgniter.php(896): App\Controllers\Reseller->transaksi_detail('INV221025-93P5XJ')
11 SYSTEMPATH\CodeIgniter.php(466): CodeIgniter\CodeIgniter->runController(Object(App\Controllers\Reseller))
12 SYSTEMPATH\CodeIgniter.php(349): CodeIgniter\CodeIgniter->handleRequest(null, Object(Config\Cache), false)
13 FCPATH\index.php(55): CodeIgniter\CodeIgniter->run()
14 SYSTEMPATH\Commands\Server\rewrite.php(43): require_once('FCPATH\\index.php')
CRITICAL - 2022-10-25 13:28:03 --> Undefined property: stdClass::$kode_bayar
in APPPATH\Views\reseller\transaksi_detail.php on line 13.
 1 APPPATH\Views\reseller\transaksi_detail.php(13): CodeIgniter\Debug\Exceptions->errorHandler(2, 'Undefined property: stdClass::$kode_bayar', 'APPPATH\\Views\\reseller\\transaksi_detail.php', 13)
 2 SYSTEMPATH\View\View.php(213): include('APPPATH\\Views\\reseller\\transaksi_detail.php')
 3 SYSTEMPATH\View\View.php(216): CodeIgniter\View\View->CodeIgniter\View\{closure}()
 4 SYSTEMPATH\Common.php(1135): CodeIgniter\View\View->render('reseller/transaksi_detail', [], true)
 5 APPPATH\Views\template\adminlte.php(104): view('reseller/transaksi_detail')
 6 SYSTEMPATH\View\View.php(213): include('APPPATH\\Views\\template\\adminlte.php')
 7 SYSTEMPATH\View\View.php(216): CodeIgniter\View\View->CodeIgniter\View\{closure}()
 8 SYSTEMPATH\Common.php(1135): CodeIgniter\View\View->render('template/adminlte', [], true)
 9 APPPATH\Controllers\Reseller.php(126): view('template/adminlte', [...])
10 SYSTEMPATH\CodeIgniter.php(896): App\Controllers\Reseller->transaksi_detail('INV221025-93P5XJ')
11 SYSTEMPATH\CodeIgniter.php(466): CodeIgniter\CodeIgniter->runController(Object(App\Controllers\Reseller))
12 SYSTEMPATH\CodeIgniter.php(349): CodeIgniter\CodeIgniter->handleRequest(null, Object(Config\Cache), false)
13 FCPATH\index.php(55): CodeIgniter\CodeIgniter->run()
14 SYSTEMPATH\Commands\Server\rewrite.php(43): require_once('FCPATH\\index.php')
CRITICAL - 2022-10-25 13:28:29 --> Attempt to read property "nama" on array
in APPPATH\Views\reseller\transaksi_detail.php on line 37.
 1 APPPATH\Views\reseller\transaksi_detail.php(37): CodeIgniter\Debug\Exceptions->errorHandler(2, 'Attempt to read property "nama" on array', 'APPPATH\\Views\\reseller\\transaksi_detail.php', 37)
 2 SYSTEMPATH\View\View.php(213): include('APPPATH\\Views\\reseller\\transaksi_detail.php')
 3 SYSTEMPATH\View\View.php(216): CodeIgniter\View\View->CodeIgniter\View\{closure}()
 4 SYSTEMPATH\Common.php(1135): CodeIgniter\View\View->render('reseller/transaksi_detail', [], true)
 5 APPPATH\Views\template\adminlte.php(104): view('reseller/transaksi_detail')
 6 SYSTEMPATH\View\View.php(213): include('APPPATH\\Views\\template\\adminlte.php')
 7 SYSTEMPATH\View\View.php(216): CodeIgniter\View\View->CodeIgniter\View\{closure}()
 8 SYSTEMPATH\Common.php(1135): CodeIgniter\View\View->render('template/adminlte', [], true)
 9 APPPATH\Controllers\Reseller.php(126): view('template/adminlte', [...])
10 SYSTEMPATH\CodeIgniter.php(896): App\Controllers\Reseller->transaksi_detail('INV221025-93P5XJ')
11 SYSTEMPATH\CodeIgniter.php(466): CodeIgniter\CodeIgniter->runController(Object(App\Controllers\Reseller))
12 SYSTEMPATH\CodeIgniter.php(349): CodeIgniter\CodeIgniter->handleRequest(null, Object(Config\Cache), false)
13 FCPATH\index.php(55): CodeIgniter\CodeIgniter->run()
14 SYSTEMPATH\Commands\Server\rewrite.php(43): require_once('FCPATH\\index.php')
CRITICAL - 2022-10-25 13:29:12 --> Attempt to read property "status" on array
in APPPATH\Views\reseller\transaksi_detail.php on line 84.
 1 APPPATH\Views\reseller\transaksi_detail.php(84): CodeIgniter\Debug\Exceptions->errorHandler(2, 'Attempt to read property "status" on array', 'APPPATH\\Views\\reseller\\transaksi_detail.php', 84)
 2 SYSTEMPATH\View\View.php(213): include('APPPATH\\Views\\reseller\\transaksi_detail.php')
 3 SYSTEMPATH\View\View.php(216): CodeIgniter\View\View->CodeIgniter\View\{closure}()
 4 SYSTEMPATH\Common.php(1135): CodeIgniter\View\View->render('reseller/transaksi_detail', [], true)
 5 APPPATH\Views\template\adminlte.php(104): view('reseller/transaksi_detail')
 6 SYSTEMPATH\View\View.php(213): include('APPPATH\\Views\\template\\adminlte.php')
 7 SYSTEMPATH\View\View.php(216): CodeIgniter\View\View->CodeIgniter\View\{closure}()
 8 SYSTEMPATH\Common.php(1135): CodeIgniter\View\View->render('template/adminlte', [], true)
 9 APPPATH\Controllers\Reseller.php(126): view('template/adminlte', [...])
10 SYSTEMPATH\CodeIgniter.php(896): App\Controllers\Reseller->transaksi_detail('INV221025-93P5XJ')
11 SYSTEMPATH\CodeIgniter.php(466): CodeIgniter\CodeIgniter->runController(Object(App\Controllers\Reseller))
12 SYSTEMPATH\CodeIgniter.php(349): CodeIgniter\CodeIgniter->handleRequest(null, Object(Config\Cache), false)
13 FCPATH\index.php(55): CodeIgniter\CodeIgniter->run()
14 SYSTEMPATH\Commands\Server\rewrite.php(43): require_once('FCPATH\\index.php')
CRITICAL - 2022-10-25 13:30:33 --> Attempt to read property "nama_toko" on array
in APPPATH\Views\reseller\transaksi_detail.php on line 104.
 1 APPPATH\Views\reseller\transaksi_detail.php(104): CodeIgniter\Debug\Exceptions->errorHandler(2, 'Attempt to read property "nama_toko" on array', 'APPPATH\\Views\\reseller\\transaksi_detail.php', 104)
 2 SYSTEMPATH\View\View.php(213): include('APPPATH\\Views\\reseller\\transaksi_detail.php')
 3 SYSTEMPATH\View\View.php(216): CodeIgniter\View\View->CodeIgniter\View\{closure}()
 4 SYSTEMPATH\Common.php(1135): CodeIgniter\View\View->render('reseller/transaksi_detail', [], true)
 5 APPPATH\Views\template\adminlte.php(104): view('reseller/transaksi_detail')
 6 SYSTEMPATH\View\View.php(213): include('APPPATH\\Views\\template\\adminlte.php')
 7 SYSTEMPATH\View\View.php(216): CodeIgniter\View\View->CodeIgniter\View\{closure}()
 8 SYSTEMPATH\Common.php(1135): CodeIgniter\View\View->render('template/adminlte', [], true)
 9 APPPATH\Controllers\Reseller.php(126): view('template/adminlte', [...])
10 SYSTEMPATH\CodeIgniter.php(896): App\Controllers\Reseller->transaksi_detail('INV221025-93P5XJ')
11 SYSTEMPATH\CodeIgniter.php(466): CodeIgniter\CodeIgniter->runController(Object(App\Controllers\Reseller))
12 SYSTEMPATH\CodeIgniter.php(349): CodeIgniter\CodeIgniter->handleRequest(null, Object(Config\Cache), false)
13 FCPATH\index.php(55): CodeIgniter\CodeIgniter->run()
14 SYSTEMPATH\Commands\Server\rewrite.php(43): require_once('FCPATH\\index.php')
CRITICAL - 2022-10-25 13:30:51 --> Attempt to read property "id_pembayaran" on array
in APPPATH\Views\reseller\transaksi_detail.php on line 151.
 1 APPPATH\Views\reseller\transaksi_detail.php(151): CodeIgniter\Debug\Exceptions->errorHandler(2, 'Attempt to read property "id_pembayaran" on array', 'APPPATH\\Views\\reseller\\transaksi_detail.php', 151)
 2 SYSTEMPATH\View\View.php(213): include('APPPATH\\Views\\reseller\\transaksi_detail.php')
 3 SYSTEMPATH\View\View.php(216): CodeIgniter\View\View->CodeIgniter\View\{closure}()
 4 SYSTEMPATH\Common.php(1135): CodeIgniter\View\View->render('reseller/transaksi_detail', [], true)
 5 APPPATH\Views\template\adminlte.php(104): view('reseller/transaksi_detail')
 6 SYSTEMPATH\View\View.php(213): include('APPPATH\\Views\\template\\adminlte.php')
 7 SYSTEMPATH\View\View.php(216): CodeIgniter\View\View->CodeIgniter\View\{closure}()
 8 SYSTEMPATH\Common.php(1135): CodeIgniter\View\View->render('template/adminlte', [], true)
 9 APPPATH\Controllers\Reseller.php(126): view('template/adminlte', [...])
10 SYSTEMPATH\CodeIgniter.php(896): App\Controllers\Reseller->transaksi_detail('INV221025-93P5XJ')
11 SYSTEMPATH\CodeIgniter.php(466): CodeIgniter\CodeIgniter->runController(Object(App\Controllers\Reseller))
12 SYSTEMPATH\CodeIgniter.php(349): CodeIgniter\CodeIgniter->handleRequest(null, Object(Config\Cache), false)
13 FCPATH\index.php(55): CodeIgniter\CodeIgniter->run()
14 SYSTEMPATH\Commands\Server\rewrite.php(43): require_once('FCPATH\\index.php')
CRITICAL - 2022-10-25 14:21:59 --> Undefined variable $total
in APPPATH\Views\reseller\transaksi_detail.php on line 106.
 1 APPPATH\Views\reseller\transaksi_detail.php(106): CodeIgniter\Debug\Exceptions->errorHandler(2, 'Undefined variable $total', 'APPPATH\\Views\\reseller\\transaksi_detail.php', 106)
 2 SYSTEMPATH\View\View.php(213): include('APPPATH\\Views\\reseller\\transaksi_detail.php')
 3 SYSTEMPATH\View\View.php(216): CodeIgniter\View\View->CodeIgniter\View\{closure}()
 4 SYSTEMPATH\Common.php(1135): CodeIgniter\View\View->render('reseller/transaksi_detail', [], true)
 5 APPPATH\Views\template\adminlte.php(104): view('reseller/transaksi_detail')
 6 SYSTEMPATH\View\View.php(213): include('APPPATH\\Views\\template\\adminlte.php')
 7 SYSTEMPATH\View\View.php(216): CodeIgniter\View\View->CodeIgniter\View\{closure}()
 8 SYSTEMPATH\Common.php(1135): CodeIgniter\View\View->render('template/adminlte', [], true)
 9 APPPATH\Controllers\Reseller.php(126): view('template/adminlte', [...])
10 SYSTEMPATH\CodeIgniter.php(896): App\Controllers\Reseller->transaksi_detail('INV221025-93P5XJ')
11 SYSTEMPATH\CodeIgniter.php(466): CodeIgniter\CodeIgniter->runController(Object(App\Controllers\Reseller))
12 SYSTEMPATH\CodeIgniter.php(349): CodeIgniter\CodeIgniter->handleRequest(null, Object(Config\Cache), false)
13 FCPATH\index.php(55): CodeIgniter\CodeIgniter->run()
14 SYSTEMPATH\Commands\Server\rewrite.php(43): require_once('FCPATH\\index.php')
CRITICAL - 2022-10-25 14:33:52 --> Undefined property: stdClass::$bukt_url
in APPPATH\Views\reseller\transaksi_detail.php on line 72.
 1 APPPATH\Views\reseller\transaksi_detail.php(72): CodeIgniter\Debug\Exceptions->errorHandler(2, 'Undefined property: stdClass::$bukt_url', 'APPPATH\\Views\\reseller\\transaksi_detail.php', 72)
 2 SYSTEMPATH\View\View.php(213): include('APPPATH\\Views\\reseller\\transaksi_detail.php')
 3 SYSTEMPATH\View\View.php(216): CodeIgniter\View\View->CodeIgniter\View\{closure}()
 4 SYSTEMPATH\Common.php(1135): CodeIgniter\View\View->render('reseller/transaksi_detail', [], true)
 5 APPPATH\Views\template\adminlte.php(104): view('reseller/transaksi_detail')
 6 SYSTEMPATH\View\View.php(213): include('APPPATH\\Views\\template\\adminlte.php')
 7 SYSTEMPATH\View\View.php(216): CodeIgniter\View\View->CodeIgniter\View\{closure}()
 8 SYSTEMPATH\Common.php(1135): CodeIgniter\View\View->render('template/adminlte', [], true)
 9 APPPATH\Controllers\Reseller.php(126): view('template/adminlte', [...])
10 SYSTEMPATH\CodeIgniter.php(896): App\Controllers\Reseller->transaksi_detail('INV221025-93P5XJ')
11 SYSTEMPATH\CodeIgniter.php(466): CodeIgniter\CodeIgniter->runController(Object(App\Controllers\Reseller))
12 SYSTEMPATH\CodeIgniter.php(349): CodeIgniter\CodeIgniter->handleRequest(null, Object(Config\Cache), false)
13 FCPATH\index.php(55): CodeIgniter\CodeIgniter->run()
14 SYSTEMPATH\Commands\Server\rewrite.php(43): require_once('FCPATH\\index.php')
ERROR - 2022-10-25 21:20:12 --> Error connecting to the database: No connection could be made because the target machine actively refused it
CRITICAL - 2022-10-25 21:20:12 --> Unable to connect to the database.
Main connection [MySQLi]: No connection could be made because the target machine actively refused it
in SYSTEMPATH\Database\BaseConnection.php on line 416.
 1 SYSTEMPATH\Database\BaseConnection.php(586): CodeIgniter\Database\BaseConnection->initialize()
 2 APPPATH\Models\ServerSideModel.php(223): CodeIgniter\Database\BaseConnection->query('SELECT tbl_kategori_produk.nama as kategori, tbl_produk_umkm.*, tbl_city.city_name, tbl_umkm.nama as nama_toko, tbl_umkm.slug
        FROM tbl_produk_umkm 
        join tbl_kategori_produk on tbl_kategori_produk.id = tbl_produk_umkm.id_kategori 
        join tbl_umkm on tbl_umkm.id = tbl_produk_umkm.id_umkm 
        join tbl_city on tbl_city.city_id = tbl_umkm.city_id
        where tbl_produk_umkm.status = \'ACTIVE\' 
        LIMIT 9')
 3 APPPATH\Controllers\Frontend.php(66): App\Models\ServerSideModel->getProdukRand()
 4 SYSTEMPATH\CodeIgniter.php(896): App\Controllers\Frontend->index()
 5 SYSTEMPATH\CodeIgniter.php(466): CodeIgniter\CodeIgniter->runController(Object(App\Controllers\Frontend))
 6 SYSTEMPATH\CodeIgniter.php(349): CodeIgniter\CodeIgniter->handleRequest(null, Object(Config\Cache), false)
 7 FCPATH\index.php(55): CodeIgniter\CodeIgniter->run()
 8 SYSTEMPATH\Commands\Server\rewrite.php(43): require_once('FCPATH\\index.php')
CRITICAL - 2022-10-25 21:32:28 --> Undefined property: stdClass::$total_tagihan
in APPPATH\Views\reseller\transaksi_detail.php on line 13.
 1 APPPATH\Views\reseller\transaksi_detail.php(13): CodeIgniter\Debug\Exceptions->errorHandler(2, 'Undefined property: stdClass::$total_tagihan', 'APPPATH\\Views\\reseller\\transaksi_detail.php', 13)
 2 SYSTEMPATH\View\View.php(213): include('APPPATH\\Views\\reseller\\transaksi_detail.php')
 3 SYSTEMPATH\View\View.php(216): CodeIgniter\View\View->CodeIgniter\View\{closure}()
 4 SYSTEMPATH\Common.php(1135): CodeIgniter\View\View->render('reseller/transaksi_detail', [], true)
 5 APPPATH\Views\template\adminlte.php(104): view('reseller/transaksi_detail')
 6 SYSTEMPATH\View\View.php(213): include('APPPATH\\Views\\template\\adminlte.php')
 7 SYSTEMPATH\View\View.php(216): CodeIgniter\View\View->CodeIgniter\View\{closure}()
 8 SYSTEMPATH\Common.php(1135): CodeIgniter\View\View->render('template/adminlte', [], true)
 9 APPPATH\Controllers\Reseller.php(126): view('template/adminlte', [...])
10 SYSTEMPATH\CodeIgniter.php(896): App\Controllers\Reseller->transaksi_detail('INV221025-K07R2V')
11 SYSTEMPATH\CodeIgniter.php(466): CodeIgniter\CodeIgniter->runController(Object(App\Controllers\Reseller))
12 SYSTEMPATH\CodeIgniter.php(349): CodeIgniter\CodeIgniter->handleRequest(null, Object(Config\Cache), false)
13 FCPATH\index.php(55): CodeIgniter\CodeIgniter->run()
14 SYSTEMPATH\Commands\Server\rewrite.php(43): require_once('FCPATH\\index.php')
CRITICAL - 2022-10-25 21:47:14 --> Attempt to read property "kode_bayar" on null
in APPPATH\Views\reseller\transaksi_detail.php on line 13.
 1 APPPATH\Views\reseller\transaksi_detail.php(13): CodeIgniter\Debug\Exceptions->errorHandler(2, 'Attempt to read property "kode_bayar" on null', 'APPPATH\\Views\\reseller\\transaksi_detail.php', 13)
 2 SYSTEMPATH\View\View.php(213): include('APPPATH\\Views\\reseller\\transaksi_detail.php')
 3 SYSTEMPATH\View\View.php(216): CodeIgniter\View\View->CodeIgniter\View\{closure}()
 4 SYSTEMPATH\Common.php(1135): CodeIgniter\View\View->render('reseller/transaksi_detail', [], true)
 5 APPPATH\Views\template\adminlte.php(104): view('reseller/transaksi_detail')
 6 SYSTEMPATH\View\View.php(213): include('APPPATH\\Views\\template\\adminlte.php')
 7 SYSTEMPATH\View\View.php(216): CodeIgniter\View\View->CodeIgniter\View\{closure}()
 8 SYSTEMPATH\Common.php(1135): CodeIgniter\View\View->render('template/adminlte', [], true)
 9 APPPATH\Controllers\Reseller.php(126): view('template/adminlte', [...])
10 SYSTEMPATH\CodeIgniter.php(896): App\Controllers\Reseller->transaksi_detail('BELUM_DIBAYAR')
11 SYSTEMPATH\CodeIgniter.php(466): CodeIgniter\CodeIgniter->runController(Object(App\Controllers\Reseller))
12 SYSTEMPATH\CodeIgniter.php(349): CodeIgniter\CodeIgniter->handleRequest(null, Object(Config\Cache), false)
13 FCPATH\index.php(55): CodeIgniter\CodeIgniter->run()
14 SYSTEMPATH\Commands\Server\rewrite.php(43): require_once('FCPATH\\index.php')
CRITICAL - 2022-10-25 21:51:13 --> Undefined variable $field
in APPPATH\Views\reseller\transaksi_detail.php on line 73.
 1 APPPATH\Views\reseller\transaksi_detail.php(73): CodeIgniter\Debug\Exceptions->errorHandler(2, 'Undefined variable $field', 'APPPATH\\Views\\reseller\\transaksi_detail.php', 73)
 2 SYSTEMPATH\View\View.php(213): include('APPPATH\\Views\\reseller\\transaksi_detail.php')
 3 SYSTEMPATH\View\View.php(216): CodeIgniter\View\View->CodeIgniter\View\{closure}()
 4 SYSTEMPATH\Common.php(1135): CodeIgniter\View\View->render('reseller/transaksi_detail', [], true)
 5 APPPATH\Views\template\adminlte.php(104): view('reseller/transaksi_detail')
 6 SYSTEMPATH\View\View.php(213): include('APPPATH\\Views\\template\\adminlte.php')
 7 SYSTEMPATH\View\View.php(216): CodeIgniter\View\View->CodeIgniter\View\{closure}()
 8 SYSTEMPATH\Common.php(1135): CodeIgniter\View\View->render('template/adminlte', [], true)
 9 APPPATH\Controllers\Reseller.php(126): view('template/adminlte', [...])
10 SYSTEMPATH\CodeIgniter.php(896): App\Controllers\Reseller->transaksi_detail('INV221025-K07R2V')
11 SYSTEMPATH\CodeIgniter.php(466): CodeIgniter\CodeIgniter->runController(Object(App\Controllers\Reseller))
12 SYSTEMPATH\CodeIgniter.php(349): CodeIgniter\CodeIgniter->handleRequest(null, Object(Config\Cache), false)
13 FCPATH\index.php(55): CodeIgniter\CodeIgniter->run()
14 SYSTEMPATH\Commands\Server\rewrite.php(43): require_once('FCPATH\\index.php')
CRITICAL - 2022-10-25 21:51:23 --> Undefined variable $field
in APPPATH\Views\reseller\transaksi_detail.php on line 77.
 1 APPPATH\Views\reseller\transaksi_detail.php(77): CodeIgniter\Debug\Exceptions->errorHandler(2, 'Undefined variable $field', 'APPPATH\\Views\\reseller\\transaksi_detail.php', 77)
 2 SYSTEMPATH\View\View.php(213): include('APPPATH\\Views\\reseller\\transaksi_detail.php')
 3 SYSTEMPATH\View\View.php(216): CodeIgniter\View\View->CodeIgniter\View\{closure}()
 4 SYSTEMPATH\Common.php(1135): CodeIgniter\View\View->render('reseller/transaksi_detail', [], true)
 5 APPPATH\Views\template\adminlte.php(104): view('reseller/transaksi_detail')
 6 SYSTEMPATH\View\View.php(213): include('APPPATH\\Views\\template\\adminlte.php')
 7 SYSTEMPATH\View\View.php(216): CodeIgniter\View\View->CodeIgniter\View\{closure}()
 8 SYSTEMPATH\Common.php(1135): CodeIgniter\View\View->render('template/adminlte', [], true)
 9 APPPATH\Controllers\Reseller.php(126): view('template/adminlte', [...])
10 SYSTEMPATH\CodeIgniter.php(896): App\Controllers\Reseller->transaksi_detail('INV221025-K07R2V')
11 SYSTEMPATH\CodeIgniter.php(466): CodeIgniter\CodeIgniter->runController(Object(App\Controllers\Reseller))
12 SYSTEMPATH\CodeIgniter.php(349): CodeIgniter\CodeIgniter->handleRequest(null, Object(Config\Cache), false)
13 FCPATH\index.php(55): CodeIgniter\CodeIgniter->run()
14 SYSTEMPATH\Commands\Server\rewrite.php(43): require_once('FCPATH\\index.php')
CRITICAL - 2022-10-25 23:10:29 --> syntax error, unexpected token ")"
in APPPATH\Controllers\Reseller.php on line 150.
 1 SYSTEMPATH\Autoloader\Autoloader.php(261): CodeIgniter\Autoloader\Autoloader->includeFile('APPPATH\\Controllers\\Reseller.php')
 2 SYSTEMPATH\Autoloader\Autoloader.php(239): CodeIgniter\Autoloader\Autoloader->loadInNamespace('App\\Controllers\\Reseller')
 3 [internal function]: CodeIgniter\Autoloader\Autoloader->loadClass('App\\Controllers\\Reseller')
 4 SYSTEMPATH\CodeIgniter.php(846): class_exists('\\App\\Controllers\\Reseller', true)
 5 SYSTEMPATH\CodeIgniter.php(453): CodeIgniter\CodeIgniter->startController()
 6 SYSTEMPATH\CodeIgniter.php(349): CodeIgniter\CodeIgniter->handleRequest(null, Object(Config\Cache), false)
 7 FCPATH\index.php(55): CodeIgniter\CodeIgniter->run()
 8 SYSTEMPATH\Commands\Server\rewrite.php(43): require_once('FCPATH\\index.php')
ERROR - 2022-10-25 23:25:03 --> Table 'ex-web.tbl_pembayaran' doesn't exist
CRITICAL - 2022-10-25 23:25:03 --> Table 'ex-web.tbl_pembayaran' doesn't exist
in SYSTEMPATH\Database\MySQLi\Connection.php on line 292.
 1 SYSTEMPATH\Database\MySQLi\Connection.php(292): mysqli->query(' select
                    tbl_pembayaran.id,
                    tbl_pembayaran.total_tagihan,
                    tbl_pembayaran.create_date,
                    tbl_pembayaran.bukti_url,
                    tbl_pembayaran.status as status_bayar,
                    tbl_transaksi.status,
                    tbl_transaksi.id as id_transaksi,
                    tbl_transaksi.kode_transaksi,
                    tbl_transaksi.jumlah,
                    tbl_transaksi.ongkir,
                    tbl_transaksi.nama as nama_penerima,
                    tbl_transaksi.email as email_penerima,
                    tbl_transaksi.nohp as nohp_penerima,
                    tbl_transaksi.alamat as alamat_penerima,
                    tbl_transaksi.keterangan as ket_penerima,
                    tbl_transaksi.kurir,
                    tbl_transaksi.service,
                    tbl_umkm.nama as umkm,
                    tbl_pengguna.nama
                from tbl_pembayaran
                    left join tbl_transaksi on tbl_transaksi.id_pembayaran = tbl_pembayaran.id
                    left join tbl_pengguna on tbl_pengguna.id = tbl_transaksi.id_pengguna
                    left join tbl_umkm on tbl_umkm.id = tbl_transaksi.id_umkm
            where tbl_transaksi.id_umkm = \'1\'  order by tbl_pembayaran.create_date desc limit 0,30', 0)
 2 SYSTEMPATH\Database\BaseConnection.php(695): CodeIgniter\Database\MySQLi\Connection->execute(' select
                    tbl_pembayaran.id,
                    tbl_pembayaran.total_tagihan,
                    tbl_pembayaran.create_date,
                    tbl_pembayaran.bukti_url,
                    tbl_pembayaran.status as status_bayar,
                    tbl_transaksi.status,
                    tbl_transaksi.id as id_transaksi,
                    tbl_transaksi.kode_transaksi,
                    tbl_transaksi.jumlah,
                    tbl_transaksi.ongkir,
                    tbl_transaksi.nama as nama_penerima,
                    tbl_transaksi.email as email_penerima,
                    tbl_transaksi.nohp as nohp_penerima,
                    tbl_transaksi.alamat as alamat_penerima,
                    tbl_transaksi.keterangan as ket_penerima,
                    tbl_transaksi.kurir,
                    tbl_transaksi.service,
                    tbl_umkm.nama as umkm,
                    tbl_pengguna.nama
                from tbl_pembayaran
                    left join tbl_transaksi on tbl_transaksi.id_pembayaran = tbl_pembayaran.id
                    left join tbl_pengguna on tbl_pengguna.id = tbl_transaksi.id_pengguna
                    left join tbl_umkm on tbl_umkm.id = tbl_transaksi.id_umkm
            where tbl_transaksi.id_umkm = \'1\'  order by tbl_pembayaran.create_date desc limit 0,30')
 3 SYSTEMPATH\Database\BaseConnection.php(609): CodeIgniter\Database\BaseConnection->simpleQuery(' select
                    tbl_pembayaran.id,
                    tbl_pembayaran.total_tagihan,
                    tbl_pembayaran.create_date,
                    tbl_pembayaran.bukti_url,
                    tbl_pembayaran.status as status_bayar,
                    tbl_transaksi.status,
                    tbl_transaksi.id as id_transaksi,
                    tbl_transaksi.kode_transaksi,
                    tbl_transaksi.jumlah,
                    tbl_transaksi.ongkir,
                    tbl_transaksi.nama as nama_penerima,
                    tbl_transaksi.email as email_penerima,
                    tbl_transaksi.nohp as nohp_penerima,
                    tbl_transaksi.alamat as alamat_penerima,
                    tbl_transaksi.keterangan as ket_penerima,
                    tbl_transaksi.kurir,
                    tbl_transaksi.service,
                    tbl_umkm.nama as umkm,
                    tbl_pengguna.nama
                from tbl_pembayaran
                    left join tbl_transaksi on tbl_transaksi.id_pembayaran = tbl_pembayaran.id
                    left join tbl_pengguna on tbl_pengguna.id = tbl_transaksi.id_pengguna
                    left join tbl_umkm on tbl_umkm.id = tbl_transaksi.id_umkm
            where tbl_transaksi.id_umkm = \'1\'  order by tbl_pembayaran.create_date desc limit 0,30')
 4 APPPATH\Models\LaporanModel.php(91): CodeIgniter\Database\BaseConnection->query(' select
                    tbl_pembayaran.id,
                    tbl_pembayaran.total_tagihan,
                    tbl_pembayaran.create_date,
                    tbl_pembayaran.bukti_url,
                    tbl_pembayaran.status as status_bayar,
                    tbl_transaksi.status,
                    tbl_transaksi.id as id_transaksi,
                    tbl_transaksi.kode_transaksi,
                    tbl_transaksi.jumlah,
                    tbl_transaksi.ongkir,
                    tbl_transaksi.nama as nama_penerima,
                    tbl_transaksi.email as email_penerima,
                    tbl_transaksi.nohp as nohp_penerima,
                    tbl_transaksi.alamat as alamat_penerima,
                    tbl_transaksi.keterangan as ket_penerima,
                    tbl_transaksi.kurir,
                    tbl_transaksi.service,
                    tbl_umkm.nama as umkm,
                    tbl_pengguna.nama
                from tbl_pembayaran
                    left join tbl_transaksi on tbl_transaksi.id_pembayaran = tbl_pembayaran.id
                    left join tbl_pengguna on tbl_pengguna.id = tbl_transaksi.id_pengguna
                    left join tbl_umkm on tbl_umkm.id = tbl_transaksi.id_umkm
            where tbl_transaksi.id_umkm = ?  order by tbl_pembayaran.create_date desc limit 0,30', [...])
 5 APPPATH\Controllers\Umkm.php(126): App\Models\LaporanModel->laporan_transaksi()
 6 SYSTEMPATH\CodeIgniter.php(896): App\Controllers\Umkm->transaksi_()
 7 SYSTEMPATH\CodeIgniter.php(466): CodeIgniter\CodeIgniter->runController(Object(App\Controllers\Umkm))
 8 SYSTEMPATH\CodeIgniter.php(349): CodeIgniter\CodeIgniter->handleRequest(null, Object(Config\Cache), false)
 9 FCPATH\index.php(55): CodeIgniter\CodeIgniter->run()
10 SYSTEMPATH\Commands\Server\rewrite.php(43): require_once('FCPATH\\index.php')
ERROR - 2022-10-25 23:25:33 --> Table 'ex-web.tbl_pembayaran' doesn't exist
CRITICAL - 2022-10-25 23:25:33 --> Table 'ex-web.tbl_pembayaran' doesn't exist
in SYSTEMPATH\Database\MySQLi\Connection.php on line 292.
 1 SYSTEMPATH\Database\MySQLi\Connection.php(292): mysqli->query(' select
                    tbl_pembayaran.id,
                    tbl_pembayaran.total_tagihan,
                    tbl_pembayaran.create_date,
                    tbl_pembayaran.bukti_url,
                    tbl_pembayaran.status as status_bayar,
                    tbl_transaksi.status,
                    tbl_transaksi.id as id_transaksi,
                    tbl_transaksi.kode_transaksi,
                    tbl_transaksi.jumlah,
                    tbl_transaksi.ongkir,
                    tbl_transaksi.nama as nama_penerima,
                    tbl_transaksi.email as email_penerima,
                    tbl_transaksi.nohp as nohp_penerima,
                    tbl_transaksi.alamat as alamat_penerima,
                    tbl_transaksi.keterangan as ket_penerima,
                    tbl_transaksi.kurir,
                    tbl_transaksi.service,
                    tbl_umkm.nama as umkm,
                    tbl_pengguna.nama
                from tbl_pembayaran
                    left join tbl_transaksi on tbl_transaksi.id_pembayaran = tbl_pembayaran.id
                    left join tbl_pengguna on tbl_pengguna.id = tbl_transaksi.id_pengguna
                    left join tbl_umkm on tbl_umkm.id = tbl_transaksi.id_umkm
            where tbl_transaksi.id_umkm = \'1\'  order by tbl_pembayaran.create_date desc limit 0,30', 0)
 2 SYSTEMPATH\Database\BaseConnection.php(695): CodeIgniter\Database\MySQLi\Connection->execute(' select
                    tbl_pembayaran.id,
                    tbl_pembayaran.total_tagihan,
                    tbl_pembayaran.create_date,
                    tbl_pembayaran.bukti_url,
                    tbl_pembayaran.status as status_bayar,
                    tbl_transaksi.status,
                    tbl_transaksi.id as id_transaksi,
                    tbl_transaksi.kode_transaksi,
                    tbl_transaksi.jumlah,
                    tbl_transaksi.ongkir,
                    tbl_transaksi.nama as nama_penerima,
                    tbl_transaksi.email as email_penerima,
                    tbl_transaksi.nohp as nohp_penerima,
                    tbl_transaksi.alamat as alamat_penerima,
                    tbl_transaksi.keterangan as ket_penerima,
                    tbl_transaksi.kurir,
                    tbl_transaksi.service,
                    tbl_umkm.nama as umkm,
                    tbl_pengguna.nama
                from tbl_pembayaran
                    left join tbl_transaksi on tbl_transaksi.id_pembayaran = tbl_pembayaran.id
                    left join tbl_pengguna on tbl_pengguna.id = tbl_transaksi.id_pengguna
                    left join tbl_umkm on tbl_umkm.id = tbl_transaksi.id_umkm
            where tbl_transaksi.id_umkm = \'1\'  order by tbl_pembayaran.create_date desc limit 0,30')
 3 SYSTEMPATH\Database\BaseConnection.php(609): CodeIgniter\Database\BaseConnection->simpleQuery(' select
                    tbl_pembayaran.id,
                    tbl_pembayaran.total_tagihan,
                    tbl_pembayaran.create_date,
                    tbl_pembayaran.bukti_url,
                    tbl_pembayaran.status as status_bayar,
                    tbl_transaksi.status,
                    tbl_transaksi.id as id_transaksi,
                    tbl_transaksi.kode_transaksi,
                    tbl_transaksi.jumlah,
                    tbl_transaksi.ongkir,
                    tbl_transaksi.nama as nama_penerima,
                    tbl_transaksi.email as email_penerima,
                    tbl_transaksi.nohp as nohp_penerima,
                    tbl_transaksi.alamat as alamat_penerima,
                    tbl_transaksi.keterangan as ket_penerima,
                    tbl_transaksi.kurir,
                    tbl_transaksi.service,
                    tbl_umkm.nama as umkm,
                    tbl_pengguna.nama
                from tbl_pembayaran
                    left join tbl_transaksi on tbl_transaksi.id_pembayaran = tbl_pembayaran.id
                    left join tbl_pengguna on tbl_pengguna.id = tbl_transaksi.id_pengguna
                    left join tbl_umkm on tbl_umkm.id = tbl_transaksi.id_umkm
            where tbl_transaksi.id_umkm = \'1\'  order by tbl_pembayaran.create_date desc limit 0,30')
 4 APPPATH\Models\LaporanModel.php(91): CodeIgniter\Database\BaseConnection->query(' select
                    tbl_pembayaran.id,
                    tbl_pembayaran.total_tagihan,
                    tbl_pembayaran.create_date,
                    tbl_pembayaran.bukti_url,
                    tbl_pembayaran.status as status_bayar,
                    tbl_transaksi.status,
                    tbl_transaksi.id as id_transaksi,
                    tbl_transaksi.kode_transaksi,
                    tbl_transaksi.jumlah,
                    tbl_transaksi.ongkir,
                    tbl_transaksi.nama as nama_penerima,
                    tbl_transaksi.email as email_penerima,
                    tbl_transaksi.nohp as nohp_penerima,
                    tbl_transaksi.alamat as alamat_penerima,
                    tbl_transaksi.keterangan as ket_penerima,
                    tbl_transaksi.kurir,
                    tbl_transaksi.service,
                    tbl_umkm.nama as umkm,
                    tbl_pengguna.nama
                from tbl_pembayaran
                    left join tbl_transaksi on tbl_transaksi.id_pembayaran = tbl_pembayaran.id
                    left join tbl_pengguna on tbl_pengguna.id = tbl_transaksi.id_pengguna
                    left join tbl_umkm on tbl_umkm.id = tbl_transaksi.id_umkm
            where tbl_transaksi.id_umkm = ?  order by tbl_pembayaran.create_date desc limit 0,30', [...])
 5 APPPATH\Controllers\Umkm.php(126): App\Models\LaporanModel->laporan_transaksi()
 6 SYSTEMPATH\CodeIgniter.php(896): App\Controllers\Umkm->transaksi_()
 7 SYSTEMPATH\CodeIgniter.php(466): CodeIgniter\CodeIgniter->runController(Object(App\Controllers\Umkm))
 8 SYSTEMPATH\CodeIgniter.php(349): CodeIgniter\CodeIgniter->handleRequest(null, Object(Config\Cache), false)
 9 FCPATH\index.php(55): CodeIgniter\CodeIgniter->run()
10 SYSTEMPATH\Commands\Server\rewrite.php(43): require_once('FCPATH\\index.php')
ERROR - 2022-10-25 23:26:10 --> Table 'ex-web.tbl_pembayaran' doesn't exist
CRITICAL - 2022-10-25 23:26:10 --> Table 'ex-web.tbl_pembayaran' doesn't exist
in SYSTEMPATH\Database\MySQLi\Connection.php on line 292.
 1 SYSTEMPATH\Database\MySQLi\Connection.php(292): mysqli->query(' select
                    tbl_pembayaran.id,
                    tbl_pembayaran.total_tagihan,
                    tbl_pembayaran.create_date,
                    tbl_pembayaran.bukti_url,
                    tbl_pembayaran.status as status_bayar,
                    tbl_transaksi.status,
                    tbl_transaksi.id as id_transaksi,
                    tbl_transaksi.kode_transaksi,
                    tbl_transaksi.jumlah,
                    tbl_transaksi.ongkir,
                    tbl_transaksi.nama as nama_penerima,
                    tbl_transaksi.email as email_penerima,
                    tbl_transaksi.nohp as nohp_penerima,
                    tbl_transaksi.alamat as alamat_penerima,
                    tbl_transaksi.keterangan as ket_penerima,
                    tbl_transaksi.kurir,
                    tbl_transaksi.service,
                    tbl_umkm.nama as umkm,
                    tbl_pengguna.nama
                from tbl_pembayaran
                    left join tbl_transaksi on tbl_transaksi.id_pembayaran = tbl_pembayaran.id
                    left join tbl_pengguna on tbl_pengguna.id = tbl_transaksi.id_pengguna
                    left join tbl_umkm on tbl_umkm.id = tbl_transaksi.id_umkm
            where tbl_transaksi.id_umkm = \'1\'  order by tbl_pembayaran.create_date desc limit 0,30', 0)
 2 SYSTEMPATH\Database\BaseConnection.php(695): CodeIgniter\Database\MySQLi\Connection->execute(' select
                    tbl_pembayaran.id,
                    tbl_pembayaran.total_tagihan,
                    tbl_pembayaran.create_date,
                    tbl_pembayaran.bukti_url,
                    tbl_pembayaran.status as status_bayar,
                    tbl_transaksi.status,
                    tbl_transaksi.id as id_transaksi,
                    tbl_transaksi.kode_transaksi,
                    tbl_transaksi.jumlah,
                    tbl_transaksi.ongkir,
                    tbl_transaksi.nama as nama_penerima,
                    tbl_transaksi.email as email_penerima,
                    tbl_transaksi.nohp as nohp_penerima,
                    tbl_transaksi.alamat as alamat_penerima,
                    tbl_transaksi.keterangan as ket_penerima,
                    tbl_transaksi.kurir,
                    tbl_transaksi.service,
                    tbl_umkm.nama as umkm,
                    tbl_pengguna.nama
                from tbl_pembayaran
                    left join tbl_transaksi on tbl_transaksi.id_pembayaran = tbl_pembayaran.id
                    left join tbl_pengguna on tbl_pengguna.id = tbl_transaksi.id_pengguna
                    left join tbl_umkm on tbl_umkm.id = tbl_transaksi.id_umkm
            where tbl_transaksi.id_umkm = \'1\'  order by tbl_pembayaran.create_date desc limit 0,30')
 3 SYSTEMPATH\Database\BaseConnection.php(609): CodeIgniter\Database\BaseConnection->simpleQuery(' select
                    tbl_pembayaran.id,
                    tbl_pembayaran.total_tagihan,
                    tbl_pembayaran.create_date,
                    tbl_pembayaran.bukti_url,
                    tbl_pembayaran.status as status_bayar,
                    tbl_transaksi.status,
                    tbl_transaksi.id as id_transaksi,
                    tbl_transaksi.kode_transaksi,
                    tbl_transaksi.jumlah,
                    tbl_transaksi.ongkir,
                    tbl_transaksi.nama as nama_penerima,
                    tbl_transaksi.email as email_penerima,
                    tbl_transaksi.nohp as nohp_penerima,
                    tbl_transaksi.alamat as alamat_penerima,
                    tbl_transaksi.keterangan as ket_penerima,
                    tbl_transaksi.kurir,
                    tbl_transaksi.service,
                    tbl_umkm.nama as umkm,
                    tbl_pengguna.nama
                from tbl_pembayaran
                    left join tbl_transaksi on tbl_transaksi.id_pembayaran = tbl_pembayaran.id
                    left join tbl_pengguna on tbl_pengguna.id = tbl_transaksi.id_pengguna
                    left join tbl_umkm on tbl_umkm.id = tbl_transaksi.id_umkm
            where tbl_transaksi.id_umkm = \'1\'  order by tbl_pembayaran.create_date desc limit 0,30')
 4 APPPATH\Models\LaporanModel.php(91): CodeIgniter\Database\BaseConnection->query(' select
                    tbl_pembayaran.id,
                    tbl_pembayaran.total_tagihan,
                    tbl_pembayaran.create_date,
                    tbl_pembayaran.bukti_url,
                    tbl_pembayaran.status as status_bayar,
                    tbl_transaksi.status,
                    tbl_transaksi.id as id_transaksi,
                    tbl_transaksi.kode_transaksi,
                    tbl_transaksi.jumlah,
                    tbl_transaksi.ongkir,
                    tbl_transaksi.nama as nama_penerima,
                    tbl_transaksi.email as email_penerima,
                    tbl_transaksi.nohp as nohp_penerima,
                    tbl_transaksi.alamat as alamat_penerima,
                    tbl_transaksi.keterangan as ket_penerima,
                    tbl_transaksi.kurir,
                    tbl_transaksi.service,
                    tbl_umkm.nama as umkm,
                    tbl_pengguna.nama
                from tbl_pembayaran
                    left join tbl_transaksi on tbl_transaksi.id_pembayaran = tbl_pembayaran.id
                    left join tbl_pengguna on tbl_pengguna.id = tbl_transaksi.id_pengguna
                    left join tbl_umkm on tbl_umkm.id = tbl_transaksi.id_umkm
            where tbl_transaksi.id_umkm = ?  order by tbl_pembayaran.create_date desc limit 0,30', [...])
 5 APPPATH\Controllers\Umkm.php(126): App\Models\LaporanModel->laporan_transaksi()
 6 SYSTEMPATH\CodeIgniter.php(896): App\Controllers\Umkm->transaksi_()
 7 SYSTEMPATH\CodeIgniter.php(466): CodeIgniter\CodeIgniter->runController(Object(App\Controllers\Umkm))
 8 SYSTEMPATH\CodeIgniter.php(349): CodeIgniter\CodeIgniter->handleRequest(null, Object(Config\Cache), false)
 9 FCPATH\index.php(55): CodeIgniter\CodeIgniter->run()
10 SYSTEMPATH\Commands\Server\rewrite.php(43): require_once('FCPATH\\index.php')
CRITICAL - 2022-10-25 23:26:47 --> Attempt to read property "foto" on null
in APPPATH\Models\ServerSideModel.php on line 190.
 1 APPPATH\Models\ServerSideModel.php(190): CodeIgniter\Debug\Exceptions->errorHandler(2, 'Attempt to read property "foto" on null', 'APPPATH\\Models\\ServerSideModel.php', 190)
 2 APPPATH\Views\template\adminlte.php(80): App\Models\ServerSideModel->getFoto()
 3 SYSTEMPATH\View\View.php(213): include('APPPATH\\Views\\template\\adminlte.php')
 4 SYSTEMPATH\View\View.php(216): CodeIgniter\View\View->CodeIgniter\View\{closure}()
 5 SYSTEMPATH\Common.php(1135): CodeIgniter\View\View->render('template/adminlte', [], true)
 6 APPPATH\Controllers\Umkm.php(121): view('template/adminlte', [...])
 7 SYSTEMPATH\CodeIgniter.php(896): App\Controllers\Umkm->transaksi()
 8 SYSTEMPATH\CodeIgniter.php(466): CodeIgniter\CodeIgniter->runController(Object(App\Controllers\Umkm))
 9 SYSTEMPATH\CodeIgniter.php(349): CodeIgniter\CodeIgniter->handleRequest(null, Object(Config\Cache), false)
10 FCPATH\index.php(55): CodeIgniter\CodeIgniter->run()
11 SYSTEMPATH\Commands\Server\rewrite.php(43): require_once('FCPATH\\index.php')
