CRITICAL - 2022-06-26 09:41:49 --> Undefined variable $title
in APPPATH\Views\template\sb-admin.php on line 10.
 1 APPPATH\Views\template\sb-admin.php(10): CodeIgniter\Debug\Exceptions->errorHandler(2, 'Undefined variable $title', 'APPPATH\\Views\\template\\sb-admin.php', 10)
 2 SYSTEMPATH\View\View.php(213): include('APPPATH\\Views\\template\\sb-admin.php')
 3 SYSTEMPATH\View\View.php(216): CodeIgniter\View\View->CodeIgniter\View\{closure}()
 4 SYSTEMPATH\Common.php(1135): CodeIgniter\View\View->render('template/sb-admin', [], true)
 5 APPPATH\Controllers\Umkm.php(11): view('template/sb-admin', [...])
 6 SYSTEMPATH\CodeIgniter.php(896): App\Controllers\Umkm->produk()
 7 SYSTEMPATH\CodeIgniter.php(466): CodeIgniter\CodeIgniter->runController(Object(App\Controllers\Umkm))
 8 SYSTEMPATH\CodeIgniter.php(349): CodeIgniter\CodeIgniter->handleRequest(null, Object(Config\Cache), false)
 9 FCPATH\index.php(55): CodeIgniter\CodeIgniter->run()
10 SYSTEMPATH\Commands\Server\rewrite.php(43): require_once('FCPATH\\index.php')
CRITICAL - 2022-06-26 09:42:11 --> Invalid file: backend/umkm/produk.php
in SYSTEMPATH\Exceptions\FrameworkException.php on line 33.
 1 SYSTEMPATH\View\View.php(201): CodeIgniter\Exceptions\FrameworkException::forInvalidFile('backend/umkm/produk.php')
 2 SYSTEMPATH\Common.php(1135): CodeIgniter\View\View->render('backend/umkm/produk', [], true)
 3 APPPATH\Views\template\sb-admin.php(112): view('backend/umkm/produk')
 4 SYSTEMPATH\View\View.php(213): include('APPPATH\\Views\\template\\sb-admin.php')
 5 SYSTEMPATH\View\View.php(216): CodeIgniter\View\View->CodeIgniter\View\{closure}()
 6 SYSTEMPATH\Common.php(1135): CodeIgniter\View\View->render('template/sb-admin', [], true)
 7 APPPATH\Controllers\Umkm.php(12): view('template/sb-admin', [...])
 8 SYSTEMPATH\CodeIgniter.php(896): App\Controllers\Umkm->produk()
 9 SYSTEMPATH\CodeIgniter.php(466): CodeIgniter\CodeIgniter->runController(Object(App\Controllers\Umkm))
10 SYSTEMPATH\CodeIgniter.php(349): CodeIgniter\CodeIgniter->handleRequest(null, Object(Config\Cache), false)
11 FCPATH\index.php(55): CodeIgniter\CodeIgniter->run()
12 SYSTEMPATH\Commands\Server\rewrite.php(43): require_once('FCPATH\\index.php')
CRITICAL - 2022-06-26 09:46:30 --> Invalid file: backend/admin/dashboard.php
in SYSTEMPATH\Exceptions\FrameworkException.php on line 33.
 1 SYSTEMPATH\View\View.php(201): CodeIgniter\Exceptions\FrameworkException::forInvalidFile('backend/admin/dashboard.php')
 2 SYSTEMPATH\Common.php(1135): CodeIgniter\View\View->render('backend/admin/dashboard', [], true)
 3 APPPATH\Views\template\sb-admin.php(112): view('backend/admin/dashboard')
 4 SYSTEMPATH\View\View.php(213): include('APPPATH\\Views\\template\\sb-admin.php')
 5 SYSTEMPATH\View\View.php(216): CodeIgniter\View\View->CodeIgniter\View\{closure}()
 6 SYSTEMPATH\Common.php(1135): CodeIgniter\View\View->render('template/sb-admin', [], true)
 7 APPPATH\Controllers\Umkm.php(12): view('template/sb-admin', [...])
 8 SYSTEMPATH\CodeIgniter.php(896): App\Controllers\Umkm->produk()
 9 SYSTEMPATH\CodeIgniter.php(466): CodeIgniter\CodeIgniter->runController(Object(App\Controllers\Umkm))
10 SYSTEMPATH\CodeIgniter.php(349): CodeIgniter\CodeIgniter->handleRequest(null, Object(Config\Cache), false)
11 FCPATH\index.php(55): CodeIgniter\CodeIgniter->run()
12 SYSTEMPATH\Commands\Server\rewrite.php(43): require_once('FCPATH\\index.php')
CRITICAL - 2022-06-26 09:46:31 --> Invalid file: backend/admin/dashboard.php
in SYSTEMPATH\Exceptions\FrameworkException.php on line 33.
 1 SYSTEMPATH\View\View.php(201): CodeIgniter\Exceptions\FrameworkException::forInvalidFile('backend/admin/dashboard.php')
 2 SYSTEMPATH\Common.php(1135): CodeIgniter\View\View->render('backend/admin/dashboard', [], true)
 3 APPPATH\Views\template\sb-admin.php(112): view('backend/admin/dashboard')
 4 SYSTEMPATH\View\View.php(213): include('APPPATH\\Views\\template\\sb-admin.php')
 5 SYSTEMPATH\View\View.php(216): CodeIgniter\View\View->CodeIgniter\View\{closure}()
 6 SYSTEMPATH\Common.php(1135): CodeIgniter\View\View->render('template/sb-admin', [], true)
 7 APPPATH\Controllers\Umkm.php(12): view('template/sb-admin', [...])
 8 SYSTEMPATH\CodeIgniter.php(896): App\Controllers\Umkm->produk()
 9 SYSTEMPATH\CodeIgniter.php(466): CodeIgniter\CodeIgniter->runController(Object(App\Controllers\Umkm))
10 SYSTEMPATH\CodeIgniter.php(349): CodeIgniter\CodeIgniter->handleRequest(null, Object(Config\Cache), false)
11 FCPATH\index.php(55): CodeIgniter\CodeIgniter->run()
12 SYSTEMPATH\Commands\Server\rewrite.php(43): require_once('FCPATH\\index.php')
CRITICAL - 2022-06-26 09:46:31 --> Invalid file: backend/admin/dashboard.php
in SYSTEMPATH\Exceptions\FrameworkException.php on line 33.
 1 SYSTEMPATH\View\View.php(201): CodeIgniter\Exceptions\FrameworkException::forInvalidFile('backend/admin/dashboard.php')
 2 SYSTEMPATH\Common.php(1135): CodeIgniter\View\View->render('backend/admin/dashboard', [], true)
 3 APPPATH\Views\template\sb-admin.php(112): view('backend/admin/dashboard')
 4 SYSTEMPATH\View\View.php(213): include('APPPATH\\Views\\template\\sb-admin.php')
 5 SYSTEMPATH\View\View.php(216): CodeIgniter\View\View->CodeIgniter\View\{closure}()
 6 SYSTEMPATH\Common.php(1135): CodeIgniter\View\View->render('template/sb-admin', [], true)
 7 APPPATH\Controllers\Umkm.php(12): view('template/sb-admin', [...])
 8 SYSTEMPATH\CodeIgniter.php(896): App\Controllers\Umkm->produk()
 9 SYSTEMPATH\CodeIgniter.php(466): CodeIgniter\CodeIgniter->runController(Object(App\Controllers\Umkm))
10 SYSTEMPATH\CodeIgniter.php(349): CodeIgniter\CodeIgniter->handleRequest(null, Object(Config\Cache), false)
11 FCPATH\index.php(55): CodeIgniter\CodeIgniter->run()
12 SYSTEMPATH\Commands\Server\rewrite.php(43): require_once('FCPATH\\index.php')
CRITICAL - 2022-06-26 09:46:32 --> Invalid file: backend/admin/dashboard.php
in SYSTEMPATH\Exceptions\FrameworkException.php on line 33.
 1 SYSTEMPATH\View\View.php(201): CodeIgniter\Exceptions\FrameworkException::forInvalidFile('backend/admin/dashboard.php')
 2 SYSTEMPATH\Common.php(1135): CodeIgniter\View\View->render('backend/admin/dashboard', [], true)
 3 APPPATH\Views\template\sb-admin.php(112): view('backend/admin/dashboard')
 4 SYSTEMPATH\View\View.php(213): include('APPPATH\\Views\\template\\sb-admin.php')
 5 SYSTEMPATH\View\View.php(216): CodeIgniter\View\View->CodeIgniter\View\{closure}()
 6 SYSTEMPATH\Common.php(1135): CodeIgniter\View\View->render('template/sb-admin', [], true)
 7 APPPATH\Controllers\Umkm.php(12): view('template/sb-admin', [...])
 8 SYSTEMPATH\CodeIgniter.php(896): App\Controllers\Umkm->produk()
 9 SYSTEMPATH\CodeIgniter.php(466): CodeIgniter\CodeIgniter->runController(Object(App\Controllers\Umkm))
10 SYSTEMPATH\CodeIgniter.php(349): CodeIgniter\CodeIgniter->handleRequest(null, Object(Config\Cache), false)
11 FCPATH\index.php(55): CodeIgniter\CodeIgniter->run()
12 SYSTEMPATH\Commands\Server\rewrite.php(43): require_once('FCPATH\\index.php')
